Log file open, 09/24/19 11:25:03
LogWindows: Failed to load 'aqProf.dll' (GetLastError=126)
LogWindows: File 'aqProf.dll' does not exist
LogWindows: Failed to load 'VtuneApi.dll' (GetLastError=126)
LogWindows: File 'VtuneApi.dll' does not exist
LogWindows: Failed to load 'VtuneApi32e.dll' (GetLastError=126)
LogWindows: File 'VtuneApi32e.dll' does not exist
LogConsoleResponse: Display: Failed to find resolution value strings in scalability ini. Falling back to default.
LogInit: Display: Running engine for game: DarkSoulsWriteRoom1
LogPakFile: Registered encryption key '00000000000000000000000000000000': 0 pak files mounted, 0 remain pending
LogPlatformFile: Not using cached read wrapper
LogTaskGraph: Started task graph with 5 named threads and 23 total threads with 3 sets of task threads.
LogStats: Stats thread started at 0.413398
LogD3D11RHI: Loaded GFSDK_Aftermath_Lib.x64.dll
LogICUInternationalization: ICU TimeZone Detection - Raw Offset: -5:00, Platform Override: ''
LogPluginManager: Mounting plugin Paper2D
LogPluginManager: Mounting plugin AISupport
LogPluginManager: Mounting plugin LightPropagationVolume
LogPluginManager: Mounting plugin ActorLayerUtilities
LogPluginManager: Mounting plugin AnimationSharing
LogPluginManager: Mounting plugin CLionSourceCodeAccess
LogPluginManager: Mounting plugin CodeLiteSourceCodeAccess
LogPluginManager: Mounting plugin GitSourceControl
LogPluginManager: Mounting plugin KDevelopSourceCodeAccess
LogPluginManager: Mounting plugin NullSourceCodeAccess
LogPluginManager: Mounting plugin PerforceSourceControl
LogPluginManager: Mounting plugin SubversionSourceControl
LogPluginManager: Mounting plugin UObjectPlugin
LogPluginManager: Mounting plugin VisualStudioCodeSourceCodeAccess
LogPluginManager: Mounting plugin VisualStudioSourceCodeAccess
LogPluginManager: Mounting plugin XCodeSourceCodeAccess
LogPluginManager: Mounting plugin AssetManagerEditor
LogPluginManager: Mounting plugin CryptoKeys
LogPluginManager: Mounting plugin DataValidation
LogPluginManager: Mounting plugin FacialAnimation
LogPluginManager: Mounting plugin GameplayTagsEditor
LogPluginManager: Mounting plugin MacGraphicsSwitching
LogPluginManager: Mounting plugin MaterialAnalyzer
LogPluginManager: Mounting plugin MobileLauncherProfileWizard
LogPluginManager: Mounting plugin PluginBrowser
LogPluginManager: Mounting plugin SpeedTreeImporter
LogPluginManager: Mounting plugin DatasmithContent
LogPluginManager: Mounting plugin VariantManagerContent
LogPluginManager: Mounting plugin AlembicImporter
LogPluginManager: Mounting plugin AppleImageUtils
LogPluginManager: Mounting plugin AppleVision
LogPluginManager: Mounting plugin BackChannel
LogPluginManager: Mounting plugin CharacterAI
LogPluginManager: Mounting plugin GeometryCache
LogPluginManager: Mounting plugin HTML5Networking
LogPluginManager: Mounting plugin ProxyLODPlugin
LogPluginManager: Mounting plugin SkeletalReduction
LogPluginManager: Mounting plugin MagicLeap
LogPluginManager: Mounting plugin MagicLeapMedia
LogPluginManager: Mounting plugin AndroidMedia
LogPluginManager: Mounting plugin AvfMedia
LogPluginManager: Mounting plugin ImgMedia
LogPluginManager: Mounting plugin LinearTimecode
LogPluginManager: Mounting plugin MediaCompositing
LogPluginManager: Mounting plugin MediaPlayerEditor
LogPluginManager: Mounting plugin WebMMedia
LogPluginManager: Mounting plugin WmfMedia
LogPluginManager: Mounting plugin TcpMessaging
LogPluginManager: Mounting plugin UdpMessaging
LogPluginManager: Mounting plugin ActorSequence
LogPluginManager: Mounting plugin LevelSequenceEditor
LogPluginManager: Mounting plugin MatineeToLevelSequence
LogPluginManager: Mounting plugin NetcodeUnitTest
LogPluginManager: Mounting plugin NUTUnrealEngine4
LogPluginManager: Mounting plugin OnlineSubsystemGooglePlay
LogPluginManager: Mounting plugin OnlineSubsystemIOS
LogPluginManager: Mounting plugin OnlineSubsystem
LogPluginManager: Mounting plugin OnlineSubsystemNull
LogPluginManager: Mounting plugin OnlineSubsystemUtils
LogPluginManager: Mounting plugin LauncherChunkInstaller
LogPluginManager: Mounting plugin AndroidDeviceProfileSelector
LogPluginManager: Mounting plugin AndroidMoviePlayer
LogPluginManager: Mounting plugin AndroidPermission
LogPluginManager: Mounting plugin AppleMoviePlayer
LogPluginManager: Mounting plugin ArchVisCharacter
LogPluginManager: Mounting plugin AudioCapture
LogPluginManager: Mounting plugin CableComponent
LogPluginManager: Mounting plugin CustomMeshComponent
LogPluginManager: Mounting plugin EditableMesh
LogPluginManager: Mounting plugin ExampleDeviceProfileSelector
LogPluginManager: Mounting plugin Firebase
LogPluginManager: Mounting plugin GoogleCloudMessaging
LogPluginManager: Mounting plugin IOSDeviceProfileSelector
LogPluginManager: Mounting plugin LinuxDeviceProfileSelector
LogPluginManager: Mounting plugin LocationServicesBPLibrary
LogPluginManager: Mounting plugin MobilePatchingUtils
LogPluginManager: Mounting plugin OculusVR
LogPluginManager: Mounting plugin PhysXVehicles
LogPluginManager: Mounting plugin ProceduralMeshComponent
LogPluginManager: Mounting plugin RuntimePhysXCooking
LogPluginManager: Mounting plugin SignificanceManager
LogPluginManager: Mounting plugin SteamVR
LogPluginManager: Mounting plugin WebMMoviePlayer
LogPluginManager: Mounting plugin WindowsMoviePlayer
LogInit: Using libcurl 7.55.1-DEV
LogInit:  - built for x86_64-pc-win32
LogInit:  - supports SSL with OpenSSL/1.1.1
LogInit:  - supports HTTP deflate (compression) using libz 1.2.8
LogInit:  - other features:
LogInit:      CURL_VERSION_SSL
LogInit:      CURL_VERSION_LIBZ
LogInit:      CURL_VERSION_IPV6
LogInit:      CURL_VERSION_ASYNCHDNS
LogInit:      CURL_VERSION_LARGEFILE
LogInit:      CURL_VERSION_IDN
LogInit:  CurlRequestOptions (configurable via config and command line):
LogInit:  - bVerifyPeer = true  - Libcurl will verify peer certificate
LogInit:  - bUseHttpProxy = false  - Libcurl will NOT use HTTP proxy
LogInit:  - bDontReuseConnections = false  - Libcurl will reuse connections
LogInit:  - MaxHostConnections = 16  - Libcurl will limit the number of connections to a host
LogInit:  - LocalHostAddr = Default
LogInit:  - BufferSize = 65536
LogInit: WinSock: version 1.1 (2.2), MaxSocks=32767, MaxUdp=65467
LogInit: Build: ++UE4+Release-4.22-CL-7053642
LogInit: Engine Version: 4.22.3-7053642+++UE4+Release-4.22
LogInit: Compatible Engine Version: 4.22.0-5660361+++UE4+Release-4.22
LogInit: Net CL: 5660361
LogInit: OS: Windows 10 (Release 1809) (), CPU: Intel(R) Core(TM) i7-7700HQ CPU @ 2.80GHz, GPU: Intel(R) HD Graphics 630
LogInit: Compiled (64-bit): Jun 18 2019 03:09:11
LogInit: Compiled with Visual C++: 19.16.27025.01
LogInit: Build Configuration: Development
LogInit: Branch Name: ++UE4+Release-4.22
LogInit: Command Line: 
LogInit: Base Directory: D:/Unreal/UE_4.22/Engine/Binaries/Win64/
LogInit: Installed Engine Build: 1
LogDevObjectVersion: Number of dev versions registered: 23
LogDevObjectVersion:   Dev-Blueprints (B0D832E4-1F89-4F0D-ACCF-7EB736FD4AA2): 10
LogDevObjectVersion:   Dev-Build (E1C64328-A22C-4D53-A36C-8E866417BD8C): 0
LogDevObjectVersion:   Dev-Core (375EC13C-06E4-48FB-B500-84F0262A717E): 3
LogDevObjectVersion:   Dev-Editor (E4B068ED-F494-42E9-A231-DA0B2E46BB41): 30
LogDevObjectVersion:   Dev-Framework (CFFC743F-43B0-4480-9391-14DF171D2073): 35
LogDevObjectVersion:   Dev-Mobile (B02B49B5-BB20-44E9-A304-32B752E40360): 2
LogDevObjectVersion:   Dev-Networking (A4E4105C-59A1-49B5-A7C5-40C4547EDFEE): 0
LogDevObjectVersion:   Dev-Online (39C831C9-5AE6-47DC-9A44-9C173E1C8E7C): 0
LogDevObjectVersion:   Dev-Physics (78F01B33-EBEA-4F98-B9B4-84EACCB95AA2): 0
LogDevObjectVersion:   Dev-Platform (6631380F-2D4D-43E0-8009-CF276956A95A): 0
LogDevObjectVersion:   Dev-Rendering (12F88B9F-8875-4AFC-A67C-D90C383ABD29): 28
LogDevObjectVersion:   Dev-Sequencer (7B5AE74C-D270-4C10-A958-57980B212A5A): 11
LogDevObjectVersion:   Dev-VR (D7296918-1DD6-4BDD-9DE2-64A83CC13884): 2
LogDevObjectVersion:   Dev-LoadTimes (C2A15278-BFE7-4AFE-6C17-90FF531DF755): 1
LogDevObjectVersion:   Private-Geometry (6EACA3D4-40EC-4CC1-B786-8BED09428FC5): 3
LogDevObjectVersion:   Dev-AnimPhys (29E575DD-E0A3-4627-9D10-D276232CDCEA): 17
LogDevObjectVersion:   Dev-Anim (AF43A65D-7FD3-4947-9873-3E8ED9C1BB05): 2
LogDevObjectVersion:   Dev-ReflectionCapture (6B266CEC-1EC7-4B8F-A30B-E4D90942FC07): 1
LogDevObjectVersion:   Dev-Automation (0DF73D61-A23F-47EA-B727-89E90C41499A): 1
LogDevObjectVersion:   FortniteMain (601D1886-AC64-4F84-AA16-D3DE0DEAC7D6): 25
LogDevObjectVersion:   Dev-Enterprise (9DFFBCD6-494F-0158-E221-12823C92A888): 6
LogDevObjectVersion:   Dev-Niagara (F2AED0AC-9AFE-416F-8664-AA7FFA26D6FC): 1
LogDevObjectVersion:   Dev-Destruction (174F1F0B-B4C6-45A5-B13F-2EE8D0FB917D): 2
LogInit: Presizing for max 16777216 objects, including 0 objects not considered by GC, pre-allocating 0 bytes for permanent pool.
LogInit: Object subsystem initialized
LogConfig: Setting CVar [[con.DebugEarlyDefault:1]]
LogConfig: Setting CVar [[r.setres:1280x720]]
[2019.09.24-15.25.04:411][  0]LogConfig: Setting CVar [[r.VSync:0]]
[2019.09.24-15.25.04:411][  0]LogConfig: Setting CVar [[r.RHICmdBypass:0]]
[2019.09.24-15.25.04:411][  0]LogConfig: Applying CVar settings from Section [/Script/Engine.RendererSettings] File [D:/Soul_Like_GitHub/SoulsLike/DarkSoulsWriteRoom1/Saved/Config/Windows/Engine.ini]
[2019.09.24-15.25.04:411][  0]LogConfig: Setting CVar [[r.GPUCrashDebugging:0]]
[2019.09.24-15.25.04:411][  0]LogConfig: Applying CVar settings from Section [/Script/Engine.RendererOverrideSettings] File [D:/Soul_Like_GitHub/SoulsLike/DarkSoulsWriteRoom1/Saved/Config/Windows/Engine.ini]
[2019.09.24-15.25.04:411][  0]LogConfig: Applying CVar settings from Section [/Script/Engine.StreamingSettings] File [D:/Soul_Like_GitHub/SoulsLike/DarkSoulsWriteRoom1/Saved/Config/Windows/Engine.ini]
[2019.09.24-15.25.04:411][  0]LogConfig: Setting CVar [[s.MinBulkDataSizeForAsyncLoading:131072]]
[2019.09.24-15.25.04:411][  0]LogConfig: Setting CVar [[s.AsyncLoadingThreadEnabled:0]]
[2019.09.24-15.25.04:411][  0]LogConfig: Setting CVar [[s.EventDrivenLoaderEnabled:1]]
[2019.09.24-15.25.04:411][  0]LogConfig: Setting CVar [[s.WarnIfTimeLimitExceeded:0]]
[2019.09.24-15.25.04:411][  0]LogConfig: Setting CVar [[s.TimeLimitExceededMultiplier:1.5]]
[2019.09.24-15.25.04:411][  0]LogConfig: Setting CVar [[s.TimeLimitExceededMinTime:0.005]]
[2019.09.24-15.25.04:411][  0]LogConfig: Setting CVar [[s.UseBackgroundLevelStreaming:1]]
[2019.09.24-15.25.04:411][  0]LogConfig: Setting CVar [[s.PriorityAsyncLoadingExtraTime:15.0]]
[2019.09.24-15.25.04:411][  0]LogConfig: Setting CVar [[s.LevelStreamingActorsUpdateTimeLimit:5.0]]
[2019.09.24-15.25.04:411][  0]LogConfig: Setting CVar [[s.PriorityLevelStreamingActorsUpdateExtraTime:5.0]]
[2019.09.24-15.25.04:411][  0]LogConfig: Setting CVar [[s.LevelStreamingComponentsRegistrationGranularity:10]]
[2019.09.24-15.25.04:411][  0]LogConfig: Setting CVar [[s.UnregisterComponentsTimeLimit:1.0]]
[2019.09.24-15.25.04:411][  0]LogConfig: Setting CVar [[s.LevelStreamingComponentsUnregistrationGranularity:5]]
[2019.09.24-15.25.04:411][  0]LogConfig: Applying CVar settings from Section [/Script/Engine.GarbageCollectionSettings] File [D:/Soul_Like_GitHub/SoulsLike/DarkSoulsWriteRoom1/Saved/Config/Windows/Engine.ini]
[2019.09.24-15.25.04:411][  0]LogConfig: Setting CVar [[gc.MaxObjectsNotConsideredByGC:1]]
[2019.09.24-15.25.04:411][  0]LogConfig: Setting CVar [[gc.SizeOfPermanentObjectPool:0]]
[2019.09.24-15.25.04:411][  0]LogConfig: Setting CVar [[gc.FlushStreamingOnGC:0]]
[2019.09.24-15.25.04:411][  0]LogConfig: Setting CVar [[gc.NumRetriesBeforeForcingGC:10]]
[2019.09.24-15.25.04:412][  0]LogConfig: Setting CVar [[gc.AllowParallelGC:1]]
[2019.09.24-15.25.04:412][  0]LogConfig: Setting CVar [[gc.TimeBetweenPurgingPendingKillObjects:61.1]]
[2019.09.24-15.25.04:412][  0]LogConfig: Setting CVar [[gc.MaxObjectsInEditor:16777216]]
[2019.09.24-15.25.04:412][  0]LogConfig: Setting CVar [[gc.IncrementalBeginDestroyEnabled:1]]
[2019.09.24-15.25.04:412][  0]LogConfig: Setting CVar [[gc.CreateGCClusters:1]]
[2019.09.24-15.25.04:412][  0]LogConfig: Setting CVar [[gc.MinGCClusterSize:5]]
[2019.09.24-15.25.04:412][  0]LogConfig: Setting CVar [[gc.ActorClusteringEnabled:0]]
[2019.09.24-15.25.04:412][  0]LogConfig: Setting CVar [[gc.BlueprintClusteringEnabled:0]]
[2019.09.24-15.25.04:412][  0]LogConfig: Setting CVar [[gc.UseDisregardForGCOnDedicatedServers:0]]
[2019.09.24-15.25.04:412][  0]LogConfig: Applying CVar settings from Section [/Script/Engine.NetworkSettings] File [D:/Soul_Like_GitHub/SoulsLike/DarkSoulsWriteRoom1/Saved/Config/Windows/Engine.ini]
[2019.09.24-15.25.04:412][  0]LogConfig: Applying CVar settings from Section [/Script/UnrealEd.CookerSettings] File [D:/Soul_Like_GitHub/SoulsLike/DarkSoulsWriteRoom1/Saved/Config/Windows/Engine.ini]
[2019.09.24-15.25.04:420][  0]LogConfig: Applying CVar settings from Section [ViewDistanceQuality@3] File [D:/Soul_Like_GitHub/SoulsLike/DarkSoulsWriteRoom1/Saved/Config/Windows/Scalability.ini]
[2019.09.24-15.25.04:420][  0]LogConfig: Setting CVar [[r.SkeletalMeshLODBias:0]]
[2019.09.24-15.25.04:420][  0]LogConfig: Setting CVar [[r.ViewDistanceScale:1.0]]
[2019.09.24-15.25.04:420][  0]LogConfig: Applying CVar settings from Section [AntiAliasingQuality@3] File [D:/Soul_Like_GitHub/SoulsLike/DarkSoulsWriteRoom1/Saved/Config/Windows/Scalability.ini]
[2019.09.24-15.25.04:420][  0]LogConfig: Setting CVar [[r.PostProcessAAQuality:4]]
[2019.09.24-15.25.04:420][  0]LogConfig: Applying CVar settings from Section [ShadowQuality@3] File [D:/Soul_Like_GitHub/SoulsLike/DarkSoulsWriteRoom1/Saved/Config/Windows/Scalability.ini]
[2019.09.24-15.25.04:420][  0]LogConfig: Setting CVar [[r.LightFunctionQuality:1]]
[2019.09.24-15.25.04:420][  0]LogConfig: Setting CVar [[r.ShadowQuality:5]]
[2019.09.24-15.25.04:420][  0]LogConfig: Setting CVar [[r.Shadow.CSM.MaxCascades:10]]
[2019.09.24-15.25.04:420][  0]LogConfig: Setting CVar [[r.Shadow.MaxResolution:2048]]
[2019.09.24-15.25.04:420][  0]LogConfig: Setting CVar [[r.Shadow.MaxCSMResolution:2048]]
[2019.09.24-15.25.04:420][  0]LogConfig: Setting CVar [[r.Shadow.RadiusThreshold:0.01]]
[2019.09.24-15.25.04:420][  0]LogConfig: Setting CVar [[r.Shadow.DistanceScale:1.0]]
[2019.09.24-15.25.04:420][  0]LogConfig: Setting CVar [[r.Shadow.CSM.TransitionScale:1.0]]
[2019.09.24-15.25.04:420][  0]LogConfig: Setting CVar [[r.Shadow.PreShadowResolutionFactor:1.0]]
[2019.09.24-15.25.04:420][  0]LogConfig: Setting CVar [[r.DistanceFieldShadowing:1]]
[2019.09.24-15.25.04:420][  0]LogConfig: Setting CVar [[r.DistanceFieldAO:1]]
[2019.09.24-15.25.04:421][  0]LogConfig: Setting CVar [[r.AOQuality:2]]
[2019.09.24-15.25.04:421][  0]LogConfig: Setting CVar [[r.VolumetricFog:1]]
[2019.09.24-15.25.04:421][  0]LogConfig: Setting CVar [[r.VolumetricFog.GridPixelSize:8]]
[2019.09.24-15.25.04:421][  0]LogConfig: Setting CVar [[r.VolumetricFog.GridSizeZ:128]]
[2019.09.24-15.25.04:421][  0]LogConfig: Setting CVar [[r.VolumetricFog.HistoryMissSupersampleCount:4]]
[2019.09.24-15.25.04:421][  0]LogConfig: Setting CVar [[r.LightMaxDrawDistanceScale:1]]
[2019.09.24-15.25.04:421][  0]LogConfig: Setting CVar [[r.CapsuleShadows:1]]
[2019.09.24-15.25.04:421][  0]LogConfig: Applying CVar settings from Section [PostProcessQuality@3] File [D:/Soul_Like_GitHub/SoulsLike/DarkSoulsWriteRoom1/Saved/Config/Windows/Scalability.ini]
[2019.09.24-15.25.04:421][  0]LogConfig: Setting CVar [[r.MotionBlurQuality:4]]
[2019.09.24-15.25.04:421][  0]LogConfig: Setting CVar [[r.AmbientOcclusionMipLevelFactor:0.4]]
[2019.09.24-15.25.04:421][  0]LogConfig: Setting CVar [[r.AmbientOcclusionMaxQuality:100]]
[2019.09.24-15.25.04:421][  0]LogConfig: Setting CVar [[r.AmbientOcclusionLevels:-1]]
[2019.09.24-15.25.04:421][  0]LogConfig: Setting CVar [[r.AmbientOcclusionRadiusScale:1.0]]
[2019.09.24-15.25.04:421][  0]LogConfig: Setting CVar [[r.DepthOfFieldQuality:2]]
[2019.09.24-15.25.04:421][  0]LogConfig: Setting CVar [[r.RenderTargetPoolMin:400]]
[2019.09.24-15.25.04:421][  0]LogConfig: Setting CVar [[r.LensFlareQuality:2]]
[2019.09.24-15.25.04:421][  0]LogConfig: Setting CVar [[r.SceneColorFringeQuality:1]]
[2019.09.24-15.25.04:421][  0]LogConfig: Setting CVar [[r.EyeAdaptationQuality:2]]
[2019.09.24-15.25.04:421][  0]LogConfig: Setting CVar [[r.BloomQuality:5]]
[2019.09.24-15.25.04:421][  0]LogConfig: Setting CVar [[r.FastBlurThreshold:100]]
[2019.09.24-15.25.04:421][  0]LogConfig: Setting CVar [[r.Upscale.Quality:3]]
[2019.09.24-15.25.04:421][  0]LogConfig: Setting CVar [[r.Tonemapper.GrainQuantization:1]]
[2019.09.24-15.25.04:421][  0]LogConfig: Setting CVar [[r.LightShaftQuality:1]]
[2019.09.24-15.25.04:421][  0]LogConfig: Setting CVar [[r.Filter.SizeScale:1]]
[2019.09.24-15.25.04:421][  0]LogConfig: Setting CVar [[r.Tonemapper.Quality:5]]
[2019.09.24-15.25.04:421][  0]LogConfig: Setting CVar [[r.DOF.Gather.AccumulatorQuality:1        ; higher gathering accumulator quality]]
[2019.09.24-15.25.04:421][  0]LogConfig: Setting CVar [[r.DOF.Gather.PostfilterMethod:1          ; Median3x3 postfilering method]]
[2019.09.24-15.25.04:421][  0]LogConfig: Setting CVar [[r.DOF.Gather.EnableBokehSettings:0       ; no bokeh simulation when gathering]]
[2019.09.24-15.25.04:421][  0]LogConfig: Setting CVar [[r.DOF.Gather.RingCount:4                 ; medium number of samples when gathering]]
[2019.09.24-15.25.04:421][  0]LogConfig: Setting CVar [[r.DOF.Scatter.ForegroundCompositing:1    ; additive foreground scattering]]
[2019.09.24-15.25.04:421][  0]LogConfig: Setting CVar [[r.DOF.Scatter.BackgroundCompositing:2    ; additive background scattering]]
[2019.09.24-15.25.04:421][  0]LogConfig: Setting CVar [[r.DOF.Scatter.EnableBokehSettings:1      ; bokeh simulation when scattering]]
[2019.09.24-15.25.04:421][  0]LogConfig: Setting CVar [[r.DOF.Scatter.MaxSpriteRatio:0.1         ; only a maximum of 10% of scattered bokeh]]
[2019.09.24-15.25.04:422][  0]LogConfig: Setting CVar [[r.DOF.Recombine.Quality:1                ; cheap slight out of focus]]
[2019.09.24-15.25.04:422][  0]LogConfig: Setting CVar [[r.DOF.Recombine.EnableBokehSettings:0    ; no bokeh simulation on slight out of focus]]
[2019.09.24-15.25.04:422][  0]LogConfig: Setting CVar [[r.DOF.TemporalAAQuality:1                ; more stable temporal accumulation]]
[2019.09.24-15.25.04:422][  0]LogConfig: Setting CVar [[r.DOF.Kernel.MaxForegroundRadius:0.025]]
[2019.09.24-15.25.04:422][  0]LogConfig: Setting CVar [[r.DOF.Kernel.MaxBackgroundRadius:0.025]]
[2019.09.24-15.25.04:422][  0]LogConfig: Applying CVar settings from Section [TextureQuality@3] File [D:/Soul_Like_GitHub/SoulsLike/DarkSoulsWriteRoom1/Saved/Config/Windows/Scalability.ini]
[2019.09.24-15.25.04:422][  0]LogConfig: Setting CVar [[r.Streaming.MipBias:0]]
[2019.09.24-15.25.04:422][  0]LogConfig: Setting CVar [[r.Streaming.AmortizeCPUToGPUCopy:0]]
[2019.09.24-15.25.04:422][  0]LogConfig: Setting CVar [[r.Streaming.MaxNumTexturesToStreamPerFrame:0]]
[2019.09.24-15.25.04:422][  0]LogConfig: Setting CVar [[r.Streaming.Boost:1]]
[2019.09.24-15.25.04:422][  0]LogConfig: Setting CVar [[r.MaxAnisotropy:8]]
[2019.09.24-15.25.04:422][  0]LogConfig: Setting CVar [[r.Streaming.LimitPoolSizeToVRAM:0]]
[2019.09.24-15.25.04:422][  0]LogConfig: Setting CVar [[r.Streaming.PoolSize:1000]]
[2019.09.24-15.25.04:422][  0]LogConfig: Setting CVar [[r.Streaming.MaxEffectiveScreenSize:0]]
[2019.09.24-15.25.04:422][  0]LogConfig: Applying CVar settings from Section [EffectsQuality@3] File [D:/Soul_Like_GitHub/SoulsLike/DarkSoulsWriteRoom1/Saved/Config/Windows/Scalability.ini]
[2019.09.24-15.25.04:422][  0]LogConfig: Setting CVar [[r.TranslucencyLightingVolumeDim:64]]
[2019.09.24-15.25.04:422][  0]LogConfig: Setting CVar [[r.RefractionQuality:2]]
[2019.09.24-15.25.04:422][  0]LogConfig: Setting CVar [[r.SSR.Quality:3]]
[2019.09.24-15.25.04:422][  0]LogConfig: Setting CVar [[r.SceneColorFormat:4]]
[2019.09.24-15.25.04:422][  0]LogConfig: Setting CVar [[r.DetailMode:2]]
[2019.09.24-15.25.04:422][  0]LogConfig: Setting CVar [[r.TranslucencyVolumeBlur:1]]
[2019.09.24-15.25.04:422][  0]LogConfig: Setting CVar [[r.MaterialQualityLevel:1 ; High quality]]
[2019.09.24-15.25.04:422][  0]LogConfig: Setting CVar [[r.SSS.Scale:1]]
[2019.09.24-15.25.04:422][  0]LogConfig: Setting CVar [[r.SSS.SampleSet:2]]
[2019.09.24-15.25.04:422][  0]LogConfig: Setting CVar [[r.SSS.Quality:1]]
[2019.09.24-15.25.04:422][  0]LogConfig: Setting CVar [[r.SSS.HalfRes:1]]
[2019.09.24-15.25.04:422][  0]LogConfig: Setting CVar [[r.EmitterSpawnRateScale:1.0]]
[2019.09.24-15.25.04:422][  0]LogConfig: Setting CVar [[r.ParticleLightQuality:2]]
[2019.09.24-15.25.04:422][  0]LogConfig: Applying CVar settings from Section [FoliageQuality@3] File [D:/Soul_Like_GitHub/SoulsLike/DarkSoulsWriteRoom1/Saved/Config/Windows/Scalability.ini]
[2019.09.24-15.25.04:423][  0]LogConfig: Setting CVar [[foliage.DensityScale:1.0]]
[2019.09.24-15.25.04:423][  0]LogConfig: Setting CVar [[grass.DensityScale:1.0]]
[2019.09.24-15.25.04:423][  0]LogInit: Selected Device Profile: [Windows]
[2019.09.24-15.25.04:423][  0]LogInit: Applying CVar settings loaded from the selected device profile: [Windows]
[2019.09.24-15.25.04:461][  0]LogHAL: Display: Platform has ~ 16 GB [17059098624 / 17179869184 / 16], which maps to Larger [LargestMinGB=32, LargerMinGB=12, DefaultMinGB=8, SmallerMinGB=6, SmallestMinGB=0)
[2019.09.24-15.25.04:461][  0]LogConfig: Setting CVar [[r.Vulkan.UseRealUBs:0		; Required until we fix HLR fall-out]]
[2019.09.24-15.25.04:461][  0]LogInit: Going up to parent DeviceProfile []
[2019.09.24-15.25.04:461][  0]LogConfig: Applying CVar settings from Section [ViewDistanceQuality@3] File [D:/Soul_Like_GitHub/SoulsLike/DarkSoulsWriteRoom1/Saved/Config/Windows/Scalability.ini]
[2019.09.24-15.25.04:461][  0]LogConfig: Setting CVar [[r.SkeletalMeshLODBias:0]]
[2019.09.24-15.25.04:461][  0]LogConfig: Setting CVar [[r.ViewDistanceScale:1.0]]
[2019.09.24-15.25.04:462][  0]LogConfig: Applying CVar settings from Section [AntiAliasingQuality@3] File [D:/Soul_Like_GitHub/SoulsLike/DarkSoulsWriteRoom1/Saved/Config/Windows/Scalability.ini]
[2019.09.24-15.25.04:462][  0]LogConfig: Setting CVar [[r.PostProcessAAQuality:4]]
[2019.09.24-15.25.04:462][  0]LogConfig: Applying CVar settings from Section [ShadowQuality@3] File [D:/Soul_Like_GitHub/SoulsLike/DarkSoulsWriteRoom1/Saved/Config/Windows/Scalability.ini]
[2019.09.24-15.25.04:462][  0]LogConfig: Setting CVar [[r.LightFunctionQuality:1]]
[2019.09.24-15.25.04:462][  0]LogConfig: Setting CVar [[r.ShadowQuality:5]]
[2019.09.24-15.25.04:462][  0]LogConfig: Setting CVar [[r.Shadow.CSM.MaxCascades:10]]
[2019.09.24-15.25.04:462][  0]LogConfig: Setting CVar [[r.Shadow.MaxResolution:2048]]
[2019.09.24-15.25.04:462][  0]LogConfig: Setting CVar [[r.Shadow.MaxCSMResolution:2048]]
[2019.09.24-15.25.04:462][  0]LogConfig: Setting CVar [[r.Shadow.RadiusThreshold:0.01]]
[2019.09.24-15.25.04:462][  0]LogConfig: Setting CVar [[r.Shadow.DistanceScale:1.0]]
[2019.09.24-15.25.04:462][  0]LogConfig: Setting CVar [[r.Shadow.CSM.TransitionScale:1.0]]
[2019.09.24-15.25.04:462][  0]LogConfig: Setting CVar [[r.Shadow.PreShadowResolutionFactor:1.0]]
[2019.09.24-15.25.04:462][  0]LogConfig: Setting CVar [[r.DistanceFieldShadowing:1]]
[2019.09.24-15.25.04:462][  0]LogConfig: Setting CVar [[r.DistanceFieldAO:1]]
[2019.09.24-15.25.04:462][  0]LogConfig: Setting CVar [[r.AOQuality:2]]
[2019.09.24-15.25.04:462][  0]LogConfig: Setting CVar [[r.VolumetricFog:1]]
[2019.09.24-15.25.04:462][  0]LogConfig: Setting CVar [[r.VolumetricFog.GridPixelSize:8]]
[2019.09.24-15.25.04:462][  0]LogConfig: Setting CVar [[r.VolumetricFog.GridSizeZ:128]]
[2019.09.24-15.25.04:462][  0]LogConfig: Setting CVar [[r.VolumetricFog.HistoryMissSupersampleCount:4]]
[2019.09.24-15.25.04:462][  0]LogConfig: Setting CVar [[r.LightMaxDrawDistanceScale:1]]
[2019.09.24-15.25.04:462][  0]LogConfig: Setting CVar [[r.CapsuleShadows:1]]
[2019.09.24-15.25.04:462][  0]LogConfig: Applying CVar settings from Section [PostProcessQuality@3] File [D:/Soul_Like_GitHub/SoulsLike/DarkSoulsWriteRoom1/Saved/Config/Windows/Scalability.ini]
[2019.09.24-15.25.04:462][  0]LogConfig: Setting CVar [[r.MotionBlurQuality:4]]
[2019.09.24-15.25.04:462][  0]LogConfig: Setting CVar [[r.AmbientOcclusionMipLevelFactor:0.4]]
[2019.09.24-15.25.04:462][  0]LogConfig: Setting CVar [[r.AmbientOcclusionMaxQuality:100]]
[2019.09.24-15.25.04:462][  0]LogConfig: Setting CVar [[r.AmbientOcclusionLevels:-1]]
[2019.09.24-15.25.04:462][  0]LogConfig: Setting CVar [[r.AmbientOcclusionRadiusScale:1.0]]
[2019.09.24-15.25.04:462][  0]LogConfig: Setting CVar [[r.DepthOfFieldQuality:2]]
[2019.09.24-15.25.04:462][  0]LogConfig: Setting CVar [[r.RenderTargetPoolMin:400]]
[2019.09.24-15.25.04:462][  0]LogConfig: Setting CVar [[r.LensFlareQuality:2]]
[2019.09.24-15.25.04:462][  0]LogConfig: Setting CVar [[r.SceneColorFringeQuality:1]]
[2019.09.24-15.25.04:462][  0]LogConfig: Setting CVar [[r.EyeAdaptationQuality:2]]
[2019.09.24-15.25.04:463][  0]LogConfig: Setting CVar [[r.BloomQuality:5]]
[2019.09.24-15.25.04:463][  0]LogConfig: Setting CVar [[r.FastBlurThreshold:100]]
[2019.09.24-15.25.04:463][  0]LogConfig: Setting CVar [[r.Upscale.Quality:3]]
[2019.09.24-15.25.04:463][  0]LogConfig: Setting CVar [[r.Tonemapper.GrainQuantization:1]]
[2019.09.24-15.25.04:463][  0]LogConfig: Setting CVar [[r.LightShaftQuality:1]]
[2019.09.24-15.25.04:463][  0]LogConfig: Setting CVar [[r.Filter.SizeScale:1]]
[2019.09.24-15.25.04:463][  0]LogConfig: Setting CVar [[r.Tonemapper.Quality:5]]
[2019.09.24-15.25.04:463][  0]LogConfig: Setting CVar [[r.DOF.Gather.AccumulatorQuality:1        ; higher gathering accumulator quality]]
[2019.09.24-15.25.04:463][  0]LogConfig: Setting CVar [[r.DOF.Gather.PostfilterMethod:1          ; Median3x3 postfilering method]]
[2019.09.24-15.25.04:463][  0]LogConfig: Setting CVar [[r.DOF.Gather.EnableBokehSettings:0       ; no bokeh simulation when gathering]]
[2019.09.24-15.25.04:463][  0]LogConfig: Setting CVar [[r.DOF.Gather.RingCount:4                 ; medium number of samples when gathering]]
[2019.09.24-15.25.04:463][  0]LogConfig: Setting CVar [[r.DOF.Scatter.ForegroundCompositing:1    ; additive foreground scattering]]
[2019.09.24-15.25.04:463][  0]LogConfig: Setting CVar [[r.DOF.Scatter.BackgroundCompositing:2    ; additive background scattering]]
[2019.09.24-15.25.04:463][  0]LogConfig: Setting CVar [[r.DOF.Scatter.EnableBokehSettings:1      ; bokeh simulation when scattering]]
[2019.09.24-15.25.04:463][  0]LogConfig: Setting CVar [[r.DOF.Scatter.MaxSpriteRatio:0.1         ; only a maximum of 10% of scattered bokeh]]
[2019.09.24-15.25.04:463][  0]LogConfig: Setting CVar [[r.DOF.Recombine.Quality:1                ; cheap slight out of focus]]
[2019.09.24-15.25.04:463][  0]LogConfig: Setting CVar [[r.DOF.Recombine.EnableBokehSettings:0    ; no bokeh simulation on slight out of focus]]
[2019.09.24-15.25.04:463][  0]LogConfig: Setting CVar [[r.DOF.TemporalAAQuality:1                ; more stable temporal accumulation]]
[2019.09.24-15.25.04:463][  0]LogConfig: Setting CVar [[r.DOF.Kernel.MaxForegroundRadius:0.025]]
[2019.09.24-15.25.04:463][  0]LogConfig: Setting CVar [[r.DOF.Kernel.MaxBackgroundRadius:0.025]]
[2019.09.24-15.25.04:463][  0]LogConfig: Applying CVar settings from Section [TextureQuality@3] File [D:/Soul_Like_GitHub/SoulsLike/DarkSoulsWriteRoom1/Saved/Config/Windows/Scalability.ini]
[2019.09.24-15.25.04:463][  0]LogConfig: Setting CVar [[r.Streaming.MipBias:0]]
[2019.09.24-15.25.04:463][  0]LogConfig: Setting CVar [[r.Streaming.AmortizeCPUToGPUCopy:0]]
[2019.09.24-15.25.04:463][  0]LogConfig: Setting CVar [[r.Streaming.MaxNumTexturesToStreamPerFrame:0]]
[2019.09.24-15.25.04:463][  0]LogConfig: Setting CVar [[r.Streaming.Boost:1]]
[2019.09.24-15.25.04:463][  0]LogConfig: Setting CVar [[r.MaxAnisotropy:8]]
[2019.09.24-15.25.04:463][  0]LogConfig: Setting CVar [[r.Streaming.LimitPoolSizeToVRAM:0]]
[2019.09.24-15.25.04:463][  0]LogConfig: Setting CVar [[r.Streaming.PoolSize:1000]]
[2019.09.24-15.25.04:463][  0]LogConfig: Setting CVar [[r.Streaming.MaxEffectiveScreenSize:0]]
[2019.09.24-15.25.04:463][  0]LogConfig: Applying CVar settings from Section [EffectsQuality@3] File [D:/Soul_Like_GitHub/SoulsLike/DarkSoulsWriteRoom1/Saved/Config/Windows/Scalability.ini]
[2019.09.24-15.25.04:464][  0]LogConfig: Setting CVar [[r.TranslucencyLightingVolumeDim:64]]
[2019.09.24-15.25.04:464][  0]LogConfig: Setting CVar [[r.RefractionQuality:2]]
[2019.09.24-15.25.04:464][  0]LogConfig: Setting CVar [[r.SSR.Quality:3]]
[2019.09.24-15.25.04:464][  0]LogConfig: Setting CVar [[r.SceneColorFormat:4]]
[2019.09.24-15.25.04:464][  0]LogConfig: Setting CVar [[r.DetailMode:2]]
[2019.09.24-15.25.04:464][  0]LogConfig: Setting CVar [[r.TranslucencyVolumeBlur:1]]
[2019.09.24-15.25.04:464][  0]LogConfig: Setting CVar [[r.MaterialQualityLevel:1 ; High quality]]
[2019.09.24-15.25.04:464][  0]LogConfig: Setting CVar [[r.SSS.Scale:1]]
[2019.09.24-15.25.04:464][  0]LogConfig: Setting CVar [[r.SSS.SampleSet:2]]
[2019.09.24-15.25.04:464][  0]LogConfig: Setting CVar [[r.SSS.Quality:1]]
[2019.09.24-15.25.04:464][  0]LogConfig: Setting CVar [[r.SSS.HalfRes:1]]
[2019.09.24-15.25.04:464][  0]LogConfig: Setting CVar [[r.EmitterSpawnRateScale:1.0]]
[2019.09.24-15.25.04:464][  0]LogConfig: Setting CVar [[r.ParticleLightQuality:2]]
[2019.09.24-15.25.04:464][  0]LogConfig: Applying CVar settings from Section [FoliageQuality@3] File [D:/Soul_Like_GitHub/SoulsLike/DarkSoulsWriteRoom1/Saved/Config/Windows/Scalability.ini]
[2019.09.24-15.25.04:464][  0]LogConfig: Setting CVar [[foliage.DensityScale:1.0]]
[2019.09.24-15.25.04:464][  0]LogConfig: Setting CVar [[grass.DensityScale:1.0]]
[2019.09.24-15.25.04:464][  0]LogConfig: Applying CVar settings from Section [Startup] File [../../../Engine/Config/ConsoleVariables.ini]
[2019.09.24-15.25.04:466][  0]LogConfig: Setting CVar [[net.UseAdaptiveNetUpdateFrequency:0]]
[2019.09.24-15.25.04:466][  0]LogConfig: Setting CVar [[p.chaos.AllowCreatePhysxBodies:1]]
[2019.09.24-15.25.04:466][  0]LogConfig: Applying CVar settings from Section [ConsoleVariables] File [D:/Soul_Like_GitHub/SoulsLike/DarkSoulsWriteRoom1/Saved/Config/Windows/Engine.ini]
[2019.09.24-15.25.04:466][  0]LogInit: Computer: DESKTOP-VMGI91V
[2019.09.24-15.25.04:466][  0]LogInit: User: Admin
[2019.09.24-15.25.04:466][  0]LogInit: CPU Page size=4096, Cores=4
[2019.09.24-15.25.04:466][  0]LogInit: High frequency timer resolution =10.000000 MHz
[2019.09.24-15.25.04:466][  0]LogMemory: Memory total: Physical=15.9GB (16GB approx)
[2019.09.24-15.25.04:466][  0]LogMemory: Platform Memory Stats for Windows
[2019.09.24-15.25.04:467][  0]LogMemory: Process Physical Memory: 96.65 MB used, 96.66 MB peak
[2019.09.24-15.25.04:467][  0]LogMemory: Process Virtual Memory: 89.04 MB used, 89.04 MB peak
[2019.09.24-15.25.04:467][  0]LogMemory: Physical Memory: 4725.11 MB used,  11543.71 MB free, 16268.82 MB total
[2019.09.24-15.25.04:467][  0]LogMemory: Virtual Memory: 4656.39 MB used,  134213072.00 MB free, 134217728.00 MB total
[2019.09.24-15.25.04:616][  0]LogInit: Using OS detected language (en-GB).
[2019.09.24-15.25.04:616][  0]LogInit: Using OS detected locale (en-CA).
[2019.09.24-15.25.04:621][  0]LogTextLocalizationManager: No specific localization for 'en-GB' exists, so the 'en' localization will be used.
[2019.09.24-15.25.04:872][  0]LogInit: Setting process to per monitor DPI aware
[2019.09.24-15.25.05:093][  0]LogSlate: New Slate User Created.  User Index 0, Is Virtual User: 0
[2019.09.24-15.25.05:093][  0]LogSlate: Slate User Registered.  User Index 0, Is Virtual User: 0
[2019.09.24-15.25.06:007][  0]LogHMD: Failed to initialize OpenVR with code 110
[2019.09.24-15.25.06:007][  0]LogD3D11RHI: D3D11 adapters:
[2019.09.24-15.25.07:005][  0]LogD3D11RHI:    0. 'NVIDIA GeForce GTX 1050 Ti' (Feature Level 11_0)
[2019.09.24-15.25.07:005][  0]LogD3D11RHI:       4021/0/8134 MB DedicatedVideo/DedicatedSystem/SharedSystem, Outputs:1, VendorId:0x10de
[2019.09.24-15.25.07:023][  0]LogD3D11RHI:    1. 'Intel(R) HD Graphics 630' (Feature Level 11_0)
[2019.09.24-15.25.07:023][  0]LogD3D11RHI:       128/0/8134 MB DedicatedVideo/DedicatedSystem/SharedSystem, Outputs:0, VendorId:0x8086
[2019.09.24-15.25.07:030][  0]LogD3D11RHI:    2. 'Microsoft Basic Render Driver' (Feature Level 11_0)
[2019.09.24-15.25.07:030][  0]LogD3D11RHI:       0/0/8134 MB DedicatedVideo/DedicatedSystem/SharedSystem, Outputs:0, VendorId:0x1414
[2019.09.24-15.25.07:030][  0]LogD3D11RHI: Chosen D3D11 Adapter: 0
[2019.09.24-15.25.07:096][  0]LogD3D11RHI: Creating new Direct3DDevice
[2019.09.24-15.25.07:097][  0]LogD3D11RHI:     GPU DeviceId: 0x1c8c (for the marketing name, search the web for "GPU Device Id")
[2019.09.24-15.25.07:097][  0]LogWindows: EnumDisplayDevices:
[2019.09.24-15.25.07:097][  0]LogWindows:    0. 'Intel(R) HD Graphics 630' (P:1 D:1)
[2019.09.24-15.25.07:099][  0]LogWindows:    1. 'Intel(R) HD Graphics 630' (P:0 D:0)
[2019.09.24-15.25.07:101][  0]LogWindows:    2. 'Intel(R) HD Graphics 630' (P:0 D:0)
[2019.09.24-15.25.07:102][  0]LogWindows: DebugString: PrimaryIsNotTheChoosenAdapter PrimaryIsNotTheChoosenAdapter PrimaryIsNotTheChoosenAdapter FoundDriverCount:0 
[2019.09.24-15.25.07:102][  0]LogD3D11RHI:     Adapter Name: NVIDIA GeForce GTX 1050 Ti
[2019.09.24-15.25.07:103][  0]LogD3D11RHI:   Driver Version: Unknown (internal:Unknown, unified:Unknown)
[2019.09.24-15.25.07:103][  0]LogD3D11RHI:      Driver Date: Unknown
[2019.09.24-15.25.07:103][  0]LogRHI: Texture pool is 2814 MB (70% of 4021 MB)
[2019.09.24-15.25.07:250][  0]LogD3D11RHI: Async texture creation enabled
[2019.09.24-15.25.07:518][  0]LogRendererCore: FGlobalReadBuffer::InitRHI
[2019.09.24-15.25.07:519][  0]LogRendererCore: FGlobalReadBuffer::InitRHI
[2019.09.24-15.25.07:519][  0]LogRendererCore: FGlobalReadBuffer::InitRHI
[2019.09.24-15.25.07:536][  0]LogD3D11RHI: GPU Timing Frequency: 1000.000000 (Debug: 2 2)
[2019.09.24-15.25.09:278][  0]LogTemp: Display: Module 'AllDesktopTargetPlatform' loaded TargetPlatform 'AllDesktop'
[2019.09.24-15.25.09:319][  0]LogTemp: Display: Module 'MacClientTargetPlatform' loaded TargetPlatform 'MacClient'
[2019.09.24-15.25.09:365][  0]LogTemp: Display: Module 'MacNoEditorTargetPlatform' loaded TargetPlatform 'MacNoEditor'
[2019.09.24-15.25.09:411][  0]LogTemp: Display: Module 'MacServerTargetPlatform' loaded TargetPlatform 'MacServer'
[2019.09.24-15.25.09:469][  0]LogTemp: Display: Module 'MacTargetPlatform' loaded TargetPlatform 'Mac'
[2019.09.24-15.25.09:515][  0]LogTemp: Display: Module 'WindowsClientTargetPlatform' loaded TargetPlatform 'WindowsClient'
[2019.09.24-15.25.09:554][  0]LogTemp: Display: Module 'WindowsNoEditorTargetPlatform' loaded TargetPlatform 'WindowsNoEditor'
[2019.09.24-15.25.09:585][  0]LogTemp: Display: Module 'WindowsServerTargetPlatform' loaded TargetPlatform 'WindowsServer'
[2019.09.24-15.25.09:602][  0]LogTemp: Display: Module 'WindowsTargetPlatform' loaded TargetPlatform 'Windows'
[2019.09.24-15.25.09:740][  0]LogTemp: Display: Module 'AndroidTargetPlatform' loaded TargetPlatform 'Android'
[2019.09.24-15.25.09:740][  0]LogTemp: Display: Module 'AndroidTargetPlatform' loaded TargetPlatform 'Android_ASTC'
[2019.09.24-15.25.09:740][  0]LogTemp: Display: Module 'AndroidTargetPlatform' loaded TargetPlatform 'Android_ATC'
[2019.09.24-15.25.09:741][  0]LogTemp: Display: Module 'AndroidTargetPlatform' loaded TargetPlatform 'Android_DXT'
[2019.09.24-15.25.09:741][  0]LogTemp: Display: Module 'AndroidTargetPlatform' loaded TargetPlatform 'Android_ETC1'
[2019.09.24-15.25.09:741][  0]LogTemp: Display: Module 'AndroidTargetPlatform' loaded TargetPlatform 'Android_ETC1a'
[2019.09.24-15.25.09:741][  0]LogTemp: Display: Module 'AndroidTargetPlatform' loaded TargetPlatform 'Android_ETC2'
[2019.09.24-15.25.09:741][  0]LogTemp: Display: Module 'AndroidTargetPlatform' loaded TargetPlatform 'Android_PVRTC'
[2019.09.24-15.25.09:741][  0]LogTemp: Display: Module 'AndroidTargetPlatform' loaded TargetPlatform 'AndroidClient'
[2019.09.24-15.25.09:741][  0]LogTemp: Display: Module 'AndroidTargetPlatform' loaded TargetPlatform 'Android_ASTCClient'
[2019.09.24-15.25.09:741][  0]LogTemp: Display: Module 'AndroidTargetPlatform' loaded TargetPlatform 'Android_ATCClient'
[2019.09.24-15.25.09:741][  0]LogTemp: Display: Module 'AndroidTargetPlatform' loaded TargetPlatform 'Android_DXTClient'
[2019.09.24-15.25.09:741][  0]LogTemp: Display: Module 'AndroidTargetPlatform' loaded TargetPlatform 'Android_ETC1Client'
[2019.09.24-15.25.09:741][  0]LogTemp: Display: Module 'AndroidTargetPlatform' loaded TargetPlatform 'Android_ETC1aClient'
[2019.09.24-15.25.09:741][  0]LogTemp: Display: Module 'AndroidTargetPlatform' loaded TargetPlatform 'Android_ETC2Client'
[2019.09.24-15.25.09:741][  0]LogTemp: Display: Module 'AndroidTargetPlatform' loaded TargetPlatform 'Android_PVRTCClient'
[2019.09.24-15.25.09:741][  0]LogTemp: Display: Module 'AndroidTargetPlatform' loaded TargetPlatform 'Android_Multi'
[2019.09.24-15.25.09:741][  0]LogTemp: Display: Module 'AndroidTargetPlatform' loaded TargetPlatform 'Android_MultiClient'
[2019.09.24-15.25.09:749][  0]LogTemp: Display: Module 'HTML5TargetPlatform' loaded TargetPlatform 'HTML5'
[2019.09.24-15.25.09:820][  0]LogTemp: Display: Module 'IOSTargetPlatform' loaded TargetPlatform 'IOSClient'
[2019.09.24-15.25.09:820][  0]LogTemp: Display: Module 'IOSTargetPlatform' loaded TargetPlatform 'IOS'
[2019.09.24-15.25.09:889][  0]LogTemp: Display: Module 'TVOSTargetPlatform' loaded TargetPlatform 'TVOSClient'
[2019.09.24-15.25.09:889][  0]LogTemp: Display: Module 'TVOSTargetPlatform' loaded TargetPlatform 'TVOS'
[2019.09.24-15.25.09:931][  0]LogTemp: Display: Module 'LinuxClientTargetPlatform' loaded TargetPlatform 'LinuxClient'
[2019.09.24-15.25.09:968][  0]LogTemp: Display: Module 'LinuxNoEditorTargetPlatform' loaded TargetPlatform 'LinuxNoEditor'
[2019.09.24-15.25.10:008][  0]LogTemp: Display: Module 'LinuxServerTargetPlatform' loaded TargetPlatform 'LinuxServer'
[2019.09.24-15.25.10:046][  0]LogTemp: Display: Module 'LinuxTargetPlatform' loaded TargetPlatform 'Linux'
[2019.09.24-15.25.10:141][  0]LogTemp: Display: Module 'LuminTargetPlatform' loaded TargetPlatform 'Lumin'
[2019.09.24-15.25.10:141][  0]LogTemp: Display: Module 'LuminTargetPlatform' loaded TargetPlatform 'LuminClient'
[2019.09.24-15.25.10:141][  0]LogTargetPlatformManager: Display: Building Assets For Windows
[2019.09.24-15.25.10:160][  0]LogAudioDebug: Display: Lib vorbis DLL was dynamically loaded.
[2019.09.24-15.25.10:248][  0]LogShaderCompilers: Guid format shader working directory is -16 characters bigger than the processId version (../../../../../Soul_Like_GitHub/SoulsLike/DarkSoulsWriteRoom1/Intermediate/Shaders/WorkingDirectory/17508/).
[2019.09.24-15.25.10:250][  0]LogShaderCompilers: Cleaned the shader compiler working directory 'C:/Users/Admin/AppData/Local/Temp/UnrealShaderWorkingDir/DB56ACA24BF633E32C6AA196FAED138C/'.
[2019.09.24-15.25.10:253][  0]LogXGEController: Cleaning working directory: C:/Users/Admin/AppData/Local/Temp/UnrealXGEWorkingDir/
[2019.09.24-15.25.10:255][  0]LogXGEController: Cannot use XGE Controller as Incredibuild is not installed on this machine.
[2019.09.24-15.25.10:256][  0]LogShaderCompilers: Cannot use XGE Shader Compiler as Incredibuild is not installed on this machine.
[2019.09.24-15.25.10:256][  0]LogShaderCompilers: Display: Using Local Shader Compiler.
[2019.09.24-15.25.11:236][  0]LogDerivedDataCache: Display: Max Cache Size: 512 MB
[2019.09.24-15.25.11:305][  0]LogDerivedDataCache: Loaded boot cache 0.07s 71MB C:/Users/Admin/AppData/Local/UnrealEngine/4.22/DerivedDataCache/Boot.ddc.
[2019.09.24-15.25.11:306][  0]LogDerivedDataCache: Display: Loaded Boot cache: C:/Users/Admin/AppData/Local/UnrealEngine/4.22/DerivedDataCache/Boot.ddc
[2019.09.24-15.25.11:306][  0]LogDerivedDataCache: FDerivedDataBackendGraph:  Pak pak cache file ../../../../../Soul_Like_GitHub/SoulsLike/DarkSoulsWriteRoom1/DerivedDataCache/DDC.ddp not found, will not use a pak cache.
[2019.09.24-15.25.11:306][  0]LogDerivedDataCache: Unable to find inner node Pak for hierarchical cache Hierarchy.
[2019.09.24-15.25.11:306][  0]LogDerivedDataCache: FDerivedDataBackendGraph:  CompressedPak pak cache file ../../../../../Soul_Like_GitHub/SoulsLike/DarkSoulsWriteRoom1/DerivedDataCache/Compressed.ddp not found, will not use a pak cache.
[2019.09.24-15.25.11:306][  0]LogDerivedDataCache: Unable to find inner node CompressedPak for hierarchical cache Hierarchy.
[2019.09.24-15.25.11:325][  0]LogDerivedDataCache: Display: Pak cache opened for reading ../../../Engine/DerivedDataCache/Compressed.ddp.
[2019.09.24-15.25.11:325][  0]LogDerivedDataCache: FDerivedDataBackendGraph:  EnterprisePak pak cache file ../../../Enterprise/DerivedDataCache/Compressed.ddp not found, will not use a pak cache.
[2019.09.24-15.25.11:325][  0]LogDerivedDataCache: Unable to find inner node EnterprisePak for hierarchical cache Hierarchy.
[2019.09.24-15.25.11:344][  0]LogDerivedDataCache: Using Local data cache path C:/Users/Admin/AppData/Local/UnrealEngine/Common/DerivedDataCache: Writable
[2019.09.24-15.25.11:344][  0]LogDerivedDataCache: Shared data cache path not found in *engine.ini, will not use an Shared cache.
[2019.09.24-15.25.11:344][  0]LogDerivedDataCache: Unable to find inner node Shared for hierarchical cache Hierarchy.
[2019.09.24-15.25.11:405][  0]LogMaterial: Verifying Global Shaders for PCD3D_SM5
[2019.09.24-15.25.11:407][  0]LogSlate: Using FreeType 2.6.0
[2019.09.24-15.25.11:410][  0]LogSlate: SlateFontServices - WITH_FREETYPE: 1, WITH_HARFBUZZ: 1
[2019.09.24-15.25.11:628][  0]LogAssetRegistry: FAssetRegistry took 0.0425 seconds to start up
[2019.09.24-15.25.12:274][  0]LogInit: Selected Device Profile: [Windows]
[2019.09.24-15.25.12:530][  0]LogMeshReduction: Using QuadricMeshReduction for automatic static mesh reduction
[2019.09.24-15.25.12:530][  0]LogMeshReduction: Using SimplygonMeshReduction for automatic skeletal mesh reduction
[2019.09.24-15.25.12:530][  0]LogMeshReduction: Using ProxyLODMeshReduction for automatic mesh merging
[2019.09.24-15.25.12:530][  0]LogMeshReduction: No distributed automatic mesh merging module available
[2019.09.24-15.25.12:530][  0]LogMeshMerging: No distributed automatic mesh merging module available
[2019.09.24-15.25.12:549][  0]LogNetVersion: DarkSoulsWriteRoom1 1.0.0, NetCL: 5660361, EngineNetVer: 10, GameNetVer: 0 (Checksum: 2671048525)
[2019.09.24-15.25.13:509][  0]LogPackageLocalizationCache: Processed 10 localized package path(s) for 1 prioritized culture(s) in 0.119121 seconds
[2019.09.24-15.25.13:518][  0]LogUObjectArray: 42205 objects as part of root set at end of initial load.
[2019.09.24-15.25.13:518][  0]LogUObjectAllocator: 7325032 out of 0 bytes used by permanent object pool.
[2019.09.24-15.25.13:518][  0]LogUObjectArray: CloseDisregardForGC: 0/0 objects in disregard for GC pool
[2019.09.24-15.25.16:354][  0]LogTcpMessaging: Initializing TcpMessaging bridge
[2019.09.24-15.25.16:371][  0]LogUdpMessaging: Initializing bridge on interface 0.0.0.0:0 to multicast group 230.0.0.1:6666.
[2019.09.24-15.25.16:636][  0]SourceControl: Source control is disabled
[2019.09.24-15.25.16:636][  0]SourceControl: Source control is disabled
[2019.09.24-15.25.16:640][  0]SourceControl: Source control is disabled
[2019.09.24-15.25.16:644][  0]SourceControl: Source control is disabled
[2019.09.24-15.25.16:852][  0]LogAndroidPermission: UAndroidPermissionCallbackProxy::GetInstance
[2019.09.24-15.25.17:213][  0]LogOcInput: OculusInput pre-init called
[2019.09.24-15.25.19:378][  0]LogEngine: Initializing Engine...
[2019.09.24-15.25.19:383][  0]LogHMD: Failed to initialize OpenVR with code 110
[2019.09.24-15.25.19:385][  0]LogStats: UGameplayTagsManager::InitializeManager -  0.001 s
[2019.09.24-15.25.19:722][  0]LogInit: Initializing FReadOnlyCVARCache
[2019.09.24-15.25.19:745][  0]LogAIModule: Creating AISystem for world Untitled
[2019.09.24-15.25.19:819][  0]LogInit: XAudio2 using 'Speakers (Realtek High Definition Audio)' : 2 channels at 48 kHz using 32 bits per sample (channel mask 0x3)
[2019.09.24-15.25.20:908][  0]LogInit: FAudioDevice initialized.
[2019.09.24-15.25.20:909][  0]LogNetVersion: Set ProjectVersion to 1.0.0.0. Version Checksum will be recalculated on next use.
[2019.09.24-15.25.21:122][  0]LogDerivedDataCache: Saved boot cache 0.21s 71MB C:/Users/Admin/AppData/Local/UnrealEngine/4.22/DerivedDataCache/Boot.ddc.
[2019.09.24-15.25.21:146][  0]LogInit: Texture streaming: Enabled
[2019.09.24-15.25.21:293][  0]LogEngineSessionManager: EngineSessionManager initialized
[2019.09.24-15.25.21:293][  0]LogEngineSessionManager: EngineSessionManager sent abnormal shutdown report. Type=Crashed, SessionId={A91B9FB6-4AE2-F8BE-606E-4EB7966A4A3B}
[2019.09.24-15.25.21:369][  0]LogInit: Transaction tracking system initialized
[2019.09.24-15.25.21:455][  0]BlueprintLog: New page: Editor Load
[2019.09.24-15.25.21:700][  0]LocalizationService: Localization service is disabled
[2019.09.24-15.25.22:386][  0]LogCook: Display: Max memory allowance for cook 16384mb min free memory 0mb
[2019.09.24-15.25.22:386][  0]LogCook: Display: Mobile HDR setting 1
[2019.09.24-15.25.22:432][  0]LogFileCache: Scanning file cache for directory 'D:/Soul_Like_GitHub/SoulsLike/DarkSoulsWriteRoom1/Content/' took 0.02s
[2019.09.24-15.25.22:729][  0]SourceControl: Source control is disabled
[2019.09.24-15.25.22:729][  0]Cmd: MAP LOAD FILE="../../../../../Soul_Like_GitHub/SoulsLike/DarkSoulsWriteRoom1/Content/ThirdPersonBP/Maps/ThirdPersonExampleMap.umap" TEMPLATE=0 SHOWPROGRESS=1 FEATURELEVEL=3
[2019.09.24-15.25.22:731][  0]LightingResults: New page: Lighting Build
[2019.09.24-15.25.22:735][  0]MapCheck: New page: Map Check
[2019.09.24-15.25.22:735][  0]LightingResults: New page: Lighting Build
[2019.09.24-15.25.22:770][  0]LogUObjectHash: Compacting FUObjectHashTables data took   1.95ms
[2019.09.24-15.25.23:016][  0]LogAIModule: Creating AISystem for world ThirdPersonExampleMap
[2019.09.24-15.25.23:106][  0]LogEditorServer: Finished looking for orphan Actors (0.000 secs)
[2019.09.24-15.25.23:143][  0]LogUObjectHash: Compacting FUObjectHashTables data took   2.41ms
[2019.09.24-15.25.23:143][  0]Cmd: MAP CHECKDEP NOCLEARLOG
[2019.09.24-15.25.23:143][  0]MapCheck: Map check complete: 0 Error(s), 0 Warning(s), took 0.092ms to complete.
[2019.09.24-15.25.23:143][  0]LogFileHelpers: Loading map 'ThirdPersonExampleMap' took 0.414
[2019.09.24-15.25.23:330][  0]LogSlate: Updating window title bar state: overlay mode, drag disabled, window buttons hidden, title bar hidden
[2019.09.24-15.25.23:339][  0]LogSlate: Updating window title bar state: overlay mode, drag disabled, window buttons hidden, title bar hidden
[2019.09.24-15.25.23:349][  0]LogSlate: Updating window title bar state: overlay mode, drag disabled, window buttons hidden, title bar hidden
[2019.09.24-15.25.23:358][  0]LogSlate: Updating window title bar state: overlay mode, drag disabled, window buttons hidden, title bar hidden
[2019.09.24-15.25.23:372][  0]LogCollectionManager: Loaded 0 collections in 0.003659 seconds
[2019.09.24-15.25.23:423][  0]LogFileCache: Scanning file cache for directory 'D:/Soul_Like_GitHub/SoulsLike/DarkSoulsWriteRoom1/Saved/Collections/' took 0.01s
[2019.09.24-15.25.23:423][  0]LogFileCache: Scanning file cache for directory 'D:/Soul_Like_GitHub/SoulsLike/DarkSoulsWriteRoom1/Content/Developers/Admin/Collections/' took 0.01s
[2019.09.24-15.25.23:423][  0]LogFileCache: Scanning file cache for directory 'D:/Soul_Like_GitHub/SoulsLike/DarkSoulsWriteRoom1/Content/Collections/' took 0.01s
[2019.09.24-15.25.23:423][  0]LogCollectionManager: Rebuilt the GUID cache for 0 collections in 0.000000 seconds
[2019.09.24-15.25.23:437][  0]LogContentBrowser: Native class hierarchy populated in 0.0144 seconds. Added 2732 classes and 659 folders.
[2019.09.24-15.25.23:450][  0]LogContentBrowser: Native class hierarchy updated for 'WidgetCarousel' in 0.0007 seconds. Added 0 classes and 0 folders.
[2019.09.24-15.25.23:458][  0]LogPakFile: Registered encryption key '00000000000000000000000000000000': 0 pak files mounted, 0 remain pending
[2019.09.24-15.25.23:461][  0]LogPakFile: Registered encryption key '00000000000000000000000000000000': 0 pak files mounted, 0 remain pending
[2019.09.24-15.25.23:464][  0]LogPakFile: Registered encryption key '00000000000000000000000000000000': 0 pak files mounted, 0 remain pending
[2019.09.24-15.25.23:468][  0]LogPakFile: Registered encryption key '00000000000000000000000000000000': 0 pak files mounted, 0 remain pending
[2019.09.24-15.25.23:472][  0]LogPakFile: Registered encryption key '00000000000000000000000000000000': 0 pak files mounted, 0 remain pending
[2019.09.24-15.25.23:475][  0]LogPakFile: Registered encryption key '00000000000000000000000000000000': 0 pak files mounted, 0 remain pending
[2019.09.24-15.25.23:478][  0]LogPakFile: Registered encryption key '00000000000000000000000000000000': 0 pak files mounted, 0 remain pending
[2019.09.24-15.25.23:482][  0]LogPakFile: Registered encryption key '00000000000000000000000000000000': 0 pak files mounted, 0 remain pending
[2019.09.24-15.25.23:485][  0]LogPakFile: Registered encryption key '00000000000000000000000000000000': 0 pak files mounted, 0 remain pending
[2019.09.24-15.25.23:488][  0]LogPakFile: Registered encryption key '00000000000000000000000000000000': 0 pak files mounted, 0 remain pending
[2019.09.24-15.25.23:491][  0]LogPakFile: Registered encryption key '00000000000000000000000000000000': 0 pak files mounted, 0 remain pending
[2019.09.24-15.25.23:494][  0]LogPakFile: Registered encryption key '00000000000000000000000000000000': 0 pak files mounted, 0 remain pending
[2019.09.24-15.25.23:498][  0]LogPakFile: Registered encryption key '00000000000000000000000000000000': 0 pak files mounted, 0 remain pending
[2019.09.24-15.25.23:501][  0]LogPakFile: Registered encryption key '00000000000000000000000000000000': 0 pak files mounted, 0 remain pending
[2019.09.24-15.25.23:504][  0]LogPakFile: Registered encryption key '00000000000000000000000000000000': 0 pak files mounted, 0 remain pending
[2019.09.24-15.25.23:508][  0]LogPakFile: Registered encryption key '00000000000000000000000000000000': 0 pak files mounted, 0 remain pending
[2019.09.24-15.25.23:512][  0]LogPakFile: Registered encryption key '00000000000000000000000000000000': 0 pak files mounted, 0 remain pending
[2019.09.24-15.25.23:515][  0]LogPakFile: Registered encryption key '00000000000000000000000000000000': 0 pak files mounted, 0 remain pending
[2019.09.24-15.25.23:518][  0]LogPakFile: Registered encryption key '00000000000000000000000000000000': 0 pak files mounted, 0 remain pending
[2019.09.24-15.25.23:521][  0]LogPakFile: Registered encryption key '00000000000000000000000000000000': 0 pak files mounted, 0 remain pending
[2019.09.24-15.25.23:524][  0]LogPakFile: Registered encryption key '00000000000000000000000000000000': 0 pak files mounted, 0 remain pending
[2019.09.24-15.25.23:528][  0]LogPakFile: Registered encryption key '00000000000000000000000000000000': 0 pak files mounted, 0 remain pending
[2019.09.24-15.25.23:531][  0]LogPakFile: Registered encryption key '00000000000000000000000000000000': 0 pak files mounted, 0 remain pending
[2019.09.24-15.25.23:535][  0]LogPakFile: Registered encryption key '00000000000000000000000000000000': 0 pak files mounted, 0 remain pending
[2019.09.24-15.25.23:538][  0]LogPakFile: Registered encryption key '00000000000000000000000000000000': 0 pak files mounted, 0 remain pending
[2019.09.24-15.25.23:541][  0]LogPakFile: Registered encryption key '00000000000000000000000000000000': 0 pak files mounted, 0 remain pending
[2019.09.24-15.25.23:918][  0]LogContentBrowser: Native class hierarchy updated for 'AddContentDialog' in 0.0012 seconds. Added 0 classes and 0 folders.
[2019.09.24-15.25.23:931][  0]LogContentBrowser: Native class hierarchy updated for 'SceneOutliner' in 0.0009 seconds. Added 1 classes and 2 folders.
[2019.09.24-15.25.24:100][  0]LogSlate: Took 0.000849 seconds to synchronously load lazily loaded font '../../../Engine/Content/Slate/Fonts/Roboto-Regular.ttf' (155K)
[2019.09.24-15.25.24:104][  0]LogSlate: Took 0.000643 seconds to synchronously load lazily loaded font '../../../Engine/Content/Slate/Fonts/Roboto-Bold.ttf' (160K)
[2019.09.24-15.25.24:114][  0]LogSlate: Took 0.001309 seconds to synchronously load lazily loaded font '../../../Engine/Content/Editor/Slate/Fonts/FontAwesome.ttf' (139K)
[2019.09.24-15.25.24:232][  0]LogRenderer: Reallocating scene render targets to support 1208x572 Format 10 NumSamples 1 (Frame:1).
[2019.09.24-15.25.24:447][  0]LogContentBrowser: Native class hierarchy updated for 'HierarchicalLODOutliner' in 0.0007 seconds. Added 0 classes and 0 folders.
[2019.09.24-15.25.24:447][  0]LogLoad: (Engine Initialization) Total time: 31.36 seconds
[2019.09.24-15.25.24:447][  0]LogLoad: (Engine Initialization) Total Blueprint compile time: 0.00 seconds
[2019.09.24-15.25.24:504][  0]LogAssetRegistry: Asset discovery search completed in 12.9005 seconds
[2019.09.24-15.25.24:508][  0]LogCollectionManager: Rebuilt the object cache for 0 collections in 0.000001 seconds (found 0 objects)
[2019.09.24-15.25.24:508][  0]LogCollectionManager: Fixed up redirectors for 0 collections in 0.000082 seconds (updated 0 objects)
[2019.09.24-15.25.24:510][  0]LogContentStreaming: Texture pool size now 1000 MB
[2019.09.24-15.25.24:531][  0]LogSlate: Took 0.000588 seconds to synchronously load lazily loaded font '../../../Engine/Content/Slate/Fonts/Roboto-Light.ttf' (167K)
[2019.09.24-15.26.03:660][175]LogSlate: FSceneViewport::OnFocusLost() reason 0
[2019.09.24-15.26.08:949][285]Cmd: BRUSH ADD SELECTNEWBRUSH
[2019.09.24-15.26.12:743][380]LogSlate: FSceneViewport::OnFocusLost() reason 0
[2019.09.24-15.26.22:305][656]LogSlate: FSceneViewport::OnFocusLost() reason 0
[2019.09.24-15.26.24:471][697]LogSlate: Took 0.004704 seconds to synchronously load lazily loaded font '../../../Engine/Content/Slate/Fonts/DroidSansFallback.ttf' (3848K)
[2019.09.24-15.26.24:790][702]LogHttp: Warning: 0000017A05EDD300: request failed, libcurl error: 35 (SSL connect error)
[2019.09.24-15.26.24:790][702]LogHttp: Warning: 0000017A05EDD300: libcurl info message cache 0 (  Trying 52.203.134.23...)
[2019.09.24-15.26.24:790][702]LogHttp: Warning: 0000017A05EDD300: libcurl info message cache 1 (TCP_NODELAY set)
[2019.09.24-15.26.24:790][702]LogHttp: Warning: 0000017A05EDD300: libcurl info message cache 2 (Connected to datarouter.ol.epicgames.com (52.203.134.23) port 443 (#0))
[2019.09.24-15.26.24:790][702]LogHttp: Warning: 0000017A05EDD300: libcurl info message cache 3 (ALPN, offering http/1.1)
[2019.09.24-15.26.24:791][702]LogHttp: Warning: 0000017A05EDD300: libcurl info message cache 4 (Cipher selection: ALL:!EXPORT:!EXPORT40:!EXPORT56:!aNULL:!LOW:!RC4:@STRENGTH)
[2019.09.24-15.26.24:791][702]LogHttp: Warning: 0000017A05EDD300: libcurl info message cache 5 (TLSv1.3 (OUT), TLS handshake, Client hello (1):)
[2019.09.24-15.26.24:791][702]LogHttp: Warning: 0000017A05EDD300: libcurl info message cache 6 (OpenSSL SSL_connect: SSL_ERROR_SYSCALL in connection to datarouter.ol.epicgames.com:443 )
[2019.09.24-15.26.24:791][702]LogHttp: Warning: 0000017A05EDD300: libcurl info message cache 7 (Closing connection 0)
[2019.09.24-15.26.24:791][702]LogHttp: Warning: Retry exhausted on https://datarouter.ol.epicgames.com/datarouter/api/v1/public/data?SessionID=%7B0DF3386C-4C32-258C-A923-10B3833533BD%7D&AppID=UEEditor.Rocket.Release&AppVersion=4.22.3-7053642%2B%2B%2BUE4%2BRelease-4.22&UserID=b4f8a1d046dd4f92276bc88b039ca72e%7Ca162dc4b793b43bdaaaea2c9f355bec0%7C94fd44f0-ba26-4dde-ac2f-6b34eea1b218&AppEnvironment=datacollector-binary&UploadType=eteventstream
[2019.09.24-15.26.27:065][738]LogD3D11RHI: Error: Result failed 
 at D:\Build\++UE4\Sync\Engine\Source\Runtime\Windows\D3D11RHI\Private\D3D11Query.cpp:296 
 with error DXGI_ERROR_DEVICE_REMOVED DXGI_ERROR_DEVICE_HUNG
[2019.09.24-15.26.27:065][738]LogD3D11RHI: [Aftermath] GDynamicRHI=0000017A483A40C0, GDX11NVAfterMathEnabled=0, Result=0xFFFFFFFF, bDeviceActive=0
[2019.09.24-15.26.27:065][738]LogWindows: Windows GetLastError: The operation completed successfully. (0)
[2019.09.24-15.26.37:886][738]LogThreadingWindows: Error: Runnable thread RenderThread 1 crashed.
[2019.09.24-15.26.37:886][738]LogWindows: Error: === Critical error: ===
[2019.09.24-15.26.37:886][738]LogWindows: Error: 
[2019.09.24-15.26.37:886][738]LogWindows: Error: Fatal error: [File:D:\Build\++UE4\Sync\Engine\Source\Runtime\Windows\D3D11RHI\Private\D3D11Util.cpp] [Line: 198] 
[2019.09.24-15.26.37:886][738]LogWindows: Error: Unreal Engine is exiting due to D3D device being lost. (Error: 0x887A0006 - 'HUNG')
[2019.09.24-15.26.37:886][738]LogWindows: Error: 
[2019.09.24-15.26.37:886][738]LogWindows: Error: 
[2019.09.24-15.26.37:886][738]LogWindows: Error: Unhandled Exception: 0x00008000
[2019.09.24-15.26.37:886][738]LogWindows: Error: 
[2019.09.24-15.26.37:886][738]LogWindows: Error: [Callstack] 0x00007ffd11b39129 KERNELBASE.dll!UnknownFunction []
[2019.09.24-15.26.37:886][738]LogWindows: Error: [Callstack] 0x00007ffca7d13667 UE4Editor-Core.dll!UnknownFunction []
[2019.09.24-15.26.37:887][738]LogWindows: Error: [Callstack] 0x00007ffca7d146e0 UE4Editor-Core.dll!UnknownFunction []
[2019.09.24-15.26.37:887][738]LogWindows: Error: [Callstack] 0x00007ffca7b27d1a UE4Editor-Core.dll!UnknownFunction []
[2019.09.24-15.26.37:887][738]LogWindows: Error: [Callstack] 0x00007ffca7aafe33 UE4Editor-Core.dll!UnknownFunction []
[2019.09.24-15.26.37:887][738]LogWindows: Error: [Callstack] 0x00007ffca7aafd18 UE4Editor-Core.dll!UnknownFunction []
[2019.09.24-15.26.37:887][738]LogWindows: Error: [Callstack] 0x00007ffcae472a23 UE4Editor-D3D11RHI.dll!UnknownFunction []
[2019.09.24-15.26.37:887][738]LogWindows: Error: [Callstack] 0x00007ffcae47629e UE4Editor-D3D11RHI.dll!UnknownFunction []
[2019.09.24-15.26.37:887][738]LogWindows: Error: [Callstack] 0x00007ffcae451228 UE4Editor-D3D11RHI.dll!UnknownFunction []
[2019.09.24-15.26.37:887][738]LogWindows: Error: [Callstack] 0x00007ffcae4648ad UE4Editor-D3D11RHI.dll!UnknownFunction []
[2019.09.24-15.26.37:887][738]LogWindows: Error: [Callstack] 0x00007ffcd1ace8e0 UE4Editor-RHI.dll!UnknownFunction []
[2019.09.24-15.26.37:887][738]LogWindows: Error: [Callstack] 0x00007ffcd1ace4c4 UE4Editor-RHI.dll!UnknownFunction []
[2019.09.24-15.26.37:887][738]LogWindows: Error: [Callstack] 0x00007ffcd1acf444 UE4Editor-RHI.dll!UnknownFunction []
[2019.09.24-15.26.37:887][738]LogWindows: Error: [Callstack] 0x00007ffcd1ac6bb4 UE4Editor-RHI.dll!UnknownFunction []
[2019.09.24-15.26.37:887][738]LogWindows: Error: [Callstack] 0x00007ffcae1f769b UE4Editor-SlateRHIRenderer.dll!UnknownFunction []
[2019.09.24-15.26.37:887][738]LogWindows: Error: [Callstack] 0x00007ffcae1fe220 UE4Editor-SlateRHIRenderer.dll!UnknownFunction []
[2019.09.24-15.26.37:887][738]LogWindows: Error: [Callstack] 0x00007ffca79322d8 UE4Editor-Core.dll!UnknownFunction []
[2019.09.24-15.26.37:887][738]LogWindows: Error: [Callstack] 0x00007ffca7932563 UE4Editor-Core.dll!UnknownFunction []
[2019.09.24-15.26.37:887][738]LogWindows: Error: [Callstack] 0x00007ffccb9159f1 UE4Editor-RenderCore.dll!UnknownFunction []
[2019.09.24-15.26.37:887][738]LogWindows: Error: [Callstack] 0x00007ffccb91c184 UE4Editor-RenderCore.dll!UnknownFunction []
[2019.09.24-15.26.37:887][738]LogWindows: Error: [Callstack] 0x00007ffca7d24b3f UE4Editor-Core.dll!UnknownFunction []
[2019.09.24-15.26.37:887][738]LogWindows: Error: [Callstack] 0x00007ffca7d208a7 UE4Editor-Core.dll!UnknownFunction []
[2019.09.24-15.26.37:887][738]LogWindows: Error: [Callstack] 0x00007ffd149c7974 KERNEL32.DLL!UnknownFunction []
[2019.09.24-15.26.37:887][738]LogWindows: Error: [Callstack] 0x00007ffd1556a271 ntdll.dll!UnknownFunction []
[2019.09.24-15.26.37:888][738]LogWindows: Error: 
[2019.09.24-15.26.37:888][738]LogWindows: Error: Crash in runnable thread RenderThread 1
[2019.09.24-15.26.37:972][738]LogOutputDevice: Warning: 

Script Stack (0 frames):

[2019.09.24-15.26.37:973][738]LogWindows: Windows GetLastError: The operation completed successfully. (0)
[2019.09.24-15.26.37:973][738]LogWindows: Error: HandleError re-entered.
[2019.09.24-15.26.37:973][738]LogWindows: FPlatformMisc::RequestExit(1)
[2019.09.24-15.26.38:014][738]Log file closed, 09/24/19 11:26:38
