  Using 'git status' to determine working set for adaptive non-unity build (D:\Unreal2020\SoulsLike).
  Creating makefile for SoulsLikeEditor (ini files are newer than makefile)
  Parsing headers for SoulsLikeEditor
    Running UnrealHeaderTool "D:\Unreal2020\SoulsLike\SoulsLike\SoulsLike.uproject" "D:\Unreal2020\SoulsLike\SoulsLike\Intermediate\Build\Win64\SoulsLikeEditor\Development\SoulsLikeEditor.uhtmanifest" -LogCmds="loginit warning, logexit warning, logdatabase error" -Unattended -WarningsAsErrors -installed
  Reflection code generated for SoulsLikeEditor in 5.0127431 seconds
  Deleted hot-reload file: D:\Unreal2020\SoulsLike\SoulsLike\Binaries\Win64\UE4Editor-SoulsLike-0001.dll
  Deleted hot-reload file: D:\Unreal2020\SoulsLike\SoulsLike\Binaries\Win64\UE4Editor-SoulsLike-0002.dll
  Deleted hot-reload file: D:\Unreal2020\SoulsLike\SoulsLike\Binaries\Win64\UE4Editor-SoulsLike-0003.dll
  Deleted hot-reload file: D:\Unreal2020\SoulsLike\SoulsLike\Binaries\Win64\UE4Editor-SoulsLike-0006.dll
  Deleted hot-reload file: D:\Unreal2020\SoulsLike\SoulsLike\Binaries\Win64\UE4Editor-SoulsLike-0007.dll
  Deleted hot-reload file: D:\Unreal2020\SoulsLike\SoulsLike\Binaries\Win64\UE4Editor-SoulsLike-0008.dll
  Deleted hot-reload file: D:\Unreal2020\SoulsLike\SoulsLike\Binaries\Win64\UE4Editor-SoulsLike-0009.dll
  Deleted hot-reload file: D:\Unreal2020\SoulsLike\SoulsLike\Binaries\Win64\UE4Editor-SoulsLike-0010.dll
  Deleted hot-reload file: D:\Unreal2020\SoulsLike\SoulsLike\Binaries\Win64\UE4Editor-SoulsLike-0011.dll
  Deleted hot-reload file: D:\Unreal2020\SoulsLike\SoulsLike\Binaries\Win64\UE4Editor-SoulsLike-0012.dll
  Deleted hot-reload file: D:\Unreal2020\SoulsLike\SoulsLike\Binaries\Win64\UE4Editor-SoulsLike-0013.dll
  Deleted hot-reload file: D:\Unreal2020\SoulsLike\SoulsLike\Intermediate\Build\Win64\UE4Editor\Development\SoulsLike\UE4Editor-SoulsLike-0001.lib
  Deleted hot-reload file: D:\Unreal2020\SoulsLike\SoulsLike\Intermediate\Build\Win64\UE4Editor\Development\SoulsLike\UE4Editor-SoulsLike-0002.lib
  Deleted hot-reload file: D:\Unreal2020\SoulsLike\SoulsLike\Intermediate\Build\Win64\UE4Editor\Development\SoulsLike\UE4Editor-SoulsLike-0003.lib
  Deleted hot-reload file: D:\Unreal2020\SoulsLike\SoulsLike\Intermediate\Build\Win64\UE4Editor\Development\SoulsLike\UE4Editor-SoulsLike-0006.lib
  Deleted hot-reload file: D:\Unreal2020\SoulsLike\SoulsLike\Intermediate\Build\Win64\UE4Editor\Development\SoulsLike\UE4Editor-SoulsLike-0007.lib
  Deleted hot-reload file: D:\Unreal2020\SoulsLike\SoulsLike\Intermediate\Build\Win64\UE4Editor\Development\SoulsLike\UE4Editor-SoulsLike-0008.lib
  Deleted hot-reload file: D:\Unreal2020\SoulsLike\SoulsLike\Intermediate\Build\Win64\UE4Editor\Development\SoulsLike\UE4Editor-SoulsLike-0009.lib
  Deleted hot-reload file: D:\Unreal2020\SoulsLike\SoulsLike\Intermediate\Build\Win64\UE4Editor\Development\SoulsLike\UE4Editor-SoulsLike-0010.lib
  Deleted hot-reload file: D:\Unreal2020\SoulsLike\SoulsLike\Intermediate\Build\Win64\UE4Editor\Development\SoulsLike\UE4Editor-SoulsLike-0011.lib
  Deleted hot-reload file: D:\Unreal2020\SoulsLike\SoulsLike\Intermediate\Build\Win64\UE4Editor\Development\SoulsLike\UE4Editor-SoulsLike-0012.lib
  Deleted hot-reload file: D:\Unreal2020\SoulsLike\SoulsLike\Intermediate\Build\Win64\UE4Editor\Development\SoulsLike\UE4Editor-SoulsLike-0013.lib
  Using Visual Studio 2019 14.22.27905 toolchain (C:\Program Files (x86)\Microsoft Visual Studio\2019\Community\VC\Tools\MSVC\14.22.27905) and Windows 10.0.18362.0 SDK (C:\Program Files (x86)\Windows Kits\10).
  Building 3 actions with 12 processes...
    [1/3] UE4Editor-SoulsLike.lib
       Creating library D:\Unreal2020\SoulsLike\SoulsLike\Intermediate\Build\Win64\UE4Editor\Development\SoulsLike\UE4Editor-SoulsLike.lib and object D:\Unreal2020\SoulsLike\SoulsLike\Intermediate\Build\Win64\UE4Editor\Development\SoulsLike\UE4Editor-SoulsLike.exp
    [2/3] UE4Editor-SoulsLike.dll
       Creating library D:\Unreal2020\SoulsLike\SoulsLike\Intermediate\Build\Win64\UE4Editor\Development\SoulsLike\UE4Editor-SoulsLike.suppressed.lib and object D:\Unreal2020\SoulsLike\SoulsLike\Intermediate\Build\Win64\UE4Editor\Development\SoulsLike\UE4Editor-SoulsLike.suppressed.exp
    [3/3] SoulsLikeEditor.target
  Total time in Parallel executor: 0.79 seconds
  Total execution time: 7.29 seconds
