Log file open, 11/05/19 00:04:35
LogWindows: Failed to load 'aqProf.dll' (GetLastError=126)
LogWindows: File 'aqProf.dll' does not exist
LogWindows: Failed to load 'VtuneApi.dll' (GetLastError=126)
LogWindows: File 'VtuneApi.dll' does not exist
LogWindows: Failed to load 'VtuneApi32e.dll' (GetLastError=126)
LogWindows: File 'VtuneApi32e.dll' does not exist
LogConsoleResponse: Display: Failed to find resolution value strings in scalability ini. Falling back to default.
LogInit: Display: Running engine for game: WhiteRoomCastle
LogPakFile: Registered encryption key '00000000000000000000000000000000': 0 pak files mounted, 0 remain pending
LogPlatformFile: Not using cached read wrapper
LogTaskGraph: Started task graph with 5 named threads and 23 total threads with 3 sets of task threads.
LogStats: Stats thread started at 0.361141
LogD3D11RHI: Loaded GFSDK_Aftermath_Lib.x64.dll
LogICUInternationalization: ICU TimeZone Detection - Raw Offset: -5:00, Platform Override: ''
LogPluginManager: Mounting plugin Paper2D
LogPluginManager: Mounting plugin AISupport
LogPluginManager: Mounting plugin LightPropagationVolume
LogPluginManager: Mounting plugin ActorLayerUtilities
LogPluginManager: Mounting plugin AnimationSharing
LogPluginManager: Mounting plugin CLionSourceCodeAccess
LogPluginManager: Mounting plugin CodeLiteSourceCodeAccess
LogPluginManager: Mounting plugin GitSourceControl
LogPluginManager: Mounting plugin KDevelopSourceCodeAccess
LogPluginManager: Mounting plugin NullSourceCodeAccess
LogPluginManager: Mounting plugin PerforceSourceControl
LogPluginManager: Mounting plugin SubversionSourceControl
LogPluginManager: Mounting plugin UObjectPlugin
LogPluginManager: Mounting plugin VisualStudioCodeSourceCodeAccess
LogPluginManager: Mounting plugin VisualStudioSourceCodeAccess
LogPluginManager: Mounting plugin XCodeSourceCodeAccess
LogPluginManager: Mounting plugin AssetManagerEditor
LogPluginManager: Mounting plugin CryptoKeys
LogPluginManager: Mounting plugin DataValidation
LogPluginManager: Mounting plugin FacialAnimation
LogPluginManager: Mounting plugin GameplayTagsEditor
LogPluginManager: Mounting plugin MacGraphicsSwitching
LogPluginManager: Mounting plugin MaterialAnalyzer
LogPluginManager: Mounting plugin MobileLauncherProfileWizard
LogPluginManager: Mounting plugin PluginBrowser
LogPluginManager: Mounting plugin SpeedTreeImporter
LogPluginManager: Mounting plugin DatasmithContent
LogPluginManager: Mounting plugin VariantManagerContent
LogPluginManager: Mounting plugin AlembicImporter
LogPluginManager: Mounting plugin AppleImageUtils
LogPluginManager: Mounting plugin AppleVision
LogPluginManager: Mounting plugin BackChannel
LogPluginManager: Mounting plugin CharacterAI
LogPluginManager: Mounting plugin GeometryCache
LogPluginManager: Mounting plugin HTML5Networking
LogPluginManager: Mounting plugin ProxyLODPlugin
LogPluginManager: Mounting plugin SkeletalReduction
LogPluginManager: Mounting plugin MagicLeap
LogPluginManager: Mounting plugin MagicLeapMedia
LogPluginManager: Mounting plugin AndroidMedia
LogPluginManager: Mounting plugin AvfMedia
LogPluginManager: Mounting plugin ImgMedia
LogPluginManager: Mounting plugin LinearTimecode
LogPluginManager: Mounting plugin MediaCompositing
LogPluginManager: Mounting plugin MediaPlayerEditor
LogPluginManager: Mounting plugin WebMMedia
LogPluginManager: Mounting plugin WmfMedia
LogPluginManager: Mounting plugin TcpMessaging
LogPluginManager: Mounting plugin UdpMessaging
LogPluginManager: Mounting plugin ActorSequence
LogPluginManager: Mounting plugin LevelSequenceEditor
LogPluginManager: Mounting plugin MatineeToLevelSequence
LogPluginManager: Mounting plugin NetcodeUnitTest
LogPluginManager: Mounting plugin NUTUnrealEngine4
LogPluginManager: Mounting plugin OnlineSubsystemGooglePlay
LogPluginManager: Mounting plugin OnlineSubsystemIOS
LogPluginManager: Mounting plugin OnlineSubsystem
LogPluginManager: Mounting plugin OnlineSubsystemNull
LogPluginManager: Mounting plugin OnlineSubsystemUtils
LogPluginManager: Mounting plugin LauncherChunkInstaller
LogPluginManager: Mounting plugin AndroidDeviceProfileSelector
LogPluginManager: Mounting plugin AndroidMoviePlayer
LogPluginManager: Mounting plugin AndroidPermission
LogPluginManager: Mounting plugin AppleMoviePlayer
LogPluginManager: Mounting plugin ArchVisCharacter
LogPluginManager: Mounting plugin AudioCapture
LogPluginManager: Mounting plugin CableComponent
LogPluginManager: Mounting plugin CustomMeshComponent
LogPluginManager: Mounting plugin EditableMesh
LogPluginManager: Mounting plugin ExampleDeviceProfileSelector
LogPluginManager: Mounting plugin Firebase
LogPluginManager: Mounting plugin GoogleCloudMessaging
LogPluginManager: Mounting plugin IOSDeviceProfileSelector
LogPluginManager: Mounting plugin LinuxDeviceProfileSelector
LogPluginManager: Mounting plugin LocationServicesBPLibrary
LogPluginManager: Mounting plugin MobilePatchingUtils
LogPluginManager: Mounting plugin OculusVR
LogPluginManager: Mounting plugin PhysXVehicles
LogPluginManager: Mounting plugin ProceduralMeshComponent
LogPluginManager: Mounting plugin RuntimePhysXCooking
LogPluginManager: Mounting plugin SignificanceManager
LogPluginManager: Mounting plugin SteamVR
LogPluginManager: Mounting plugin WebMMoviePlayer
LogPluginManager: Mounting plugin WindowsMoviePlayer
LogInit: Using libcurl 7.55.1-DEV
LogInit:  - built for x86_64-pc-win32
LogInit:  - supports SSL with OpenSSL/1.1.1
LogInit:  - supports HTTP deflate (compression) using libz 1.2.8
LogInit:  - other features:
LogInit:      CURL_VERSION_SSL
LogInit:      CURL_VERSION_LIBZ
LogInit:      CURL_VERSION_IPV6
LogInit:      CURL_VERSION_ASYNCHDNS
LogInit:      CURL_VERSION_LARGEFILE
LogInit:      CURL_VERSION_IDN
LogInit:  CurlRequestOptions (configurable via config and command line):
LogInit:  - bVerifyPeer = true  - Libcurl will verify peer certificate
LogInit:  - bUseHttpProxy = false  - Libcurl will NOT use HTTP proxy
LogInit:  - bDontReuseConnections = false  - Libcurl will reuse connections
LogInit:  - MaxHostConnections = 16  - Libcurl will limit the number of connections to a host
LogInit:  - LocalHostAddr = Default
LogInit:  - BufferSize = 65536
LogInit: WinSock: version 1.1 (2.2), MaxSocks=32767, MaxUdp=65467
LogInit: Build: ++UE4+Release-4.22-CL-7053642
LogInit: Engine Version: 4.22.3-7053642+++UE4+Release-4.22
LogInit: Compatible Engine Version: 4.22.0-5660361+++UE4+Release-4.22
LogInit: Net CL: 5660361
LogInit: OS: Windows 10 (Release 1809) (), CPU: Intel(R) Core(TM) i7-7700HQ CPU @ 2.80GHz, GPU: Intel(R) HD Graphics 630
LogInit: Compiled (64-bit): Jun 18 2019 03:09:11
LogInit: Compiled with Visual C++: 19.16.27025.01
LogInit: Build Configuration: Development
LogInit: Branch Name: ++UE4+Release-4.22
LogInit: Command Line: 
LogInit: Base Directory: D:/Unreal/UE_4.22/Engine/Binaries/Win64/
LogInit: Installed Engine Build: 1
LogDevObjectVersion: Number of dev versions registered: 23
LogDevObjectVersion:   Dev-Blueprints (B0D832E4-1F89-4F0D-ACCF-7EB736FD4AA2): 10
LogDevObjectVersion:   Dev-Build (E1C64328-A22C-4D53-A36C-8E866417BD8C): 0
LogDevObjectVersion:   Dev-Core (375EC13C-06E4-48FB-B500-84F0262A717E): 3
LogDevObjectVersion:   Dev-Editor (E4B068ED-F494-42E9-A231-DA0B2E46BB41): 30
LogDevObjectVersion:   Dev-Framework (CFFC743F-43B0-4480-9391-14DF171D2073): 35
LogDevObjectVersion:   Dev-Mobile (B02B49B5-BB20-44E9-A304-32B752E40360): 2
LogDevObjectVersion:   Dev-Networking (A4E4105C-59A1-49B5-A7C5-40C4547EDFEE): 0
LogDevObjectVersion:   Dev-Online (39C831C9-5AE6-47DC-9A44-9C173E1C8E7C): 0
LogDevObjectVersion:   Dev-Physics (78F01B33-EBEA-4F98-B9B4-84EACCB95AA2): 0
LogDevObjectVersion:   Dev-Platform (6631380F-2D4D-43E0-8009-CF276956A95A): 0
LogDevObjectVersion:   Dev-Rendering (12F88B9F-8875-4AFC-A67C-D90C383ABD29): 28
LogDevObjectVersion:   Dev-Sequencer (7B5AE74C-D270-4C10-A958-57980B212A5A): 11
LogDevObjectVersion:   Dev-VR (D7296918-1DD6-4BDD-9DE2-64A83CC13884): 2
LogDevObjectVersion:   Dev-LoadTimes (C2A15278-BFE7-4AFE-6C17-90FF531DF755): 1
LogDevObjectVersion:   Private-Geometry (6EACA3D4-40EC-4CC1-B786-8BED09428FC5): 3
LogDevObjectVersion:   Dev-AnimPhys (29E575DD-E0A3-4627-9D10-D276232CDCEA): 17
LogDevObjectVersion:   Dev-Anim (AF43A65D-7FD3-4947-9873-3E8ED9C1BB05): 2
LogDevObjectVersion:   Dev-ReflectionCapture (6B266CEC-1EC7-4B8F-A30B-E4D90942FC07): 1
LogDevObjectVersion:   Dev-Automation (0DF73D61-A23F-47EA-B727-89E90C41499A): 1
LogDevObjectVersion:   FortniteMain (601D1886-AC64-4F84-AA16-D3DE0DEAC7D6): 25
LogDevObjectVersion:   Dev-Enterprise (9DFFBCD6-494F-0158-E221-12823C92A888): 6
LogDevObjectVersion:   Dev-Niagara (F2AED0AC-9AFE-416F-8664-AA7FFA26D6FC): 1
LogDevObjectVersion:   Dev-Destruction (174F1F0B-B4C6-45A5-B13F-2EE8D0FB917D): 2
LogInit: Presizing for max 16777216 objects, including 0 objects not considered by GC, pre-allocating 0 bytes for permanent pool.
LogInit: Object subsystem initialized
LogConfig: Setting CVar [[con.DebugEarlyDefault:1]]
LogConfig: Setting CVar [[r.setres:1280x720]]
[2019.11.05-05.04.36:694][  0]LogConfig: Setting CVar [[r.VSync:0]]
[2019.11.05-05.04.36:694][  0]LogConfig: Setting CVar [[r.RHICmdBypass:0]]
[2019.11.05-05.04.36:694][  0]LogConfig: Applying CVar settings from Section [/Script/Engine.RendererSettings] File [D:/Soul_Like_GitHub/SoulsLike/WhiteRoomCastle/Saved/Config/Windows/Engine.ini]
[2019.11.05-05.04.36:695][  0]LogConfig: Setting CVar [[r.GPUCrashDebugging:0]]
[2019.11.05-05.04.36:695][  0]LogConfig: Applying CVar settings from Section [/Script/Engine.RendererOverrideSettings] File [D:/Soul_Like_GitHub/SoulsLike/WhiteRoomCastle/Saved/Config/Windows/Engine.ini]
[2019.11.05-05.04.36:695][  0]LogConfig: Applying CVar settings from Section [/Script/Engine.StreamingSettings] File [D:/Soul_Like_GitHub/SoulsLike/WhiteRoomCastle/Saved/Config/Windows/Engine.ini]
[2019.11.05-05.04.36:695][  0]LogConfig: Setting CVar [[s.MinBulkDataSizeForAsyncLoading:131072]]
[2019.11.05-05.04.36:695][  0]LogConfig: Setting CVar [[s.AsyncLoadingThreadEnabled:0]]
[2019.11.05-05.04.36:695][  0]LogConfig: Setting CVar [[s.EventDrivenLoaderEnabled:1]]
[2019.11.05-05.04.36:695][  0]LogConfig: Setting CVar [[s.WarnIfTimeLimitExceeded:0]]
[2019.11.05-05.04.36:695][  0]LogConfig: Setting CVar [[s.TimeLimitExceededMultiplier:1.5]]
[2019.11.05-05.04.36:695][  0]LogConfig: Setting CVar [[s.TimeLimitExceededMinTime:0.005]]
[2019.11.05-05.04.36:695][  0]LogConfig: Setting CVar [[s.UseBackgroundLevelStreaming:1]]
[2019.11.05-05.04.36:695][  0]LogConfig: Setting CVar [[s.PriorityAsyncLoadingExtraTime:15.0]]
[2019.11.05-05.04.36:695][  0]LogConfig: Setting CVar [[s.LevelStreamingActorsUpdateTimeLimit:5.0]]
[2019.11.05-05.04.36:695][  0]LogConfig: Setting CVar [[s.PriorityLevelStreamingActorsUpdateExtraTime:5.0]]
[2019.11.05-05.04.36:695][  0]LogConfig: Setting CVar [[s.LevelStreamingComponentsRegistrationGranularity:10]]
[2019.11.05-05.04.36:695][  0]LogConfig: Setting CVar [[s.UnregisterComponentsTimeLimit:1.0]]
[2019.11.05-05.04.36:695][  0]LogConfig: Setting CVar [[s.LevelStreamingComponentsUnregistrationGranularity:5]]
[2019.11.05-05.04.36:695][  0]LogConfig: Applying CVar settings from Section [/Script/Engine.GarbageCollectionSettings] File [D:/Soul_Like_GitHub/SoulsLike/WhiteRoomCastle/Saved/Config/Windows/Engine.ini]
[2019.11.05-05.04.36:695][  0]LogConfig: Setting CVar [[gc.MaxObjectsNotConsideredByGC:1]]
[2019.11.05-05.04.36:695][  0]LogConfig: Setting CVar [[gc.SizeOfPermanentObjectPool:0]]
[2019.11.05-05.04.36:695][  0]LogConfig: Setting CVar [[gc.FlushStreamingOnGC:0]]
[2019.11.05-05.04.36:695][  0]LogConfig: Setting CVar [[gc.NumRetriesBeforeForcingGC:10]]
[2019.11.05-05.04.36:695][  0]LogConfig: Setting CVar [[gc.AllowParallelGC:1]]
[2019.11.05-05.04.36:695][  0]LogConfig: Setting CVar [[gc.TimeBetweenPurgingPendingKillObjects:61.1]]
[2019.11.05-05.04.36:695][  0]LogConfig: Setting CVar [[gc.MaxObjectsInEditor:16777216]]
[2019.11.05-05.04.36:695][  0]LogConfig: Setting CVar [[gc.IncrementalBeginDestroyEnabled:1]]
[2019.11.05-05.04.36:695][  0]LogConfig: Setting CVar [[gc.CreateGCClusters:1]]
[2019.11.05-05.04.36:695][  0]LogConfig: Setting CVar [[gc.MinGCClusterSize:5]]
[2019.11.05-05.04.36:695][  0]LogConfig: Setting CVar [[gc.ActorClusteringEnabled:0]]
[2019.11.05-05.04.36:695][  0]LogConfig: Setting CVar [[gc.BlueprintClusteringEnabled:0]]
[2019.11.05-05.04.36:695][  0]LogConfig: Setting CVar [[gc.UseDisregardForGCOnDedicatedServers:0]]
[2019.11.05-05.04.36:695][  0]LogConfig: Applying CVar settings from Section [/Script/Engine.NetworkSettings] File [D:/Soul_Like_GitHub/SoulsLike/WhiteRoomCastle/Saved/Config/Windows/Engine.ini]
[2019.11.05-05.04.36:695][  0]LogConfig: Applying CVar settings from Section [/Script/UnrealEd.CookerSettings] File [D:/Soul_Like_GitHub/SoulsLike/WhiteRoomCastle/Saved/Config/Windows/Engine.ini]
[2019.11.05-05.04.36:702][  0]LogConfig: Applying CVar settings from Section [ViewDistanceQuality@3] File [D:/Soul_Like_GitHub/SoulsLike/WhiteRoomCastle/Saved/Config/Windows/Scalability.ini]
[2019.11.05-05.04.36:702][  0]LogConfig: Setting CVar [[r.SkeletalMeshLODBias:0]]
[2019.11.05-05.04.36:702][  0]LogConfig: Setting CVar [[r.ViewDistanceScale:1.0]]
[2019.11.05-05.04.36:702][  0]LogConfig: Applying CVar settings from Section [AntiAliasingQuality@3] File [D:/Soul_Like_GitHub/SoulsLike/WhiteRoomCastle/Saved/Config/Windows/Scalability.ini]
[2019.11.05-05.04.36:702][  0]LogConfig: Setting CVar [[r.PostProcessAAQuality:4]]
[2019.11.05-05.04.36:702][  0]LogConfig: Applying CVar settings from Section [ShadowQuality@3] File [D:/Soul_Like_GitHub/SoulsLike/WhiteRoomCastle/Saved/Config/Windows/Scalability.ini]
[2019.11.05-05.04.36:702][  0]LogConfig: Setting CVar [[r.LightFunctionQuality:1]]
[2019.11.05-05.04.36:702][  0]LogConfig: Setting CVar [[r.ShadowQuality:5]]
[2019.11.05-05.04.36:702][  0]LogConfig: Setting CVar [[r.Shadow.CSM.MaxCascades:10]]
[2019.11.05-05.04.36:703][  0]LogConfig: Setting CVar [[r.Shadow.MaxResolution:2048]]
[2019.11.05-05.04.36:703][  0]LogConfig: Setting CVar [[r.Shadow.MaxCSMResolution:2048]]
[2019.11.05-05.04.36:703][  0]LogConfig: Setting CVar [[r.Shadow.RadiusThreshold:0.01]]
[2019.11.05-05.04.36:703][  0]LogConfig: Setting CVar [[r.Shadow.DistanceScale:1.0]]
[2019.11.05-05.04.36:703][  0]LogConfig: Setting CVar [[r.Shadow.CSM.TransitionScale:1.0]]
[2019.11.05-05.04.36:703][  0]LogConfig: Setting CVar [[r.Shadow.PreShadowResolutionFactor:1.0]]
[2019.11.05-05.04.36:703][  0]LogConfig: Setting CVar [[r.DistanceFieldShadowing:1]]
[2019.11.05-05.04.36:703][  0]LogConfig: Setting CVar [[r.DistanceFieldAO:1]]
[2019.11.05-05.04.36:703][  0]LogConfig: Setting CVar [[r.AOQuality:2]]
[2019.11.05-05.04.36:703][  0]LogConfig: Setting CVar [[r.VolumetricFog:1]]
[2019.11.05-05.04.36:703][  0]LogConfig: Setting CVar [[r.VolumetricFog.GridPixelSize:8]]
[2019.11.05-05.04.36:703][  0]LogConfig: Setting CVar [[r.VolumetricFog.GridSizeZ:128]]
[2019.11.05-05.04.36:703][  0]LogConfig: Setting CVar [[r.VolumetricFog.HistoryMissSupersampleCount:4]]
[2019.11.05-05.04.36:703][  0]LogConfig: Setting CVar [[r.LightMaxDrawDistanceScale:1]]
[2019.11.05-05.04.36:703][  0]LogConfig: Setting CVar [[r.CapsuleShadows:1]]
[2019.11.05-05.04.36:703][  0]LogConfig: Applying CVar settings from Section [PostProcessQuality@3] File [D:/Soul_Like_GitHub/SoulsLike/WhiteRoomCastle/Saved/Config/Windows/Scalability.ini]
[2019.11.05-05.04.36:703][  0]LogConfig: Setting CVar [[r.MotionBlurQuality:4]]
[2019.11.05-05.04.36:703][  0]LogConfig: Setting CVar [[r.AmbientOcclusionMipLevelFactor:0.4]]
[2019.11.05-05.04.36:703][  0]LogConfig: Setting CVar [[r.AmbientOcclusionMaxQuality:100]]
[2019.11.05-05.04.36:703][  0]LogConfig: Setting CVar [[r.AmbientOcclusionLevels:-1]]
[2019.11.05-05.04.36:703][  0]LogConfig: Setting CVar [[r.AmbientOcclusionRadiusScale:1.0]]
[2019.11.05-05.04.36:703][  0]LogConfig: Setting CVar [[r.DepthOfFieldQuality:2]]
[2019.11.05-05.04.36:703][  0]LogConfig: Setting CVar [[r.RenderTargetPoolMin:400]]
[2019.11.05-05.04.36:703][  0]LogConfig: Setting CVar [[r.LensFlareQuality:2]]
[2019.11.05-05.04.36:703][  0]LogConfig: Setting CVar [[r.SceneColorFringeQuality:1]]
[2019.11.05-05.04.36:703][  0]LogConfig: Setting CVar [[r.EyeAdaptationQuality:2]]
[2019.11.05-05.04.36:703][  0]LogConfig: Setting CVar [[r.BloomQuality:5]]
[2019.11.05-05.04.36:703][  0]LogConfig: Setting CVar [[r.FastBlurThreshold:100]]
[2019.11.05-05.04.36:703][  0]LogConfig: Setting CVar [[r.Upscale.Quality:3]]
[2019.11.05-05.04.36:703][  0]LogConfig: Setting CVar [[r.Tonemapper.GrainQuantization:1]]
[2019.11.05-05.04.36:703][  0]LogConfig: Setting CVar [[r.LightShaftQuality:1]]
[2019.11.05-05.04.36:703][  0]LogConfig: Setting CVar [[r.Filter.SizeScale:1]]
[2019.11.05-05.04.36:703][  0]LogConfig: Setting CVar [[r.Tonemapper.Quality:5]]
[2019.11.05-05.04.36:703][  0]LogConfig: Setting CVar [[r.DOF.Gather.AccumulatorQuality:1        ; higher gathering accumulator quality]]
[2019.11.05-05.04.36:703][  0]LogConfig: Setting CVar [[r.DOF.Gather.PostfilterMethod:1          ; Median3x3 postfilering method]]
[2019.11.05-05.04.36:703][  0]LogConfig: Setting CVar [[r.DOF.Gather.EnableBokehSettings:0       ; no bokeh simulation when gathering]]
[2019.11.05-05.04.36:703][  0]LogConfig: Setting CVar [[r.DOF.Gather.RingCount:4                 ; medium number of samples when gathering]]
[2019.11.05-05.04.36:703][  0]LogConfig: Setting CVar [[r.DOF.Scatter.ForegroundCompositing:1    ; additive foreground scattering]]
[2019.11.05-05.04.36:703][  0]LogConfig: Setting CVar [[r.DOF.Scatter.BackgroundCompositing:2    ; additive background scattering]]
[2019.11.05-05.04.36:703][  0]LogConfig: Setting CVar [[r.DOF.Scatter.EnableBokehSettings:1      ; bokeh simulation when scattering]]
[2019.11.05-05.04.36:703][  0]LogConfig: Setting CVar [[r.DOF.Scatter.MaxSpriteRatio:0.1         ; only a maximum of 10% of scattered bokeh]]
[2019.11.05-05.04.36:703][  0]LogConfig: Setting CVar [[r.DOF.Recombine.Quality:1                ; cheap slight out of focus]]
[2019.11.05-05.04.36:703][  0]LogConfig: Setting CVar [[r.DOF.Recombine.EnableBokehSettings:0    ; no bokeh simulation on slight out of focus]]
[2019.11.05-05.04.36:703][  0]LogConfig: Setting CVar [[r.DOF.TemporalAAQuality:1                ; more stable temporal accumulation]]
[2019.11.05-05.04.36:703][  0]LogConfig: Setting CVar [[r.DOF.Kernel.MaxForegroundRadius:0.025]]
[2019.11.05-05.04.36:703][  0]LogConfig: Setting CVar [[r.DOF.Kernel.MaxBackgroundRadius:0.025]]
[2019.11.05-05.04.36:703][  0]LogConfig: Applying CVar settings from Section [TextureQuality@3] File [D:/Soul_Like_GitHub/SoulsLike/WhiteRoomCastle/Saved/Config/Windows/Scalability.ini]
[2019.11.05-05.04.36:703][  0]LogConfig: Setting CVar [[r.Streaming.MipBias:0]]
[2019.11.05-05.04.36:703][  0]LogConfig: Setting CVar [[r.Streaming.AmortizeCPUToGPUCopy:0]]
[2019.11.05-05.04.36:703][  0]LogConfig: Setting CVar [[r.Streaming.MaxNumTexturesToStreamPerFrame:0]]
[2019.11.05-05.04.36:703][  0]LogConfig: Setting CVar [[r.Streaming.Boost:1]]
[2019.11.05-05.04.36:703][  0]LogConfig: Setting CVar [[r.MaxAnisotropy:8]]
[2019.11.05-05.04.36:703][  0]LogConfig: Setting CVar [[r.Streaming.LimitPoolSizeToVRAM:0]]
[2019.11.05-05.04.36:703][  0]LogConfig: Setting CVar [[r.Streaming.PoolSize:1000]]
[2019.11.05-05.04.36:703][  0]LogConfig: Setting CVar [[r.Streaming.MaxEffectiveScreenSize:0]]
[2019.11.05-05.04.36:703][  0]LogConfig: Applying CVar settings from Section [EffectsQuality@3] File [D:/Soul_Like_GitHub/SoulsLike/WhiteRoomCastle/Saved/Config/Windows/Scalability.ini]
[2019.11.05-05.04.36:703][  0]LogConfig: Setting CVar [[r.TranslucencyLightingVolumeDim:64]]
[2019.11.05-05.04.36:703][  0]LogConfig: Setting CVar [[r.RefractionQuality:2]]
[2019.11.05-05.04.36:703][  0]LogConfig: Setting CVar [[r.SSR.Quality:3]]
[2019.11.05-05.04.36:703][  0]LogConfig: Setting CVar [[r.SceneColorFormat:4]]
[2019.11.05-05.04.36:703][  0]LogConfig: Setting CVar [[r.DetailMode:2]]
[2019.11.05-05.04.36:703][  0]LogConfig: Setting CVar [[r.TranslucencyVolumeBlur:1]]
[2019.11.05-05.04.36:703][  0]LogConfig: Setting CVar [[r.MaterialQualityLevel:1 ; High quality]]
[2019.11.05-05.04.36:703][  0]LogConfig: Setting CVar [[r.SSS.Scale:1]]
[2019.11.05-05.04.36:703][  0]LogConfig: Setting CVar [[r.SSS.SampleSet:2]]
[2019.11.05-05.04.36:703][  0]LogConfig: Setting CVar [[r.SSS.Quality:1]]
[2019.11.05-05.04.36:703][  0]LogConfig: Setting CVar [[r.SSS.HalfRes:1]]
[2019.11.05-05.04.36:703][  0]LogConfig: Setting CVar [[r.EmitterSpawnRateScale:1.0]]
[2019.11.05-05.04.36:703][  0]LogConfig: Setting CVar [[r.ParticleLightQuality:2]]
[2019.11.05-05.04.36:703][  0]LogConfig: Applying CVar settings from Section [FoliageQuality@3] File [D:/Soul_Like_GitHub/SoulsLike/WhiteRoomCastle/Saved/Config/Windows/Scalability.ini]
[2019.11.05-05.04.36:703][  0]LogConfig: Setting CVar [[foliage.DensityScale:1.0]]
[2019.11.05-05.04.36:703][  0]LogConfig: Setting CVar [[grass.DensityScale:1.0]]
[2019.11.05-05.04.36:703][  0]LogInit: Selected Device Profile: [Windows]
[2019.11.05-05.04.36:704][  0]LogInit: Applying CVar settings loaded from the selected device profile: [Windows]
[2019.11.05-05.04.36:718][  0]LogHAL: Display: Platform has ~ 16 GB [17059098624 / 17179869184 / 16], which maps to Larger [LargestMinGB=32, LargerMinGB=12, DefaultMinGB=8, SmallerMinGB=6, SmallestMinGB=0)
[2019.11.05-05.04.36:718][  0]LogConfig: Setting CVar [[r.Vulkan.UseRealUBs:0		; Required until we fix HLR fall-out]]
[2019.11.05-05.04.36:718][  0]LogInit: Going up to parent DeviceProfile []
[2019.11.05-05.04.36:718][  0]LogConfig: Applying CVar settings from Section [ViewDistanceQuality@3] File [D:/Soul_Like_GitHub/SoulsLike/WhiteRoomCastle/Saved/Config/Windows/Scalability.ini]
[2019.11.05-05.04.36:718][  0]LogConfig: Setting CVar [[r.SkeletalMeshLODBias:0]]
[2019.11.05-05.04.36:718][  0]LogConfig: Setting CVar [[r.ViewDistanceScale:1.0]]
[2019.11.05-05.04.36:718][  0]LogConfig: Applying CVar settings from Section [AntiAliasingQuality@3] File [D:/Soul_Like_GitHub/SoulsLike/WhiteRoomCastle/Saved/Config/Windows/Scalability.ini]
[2019.11.05-05.04.36:718][  0]LogConfig: Setting CVar [[r.PostProcessAAQuality:4]]
[2019.11.05-05.04.36:718][  0]LogConfig: Applying CVar settings from Section [ShadowQuality@3] File [D:/Soul_Like_GitHub/SoulsLike/WhiteRoomCastle/Saved/Config/Windows/Scalability.ini]
[2019.11.05-05.04.36:718][  0]LogConfig: Setting CVar [[r.LightFunctionQuality:1]]
[2019.11.05-05.04.36:718][  0]LogConfig: Setting CVar [[r.ShadowQuality:5]]
[2019.11.05-05.04.36:718][  0]LogConfig: Setting CVar [[r.Shadow.CSM.MaxCascades:10]]
[2019.11.05-05.04.36:718][  0]LogConfig: Setting CVar [[r.Shadow.MaxResolution:2048]]
[2019.11.05-05.04.36:718][  0]LogConfig: Setting CVar [[r.Shadow.MaxCSMResolution:2048]]
[2019.11.05-05.04.36:718][  0]LogConfig: Setting CVar [[r.Shadow.RadiusThreshold:0.01]]
[2019.11.05-05.04.36:718][  0]LogConfig: Setting CVar [[r.Shadow.DistanceScale:1.0]]
[2019.11.05-05.04.36:718][  0]LogConfig: Setting CVar [[r.Shadow.CSM.TransitionScale:1.0]]
[2019.11.05-05.04.36:718][  0]LogConfig: Setting CVar [[r.Shadow.PreShadowResolutionFactor:1.0]]
[2019.11.05-05.04.36:718][  0]LogConfig: Setting CVar [[r.DistanceFieldShadowing:1]]
[2019.11.05-05.04.36:718][  0]LogConfig: Setting CVar [[r.DistanceFieldAO:1]]
[2019.11.05-05.04.36:718][  0]LogConfig: Setting CVar [[r.AOQuality:2]]
[2019.11.05-05.04.36:718][  0]LogConfig: Setting CVar [[r.VolumetricFog:1]]
[2019.11.05-05.04.36:718][  0]LogConfig: Setting CVar [[r.VolumetricFog.GridPixelSize:8]]
[2019.11.05-05.04.36:718][  0]LogConfig: Setting CVar [[r.VolumetricFog.GridSizeZ:128]]
[2019.11.05-05.04.36:718][  0]LogConfig: Setting CVar [[r.VolumetricFog.HistoryMissSupersampleCount:4]]
[2019.11.05-05.04.36:718][  0]LogConfig: Setting CVar [[r.LightMaxDrawDistanceScale:1]]
[2019.11.05-05.04.36:718][  0]LogConfig: Setting CVar [[r.CapsuleShadows:1]]
[2019.11.05-05.04.36:718][  0]LogConfig: Applying CVar settings from Section [PostProcessQuality@3] File [D:/Soul_Like_GitHub/SoulsLike/WhiteRoomCastle/Saved/Config/Windows/Scalability.ini]
[2019.11.05-05.04.36:718][  0]LogConfig: Setting CVar [[r.MotionBlurQuality:4]]
[2019.11.05-05.04.36:718][  0]LogConfig: Setting CVar [[r.AmbientOcclusionMipLevelFactor:0.4]]
[2019.11.05-05.04.36:718][  0]LogConfig: Setting CVar [[r.AmbientOcclusionMaxQuality:100]]
[2019.11.05-05.04.36:718][  0]LogConfig: Setting CVar [[r.AmbientOcclusionLevels:-1]]
[2019.11.05-05.04.36:718][  0]LogConfig: Setting CVar [[r.AmbientOcclusionRadiusScale:1.0]]
[2019.11.05-05.04.36:718][  0]LogConfig: Setting CVar [[r.DepthOfFieldQuality:2]]
[2019.11.05-05.04.36:718][  0]LogConfig: Setting CVar [[r.RenderTargetPoolMin:400]]
[2019.11.05-05.04.36:718][  0]LogConfig: Setting CVar [[r.LensFlareQuality:2]]
[2019.11.05-05.04.36:718][  0]LogConfig: Setting CVar [[r.SceneColorFringeQuality:1]]
[2019.11.05-05.04.36:718][  0]LogConfig: Setting CVar [[r.EyeAdaptationQuality:2]]
[2019.11.05-05.04.36:718][  0]LogConfig: Setting CVar [[r.BloomQuality:5]]
[2019.11.05-05.04.36:718][  0]LogConfig: Setting CVar [[r.FastBlurThreshold:100]]
[2019.11.05-05.04.36:718][  0]LogConfig: Setting CVar [[r.Upscale.Quality:3]]
[2019.11.05-05.04.36:718][  0]LogConfig: Setting CVar [[r.Tonemapper.GrainQuantization:1]]
[2019.11.05-05.04.36:718][  0]LogConfig: Setting CVar [[r.LightShaftQuality:1]]
[2019.11.05-05.04.36:718][  0]LogConfig: Setting CVar [[r.Filter.SizeScale:1]]
[2019.11.05-05.04.36:718][  0]LogConfig: Setting CVar [[r.Tonemapper.Quality:5]]
[2019.11.05-05.04.36:718][  0]LogConfig: Setting CVar [[r.DOF.Gather.AccumulatorQuality:1        ; higher gathering accumulator quality]]
[2019.11.05-05.04.36:718][  0]LogConfig: Setting CVar [[r.DOF.Gather.PostfilterMethod:1          ; Median3x3 postfilering method]]
[2019.11.05-05.04.36:718][  0]LogConfig: Setting CVar [[r.DOF.Gather.EnableBokehSettings:0       ; no bokeh simulation when gathering]]
[2019.11.05-05.04.36:718][  0]LogConfig: Setting CVar [[r.DOF.Gather.RingCount:4                 ; medium number of samples when gathering]]
[2019.11.05-05.04.36:719][  0]LogConfig: Setting CVar [[r.DOF.Scatter.ForegroundCompositing:1    ; additive foreground scattering]]
[2019.11.05-05.04.36:719][  0]LogConfig: Setting CVar [[r.DOF.Scatter.BackgroundCompositing:2    ; additive background scattering]]
[2019.11.05-05.04.36:719][  0]LogConfig: Setting CVar [[r.DOF.Scatter.EnableBokehSettings:1      ; bokeh simulation when scattering]]
[2019.11.05-05.04.36:719][  0]LogConfig: Setting CVar [[r.DOF.Scatter.MaxSpriteRatio:0.1         ; only a maximum of 10% of scattered bokeh]]
[2019.11.05-05.04.36:719][  0]LogConfig: Setting CVar [[r.DOF.Recombine.Quality:1                ; cheap slight out of focus]]
[2019.11.05-05.04.36:719][  0]LogConfig: Setting CVar [[r.DOF.Recombine.EnableBokehSettings:0    ; no bokeh simulation on slight out of focus]]
[2019.11.05-05.04.36:719][  0]LogConfig: Setting CVar [[r.DOF.TemporalAAQuality:1                ; more stable temporal accumulation]]
[2019.11.05-05.04.36:719][  0]LogConfig: Setting CVar [[r.DOF.Kernel.MaxForegroundRadius:0.025]]
[2019.11.05-05.04.36:719][  0]LogConfig: Setting CVar [[r.DOF.Kernel.MaxBackgroundRadius:0.025]]
[2019.11.05-05.04.36:719][  0]LogConfig: Applying CVar settings from Section [TextureQuality@3] File [D:/Soul_Like_GitHub/SoulsLike/WhiteRoomCastle/Saved/Config/Windows/Scalability.ini]
[2019.11.05-05.04.36:719][  0]LogConfig: Setting CVar [[r.Streaming.MipBias:0]]
[2019.11.05-05.04.36:719][  0]LogConfig: Setting CVar [[r.Streaming.AmortizeCPUToGPUCopy:0]]
[2019.11.05-05.04.36:719][  0]LogConfig: Setting CVar [[r.Streaming.MaxNumTexturesToStreamPerFrame:0]]
[2019.11.05-05.04.36:719][  0]LogConfig: Setting CVar [[r.Streaming.Boost:1]]
[2019.11.05-05.04.36:719][  0]LogConfig: Setting CVar [[r.MaxAnisotropy:8]]
[2019.11.05-05.04.36:719][  0]LogConfig: Setting CVar [[r.Streaming.LimitPoolSizeToVRAM:0]]
[2019.11.05-05.04.36:719][  0]LogConfig: Setting CVar [[r.Streaming.PoolSize:1000]]
[2019.11.05-05.04.36:719][  0]LogConfig: Setting CVar [[r.Streaming.MaxEffectiveScreenSize:0]]
[2019.11.05-05.04.36:719][  0]LogConfig: Applying CVar settings from Section [EffectsQuality@3] File [D:/Soul_Like_GitHub/SoulsLike/WhiteRoomCastle/Saved/Config/Windows/Scalability.ini]
[2019.11.05-05.04.36:719][  0]LogConfig: Setting CVar [[r.TranslucencyLightingVolumeDim:64]]
[2019.11.05-05.04.36:719][  0]LogConfig: Setting CVar [[r.RefractionQuality:2]]
[2019.11.05-05.04.36:719][  0]LogConfig: Setting CVar [[r.SSR.Quality:3]]
[2019.11.05-05.04.36:719][  0]LogConfig: Setting CVar [[r.SceneColorFormat:4]]
[2019.11.05-05.04.36:719][  0]LogConfig: Setting CVar [[r.DetailMode:2]]
[2019.11.05-05.04.36:719][  0]LogConfig: Setting CVar [[r.TranslucencyVolumeBlur:1]]
[2019.11.05-05.04.36:719][  0]LogConfig: Setting CVar [[r.MaterialQualityLevel:1 ; High quality]]
[2019.11.05-05.04.36:719][  0]LogConfig: Setting CVar [[r.SSS.Scale:1]]
[2019.11.05-05.04.36:719][  0]LogConfig: Setting CVar [[r.SSS.SampleSet:2]]
[2019.11.05-05.04.36:719][  0]LogConfig: Setting CVar [[r.SSS.Quality:1]]
[2019.11.05-05.04.36:719][  0]LogConfig: Setting CVar [[r.SSS.HalfRes:1]]
[2019.11.05-05.04.36:719][  0]LogConfig: Setting CVar [[r.EmitterSpawnRateScale:1.0]]
[2019.11.05-05.04.36:719][  0]LogConfig: Setting CVar [[r.ParticleLightQuality:2]]
[2019.11.05-05.04.36:719][  0]LogConfig: Applying CVar settings from Section [FoliageQuality@3] File [D:/Soul_Like_GitHub/SoulsLike/WhiteRoomCastle/Saved/Config/Windows/Scalability.ini]
[2019.11.05-05.04.36:719][  0]LogConfig: Setting CVar [[foliage.DensityScale:1.0]]
[2019.11.05-05.04.36:719][  0]LogConfig: Setting CVar [[grass.DensityScale:1.0]]
[2019.11.05-05.04.36:719][  0]LogConfig: Applying CVar settings from Section [Startup] File [../../../Engine/Config/ConsoleVariables.ini]
[2019.11.05-05.04.36:719][  0]LogConfig: Setting CVar [[net.UseAdaptiveNetUpdateFrequency:0]]
[2019.11.05-05.04.36:719][  0]LogConfig: Setting CVar [[p.chaos.AllowCreatePhysxBodies:1]]
[2019.11.05-05.04.36:719][  0]LogConfig: Applying CVar settings from Section [ConsoleVariables] File [D:/Soul_Like_GitHub/SoulsLike/WhiteRoomCastle/Saved/Config/Windows/Engine.ini]
[2019.11.05-05.04.36:720][  0]LogInit: Computer: DESKTOP-VMGI91V
[2019.11.05-05.04.36:720][  0]LogInit: User: Admin
[2019.11.05-05.04.36:720][  0]LogInit: CPU Page size=4096, Cores=4
[2019.11.05-05.04.36:720][  0]LogInit: High frequency timer resolution =10.000000 MHz
[2019.11.05-05.04.36:720][  0]LogMemory: Memory total: Physical=15.9GB (16GB approx)
[2019.11.05-05.04.36:720][  0]LogMemory: Platform Memory Stats for Windows
[2019.11.05-05.04.36:720][  0]LogMemory: Process Physical Memory: 97.54 MB used, 97.55 MB peak
[2019.11.05-05.04.36:720][  0]LogMemory: Process Virtual Memory: 89.12 MB used, 89.12 MB peak
[2019.11.05-05.04.36:720][  0]LogMemory: Physical Memory: 9941.50 MB used,  6327.32 MB free, 16268.82 MB total
[2019.11.05-05.04.36:720][  0]LogMemory: Virtual Memory: 4657.41 MB used,  134213072.00 MB free, 134217728.00 MB total
[2019.11.05-05.04.36:777][  0]LogInit: Using OS detected language (en-GB).
[2019.11.05-05.04.36:777][  0]LogInit: Using OS detected locale (en-CA).
[2019.11.05-05.04.36:781][  0]LogTextLocalizationManager: No specific localization for 'en-GB' exists, so the 'en' localization will be used.
[2019.11.05-05.04.36:974][  0]LogInit: Setting process to per monitor DPI aware
[2019.11.05-05.04.37:151][  0]LogSlate: New Slate User Created.  User Index 0, Is Virtual User: 0
[2019.11.05-05.04.37:151][  0]LogSlate: Slate User Registered.  User Index 0, Is Virtual User: 0
[2019.11.05-05.04.37:819][  0]LogHMD: Failed to initialize OpenVR with code 110
[2019.11.05-05.04.37:819][  0]LogD3D11RHI: D3D11 adapters:
[2019.11.05-05.04.38:184][  0]LogD3D11RHI:    0. 'NVIDIA GeForce GTX 1050 Ti' (Feature Level 11_0)
[2019.11.05-05.04.38:184][  0]LogD3D11RHI:       4021/0/8134 MB DedicatedVideo/DedicatedSystem/SharedSystem, Outputs:2, VendorId:0x10de
[2019.11.05-05.04.38:198][  0]LogD3D11RHI:    1. 'Intel(R) HD Graphics 630' (Feature Level 11_0)
[2019.11.05-05.04.38:198][  0]LogD3D11RHI:       128/0/8134 MB DedicatedVideo/DedicatedSystem/SharedSystem, Outputs:0, VendorId:0x8086
[2019.11.05-05.04.38:202][  0]LogD3D11RHI:    2. 'Microsoft Basic Render Driver' (Feature Level 11_0)
[2019.11.05-05.04.38:203][  0]LogD3D11RHI:       0/0/8134 MB DedicatedVideo/DedicatedSystem/SharedSystem, Outputs:0, VendorId:0x1414
[2019.11.05-05.04.38:203][  0]LogD3D11RHI: Chosen D3D11 Adapter: 0
[2019.11.05-05.04.38:242][  0]LogD3D11RHI: Creating new Direct3DDevice
[2019.11.05-05.04.38:242][  0]LogD3D11RHI:     GPU DeviceId: 0x1c8c (for the marketing name, search the web for "GPU Device Id")
[2019.11.05-05.04.38:242][  0]LogWindows: EnumDisplayDevices:
[2019.11.05-05.04.38:242][  0]LogWindows:    0. 'Intel(R) HD Graphics 630' (P:1 D:1)
[2019.11.05-05.04.38:243][  0]LogWindows:    1. 'Intel(R) HD Graphics 630' (P:0 D:1)
[2019.11.05-05.04.38:243][  0]LogWindows:    2. 'Intel(R) HD Graphics 630' (P:0 D:0)
[2019.11.05-05.04.38:244][  0]LogWindows: DebugString: PrimaryIsNotTheChoosenAdapter PrimaryIsNotTheChoosenAdapter PrimaryIsNotTheChoosenAdapter FoundDriverCount:0 
[2019.11.05-05.04.38:244][  0]LogD3D11RHI:     Adapter Name: NVIDIA GeForce GTX 1050 Ti
[2019.11.05-05.04.38:244][  0]LogD3D11RHI:   Driver Version: Unknown (internal:Unknown, unified:Unknown)
[2019.11.05-05.04.38:244][  0]LogD3D11RHI:      Driver Date: Unknown
[2019.11.05-05.04.38:244][  0]LogRHI: Texture pool is 2814 MB (70% of 4021 MB)
[2019.11.05-05.04.38:326][  0]LogD3D11RHI: Async texture creation enabled
[2019.11.05-05.04.38:456][  0]LogRendererCore: FGlobalReadBuffer::InitRHI
[2019.11.05-05.04.38:456][  0]LogRendererCore: FGlobalReadBuffer::InitRHI
[2019.11.05-05.04.38:456][  0]LogRendererCore: FGlobalReadBuffer::InitRHI
[2019.11.05-05.04.38:470][  0]LogD3D11RHI: GPU Timing Frequency: 1000.000000 (Debug: 2 2)
[2019.11.05-05.04.39:230][  0]LogTemp: Display: Module 'AllDesktopTargetPlatform' loaded TargetPlatform 'AllDesktop'
[2019.11.05-05.04.39:248][  0]LogTemp: Display: Module 'MacClientTargetPlatform' loaded TargetPlatform 'MacClient'
[2019.11.05-05.04.39:270][  0]LogTemp: Display: Module 'MacNoEditorTargetPlatform' loaded TargetPlatform 'MacNoEditor'
[2019.11.05-05.04.39:289][  0]LogTemp: Display: Module 'MacServerTargetPlatform' loaded TargetPlatform 'MacServer'
[2019.11.05-05.04.39:308][  0]LogTemp: Display: Module 'MacTargetPlatform' loaded TargetPlatform 'Mac'
[2019.11.05-05.04.39:330][  0]LogTemp: Display: Module 'WindowsClientTargetPlatform' loaded TargetPlatform 'WindowsClient'
[2019.11.05-05.04.39:351][  0]LogTemp: Display: Module 'WindowsNoEditorTargetPlatform' loaded TargetPlatform 'WindowsNoEditor'
[2019.11.05-05.04.39:372][  0]LogTemp: Display: Module 'WindowsServerTargetPlatform' loaded TargetPlatform 'WindowsServer'
[2019.11.05-05.04.39:383][  0]LogTemp: Display: Module 'WindowsTargetPlatform' loaded TargetPlatform 'Windows'
[2019.11.05-05.04.39:514][  0]LogTemp: Display: Module 'AndroidTargetPlatform' loaded TargetPlatform 'Android'
[2019.11.05-05.04.39:514][  0]LogTemp: Display: Module 'AndroidTargetPlatform' loaded TargetPlatform 'Android_ASTC'
[2019.11.05-05.04.39:514][  0]LogTemp: Display: Module 'AndroidTargetPlatform' loaded TargetPlatform 'Android_ATC'
[2019.11.05-05.04.39:514][  0]LogTemp: Display: Module 'AndroidTargetPlatform' loaded TargetPlatform 'Android_DXT'
[2019.11.05-05.04.39:514][  0]LogTemp: Display: Module 'AndroidTargetPlatform' loaded TargetPlatform 'Android_ETC1'
[2019.11.05-05.04.39:514][  0]LogTemp: Display: Module 'AndroidTargetPlatform' loaded TargetPlatform 'Android_ETC1a'
[2019.11.05-05.04.39:514][  0]LogTemp: Display: Module 'AndroidTargetPlatform' loaded TargetPlatform 'Android_ETC2'
[2019.11.05-05.04.39:514][  0]LogTemp: Display: Module 'AndroidTargetPlatform' loaded TargetPlatform 'Android_PVRTC'
[2019.11.05-05.04.39:514][  0]LogTemp: Display: Module 'AndroidTargetPlatform' loaded TargetPlatform 'AndroidClient'
[2019.11.05-05.04.39:514][  0]LogTemp: Display: Module 'AndroidTargetPlatform' loaded TargetPlatform 'Android_ASTCClient'
[2019.11.05-05.04.39:514][  0]LogTemp: Display: Module 'AndroidTargetPlatform' loaded TargetPlatform 'Android_ATCClient'
[2019.11.05-05.04.39:514][  0]LogTemp: Display: Module 'AndroidTargetPlatform' loaded TargetPlatform 'Android_DXTClient'
[2019.11.05-05.04.39:514][  0]LogTemp: Display: Module 'AndroidTargetPlatform' loaded TargetPlatform 'Android_ETC1Client'
[2019.11.05-05.04.39:514][  0]LogTemp: Display: Module 'AndroidTargetPlatform' loaded TargetPlatform 'Android_ETC1aClient'
[2019.11.05-05.04.39:514][  0]LogTemp: Display: Module 'AndroidTargetPlatform' loaded TargetPlatform 'Android_ETC2Client'
[2019.11.05-05.04.39:514][  0]LogTemp: Display: Module 'AndroidTargetPlatform' loaded TargetPlatform 'Android_PVRTCClient'
[2019.11.05-05.04.39:514][  0]LogTemp: Display: Module 'AndroidTargetPlatform' loaded TargetPlatform 'Android_Multi'
[2019.11.05-05.04.39:514][  0]LogTemp: Display: Module 'AndroidTargetPlatform' loaded TargetPlatform 'Android_MultiClient'
[2019.11.05-05.04.39:522][  0]LogTemp: Display: Module 'HTML5TargetPlatform' loaded TargetPlatform 'HTML5'
[2019.11.05-05.04.39:601][  0]LogTemp: Display: Module 'IOSTargetPlatform' loaded TargetPlatform 'IOSClient'
[2019.11.05-05.04.39:601][  0]LogTemp: Display: Module 'IOSTargetPlatform' loaded TargetPlatform 'IOS'
[2019.11.05-05.04.39:647][  0]LogTemp: Display: Module 'TVOSTargetPlatform' loaded TargetPlatform 'TVOSClient'
[2019.11.05-05.04.39:647][  0]LogTemp: Display: Module 'TVOSTargetPlatform' loaded TargetPlatform 'TVOS'
[2019.11.05-05.04.39:669][  0]LogTemp: Display: Module 'LinuxClientTargetPlatform' loaded TargetPlatform 'LinuxClient'
[2019.11.05-05.04.39:690][  0]LogTemp: Display: Module 'LinuxNoEditorTargetPlatform' loaded TargetPlatform 'LinuxNoEditor'
[2019.11.05-05.04.39:709][  0]LogTemp: Display: Module 'LinuxServerTargetPlatform' loaded TargetPlatform 'LinuxServer'
[2019.11.05-05.04.39:735][  0]LogTemp: Display: Module 'LinuxTargetPlatform' loaded TargetPlatform 'Linux'
[2019.11.05-05.04.39:806][  0]LogTemp: Display: Module 'LuminTargetPlatform' loaded TargetPlatform 'Lumin'
[2019.11.05-05.04.39:806][  0]LogTemp: Display: Module 'LuminTargetPlatform' loaded TargetPlatform 'LuminClient'
[2019.11.05-05.04.39:806][  0]LogTargetPlatformManager: Display: Building Assets For Windows
[2019.11.05-05.04.39:827][  0]LogAudioDebug: Display: Lib vorbis DLL was dynamically loaded.
[2019.11.05-05.04.39:917][  0]LogShaderCompilers: Guid format shader working directory is -11 characters bigger than the processId version (../../../../../Soul_Like_GitHub/SoulsLike/WhiteRoomCastle/Intermediate/Shaders/WorkingDirectory/9084/).
[2019.11.05-05.04.39:919][  0]LogShaderCompilers: Cleaned the shader compiler working directory 'C:/Users/Admin/AppData/Local/Temp/UnrealShaderWorkingDir/63B6A3004F11A0F1025E639E94669027/'.
[2019.11.05-05.04.39:923][  0]LogXGEController: Cleaning working directory: C:/Users/Admin/AppData/Local/Temp/UnrealXGEWorkingDir/
[2019.11.05-05.04.39:924][  0]LogXGEController: Cannot use XGE Controller as Incredibuild is not installed on this machine.
[2019.11.05-05.04.39:925][  0]LogShaderCompilers: Cannot use XGE Shader Compiler as Incredibuild is not installed on this machine.
[2019.11.05-05.04.39:925][  0]LogShaderCompilers: Display: Using Local Shader Compiler.
[2019.11.05-05.04.40:758][  0]LogDerivedDataCache: Display: Max Cache Size: 512 MB
[2019.11.05-05.04.40:825][  0]LogDerivedDataCache: Loaded boot cache 0.07s 71MB C:/Users/Admin/AppData/Local/UnrealEngine/4.22/DerivedDataCache/Boot.ddc.
[2019.11.05-05.04.40:826][  0]LogDerivedDataCache: Display: Loaded Boot cache: C:/Users/Admin/AppData/Local/UnrealEngine/4.22/DerivedDataCache/Boot.ddc
[2019.11.05-05.04.40:826][  0]LogDerivedDataCache: FDerivedDataBackendGraph:  Pak pak cache file ../../../../../Soul_Like_GitHub/SoulsLike/WhiteRoomCastle/DerivedDataCache/DDC.ddp not found, will not use a pak cache.
[2019.11.05-05.04.40:826][  0]LogDerivedDataCache: Unable to find inner node Pak for hierarchical cache Hierarchy.
[2019.11.05-05.04.40:826][  0]LogDerivedDataCache: FDerivedDataBackendGraph:  CompressedPak pak cache file ../../../../../Soul_Like_GitHub/SoulsLike/WhiteRoomCastle/DerivedDataCache/Compressed.ddp not found, will not use a pak cache.
[2019.11.05-05.04.40:826][  0]LogDerivedDataCache: Unable to find inner node CompressedPak for hierarchical cache Hierarchy.
[2019.11.05-05.04.40:840][  0]LogDerivedDataCache: Display: Pak cache opened for reading ../../../Engine/DerivedDataCache/Compressed.ddp.
[2019.11.05-05.04.40:840][  0]LogDerivedDataCache: FDerivedDataBackendGraph:  EnterprisePak pak cache file ../../../Enterprise/DerivedDataCache/Compressed.ddp not found, will not use a pak cache.
[2019.11.05-05.04.40:840][  0]LogDerivedDataCache: Unable to find inner node EnterprisePak for hierarchical cache Hierarchy.
[2019.11.05-05.04.40:858][  0]LogDerivedDataCache: Using Local data cache path C:/Users/Admin/AppData/Local/UnrealEngine/Common/DerivedDataCache: Writable
[2019.11.05-05.04.40:858][  0]LogDerivedDataCache: Shared data cache path not found in *engine.ini, will not use an Shared cache.
[2019.11.05-05.04.40:858][  0]LogDerivedDataCache: Unable to find inner node Shared for hierarchical cache Hierarchy.
[2019.11.05-05.04.40:889][  0]LogMaterial: Verifying Global Shaders for PCD3D_SM5
[2019.11.05-05.04.40:891][  0]LogSlate: Using FreeType 2.6.0
[2019.11.05-05.04.40:893][  0]LogSlate: SlateFontServices - WITH_FREETYPE: 1, WITH_HARFBUZZ: 1
[2019.11.05-05.04.41:080][  0]LogAssetRegistry: FAssetRegistry took 0.0467 seconds to start up
[2019.11.05-05.04.41:578][  0]LogInit: Selected Device Profile: [Windows]
[2019.11.05-05.04.41:779][  0]LogMeshReduction: Using QuadricMeshReduction for automatic static mesh reduction
[2019.11.05-05.04.41:779][  0]LogMeshReduction: Using SimplygonMeshReduction for automatic skeletal mesh reduction
[2019.11.05-05.04.41:779][  0]LogMeshReduction: Using ProxyLODMeshReduction for automatic mesh merging
[2019.11.05-05.04.41:779][  0]LogMeshReduction: No distributed automatic mesh merging module available
[2019.11.05-05.04.41:779][  0]LogMeshMerging: No distributed automatic mesh merging module available
[2019.11.05-05.04.41:799][  0]LogNetVersion: WhiteRoomCastle 1.0.0, NetCL: 5660361, EngineNetVer: 10, GameNetVer: 0 (Checksum: 2362307608)
[2019.11.05-05.04.42:459][  0]LogPackageLocalizationCache: Processed 10 localized package path(s) for 1 prioritized culture(s) in 0.121209 seconds
[2019.11.05-05.04.42:468][  0]LogUObjectArray: 42205 objects as part of root set at end of initial load.
[2019.11.05-05.04.42:468][  0]LogUObjectAllocator: 7325032 out of 0 bytes used by permanent object pool.
[2019.11.05-05.04.42:468][  0]LogUObjectArray: CloseDisregardForGC: 0/0 objects in disregard for GC pool
[2019.11.05-05.04.44:324][  0]LogTcpMessaging: Initializing TcpMessaging bridge
[2019.11.05-05.04.44:341][  0]LogUdpMessaging: Initializing bridge on interface 0.0.0.0:0 to multicast group 230.0.0.1:6666.
[2019.11.05-05.04.44:497][  0]SourceControl: Source control is disabled
[2019.11.05-05.04.44:497][  0]SourceControl: Source control is disabled
[2019.11.05-05.04.44:500][  0]SourceControl: Source control is disabled
[2019.11.05-05.04.44:502][  0]SourceControl: Source control is disabled
[2019.11.05-05.04.44:664][  0]LogAndroidPermission: UAndroidPermissionCallbackProxy::GetInstance
[2019.11.05-05.04.44:961][  0]LogOcInput: OculusInput pre-init called
[2019.11.05-05.04.46:641][  0]LogEngine: Initializing Engine...
[2019.11.05-05.04.46:644][  0]LogHMD: Failed to initialize OpenVR with code 110
[2019.11.05-05.04.46:645][  0]LogStats: UGameplayTagsManager::InitializeManager -  0.000 s
[2019.11.05-05.04.46:930][  0]LogInit: Initializing FReadOnlyCVARCache
[2019.11.05-05.04.46:953][  0]LogAIModule: Creating AISystem for world Untitled
[2019.11.05-05.04.47:021][  0]LogInit: XAudio2 using 'Speakers (Realtek High Definition Audio)' : 2 channels at 48 kHz using 32 bits per sample (channel mask 0x3)
[2019.11.05-05.04.47:165][  0]LogInit: FAudioDevice initialized.
[2019.11.05-05.04.47:166][  0]LogNetVersion: Set ProjectVersion to 1.0.0.0. Version Checksum will be recalculated on next use.
[2019.11.05-05.04.47:276][  0]LogDerivedDataCache: Saved boot cache 0.11s 71MB C:/Users/Admin/AppData/Local/UnrealEngine/4.22/DerivedDataCache/Boot.ddc.
[2019.11.05-05.04.47:293][  0]LogInit: Texture streaming: Enabled
[2019.11.05-05.04.47:351][  0]LogEngineSessionManager: EngineSessionManager initialized
[2019.11.05-05.04.47:351][  0]LogEngineSessionManager: EngineSessionManager sent abnormal shutdown report. Type=Crashed, SessionId={B4FF6C17-44B3-F7D9-8A3B-FC8CDFC48C45}
[2019.11.05-05.04.47:390][  0]LogInit: Transaction tracking system initialized
[2019.11.05-05.04.47:436][  0]BlueprintLog: New page: Editor Load
[2019.11.05-05.04.47:609][  0]LocalizationService: Localization service is disabled
[2019.11.05-05.04.47:825][  0]LogLinker: Warning: Can't find file '/Game/FirstPersonBP/FirstPersonOverview'
[2019.11.05-05.04.47:826][  0]LogLinker: Warning: Can't find file '/Game/FirstPersonBP/FirstPersonOverview'
[2019.11.05-05.04.47:826][  0]LogUObjectGlobals: Warning: Failed to find object 'Class /Game/FirstPersonBP/FirstPersonOverview.FirstPersonOverview_C'
[2019.11.05-05.04.48:178][  0]LogCook: Display: Max memory allowance for cook 16384mb min free memory 0mb
[2019.11.05-05.04.48:178][  0]LogCook: Display: Mobile HDR setting 1
[2019.11.05-05.04.48:489][  0]LogFileCache: Scanning file cache for directory 'D:/Soul_Like_GitHub/SoulsLike/WhiteRoomCastle/Content/' took 0.03s
[2019.11.05-05.04.48:489][  0]SourceControl: Source control is disabled
[2019.11.05-05.04.48:490][  0]Cmd: MAP LOAD FILE="../../../../../Soul_Like_GitHub/SoulsLike/WhiteRoomCastle/Content/ThirdPersonBP/Maps/ThirdPersonExampleMap.umap" TEMPLATE=0 SHOWPROGRESS=1 FEATURELEVEL=3
[2019.11.05-05.04.48:490][  0]LightingResults: New page: Lighting Build
[2019.11.05-05.04.48:496][  0]MapCheck: New page: Map Check
[2019.11.05-05.04.48:496][  0]LightingResults: New page: Lighting Build
[2019.11.05-05.04.48:529][  0]LogUObjectHash: Compacting FUObjectHashTables data took   2.86ms
[2019.11.05-05.04.48:852][  0]LogLinker: Warning: Can't find file '/Game/CastleFortress/Materials/M_Statue'
[2019.11.05-05.04.48:852][  0]LogLinker: Warning: Can't find file for asset '/Game/CastleFortress/Materials/M_Statue' while loading NULL.
[2019.11.05-05.04.48:853][  0]LogLinker: Warning: Can't find file '/Game/CastleFortress/Materials/M_Statue'
[2019.11.05-05.04.48:853][  0]LogLinker: Warning: Can't find file for asset '/Game/CastleFortress/Materials/M_Statue' while loading NULL.
[2019.11.05-05.04.49:127][  0]LogLinker: Warning: Can't find file '/Game/CastleFortress/Materials/M_Statue'
[2019.11.05-05.04.49:127][  0]LoadErrors: Failed to load /Game/CastleFortress/Materials/M_Statue.M_Statue Referenced by SM_Statue_Hooded
[2019.11.05-05.04.49:127][  0]LogLinker: Warning: Can't find file for asset '/Game/CastleFortress/Materials/M_Statue' while loading NULL.
[2019.11.05-05.04.50:250][  0]LogAIModule: Creating AISystem for world ThirdPersonExampleMap
[2019.11.05-05.04.50:394][  0]LogEditorServer: Finished looking for orphan Actors (0.000 secs)
[2019.11.05-05.04.50:461][  0]LogUObjectHash: Compacting FUObjectHashTables data took   2.27ms
[2019.11.05-05.04.50:461][  0]Cmd: MAP CHECKDEP NOCLEARLOG
[2019.11.05-05.04.50:462][  0]MapCheck: Map check complete: 0 Error(s), 0 Warning(s), took 0.111ms to complete.
[2019.11.05-05.04.50:462][  0]LogFileHelpers: Loading map 'ThirdPersonExampleMap' took 1.973
[2019.11.05-05.04.50:589][  0]LogSlate: Updating window title bar state: overlay mode, drag disabled, window buttons hidden, title bar hidden
[2019.11.05-05.04.50:601][  0]LogSlate: Updating window title bar state: overlay mode, drag disabled, window buttons hidden, title bar hidden
[2019.11.05-05.04.50:614][  0]LogSlate: Updating window title bar state: overlay mode, drag disabled, window buttons hidden, title bar hidden
[2019.11.05-05.04.50:625][  0]LogSlate: Updating window title bar state: overlay mode, drag disabled, window buttons hidden, title bar hidden
[2019.11.05-05.04.50:638][  0]LogCollectionManager: Loaded 0 collections in 0.004689 seconds
[2019.11.05-05.04.50:684][  0]LogFileCache: Scanning file cache for directory 'D:/Soul_Like_GitHub/SoulsLike/WhiteRoomCastle/Saved/Collections/' took 0.01s
[2019.11.05-05.04.50:684][  0]LogFileCache: Scanning file cache for directory 'D:/Soul_Like_GitHub/SoulsLike/WhiteRoomCastle/Content/Developers/Admin/Collections/' took 0.01s
[2019.11.05-05.04.50:684][  0]LogFileCache: Scanning file cache for directory 'D:/Soul_Like_GitHub/SoulsLike/WhiteRoomCastle/Content/Collections/' took 0.01s
[2019.11.05-05.04.50:684][  0]LogCollectionManager: Rebuilt the GUID cache for 0 collections in 0.000000 seconds
[2019.11.05-05.04.50:699][  0]LogContentBrowser: Native class hierarchy populated in 0.0140 seconds. Added 2732 classes and 659 folders.
[2019.11.05-05.04.50:706][  0]LogContentBrowser: Native class hierarchy updated for 'WidgetCarousel' in 0.0005 seconds. Added 0 classes and 0 folders.
[2019.11.05-05.04.50:712][  0]LogPakFile: Registered encryption key '00000000000000000000000000000000': 0 pak files mounted, 0 remain pending
[2019.11.05-05.04.50:714][  0]LogPakFile: Registered encryption key '00000000000000000000000000000000': 0 pak files mounted, 0 remain pending
[2019.11.05-05.04.50:716][  0]LogPakFile: Registered encryption key '00000000000000000000000000000000': 0 pak files mounted, 0 remain pending
[2019.11.05-05.04.50:718][  0]LogPakFile: Registered encryption key '00000000000000000000000000000000': 0 pak files mounted, 0 remain pending
[2019.11.05-05.04.50:720][  0]LogPakFile: Registered encryption key '00000000000000000000000000000000': 0 pak files mounted, 0 remain pending
[2019.11.05-05.04.50:722][  0]LogPakFile: Registered encryption key '00000000000000000000000000000000': 0 pak files mounted, 0 remain pending
[2019.11.05-05.04.50:723][  0]LogPakFile: Registered encryption key '00000000000000000000000000000000': 0 pak files mounted, 0 remain pending
[2019.11.05-05.04.50:725][  0]LogPakFile: Registered encryption key '00000000000000000000000000000000': 0 pak files mounted, 0 remain pending
[2019.11.05-05.04.50:726][  0]LogPakFile: Registered encryption key '00000000000000000000000000000000': 0 pak files mounted, 0 remain pending
[2019.11.05-05.04.50:727][  0]LogPakFile: Registered encryption key '00000000000000000000000000000000': 0 pak files mounted, 0 remain pending
[2019.11.05-05.04.50:729][  0]LogPakFile: Registered encryption key '00000000000000000000000000000000': 0 pak files mounted, 0 remain pending
[2019.11.05-05.04.50:730][  0]LogPakFile: Registered encryption key '00000000000000000000000000000000': 0 pak files mounted, 0 remain pending
[2019.11.05-05.04.50:732][  0]LogPakFile: Registered encryption key '00000000000000000000000000000000': 0 pak files mounted, 0 remain pending
[2019.11.05-05.04.50:733][  0]LogPakFile: Registered encryption key '00000000000000000000000000000000': 0 pak files mounted, 0 remain pending
[2019.11.05-05.04.50:734][  0]LogPakFile: Registered encryption key '00000000000000000000000000000000': 0 pak files mounted, 0 remain pending
[2019.11.05-05.04.50:737][  0]LogPakFile: Registered encryption key '00000000000000000000000000000000': 0 pak files mounted, 0 remain pending
[2019.11.05-05.04.50:739][  0]LogPakFile: Registered encryption key '00000000000000000000000000000000': 0 pak files mounted, 0 remain pending
[2019.11.05-05.04.50:741][  0]LogPakFile: Registered encryption key '00000000000000000000000000000000': 0 pak files mounted, 0 remain pending
[2019.11.05-05.04.50:744][  0]LogPakFile: Registered encryption key '00000000000000000000000000000000': 0 pak files mounted, 0 remain pending
[2019.11.05-05.04.50:746][  0]LogPakFile: Registered encryption key '00000000000000000000000000000000': 0 pak files mounted, 0 remain pending
[2019.11.05-05.04.50:747][  0]LogPakFile: Registered encryption key '00000000000000000000000000000000': 0 pak files mounted, 0 remain pending
[2019.11.05-05.04.50:749][  0]LogPakFile: Registered encryption key '00000000000000000000000000000000': 0 pak files mounted, 0 remain pending
[2019.11.05-05.04.50:750][  0]LogPakFile: Registered encryption key '00000000000000000000000000000000': 0 pak files mounted, 0 remain pending
[2019.11.05-05.04.50:752][  0]LogPakFile: Registered encryption key '00000000000000000000000000000000': 0 pak files mounted, 0 remain pending
[2019.11.05-05.04.50:753][  0]LogPakFile: Registered encryption key '00000000000000000000000000000000': 0 pak files mounted, 0 remain pending
[2019.11.05-05.04.50:755][  0]LogPakFile: Registered encryption key '00000000000000000000000000000000': 0 pak files mounted, 0 remain pending
[2019.11.05-05.04.50:915][  0]LogContentBrowser: Native class hierarchy updated for 'AddContentDialog' in 0.0005 seconds. Added 0 classes and 0 folders.
[2019.11.05-05.04.50:926][  0]LogContentBrowser: Native class hierarchy updated for 'SceneOutliner' in 0.0010 seconds. Added 1 classes and 2 folders.
[2019.11.05-05.04.51:126][  0]LogSlate: Took 0.000769 seconds to synchronously load lazily loaded font '../../../Engine/Content/Slate/Fonts/Roboto-Regular.ttf' (155K)
[2019.11.05-05.04.51:129][  0]LogSlate: Took 0.000441 seconds to synchronously load lazily loaded font '../../../Engine/Content/Slate/Fonts/Roboto-Bold.ttf' (160K)
[2019.11.05-05.04.51:135][  0]LogSlate: Took 0.000482 seconds to synchronously load lazily loaded font '../../../Engine/Content/Editor/Slate/Fonts/FontAwesome.ttf' (139K)
[2019.11.05-05.04.51:246][  0]LogRenderer: Reallocating scene render targets to support 1208x572 Format 10 NumSamples 1 (Frame:1).
[2019.11.05-05.04.51:598][  0]LogContentBrowser: Native class hierarchy updated for 'HierarchicalLODOutliner' in 0.0005 seconds. Added 0 classes and 0 folders.
[2019.11.05-05.04.51:598][  0]LogLoad: (Engine Initialization) Total time: 21.65 seconds
[2019.11.05-05.04.51:598][  0]LogLoad: (Engine Initialization) Total Blueprint compile time: 0.00 seconds
[2019.11.05-05.04.51:705][  0]LogAssetRegistry: Asset discovery search completed in 10.6493 seconds
[2019.11.05-05.04.51:708][  0]LogCollectionManager: Rebuilt the object cache for 0 collections in 0.000000 seconds (found 0 objects)
[2019.11.05-05.04.51:708][  0]LogCollectionManager: Fixed up redirectors for 0 collections in 0.000074 seconds (updated 0 objects)
[2019.11.05-05.04.51:709][  0]LogContentStreaming: Texture pool size now 1000 MB
[2019.11.05-05.04.51:723][  0]LogSlate: FSceneViewport::OnFocusLost() reason 2
[2019.11.05-05.04.51:762][  0]LogSlate: Took 0.000576 seconds to synchronously load lazily loaded font '../../../Engine/Content/Slate/Fonts/Roboto-Light.ttf' (167K)
[2019.11.05-05.05.23:519][ 98]LogSlate: Window 'Message Log' being destroyed
[2019.11.05-05.05.23:540][ 98]LogSlate: Window 'Message Log' being destroyed
[2019.11.05-05.05.28:191][149]LogSlate: FSceneViewport::OnFocusLost() reason 0
[2019.11.05-05.05.36:095][407]LogSlate: Took 0.004198 seconds to synchronously load lazily loaded font '../../../Engine/Content/Slate/Fonts/DroidSansFallback.ttf' (3848K)
[2019.11.05-05.05.56:049][848]LogSlate: FSceneViewport::OnFocusLost() reason 2
[2019.11.05-05.05.56:063][848]LogSlate: Took 0.000608 seconds to synchronously load lazily loaded font '../../../Engine/Content/Slate/Fonts/Roboto-Light.ttf' (167K)
[2019.11.05-05.05.58:834][992]LogLinker: Warning: Can't find file '/Game/Material/Marbel-007small'
[2019.11.05-05.05.58:835][992]LogLinker: Warning: Can't find file for asset '/Game/Material/Marbel-007small' while loading NULL.
[2019.11.05-05.05.58:835][992]LogLinker: Warning: Can't find file '/Game/Material/Marbel-007small'
[2019.11.05-05.05.58:835][992]LogLinker: Warning: Can't find file for asset '/Game/Material/Marbel-007small' while loading NULL.
[2019.11.05-05.05.58:836][992]LogLinker: Warning: Can't find file '/Game/Material/Marbel-007small'
[2019.11.05-05.05.58:836][992]LoadErrors: Failed to load /Game/Material/Marbel-007small.Marbel-007small Referenced by MaterialExpressionTextureSample_0
[2019.11.05-05.05.58:836][992]LogLinker: Warning: Can't find file for asset '/Game/Material/Marbel-007small' while loading NULL.
[2019.11.05-05.05.58:841][992]LogMaterial: Display: Missing cached shader map for material topFloor_Ground, compiling. 
[2019.11.05-05.05.58:841][992]LogMaterial: Warning: D:\Soul_Like_GitHub\SoulsLike\WhiteRoomCastle\Content\Material\topFloor_Ground.uasset: Failed to compile Material for platform PCD3D_SM5, Default Material will be used in game.
[2019.11.05-05.05.58:841][992]LogMaterial: 	(Node TextureSample) Texture Sample> Missing input texture
[2019.11.05-05.05.58:982][992]LogAssetEditorManager: Opening Asset editor for Material /Game/Material/topFloor_Ground.topFloor_Ground
[2019.11.05-05.05.58:987][992]LogMaterial: Display: Missing cached shader map for material topFloor_Ground, compiling. 
[2019.11.05-05.05.58:988][992]LogMaterial: Warning: /Engine/Transient.topFloor_Ground (no disk path found): Failed to compile Material for platform PCD3D_SM5, Default Material will be used in game.
[2019.11.05-05.05.58:988][992]LogMaterial: 	(Node TextureSample) Texture Sample> Missing input texture
[2019.11.05-05.05.59:490][992]LogMaterial: Display: Missing cached shader map for material topFloor_Ground, compiling. 
[2019.11.05-05.05.59:491][992]LogMaterial: Warning: /Engine/Transient.topFloor_Ground (no disk path found): Failed to compile Material for platform PCD3D_SM5, Default Material will be used in game.
[2019.11.05-05.05.59:491][992]LogMaterial: 	(Node TextureSample) Texture Sample> Missing input texture
[2019.11.05-05.05.59:495][992]LogMaterial: Display: Missing cached shader map for material topFloor_Ground, compiling. 
[2019.11.05-05.05.59:495][992]LogMaterial: Warning: /Engine/Transient.topFloor_Ground (no disk path found): Failed to compile Material for platform PCD3D_SM5, Default Material will be used in game.
[2019.11.05-05.05.59:495][992]LogMaterial: 	(Node TextureSample) Texture Sample> Missing input texture
[2019.11.05-05.05.59:540][992]LogMaterial: Display: Missing cached shader map for material FMatExpressionPreview MaterialExpressionTextureSample_0, compiling. 
[2019.11.05-05.05.59:583][992]MaterialEditorStats: Error: [SM5] (Node TextureSample) Texture Sample> Missing input texture
[2019.11.05-05.05.59:607][992]LogSlate: Took 0.001005 seconds to synchronously load lazily loaded font '../../../Engine/Content/Slate/Fonts/Roboto-BoldCondensed.ttf' (158K)
[2019.11.05-05.06.10:441][366]LogMaterial: Display: Missing cached shader map for material topFloor_Ground, compiling. 
[2019.11.05-05.06.10:495][366]LogShaderCompilers: Display: Shaders left to compile 20
[2019.11.05-05.06.10:502][366]LogMaterial: Display: Missing cached shader map for material FMatExpressionPreview MaterialExpressionTextureSample_0, compiling. 
[2019.11.05-05.06.10:537][366]LogMaterial: Display: Missing cached shader map for material topFloor_Ground, compiling. 
[2019.11.05-05.06.13:292][402]LogShaderCompilers: Display: Shaders left to compile 20
[2019.11.05-05.06.13:292][402]LogShaderCompilers: Display: Shaders left to compile 10
[2019.11.05-05.06.15:895][439]MaterialEditorStats: Base pass shader: 110 instructions
[2019.11.05-05.06.15:895][439]MaterialEditorStats: Base pass shader with Volumetric Lightmap: 184 instructions
[2019.11.05-05.06.15:895][439]MaterialEditorStats: Base pass vertex shader: 45 instructions
[2019.11.05-05.06.15:896][439]MaterialEditorStats: Texture samplers: 4/16
[2019.11.05-05.06.15:896][439]MaterialEditorStats: Texture Lookups (Est.): VS(0), PS(1)
[2019.11.05-05.06.15:896][439]MaterialEditorStats: User interpolators: 2/4 Scalars (1/4 Vectors) (TexCoords: 2, Custom: 0)
[2019.11.05-05.06.22:309][656]LogMaterial: Display: Missing cached shader map for material topFloor_Ground, compiling. 
[2019.11.05-05.06.22:384][657]LogShaderCompilers: Display: Shaders left to compile 20
[2019.11.05-05.06.23:626][682]LogShaderCompilers: Display: Shaders left to compile 10
[2019.11.05-05.06.26:871][757]MaterialEditorStats: Base pass shader: 107 instructions
[2019.11.05-05.06.26:871][757]MaterialEditorStats: Base pass shader with Volumetric Lightmap: 181 instructions
[2019.11.05-05.06.26:871][757]MaterialEditorStats: Base pass vertex shader: 41 instructions
[2019.11.05-05.06.26:871][757]MaterialEditorStats: Texture samplers: 3/16
[2019.11.05-05.07.00:181][ 86]LogD3D11RHI: Timed out while waiting for GPU to catch up. (0.5 s)
[2019.11.05-05.07.07:912][187]LogFactory: FactoryCreateFile: Texture with ReimportTextureFactory (0 0 D:\虚幻4素材\castle\Marbel-007small.jpg)
[2019.11.05-05.07.08:215][187]LogTexture: Display: Building textures: Marbel-007small (BGRA8, 5078X3386)
[2019.11.05-05.07.09:381][187]LogSlate: FSceneViewport::OnFocusLost() reason 2
[2019.11.05-05.07.22:118][226]LogSlate: FSceneViewport::OnFocusLost() reason 0
[2019.11.05-05.07.29:314][316]LogMaterial: Display: Missing cached shader map for material topFloor_Ground, compiling. 
[2019.11.05-05.07.29:330][316]LogMaterial: Display: Missing cached shader map for material FMatExpressionPreview MaterialExpressionTextureSample_1, compiling. 
[2019.11.05-05.07.29:351][316]LogShaderCompilers: Display: Shaders left to compile 20
[2019.11.05-05.07.29:366][316]LogMaterial: Display: Missing cached shader map for material FMatExpressionPreview MaterialExpressionTextureSample_1, compiling. 
[2019.11.05-05.07.32:859][373]LogShaderCompilers: Display: Shaders left to compile 10
[2019.11.05-05.07.33:508][390]LogMaterial: Display: Missing cached shader map for material topFloor_Ground, compiling. 
[2019.11.05-05.07.33:548][390]LogMaterial: Display: Missing cached shader map for material FMatExpressionPreview MaterialExpressionTextureSample_1, compiling. 
[2019.11.05-05.07.34:572][403]LogShaderCompilers: Display: Shaders left to compile 20
[2019.11.05-05.07.34:998][413]LogMaterialEditor: Applying material topFloor_Ground
[2019.11.05-05.07.36:162][413]LogMaterial: Display: Missing cached shader map for material topFloor_Ground, compiling. 
[2019.11.05-05.07.36:307][413]LogMaterial: Display: Missing cached shader map for material topFloor_Ground, compiling. 
[2019.11.05-05.07.36:394][413]LogMaterial: Display: Missing cached shader map for material topFloor_Ground, compiling. 
[2019.11.05-05.07.36:496][413]LogUObjectHash: Compacting FUObjectHashTables data took   3.13ms
[2019.11.05-05.07.36:516][413]LogMaterial: Display: Missing cached shader map for material DebugViewMode MaterialTexCoordScale, compiling. 
[2019.11.05-05.07.40:758][413]LogShaderCompilers: Display: Shaders left to compile 40
[2019.11.05-05.07.40:758][413]LogShaderCompilers: Display: Shaders left to compile 30
[2019.11.05-05.07.40:763][413]TextureStreamingBuild: Display: Compiling optional shaders took 4.266 seconds.
[2019.11.05-05.07.40:795][413]LogUObjectHash: Compacting FUObjectHashTables data took   1.13ms
[2019.11.05-05.07.46:759][536]MaterialEditorStats: Base pass shader: 110 instructions
[2019.11.05-05.07.46:759][536]MaterialEditorStats: Base pass shader with Volumetric Lightmap: 184 instructions
[2019.11.05-05.07.46:759][536]MaterialEditorStats: Base pass vertex shader: 45 instructions
[2019.11.05-05.07.46:759][536]MaterialEditorStats: Texture samplers: 4/16
[2019.11.05-05.07.46:759][536]MaterialEditorStats: Texture Lookups (Est.): VS(0), PS(1)
[2019.11.05-05.07.46:759][536]MaterialEditorStats: User interpolators: 2/4 Scalars (1/4 Vectors) (TexCoords: 2, Custom: 0)
[2019.11.05-05.07.51:791][551]LogUnrealEdMisc: Warning: Heartbeat event firing too frequently (52.180 sec). This should never happen. Something is wrong with the timer delegate!
[2019.11.05-05.08.07:507][598]LogSlate: Window 'topFloor_Ground' being destroyed
[2019.11.05-05.08.11:669][667]LogSlate: FSceneViewport::OnFocusLost() reason 2
[2019.11.05-05.08.16:415][930]LogMaterial: Warning: Material /Game/Material/topFloor_Ground.topFloor_Ground needed to have new flag set bUsedWithStaticLighting !
[2019.11.05-05.08.16:434][930]LogMaterial: Display: Missing cached shader map for material topFloor_Ground, compiling. 
[2019.11.05-05.08.16:482][930]LogWindows: Windows GetLastError: The operation completed successfully. (0)
[2019.11.05-05.08.22:940][932]LogOutputDevice: Warning: 

Script Stack (0 frames):

[2019.11.05-05.08.22:940][932]LogWindows: Windows GetLastError: The operation completed successfully. (0)
[2019.11.05-05.08.22:940][932]LogWindows: Error: === Critical error: ===
[2019.11.05-05.08.22:940][932]LogWindows: Error: 
[2019.11.05-05.08.22:940][932]LogWindows: Error: Fatal error: [File:D:\Build\++UE4\Sync\Engine\Source\Runtime\RenderCore\Private\RenderingThread.cpp] [Line: 819] 
[2019.11.05-05.08.22:940][932]LogWindows: Error: Rendering thread exception:
[2019.11.05-05.08.22:941][932]LogWindows: Error: Assertion failed: !BatchElement.IndexBuffer || (BatchElement.IndexBuffer && BatchElement.IndexBuffer->IsInitialized() && BatchElement.IndexBuffer->IndexBufferRHI) [File:D:\Build\++UE4\Sync\Engine\Source\Runtime\Renderer\Private\MeshPassProcessor.cpp] [Line: 775] 
[2019.11.05-05.08.22:941][932]LogWindows: Error: 
[2019.11.05-05.08.22:941][932]LogWindows: Error: 
[2019.11.05-05.08.22:941][932]LogWindows: Error: 
[2019.11.05-05.08.22:941][932]LogWindows: Error: [Callstack] 0x00007ffb902e9129 KERNELBASE.dll!UnknownFunction []
[2019.11.05-05.08.22:941][932]LogWindows: Error: [Callstack] 0x00007ffb410e1f37 UE4Editor-Core.dll!UnknownFunction []
[2019.11.05-05.08.22:941][932]LogWindows: Error: [Callstack] 0x00007ffb410e46e7 UE4Editor-Core.dll!UnknownFunction []
[2019.11.05-05.08.22:941][932]LogWindows: Error: [Callstack] 0x00007ffb40ef7d1a UE4Editor-Core.dll!UnknownFunction []
[2019.11.05-05.08.22:941][932]LogWindows: Error: [Callstack] 0x00007ffb40e7fe33 UE4Editor-Core.dll!UnknownFunction []
[2019.11.05-05.08.22:941][932]LogWindows: Error: [Callstack] 0x00007ffb40e804d0 UE4Editor-Core.dll!UnknownFunction []
[2019.11.05-05.08.22:941][932]LogWindows: Error: [Callstack] 0x00007ffb1713e172 UE4Editor-Renderer.dll!UnknownFunction []
[2019.11.05-05.08.22:941][932]LogWindows: Error: [Callstack] 0x00007ffb17102d12 UE4Editor-Renderer.dll!UnknownFunction []
[2019.11.05-05.08.22:941][932]LogWindows: Error: [Callstack] 0x00007ffb16fadd6c UE4Editor-Renderer.dll!UnknownFunction []
[2019.11.05-05.08.22:941][932]LogWindows: Error: [Callstack] 0x00007ffb16fb1a57 UE4Editor-Renderer.dll!UnknownFunction []
[2019.11.05-05.08.22:941][932]LogWindows: Error: [Callstack] 0x00007ffb16fbdcfe UE4Editor-Renderer.dll!UnknownFunction []
[2019.11.05-05.08.22:941][932]LogWindows: Error: [Callstack] 0x00007ffb17389d53 UE4Editor-Renderer.dll!UnknownFunction []
[2019.11.05-05.08.22:941][932]LogWindows: Error: [Callstack] 0x00007ffb173c4be5 UE4Editor-Renderer.dll!UnknownFunction []
[2019.11.05-05.08.22:941][932]LogWindows: Error: [Callstack] 0x00007ffb174220bc UE4Editor-Renderer.dll!UnknownFunction []
[2019.11.05-05.08.22:941][932]LogWindows: Error: [Callstack] 0x00007ffb40d022d8 UE4Editor-Core.dll!UnknownFunction []
[2019.11.05-05.08.22:941][932]LogWindows: Error: [Callstack] 0x00007ffb40d02563 UE4Editor-Core.dll!UnknownFunction []
[2019.11.05-05.08.22:941][932]LogWindows: Error: [Callstack] 0x00007ffb460859f1 UE4Editor-RenderCore.dll!UnknownFunction []
[2019.11.05-05.08.22:941][932]LogWindows: Error: [Callstack] 0x00007ffb4608c184 UE4Editor-RenderCore.dll!UnknownFunction []
[2019.11.05-05.08.22:941][932]LogWindows: Error: [Callstack] 0x00007ffb410f4b3f UE4Editor-Core.dll!UnknownFunction []
[2019.11.05-05.08.22:941][932]LogWindows: Error: [Callstack] 0x00007ffb410f08a7 UE4Editor-Core.dll!UnknownFunction []
[2019.11.05-05.08.22:941][932]LogWindows: Error: [Callstack] 0x00007ffb929c7974 KERNEL32.DLL!UnknownFunction []
[2019.11.05-05.08.22:941][932]LogWindows: Error: [Callstack] 0x00007ffb9341a271 ntdll.dll!UnknownFunction []
[2019.11.05-05.08.22:941][932]LogWindows: Error: 
[2019.11.05-05.08.22:941][932]LogWindows: Error: 
[2019.11.05-05.08.22:941][932]LogWindows: Error: 
[2019.11.05-05.08.22:941][932]LogWindows: Error: 
[2019.11.05-05.08.23:013][932]LogExit: Executing StaticShutdownAfterError
[2019.11.05-05.08.23:018][932]LogWindows: FPlatformMisc::RequestExit(1)
[2019.11.05-05.08.23:061][932]Log file closed, 11/05/19 00:08:23
