Log file open, 11/02/19 15:51:09
LogWindows: Failed to load 'aqProf.dll' (GetLastError=126)
LogWindows: File 'aqProf.dll' does not exist
LogWindows: Failed to load 'VtuneApi.dll' (GetLastError=126)
LogWindows: File 'VtuneApi.dll' does not exist
LogWindows: Failed to load 'VtuneApi32e.dll' (GetLastError=126)
LogWindows: File 'VtuneApi32e.dll' does not exist
LogConsoleResponse: Display: Failed to find resolution value strings in scalability ini. Falling back to default.
LogInit: Display: Running engine for game: WhiteRoomCastle
LogPakFile: Registered encryption key '00000000000000000000000000000000': 0 pak files mounted, 0 remain pending
LogPlatformFile: Not using cached read wrapper
LogTaskGraph: Started task graph with 5 named threads and 23 total threads with 3 sets of task threads.
LogStats: Stats thread started at 0.345112
LogD3D11RHI: Loaded GFSDK_Aftermath_Lib.x64.dll
LogICUInternationalization: ICU TimeZone Detection - Raw Offset: -5:00, Platform Override: ''
LogPluginManager: Mounting plugin Paper2D
LogPluginManager: Mounting plugin AISupport
LogPluginManager: Mounting plugin LightPropagationVolume
LogPluginManager: Mounting plugin ActorLayerUtilities
LogPluginManager: Mounting plugin AnimationSharing
LogPluginManager: Mounting plugin CLionSourceCodeAccess
LogPluginManager: Mounting plugin CodeLiteSourceCodeAccess
LogPluginManager: Mounting plugin GitSourceControl
LogPluginManager: Mounting plugin KDevelopSourceCodeAccess
LogPluginManager: Mounting plugin NullSourceCodeAccess
LogPluginManager: Mounting plugin PerforceSourceControl
LogPluginManager: Mounting plugin SubversionSourceControl
LogPluginManager: Mounting plugin UObjectPlugin
LogPluginManager: Mounting plugin VisualStudioCodeSourceCodeAccess
LogPluginManager: Mounting plugin VisualStudioSourceCodeAccess
LogPluginManager: Mounting plugin XCodeSourceCodeAccess
LogPluginManager: Mounting plugin AssetManagerEditor
LogPluginManager: Mounting plugin CryptoKeys
LogPluginManager: Mounting plugin DataValidation
LogPluginManager: Mounting plugin FacialAnimation
LogPluginManager: Mounting plugin GameplayTagsEditor
LogPluginManager: Mounting plugin MacGraphicsSwitching
LogPluginManager: Mounting plugin MaterialAnalyzer
LogPluginManager: Mounting plugin MobileLauncherProfileWizard
LogPluginManager: Mounting plugin PluginBrowser
LogPluginManager: Mounting plugin SpeedTreeImporter
LogPluginManager: Mounting plugin DatasmithContent
LogPluginManager: Mounting plugin VariantManagerContent
LogPluginManager: Mounting plugin AlembicImporter
LogPluginManager: Mounting plugin AppleImageUtils
LogPluginManager: Mounting plugin AppleVision
LogPluginManager: Mounting plugin BackChannel
LogPluginManager: Mounting plugin CharacterAI
LogPluginManager: Mounting plugin GeometryCache
LogPluginManager: Mounting plugin HTML5Networking
LogPluginManager: Mounting plugin ProxyLODPlugin
LogPluginManager: Mounting plugin SkeletalReduction
LogPluginManager: Mounting plugin MagicLeap
LogPluginManager: Mounting plugin MagicLeapMedia
LogPluginManager: Mounting plugin AndroidMedia
LogPluginManager: Mounting plugin AvfMedia
LogPluginManager: Mounting plugin ImgMedia
LogPluginManager: Mounting plugin LinearTimecode
LogPluginManager: Mounting plugin MediaCompositing
LogPluginManager: Mounting plugin MediaPlayerEditor
LogPluginManager: Mounting plugin WebMMedia
LogPluginManager: Mounting plugin WmfMedia
LogPluginManager: Mounting plugin TcpMessaging
LogPluginManager: Mounting plugin UdpMessaging
LogPluginManager: Mounting plugin ActorSequence
LogPluginManager: Mounting plugin LevelSequenceEditor
LogPluginManager: Mounting plugin MatineeToLevelSequence
LogPluginManager: Mounting plugin NetcodeUnitTest
LogPluginManager: Mounting plugin NUTUnrealEngine4
LogPluginManager: Mounting plugin OnlineSubsystemGooglePlay
LogPluginManager: Mounting plugin OnlineSubsystemIOS
LogPluginManager: Mounting plugin OnlineSubsystem
LogPluginManager: Mounting plugin OnlineSubsystemNull
LogPluginManager: Mounting plugin OnlineSubsystemUtils
LogPluginManager: Mounting plugin LauncherChunkInstaller
LogPluginManager: Mounting plugin AndroidDeviceProfileSelector
LogPluginManager: Mounting plugin AndroidMoviePlayer
LogPluginManager: Mounting plugin AndroidPermission
LogPluginManager: Mounting plugin AppleMoviePlayer
LogPluginManager: Mounting plugin ArchVisCharacter
LogPluginManager: Mounting plugin AudioCapture
LogPluginManager: Mounting plugin CableComponent
LogPluginManager: Mounting plugin CustomMeshComponent
LogPluginManager: Mounting plugin EditableMesh
LogPluginManager: Mounting plugin ExampleDeviceProfileSelector
LogPluginManager: Mounting plugin Firebase
LogPluginManager: Mounting plugin GoogleCloudMessaging
LogPluginManager: Mounting plugin IOSDeviceProfileSelector
LogPluginManager: Mounting plugin LinuxDeviceProfileSelector
LogPluginManager: Mounting plugin LocationServicesBPLibrary
LogPluginManager: Mounting plugin MobilePatchingUtils
LogPluginManager: Mounting plugin OculusVR
LogPluginManager: Mounting plugin PhysXVehicles
LogPluginManager: Mounting plugin ProceduralMeshComponent
LogPluginManager: Mounting plugin RuntimePhysXCooking
LogPluginManager: Mounting plugin SignificanceManager
LogPluginManager: Mounting plugin SteamVR
LogPluginManager: Mounting plugin WebMMoviePlayer
LogPluginManager: Mounting plugin WindowsMoviePlayer
LogInit: Using libcurl 7.55.1-DEV
LogInit:  - built for x86_64-pc-win32
LogInit:  - supports SSL with OpenSSL/1.1.1
LogInit:  - supports HTTP deflate (compression) using libz 1.2.8
LogInit:  - other features:
LogInit:      CURL_VERSION_SSL
LogInit:      CURL_VERSION_LIBZ
LogInit:      CURL_VERSION_IPV6
LogInit:      CURL_VERSION_ASYNCHDNS
LogInit:      CURL_VERSION_LARGEFILE
LogInit:      CURL_VERSION_IDN
LogInit:  CurlRequestOptions (configurable via config and command line):
LogInit:  - bVerifyPeer = true  - Libcurl will verify peer certificate
LogInit:  - bUseHttpProxy = false  - Libcurl will NOT use HTTP proxy
LogInit:  - bDontReuseConnections = false  - Libcurl will reuse connections
LogInit:  - MaxHostConnections = 16  - Libcurl will limit the number of connections to a host
LogInit:  - LocalHostAddr = Default
LogInit:  - BufferSize = 65536
LogInit: WinSock: version 1.1 (2.2), MaxSocks=32767, MaxUdp=65467
LogInit: Build: ++UE4+Release-4.22-CL-7053642
LogInit: Engine Version: 4.22.3-7053642+++UE4+Release-4.22
LogInit: Compatible Engine Version: 4.22.0-5660361+++UE4+Release-4.22
LogInit: Net CL: 5660361
LogInit: OS: Windows 10 (Release 1809) (), CPU: Intel(R) Core(TM) i7-7700HQ CPU @ 2.80GHz, GPU: Intel(R) HD Graphics 630
LogInit: Compiled (64-bit): Jun 18 2019 03:09:11
LogInit: Compiled with Visual C++: 19.16.27025.01
LogInit: Build Configuration: Development
LogInit: Branch Name: ++UE4+Release-4.22
LogInit: Command Line: 
LogInit: Base Directory: D:/Unreal/UE_4.22/Engine/Binaries/Win64/
LogInit: Installed Engine Build: 1
LogDevObjectVersion: Number of dev versions registered: 23
LogDevObjectVersion:   Dev-Blueprints (B0D832E4-1F89-4F0D-ACCF-7EB736FD4AA2): 10
LogDevObjectVersion:   Dev-Build (E1C64328-A22C-4D53-A36C-8E866417BD8C): 0
LogDevObjectVersion:   Dev-Core (375EC13C-06E4-48FB-B500-84F0262A717E): 3
LogDevObjectVersion:   Dev-Editor (E4B068ED-F494-42E9-A231-DA0B2E46BB41): 30
LogDevObjectVersion:   Dev-Framework (CFFC743F-43B0-4480-9391-14DF171D2073): 35
LogDevObjectVersion:   Dev-Mobile (B02B49B5-BB20-44E9-A304-32B752E40360): 2
LogDevObjectVersion:   Dev-Networking (A4E4105C-59A1-49B5-A7C5-40C4547EDFEE): 0
LogDevObjectVersion:   Dev-Online (39C831C9-5AE6-47DC-9A44-9C173E1C8E7C): 0
LogDevObjectVersion:   Dev-Physics (78F01B33-EBEA-4F98-B9B4-84EACCB95AA2): 0
LogDevObjectVersion:   Dev-Platform (6631380F-2D4D-43E0-8009-CF276956A95A): 0
LogDevObjectVersion:   Dev-Rendering (12F88B9F-8875-4AFC-A67C-D90C383ABD29): 28
LogDevObjectVersion:   Dev-Sequencer (7B5AE74C-D270-4C10-A958-57980B212A5A): 11
LogDevObjectVersion:   Dev-VR (D7296918-1DD6-4BDD-9DE2-64A83CC13884): 2
LogDevObjectVersion:   Dev-LoadTimes (C2A15278-BFE7-4AFE-6C17-90FF531DF755): 1
LogDevObjectVersion:   Private-Geometry (6EACA3D4-40EC-4CC1-B786-8BED09428FC5): 3
LogDevObjectVersion:   Dev-AnimPhys (29E575DD-E0A3-4627-9D10-D276232CDCEA): 17
LogDevObjectVersion:   Dev-Anim (AF43A65D-7FD3-4947-9873-3E8ED9C1BB05): 2
LogDevObjectVersion:   Dev-ReflectionCapture (6B266CEC-1EC7-4B8F-A30B-E4D90942FC07): 1
LogDevObjectVersion:   Dev-Automation (0DF73D61-A23F-47EA-B727-89E90C41499A): 1
LogDevObjectVersion:   FortniteMain (601D1886-AC64-4F84-AA16-D3DE0DEAC7D6): 25
LogDevObjectVersion:   Dev-Enterprise (9DFFBCD6-494F-0158-E221-12823C92A888): 6
LogDevObjectVersion:   Dev-Niagara (F2AED0AC-9AFE-416F-8664-AA7FFA26D6FC): 1
LogDevObjectVersion:   Dev-Destruction (174F1F0B-B4C6-45A5-B13F-2EE8D0FB917D): 2
LogInit: Presizing for max 16777216 objects, including 0 objects not considered by GC, pre-allocating 0 bytes for permanent pool.
LogInit: Object subsystem initialized
LogConfig: Setting CVar [[con.DebugEarlyDefault:1]]
LogConfig: Setting CVar [[r.setres:1280x720]]
[2019.11.02-19.51.09:972][  0]LogConfig: Setting CVar [[r.VSync:0]]
[2019.11.02-19.51.09:972][  0]LogConfig: Setting CVar [[r.RHICmdBypass:0]]
[2019.11.02-19.51.09:972][  0]LogConfig: Applying CVar settings from Section [/Script/Engine.RendererSettings] File [D:/Soul_Like_GitHub/SoulsLike/WhiteRoomCastle/Saved/Config/Windows/Engine.ini]
[2019.11.02-19.51.09:972][  0]LogConfig: Setting CVar [[r.GPUCrashDebugging:0]]
[2019.11.02-19.51.09:972][  0]LogConfig: Applying CVar settings from Section [/Script/Engine.RendererOverrideSettings] File [D:/Soul_Like_GitHub/SoulsLike/WhiteRoomCastle/Saved/Config/Windows/Engine.ini]
[2019.11.02-19.51.09:972][  0]LogConfig: Applying CVar settings from Section [/Script/Engine.StreamingSettings] File [D:/Soul_Like_GitHub/SoulsLike/WhiteRoomCastle/Saved/Config/Windows/Engine.ini]
[2019.11.02-19.51.09:973][  0]LogConfig: Setting CVar [[s.MinBulkDataSizeForAsyncLoading:131072]]
[2019.11.02-19.51.09:973][  0]LogConfig: Setting CVar [[s.AsyncLoadingThreadEnabled:0]]
[2019.11.02-19.51.09:973][  0]LogConfig: Setting CVar [[s.EventDrivenLoaderEnabled:1]]
[2019.11.02-19.51.09:973][  0]LogConfig: Setting CVar [[s.WarnIfTimeLimitExceeded:0]]
[2019.11.02-19.51.09:973][  0]LogConfig: Setting CVar [[s.TimeLimitExceededMultiplier:1.5]]
[2019.11.02-19.51.09:973][  0]LogConfig: Setting CVar [[s.TimeLimitExceededMinTime:0.005]]
[2019.11.02-19.51.09:973][  0]LogConfig: Setting CVar [[s.UseBackgroundLevelStreaming:1]]
[2019.11.02-19.51.09:973][  0]LogConfig: Setting CVar [[s.PriorityAsyncLoadingExtraTime:15.0]]
[2019.11.02-19.51.09:973][  0]LogConfig: Setting CVar [[s.LevelStreamingActorsUpdateTimeLimit:5.0]]
[2019.11.02-19.51.09:973][  0]LogConfig: Setting CVar [[s.PriorityLevelStreamingActorsUpdateExtraTime:5.0]]
[2019.11.02-19.51.09:973][  0]LogConfig: Setting CVar [[s.LevelStreamingComponentsRegistrationGranularity:10]]
[2019.11.02-19.51.09:973][  0]LogConfig: Setting CVar [[s.UnregisterComponentsTimeLimit:1.0]]
[2019.11.02-19.51.09:973][  0]LogConfig: Setting CVar [[s.LevelStreamingComponentsUnregistrationGranularity:5]]
[2019.11.02-19.51.09:973][  0]LogConfig: Applying CVar settings from Section [/Script/Engine.GarbageCollectionSettings] File [D:/Soul_Like_GitHub/SoulsLike/WhiteRoomCastle/Saved/Config/Windows/Engine.ini]
[2019.11.02-19.51.09:973][  0]LogConfig: Setting CVar [[gc.MaxObjectsNotConsideredByGC:1]]
[2019.11.02-19.51.09:973][  0]LogConfig: Setting CVar [[gc.SizeOfPermanentObjectPool:0]]
[2019.11.02-19.51.09:973][  0]LogConfig: Setting CVar [[gc.FlushStreamingOnGC:0]]
[2019.11.02-19.51.09:973][  0]LogConfig: Setting CVar [[gc.NumRetriesBeforeForcingGC:10]]
[2019.11.02-19.51.09:973][  0]LogConfig: Setting CVar [[gc.AllowParallelGC:1]]
[2019.11.02-19.51.09:973][  0]LogConfig: Setting CVar [[gc.TimeBetweenPurgingPendingKillObjects:61.1]]
[2019.11.02-19.51.09:973][  0]LogConfig: Setting CVar [[gc.MaxObjectsInEditor:16777216]]
[2019.11.02-19.51.09:973][  0]LogConfig: Setting CVar [[gc.IncrementalBeginDestroyEnabled:1]]
[2019.11.02-19.51.09:973][  0]LogConfig: Setting CVar [[gc.CreateGCClusters:1]]
[2019.11.02-19.51.09:973][  0]LogConfig: Setting CVar [[gc.MinGCClusterSize:5]]
[2019.11.02-19.51.09:973][  0]LogConfig: Setting CVar [[gc.ActorClusteringEnabled:0]]
[2019.11.02-19.51.09:973][  0]LogConfig: Setting CVar [[gc.BlueprintClusteringEnabled:0]]
[2019.11.02-19.51.09:973][  0]LogConfig: Setting CVar [[gc.UseDisregardForGCOnDedicatedServers:0]]
[2019.11.02-19.51.09:973][  0]LogConfig: Applying CVar settings from Section [/Script/Engine.NetworkSettings] File [D:/Soul_Like_GitHub/SoulsLike/WhiteRoomCastle/Saved/Config/Windows/Engine.ini]
[2019.11.02-19.51.09:973][  0]LogConfig: Applying CVar settings from Section [/Script/UnrealEd.CookerSettings] File [D:/Soul_Like_GitHub/SoulsLike/WhiteRoomCastle/Saved/Config/Windows/Engine.ini]
[2019.11.02-19.51.09:979][  0]LogConfig: Applying CVar settings from Section [ViewDistanceQuality@3] File [D:/Soul_Like_GitHub/SoulsLike/WhiteRoomCastle/Saved/Config/Windows/Scalability.ini]
[2019.11.02-19.51.09:979][  0]LogConfig: Setting CVar [[r.SkeletalMeshLODBias:0]]
[2019.11.02-19.51.09:979][  0]LogConfig: Setting CVar [[r.ViewDistanceScale:1.0]]
[2019.11.02-19.51.09:979][  0]LogConfig: Applying CVar settings from Section [AntiAliasingQuality@3] File [D:/Soul_Like_GitHub/SoulsLike/WhiteRoomCastle/Saved/Config/Windows/Scalability.ini]
[2019.11.02-19.51.09:979][  0]LogConfig: Setting CVar [[r.PostProcessAAQuality:4]]
[2019.11.02-19.51.09:979][  0]LogConfig: Applying CVar settings from Section [ShadowQuality@3] File [D:/Soul_Like_GitHub/SoulsLike/WhiteRoomCastle/Saved/Config/Windows/Scalability.ini]
[2019.11.02-19.51.09:979][  0]LogConfig: Setting CVar [[r.LightFunctionQuality:1]]
[2019.11.02-19.51.09:979][  0]LogConfig: Setting CVar [[r.ShadowQuality:5]]
[2019.11.02-19.51.09:979][  0]LogConfig: Setting CVar [[r.Shadow.CSM.MaxCascades:10]]
[2019.11.02-19.51.09:979][  0]LogConfig: Setting CVar [[r.Shadow.MaxResolution:2048]]
[2019.11.02-19.51.09:979][  0]LogConfig: Setting CVar [[r.Shadow.MaxCSMResolution:2048]]
[2019.11.02-19.51.09:979][  0]LogConfig: Setting CVar [[r.Shadow.RadiusThreshold:0.01]]
[2019.11.02-19.51.09:979][  0]LogConfig: Setting CVar [[r.Shadow.DistanceScale:1.0]]
[2019.11.02-19.51.09:979][  0]LogConfig: Setting CVar [[r.Shadow.CSM.TransitionScale:1.0]]
[2019.11.02-19.51.09:979][  0]LogConfig: Setting CVar [[r.Shadow.PreShadowResolutionFactor:1.0]]
[2019.11.02-19.51.09:979][  0]LogConfig: Setting CVar [[r.DistanceFieldShadowing:1]]
[2019.11.02-19.51.09:979][  0]LogConfig: Setting CVar [[r.DistanceFieldAO:1]]
[2019.11.02-19.51.09:979][  0]LogConfig: Setting CVar [[r.AOQuality:2]]
[2019.11.02-19.51.09:979][  0]LogConfig: Setting CVar [[r.VolumetricFog:1]]
[2019.11.02-19.51.09:979][  0]LogConfig: Setting CVar [[r.VolumetricFog.GridPixelSize:8]]
[2019.11.02-19.51.09:979][  0]LogConfig: Setting CVar [[r.VolumetricFog.GridSizeZ:128]]
[2019.11.02-19.51.09:979][  0]LogConfig: Setting CVar [[r.VolumetricFog.HistoryMissSupersampleCount:4]]
[2019.11.02-19.51.09:979][  0]LogConfig: Setting CVar [[r.LightMaxDrawDistanceScale:1]]
[2019.11.02-19.51.09:980][  0]LogConfig: Setting CVar [[r.CapsuleShadows:1]]
[2019.11.02-19.51.09:980][  0]LogConfig: Applying CVar settings from Section [PostProcessQuality@3] File [D:/Soul_Like_GitHub/SoulsLike/WhiteRoomCastle/Saved/Config/Windows/Scalability.ini]
[2019.11.02-19.51.09:980][  0]LogConfig: Setting CVar [[r.MotionBlurQuality:4]]
[2019.11.02-19.51.09:980][  0]LogConfig: Setting CVar [[r.AmbientOcclusionMipLevelFactor:0.4]]
[2019.11.02-19.51.09:980][  0]LogConfig: Setting CVar [[r.AmbientOcclusionMaxQuality:100]]
[2019.11.02-19.51.09:980][  0]LogConfig: Setting CVar [[r.AmbientOcclusionLevels:-1]]
[2019.11.02-19.51.09:980][  0]LogConfig: Setting CVar [[r.AmbientOcclusionRadiusScale:1.0]]
[2019.11.02-19.51.09:980][  0]LogConfig: Setting CVar [[r.DepthOfFieldQuality:2]]
[2019.11.02-19.51.09:980][  0]LogConfig: Setting CVar [[r.RenderTargetPoolMin:400]]
[2019.11.02-19.51.09:980][  0]LogConfig: Setting CVar [[r.LensFlareQuality:2]]
[2019.11.02-19.51.09:980][  0]LogConfig: Setting CVar [[r.SceneColorFringeQuality:1]]
[2019.11.02-19.51.09:980][  0]LogConfig: Setting CVar [[r.EyeAdaptationQuality:2]]
[2019.11.02-19.51.09:980][  0]LogConfig: Setting CVar [[r.BloomQuality:5]]
[2019.11.02-19.51.09:980][  0]LogConfig: Setting CVar [[r.FastBlurThreshold:100]]
[2019.11.02-19.51.09:980][  0]LogConfig: Setting CVar [[r.Upscale.Quality:3]]
[2019.11.02-19.51.09:980][  0]LogConfig: Setting CVar [[r.Tonemapper.GrainQuantization:1]]
[2019.11.02-19.51.09:980][  0]LogConfig: Setting CVar [[r.LightShaftQuality:1]]
[2019.11.02-19.51.09:980][  0]LogConfig: Setting CVar [[r.Filter.SizeScale:1]]
[2019.11.02-19.51.09:980][  0]LogConfig: Setting CVar [[r.Tonemapper.Quality:5]]
[2019.11.02-19.51.09:980][  0]LogConfig: Setting CVar [[r.DOF.Gather.AccumulatorQuality:1        ; higher gathering accumulator quality]]
[2019.11.02-19.51.09:980][  0]LogConfig: Setting CVar [[r.DOF.Gather.PostfilterMethod:1          ; Median3x3 postfilering method]]
[2019.11.02-19.51.09:980][  0]LogConfig: Setting CVar [[r.DOF.Gather.EnableBokehSettings:0       ; no bokeh simulation when gathering]]
[2019.11.02-19.51.09:980][  0]LogConfig: Setting CVar [[r.DOF.Gather.RingCount:4                 ; medium number of samples when gathering]]
[2019.11.02-19.51.09:980][  0]LogConfig: Setting CVar [[r.DOF.Scatter.ForegroundCompositing:1    ; additive foreground scattering]]
[2019.11.02-19.51.09:980][  0]LogConfig: Setting CVar [[r.DOF.Scatter.BackgroundCompositing:2    ; additive background scattering]]
[2019.11.02-19.51.09:980][  0]LogConfig: Setting CVar [[r.DOF.Scatter.EnableBokehSettings:1      ; bokeh simulation when scattering]]
[2019.11.02-19.51.09:980][  0]LogConfig: Setting CVar [[r.DOF.Scatter.MaxSpriteRatio:0.1         ; only a maximum of 10% of scattered bokeh]]
[2019.11.02-19.51.09:980][  0]LogConfig: Setting CVar [[r.DOF.Recombine.Quality:1                ; cheap slight out of focus]]
[2019.11.02-19.51.09:980][  0]LogConfig: Setting CVar [[r.DOF.Recombine.EnableBokehSettings:0    ; no bokeh simulation on slight out of focus]]
[2019.11.02-19.51.09:980][  0]LogConfig: Setting CVar [[r.DOF.TemporalAAQuality:1                ; more stable temporal accumulation]]
[2019.11.02-19.51.09:980][  0]LogConfig: Setting CVar [[r.DOF.Kernel.MaxForegroundRadius:0.025]]
[2019.11.02-19.51.09:980][  0]LogConfig: Setting CVar [[r.DOF.Kernel.MaxBackgroundRadius:0.025]]
[2019.11.02-19.51.09:980][  0]LogConfig: Applying CVar settings from Section [TextureQuality@3] File [D:/Soul_Like_GitHub/SoulsLike/WhiteRoomCastle/Saved/Config/Windows/Scalability.ini]
[2019.11.02-19.51.09:980][  0]LogConfig: Setting CVar [[r.Streaming.MipBias:0]]
[2019.11.02-19.51.09:980][  0]LogConfig: Setting CVar [[r.Streaming.AmortizeCPUToGPUCopy:0]]
[2019.11.02-19.51.09:980][  0]LogConfig: Setting CVar [[r.Streaming.MaxNumTexturesToStreamPerFrame:0]]
[2019.11.02-19.51.09:980][  0]LogConfig: Setting CVar [[r.Streaming.Boost:1]]
[2019.11.02-19.51.09:980][  0]LogConfig: Setting CVar [[r.MaxAnisotropy:8]]
[2019.11.02-19.51.09:980][  0]LogConfig: Setting CVar [[r.Streaming.LimitPoolSizeToVRAM:0]]
[2019.11.02-19.51.09:980][  0]LogConfig: Setting CVar [[r.Streaming.PoolSize:1000]]
[2019.11.02-19.51.09:980][  0]LogConfig: Setting CVar [[r.Streaming.MaxEffectiveScreenSize:0]]
[2019.11.02-19.51.09:980][  0]LogConfig: Applying CVar settings from Section [EffectsQuality@3] File [D:/Soul_Like_GitHub/SoulsLike/WhiteRoomCastle/Saved/Config/Windows/Scalability.ini]
[2019.11.02-19.51.09:980][  0]LogConfig: Setting CVar [[r.TranslucencyLightingVolumeDim:64]]
[2019.11.02-19.51.09:980][  0]LogConfig: Setting CVar [[r.RefractionQuality:2]]
[2019.11.02-19.51.09:980][  0]LogConfig: Setting CVar [[r.SSR.Quality:3]]
[2019.11.02-19.51.09:980][  0]LogConfig: Setting CVar [[r.SceneColorFormat:4]]
[2019.11.02-19.51.09:980][  0]LogConfig: Setting CVar [[r.DetailMode:2]]
[2019.11.02-19.51.09:980][  0]LogConfig: Setting CVar [[r.TranslucencyVolumeBlur:1]]
[2019.11.02-19.51.09:980][  0]LogConfig: Setting CVar [[r.MaterialQualityLevel:1 ; High quality]]
[2019.11.02-19.51.09:980][  0]LogConfig: Setting CVar [[r.SSS.Scale:1]]
[2019.11.02-19.51.09:980][  0]LogConfig: Setting CVar [[r.SSS.SampleSet:2]]
[2019.11.02-19.51.09:980][  0]LogConfig: Setting CVar [[r.SSS.Quality:1]]
[2019.11.02-19.51.09:980][  0]LogConfig: Setting CVar [[r.SSS.HalfRes:1]]
[2019.11.02-19.51.09:980][  0]LogConfig: Setting CVar [[r.EmitterSpawnRateScale:1.0]]
[2019.11.02-19.51.09:980][  0]LogConfig: Setting CVar [[r.ParticleLightQuality:2]]
[2019.11.02-19.51.09:980][  0]LogConfig: Applying CVar settings from Section [FoliageQuality@3] File [D:/Soul_Like_GitHub/SoulsLike/WhiteRoomCastle/Saved/Config/Windows/Scalability.ini]
[2019.11.02-19.51.09:980][  0]LogConfig: Setting CVar [[foliage.DensityScale:1.0]]
[2019.11.02-19.51.09:980][  0]LogConfig: Setting CVar [[grass.DensityScale:1.0]]
[2019.11.02-19.51.09:980][  0]LogInit: Selected Device Profile: [Windows]
[2019.11.02-19.51.09:980][  0]LogInit: Applying CVar settings loaded from the selected device profile: [Windows]
[2019.11.02-19.51.09:998][  0]LogHAL: Display: Platform has ~ 16 GB [17059098624 / 17179869184 / 16], which maps to Larger [LargestMinGB=32, LargerMinGB=12, DefaultMinGB=8, SmallerMinGB=6, SmallestMinGB=0)
[2019.11.02-19.51.09:998][  0]LogConfig: Setting CVar [[r.Vulkan.UseRealUBs:0		; Required until we fix HLR fall-out]]
[2019.11.02-19.51.09:998][  0]LogInit: Going up to parent DeviceProfile []
[2019.11.02-19.51.09:999][  0]LogConfig: Applying CVar settings from Section [ViewDistanceQuality@3] File [D:/Soul_Like_GitHub/SoulsLike/WhiteRoomCastle/Saved/Config/Windows/Scalability.ini]
[2019.11.02-19.51.09:999][  0]LogConfig: Setting CVar [[r.SkeletalMeshLODBias:0]]
[2019.11.02-19.51.09:999][  0]LogConfig: Setting CVar [[r.ViewDistanceScale:1.0]]
[2019.11.02-19.51.09:999][  0]LogConfig: Applying CVar settings from Section [AntiAliasingQuality@3] File [D:/Soul_Like_GitHub/SoulsLike/WhiteRoomCastle/Saved/Config/Windows/Scalability.ini]
[2019.11.02-19.51.09:999][  0]LogConfig: Setting CVar [[r.PostProcessAAQuality:4]]
[2019.11.02-19.51.09:999][  0]LogConfig: Applying CVar settings from Section [ShadowQuality@3] File [D:/Soul_Like_GitHub/SoulsLike/WhiteRoomCastle/Saved/Config/Windows/Scalability.ini]
[2019.11.02-19.51.09:999][  0]LogConfig: Setting CVar [[r.LightFunctionQuality:1]]
[2019.11.02-19.51.09:999][  0]LogConfig: Setting CVar [[r.ShadowQuality:5]]
[2019.11.02-19.51.09:999][  0]LogConfig: Setting CVar [[r.Shadow.CSM.MaxCascades:10]]
[2019.11.02-19.51.09:999][  0]LogConfig: Setting CVar [[r.Shadow.MaxResolution:2048]]
[2019.11.02-19.51.09:999][  0]LogConfig: Setting CVar [[r.Shadow.MaxCSMResolution:2048]]
[2019.11.02-19.51.09:999][  0]LogConfig: Setting CVar [[r.Shadow.RadiusThreshold:0.01]]
[2019.11.02-19.51.09:999][  0]LogConfig: Setting CVar [[r.Shadow.DistanceScale:1.0]]
[2019.11.02-19.51.09:999][  0]LogConfig: Setting CVar [[r.Shadow.CSM.TransitionScale:1.0]]
[2019.11.02-19.51.09:999][  0]LogConfig: Setting CVar [[r.Shadow.PreShadowResolutionFactor:1.0]]
[2019.11.02-19.51.09:999][  0]LogConfig: Setting CVar [[r.DistanceFieldShadowing:1]]
[2019.11.02-19.51.09:999][  0]LogConfig: Setting CVar [[r.DistanceFieldAO:1]]
[2019.11.02-19.51.09:999][  0]LogConfig: Setting CVar [[r.AOQuality:2]]
[2019.11.02-19.51.09:999][  0]LogConfig: Setting CVar [[r.VolumetricFog:1]]
[2019.11.02-19.51.09:999][  0]LogConfig: Setting CVar [[r.VolumetricFog.GridPixelSize:8]]
[2019.11.02-19.51.09:999][  0]LogConfig: Setting CVar [[r.VolumetricFog.GridSizeZ:128]]
[2019.11.02-19.51.09:999][  0]LogConfig: Setting CVar [[r.VolumetricFog.HistoryMissSupersampleCount:4]]
[2019.11.02-19.51.09:999][  0]LogConfig: Setting CVar [[r.LightMaxDrawDistanceScale:1]]
[2019.11.02-19.51.09:999][  0]LogConfig: Setting CVar [[r.CapsuleShadows:1]]
[2019.11.02-19.51.09:999][  0]LogConfig: Applying CVar settings from Section [PostProcessQuality@3] File [D:/Soul_Like_GitHub/SoulsLike/WhiteRoomCastle/Saved/Config/Windows/Scalability.ini]
[2019.11.02-19.51.09:999][  0]LogConfig: Setting CVar [[r.MotionBlurQuality:4]]
[2019.11.02-19.51.09:999][  0]LogConfig: Setting CVar [[r.AmbientOcclusionMipLevelFactor:0.4]]
[2019.11.02-19.51.09:999][  0]LogConfig: Setting CVar [[r.AmbientOcclusionMaxQuality:100]]
[2019.11.02-19.51.09:999][  0]LogConfig: Setting CVar [[r.AmbientOcclusionLevels:-1]]
[2019.11.02-19.51.09:999][  0]LogConfig: Setting CVar [[r.AmbientOcclusionRadiusScale:1.0]]
[2019.11.02-19.51.09:999][  0]LogConfig: Setting CVar [[r.DepthOfFieldQuality:2]]
[2019.11.02-19.51.09:999][  0]LogConfig: Setting CVar [[r.RenderTargetPoolMin:400]]
[2019.11.02-19.51.09:999][  0]LogConfig: Setting CVar [[r.LensFlareQuality:2]]
[2019.11.02-19.51.09:999][  0]LogConfig: Setting CVar [[r.SceneColorFringeQuality:1]]
[2019.11.02-19.51.09:999][  0]LogConfig: Setting CVar [[r.EyeAdaptationQuality:2]]
[2019.11.02-19.51.09:999][  0]LogConfig: Setting CVar [[r.BloomQuality:5]]
[2019.11.02-19.51.09:999][  0]LogConfig: Setting CVar [[r.FastBlurThreshold:100]]
[2019.11.02-19.51.09:999][  0]LogConfig: Setting CVar [[r.Upscale.Quality:3]]
[2019.11.02-19.51.09:999][  0]LogConfig: Setting CVar [[r.Tonemapper.GrainQuantization:1]]
[2019.11.02-19.51.09:999][  0]LogConfig: Setting CVar [[r.LightShaftQuality:1]]
[2019.11.02-19.51.09:999][  0]LogConfig: Setting CVar [[r.Filter.SizeScale:1]]
[2019.11.02-19.51.09:999][  0]LogConfig: Setting CVar [[r.Tonemapper.Quality:5]]
[2019.11.02-19.51.09:999][  0]LogConfig: Setting CVar [[r.DOF.Gather.AccumulatorQuality:1        ; higher gathering accumulator quality]]
[2019.11.02-19.51.09:999][  0]LogConfig: Setting CVar [[r.DOF.Gather.PostfilterMethod:1          ; Median3x3 postfilering method]]
[2019.11.02-19.51.09:999][  0]LogConfig: Setting CVar [[r.DOF.Gather.EnableBokehSettings:0       ; no bokeh simulation when gathering]]
[2019.11.02-19.51.09:999][  0]LogConfig: Setting CVar [[r.DOF.Gather.RingCount:4                 ; medium number of samples when gathering]]
[2019.11.02-19.51.09:999][  0]LogConfig: Setting CVar [[r.DOF.Scatter.ForegroundCompositing:1    ; additive foreground scattering]]
[2019.11.02-19.51.09:999][  0]LogConfig: Setting CVar [[r.DOF.Scatter.BackgroundCompositing:2    ; additive background scattering]]
[2019.11.02-19.51.09:999][  0]LogConfig: Setting CVar [[r.DOF.Scatter.EnableBokehSettings:1      ; bokeh simulation when scattering]]
[2019.11.02-19.51.09:999][  0]LogConfig: Setting CVar [[r.DOF.Scatter.MaxSpriteRatio:0.1         ; only a maximum of 10% of scattered bokeh]]
[2019.11.02-19.51.09:999][  0]LogConfig: Setting CVar [[r.DOF.Recombine.Quality:1                ; cheap slight out of focus]]
[2019.11.02-19.51.09:999][  0]LogConfig: Setting CVar [[r.DOF.Recombine.EnableBokehSettings:0    ; no bokeh simulation on slight out of focus]]
[2019.11.02-19.51.09:999][  0]LogConfig: Setting CVar [[r.DOF.TemporalAAQuality:1                ; more stable temporal accumulation]]
[2019.11.02-19.51.09:999][  0]LogConfig: Setting CVar [[r.DOF.Kernel.MaxForegroundRadius:0.025]]
[2019.11.02-19.51.09:999][  0]LogConfig: Setting CVar [[r.DOF.Kernel.MaxBackgroundRadius:0.025]]
[2019.11.02-19.51.09:999][  0]LogConfig: Applying CVar settings from Section [TextureQuality@3] File [D:/Soul_Like_GitHub/SoulsLike/WhiteRoomCastle/Saved/Config/Windows/Scalability.ini]
[2019.11.02-19.51.09:999][  0]LogConfig: Setting CVar [[r.Streaming.MipBias:0]]
[2019.11.02-19.51.09:999][  0]LogConfig: Setting CVar [[r.Streaming.AmortizeCPUToGPUCopy:0]]
[2019.11.02-19.51.09:999][  0]LogConfig: Setting CVar [[r.Streaming.MaxNumTexturesToStreamPerFrame:0]]
[2019.11.02-19.51.09:999][  0]LogConfig: Setting CVar [[r.Streaming.Boost:1]]
[2019.11.02-19.51.09:999][  0]LogConfig: Setting CVar [[r.MaxAnisotropy:8]]
[2019.11.02-19.51.09:999][  0]LogConfig: Setting CVar [[r.Streaming.LimitPoolSizeToVRAM:0]]
[2019.11.02-19.51.09:999][  0]LogConfig: Setting CVar [[r.Streaming.PoolSize:1000]]
[2019.11.02-19.51.09:999][  0]LogConfig: Setting CVar [[r.Streaming.MaxEffectiveScreenSize:0]]
[2019.11.02-19.51.09:999][  0]LogConfig: Applying CVar settings from Section [EffectsQuality@3] File [D:/Soul_Like_GitHub/SoulsLike/WhiteRoomCastle/Saved/Config/Windows/Scalability.ini]
[2019.11.02-19.51.09:999][  0]LogConfig: Setting CVar [[r.TranslucencyLightingVolumeDim:64]]
[2019.11.02-19.51.09:999][  0]LogConfig: Setting CVar [[r.RefractionQuality:2]]
[2019.11.02-19.51.09:999][  0]LogConfig: Setting CVar [[r.SSR.Quality:3]]
[2019.11.02-19.51.09:999][  0]LogConfig: Setting CVar [[r.SceneColorFormat:4]]
[2019.11.02-19.51.09:999][  0]LogConfig: Setting CVar [[r.DetailMode:2]]
[2019.11.02-19.51.09:999][  0]LogConfig: Setting CVar [[r.TranslucencyVolumeBlur:1]]
[2019.11.02-19.51.09:999][  0]LogConfig: Setting CVar [[r.MaterialQualityLevel:1 ; High quality]]
[2019.11.02-19.51.10:000][  0]LogConfig: Setting CVar [[r.SSS.Scale:1]]
[2019.11.02-19.51.10:000][  0]LogConfig: Setting CVar [[r.SSS.SampleSet:2]]
[2019.11.02-19.51.10:000][  0]LogConfig: Setting CVar [[r.SSS.Quality:1]]
[2019.11.02-19.51.10:000][  0]LogConfig: Setting CVar [[r.SSS.HalfRes:1]]
[2019.11.02-19.51.10:000][  0]LogConfig: Setting CVar [[r.EmitterSpawnRateScale:1.0]]
[2019.11.02-19.51.10:000][  0]LogConfig: Setting CVar [[r.ParticleLightQuality:2]]
[2019.11.02-19.51.10:000][  0]LogConfig: Applying CVar settings from Section [FoliageQuality@3] File [D:/Soul_Like_GitHub/SoulsLike/WhiteRoomCastle/Saved/Config/Windows/Scalability.ini]
[2019.11.02-19.51.10:000][  0]LogConfig: Setting CVar [[foliage.DensityScale:1.0]]
[2019.11.02-19.51.10:000][  0]LogConfig: Setting CVar [[grass.DensityScale:1.0]]
[2019.11.02-19.51.10:000][  0]LogConfig: Applying CVar settings from Section [Startup] File [../../../Engine/Config/ConsoleVariables.ini]
[2019.11.02-19.51.10:000][  0]LogConfig: Setting CVar [[net.UseAdaptiveNetUpdateFrequency:0]]
[2019.11.02-19.51.10:000][  0]LogConfig: Setting CVar [[p.chaos.AllowCreatePhysxBodies:1]]
[2019.11.02-19.51.10:000][  0]LogConfig: Applying CVar settings from Section [ConsoleVariables] File [D:/Soul_Like_GitHub/SoulsLike/WhiteRoomCastle/Saved/Config/Windows/Engine.ini]
[2019.11.02-19.51.10:000][  0]LogInit: Computer: DESKTOP-VMGI91V
[2019.11.02-19.51.10:000][  0]LogInit: User: Admin
[2019.11.02-19.51.10:000][  0]LogInit: CPU Page size=4096, Cores=4
[2019.11.02-19.51.10:000][  0]LogInit: High frequency timer resolution =10.000000 MHz
[2019.11.02-19.51.10:001][  0]LogMemory: Memory total: Physical=15.9GB (16GB approx)
[2019.11.02-19.51.10:001][  0]LogMemory: Platform Memory Stats for Windows
[2019.11.02-19.51.10:001][  0]LogMemory: Process Physical Memory: 97.14 MB used, 97.15 MB peak
[2019.11.02-19.51.10:001][  0]LogMemory: Process Virtual Memory: 89.12 MB used, 89.12 MB peak
[2019.11.02-19.51.10:001][  0]LogMemory: Physical Memory: 7585.22 MB used,  8683.60 MB free, 16268.82 MB total
[2019.11.02-19.51.10:001][  0]LogMemory: Virtual Memory: 4657.41 MB used,  134213072.00 MB free, 134217728.00 MB total
[2019.11.02-19.51.10:068][  0]LogInit: Using OS detected language (en-GB).
[2019.11.02-19.51.10:068][  0]LogInit: Using OS detected locale (en-CA).
[2019.11.02-19.51.10:071][  0]LogTextLocalizationManager: No specific localization for 'en-GB' exists, so the 'en' localization will be used.
[2019.11.02-19.51.10:294][  0]LogInit: Setting process to per monitor DPI aware
[2019.11.02-19.51.10:477][  0]LogSlate: New Slate User Created.  User Index 0, Is Virtual User: 0
[2019.11.02-19.51.10:477][  0]LogSlate: Slate User Registered.  User Index 0, Is Virtual User: 0
[2019.11.02-19.51.11:131][  0]LogHMD: Failed to initialize OpenVR with code 110
[2019.11.02-19.51.11:131][  0]LogD3D11RHI: D3D11 adapters:
[2019.11.02-19.51.11:289][  0]LogD3D11RHI:    0. 'NVIDIA GeForce GTX 1050 Ti' (Feature Level 11_0)
[2019.11.02-19.51.11:289][  0]LogD3D11RHI:       4021/0/8134 MB DedicatedVideo/DedicatedSystem/SharedSystem, Outputs:2, VendorId:0x10de
[2019.11.02-19.51.11:302][  0]LogD3D11RHI:    1. 'Intel(R) HD Graphics 630' (Feature Level 11_0)
[2019.11.02-19.51.11:302][  0]LogD3D11RHI:       128/0/8134 MB DedicatedVideo/DedicatedSystem/SharedSystem, Outputs:0, VendorId:0x8086
[2019.11.02-19.51.11:309][  0]LogD3D11RHI:    2. 'Microsoft Basic Render Driver' (Feature Level 11_0)
[2019.11.02-19.51.11:309][  0]LogD3D11RHI:       0/0/8134 MB DedicatedVideo/DedicatedSystem/SharedSystem, Outputs:0, VendorId:0x1414
[2019.11.02-19.51.11:309][  0]LogD3D11RHI: Chosen D3D11 Adapter: 0
[2019.11.02-19.51.11:348][  0]LogD3D11RHI: Creating new Direct3DDevice
[2019.11.02-19.51.11:348][  0]LogD3D11RHI:     GPU DeviceId: 0x1c8c (for the marketing name, search the web for "GPU Device Id")
[2019.11.02-19.51.11:348][  0]LogWindows: EnumDisplayDevices:
[2019.11.02-19.51.11:348][  0]LogWindows:    0. 'Intel(R) HD Graphics 630' (P:1 D:1)
[2019.11.02-19.51.11:349][  0]LogWindows:    1. 'Intel(R) HD Graphics 630' (P:0 D:1)
[2019.11.02-19.51.11:349][  0]LogWindows:    2. 'Intel(R) HD Graphics 630' (P:0 D:0)
[2019.11.02-19.51.11:350][  0]LogWindows: DebugString: PrimaryIsNotTheChoosenAdapter PrimaryIsNotTheChoosenAdapter PrimaryIsNotTheChoosenAdapter FoundDriverCount:0 
[2019.11.02-19.51.11:350][  0]LogD3D11RHI:     Adapter Name: NVIDIA GeForce GTX 1050 Ti
[2019.11.02-19.51.11:350][  0]LogD3D11RHI:   Driver Version: Unknown (internal:Unknown, unified:Unknown)
[2019.11.02-19.51.11:350][  0]LogD3D11RHI:      Driver Date: Unknown
[2019.11.02-19.51.11:350][  0]LogRHI: Texture pool is 2814 MB (70% of 4021 MB)
[2019.11.02-19.51.11:432][  0]LogD3D11RHI: Async texture creation enabled
[2019.11.02-19.51.11:525][  0]LogRendererCore: FGlobalReadBuffer::InitRHI
[2019.11.02-19.51.11:525][  0]LogRendererCore: FGlobalReadBuffer::InitRHI
[2019.11.02-19.51.11:525][  0]LogRendererCore: FGlobalReadBuffer::InitRHI
[2019.11.02-19.51.11:540][  0]LogD3D11RHI: GPU Timing Frequency: 1000.000000 (Debug: 2 2)
[2019.11.02-19.51.12:297][  0]LogTemp: Display: Module 'AllDesktopTargetPlatform' loaded TargetPlatform 'AllDesktop'
[2019.11.02-19.51.12:315][  0]LogTemp: Display: Module 'MacClientTargetPlatform' loaded TargetPlatform 'MacClient'
[2019.11.02-19.51.12:332][  0]LogTemp: Display: Module 'MacNoEditorTargetPlatform' loaded TargetPlatform 'MacNoEditor'
[2019.11.02-19.51.12:349][  0]LogTemp: Display: Module 'MacServerTargetPlatform' loaded TargetPlatform 'MacServer'
[2019.11.02-19.51.12:367][  0]LogTemp: Display: Module 'MacTargetPlatform' loaded TargetPlatform 'Mac'
[2019.11.02-19.51.12:384][  0]LogTemp: Display: Module 'WindowsClientTargetPlatform' loaded TargetPlatform 'WindowsClient'
[2019.11.02-19.51.12:401][  0]LogTemp: Display: Module 'WindowsNoEditorTargetPlatform' loaded TargetPlatform 'WindowsNoEditor'
[2019.11.02-19.51.12:419][  0]LogTemp: Display: Module 'WindowsServerTargetPlatform' loaded TargetPlatform 'WindowsServer'
[2019.11.02-19.51.12:428][  0]LogTemp: Display: Module 'WindowsTargetPlatform' loaded TargetPlatform 'Windows'
[2019.11.02-19.51.12:525][  0]LogTemp: Display: Module 'AndroidTargetPlatform' loaded TargetPlatform 'Android'
[2019.11.02-19.51.12:525][  0]LogTemp: Display: Module 'AndroidTargetPlatform' loaded TargetPlatform 'Android_ASTC'
[2019.11.02-19.51.12:525][  0]LogTemp: Display: Module 'AndroidTargetPlatform' loaded TargetPlatform 'Android_ATC'
[2019.11.02-19.51.12:525][  0]LogTemp: Display: Module 'AndroidTargetPlatform' loaded TargetPlatform 'Android_DXT'
[2019.11.02-19.51.12:525][  0]LogTemp: Display: Module 'AndroidTargetPlatform' loaded TargetPlatform 'Android_ETC1'
[2019.11.02-19.51.12:525][  0]LogTemp: Display: Module 'AndroidTargetPlatform' loaded TargetPlatform 'Android_ETC1a'
[2019.11.02-19.51.12:525][  0]LogTemp: Display: Module 'AndroidTargetPlatform' loaded TargetPlatform 'Android_ETC2'
[2019.11.02-19.51.12:525][  0]LogTemp: Display: Module 'AndroidTargetPlatform' loaded TargetPlatform 'Android_PVRTC'
[2019.11.02-19.51.12:525][  0]LogTemp: Display: Module 'AndroidTargetPlatform' loaded TargetPlatform 'AndroidClient'
[2019.11.02-19.51.12:525][  0]LogTemp: Display: Module 'AndroidTargetPlatform' loaded TargetPlatform 'Android_ASTCClient'
[2019.11.02-19.51.12:525][  0]LogTemp: Display: Module 'AndroidTargetPlatform' loaded TargetPlatform 'Android_ATCClient'
[2019.11.02-19.51.12:525][  0]LogTemp: Display: Module 'AndroidTargetPlatform' loaded TargetPlatform 'Android_DXTClient'
[2019.11.02-19.51.12:525][  0]LogTemp: Display: Module 'AndroidTargetPlatform' loaded TargetPlatform 'Android_ETC1Client'
[2019.11.02-19.51.12:525][  0]LogTemp: Display: Module 'AndroidTargetPlatform' loaded TargetPlatform 'Android_ETC1aClient'
[2019.11.02-19.51.12:525][  0]LogTemp: Display: Module 'AndroidTargetPlatform' loaded TargetPlatform 'Android_ETC2Client'
[2019.11.02-19.51.12:525][  0]LogTemp: Display: Module 'AndroidTargetPlatform' loaded TargetPlatform 'Android_PVRTCClient'
[2019.11.02-19.51.12:525][  0]LogTemp: Display: Module 'AndroidTargetPlatform' loaded TargetPlatform 'Android_Multi'
[2019.11.02-19.51.12:525][  0]LogTemp: Display: Module 'AndroidTargetPlatform' loaded TargetPlatform 'Android_MultiClient'
[2019.11.02-19.51.12:532][  0]LogTemp: Display: Module 'HTML5TargetPlatform' loaded TargetPlatform 'HTML5'
[2019.11.02-19.51.12:595][  0]LogTemp: Display: Module 'IOSTargetPlatform' loaded TargetPlatform 'IOSClient'
[2019.11.02-19.51.12:595][  0]LogTemp: Display: Module 'IOSTargetPlatform' loaded TargetPlatform 'IOS'
[2019.11.02-19.51.12:625][  0]LogTemp: Display: Module 'TVOSTargetPlatform' loaded TargetPlatform 'TVOSClient'
[2019.11.02-19.51.12:625][  0]LogTemp: Display: Module 'TVOSTargetPlatform' loaded TargetPlatform 'TVOS'
[2019.11.02-19.51.12:641][  0]LogTemp: Display: Module 'LinuxClientTargetPlatform' loaded TargetPlatform 'LinuxClient'
[2019.11.02-19.51.12:658][  0]LogTemp: Display: Module 'LinuxNoEditorTargetPlatform' loaded TargetPlatform 'LinuxNoEditor'
[2019.11.02-19.51.12:672][  0]LogTemp: Display: Module 'LinuxServerTargetPlatform' loaded TargetPlatform 'LinuxServer'
[2019.11.02-19.51.12:691][  0]LogTemp: Display: Module 'LinuxTargetPlatform' loaded TargetPlatform 'Linux'
[2019.11.02-19.51.12:749][  0]LogTemp: Display: Module 'LuminTargetPlatform' loaded TargetPlatform 'Lumin'
[2019.11.02-19.51.12:749][  0]LogTemp: Display: Module 'LuminTargetPlatform' loaded TargetPlatform 'LuminClient'
[2019.11.02-19.51.12:749][  0]LogTargetPlatformManager: Display: Building Assets For Windows
[2019.11.02-19.51.12:763][  0]LogAudioDebug: Display: Lib vorbis DLL was dynamically loaded.
[2019.11.02-19.51.12:838][  0]LogShaderCompilers: Guid format shader working directory is -12 characters bigger than the processId version (../../../../../Soul_Like_GitHub/SoulsLike/WhiteRoomCastle/Intermediate/Shaders/WorkingDirectory/14468/).
[2019.11.02-19.51.12:839][  0]LogShaderCompilers: Cleaned the shader compiler working directory 'C:/Users/Admin/AppData/Local/Temp/UnrealShaderWorkingDir/94D7D344422BDE0BB24712932FE42D64/'.
[2019.11.02-19.51.12:842][  0]LogXGEController: Cannot use XGE Controller as Incredibuild is not installed on this machine.
[2019.11.02-19.51.12:842][  0]LogShaderCompilers: Cannot use XGE Shader Compiler as Incredibuild is not installed on this machine.
[2019.11.02-19.51.12:842][  0]LogShaderCompilers: Display: Using Local Shader Compiler.
[2019.11.02-19.51.13:664][  0]LogDerivedDataCache: Display: Max Cache Size: 512 MB
[2019.11.02-19.51.13:729][  0]LogDerivedDataCache: Loaded boot cache 0.06s 71MB C:/Users/Admin/AppData/Local/UnrealEngine/4.22/DerivedDataCache/Boot.ddc.
[2019.11.02-19.51.13:729][  0]LogDerivedDataCache: Display: Loaded Boot cache: C:/Users/Admin/AppData/Local/UnrealEngine/4.22/DerivedDataCache/Boot.ddc
[2019.11.02-19.51.13:729][  0]LogDerivedDataCache: FDerivedDataBackendGraph:  Pak pak cache file ../../../../../Soul_Like_GitHub/SoulsLike/WhiteRoomCastle/DerivedDataCache/DDC.ddp not found, will not use a pak cache.
[2019.11.02-19.51.13:729][  0]LogDerivedDataCache: Unable to find inner node Pak for hierarchical cache Hierarchy.
[2019.11.02-19.51.13:729][  0]LogDerivedDataCache: FDerivedDataBackendGraph:  CompressedPak pak cache file ../../../../../Soul_Like_GitHub/SoulsLike/WhiteRoomCastle/DerivedDataCache/Compressed.ddp not found, will not use a pak cache.
[2019.11.02-19.51.13:729][  0]LogDerivedDataCache: Unable to find inner node CompressedPak for hierarchical cache Hierarchy.
[2019.11.02-19.51.13:743][  0]LogDerivedDataCache: Display: Pak cache opened for reading ../../../Engine/DerivedDataCache/Compressed.ddp.
[2019.11.02-19.51.13:743][  0]LogDerivedDataCache: FDerivedDataBackendGraph:  EnterprisePak pak cache file ../../../Enterprise/DerivedDataCache/Compressed.ddp not found, will not use a pak cache.
[2019.11.02-19.51.13:743][  0]LogDerivedDataCache: Unable to find inner node EnterprisePak for hierarchical cache Hierarchy.
[2019.11.02-19.51.13:761][  0]LogDerivedDataCache: Using Local data cache path C:/Users/Admin/AppData/Local/UnrealEngine/Common/DerivedDataCache: Writable
[2019.11.02-19.51.13:761][  0]LogDerivedDataCache: Shared data cache path not found in *engine.ini, will not use an Shared cache.
[2019.11.02-19.51.13:761][  0]LogDerivedDataCache: Unable to find inner node Shared for hierarchical cache Hierarchy.
[2019.11.02-19.51.13:787][  0]LogMaterial: Verifying Global Shaders for PCD3D_SM5
[2019.11.02-19.51.13:789][  0]LogSlate: Using FreeType 2.6.0
[2019.11.02-19.51.13:790][  0]LogSlate: SlateFontServices - WITH_FREETYPE: 1, WITH_HARFBUZZ: 1
[2019.11.02-19.51.13:977][  0]LogAssetRegistry: FAssetRegistry took 0.0416 seconds to start up
[2019.11.02-19.51.14:432][  0]LogInit: Selected Device Profile: [Windows]
[2019.11.02-19.51.14:612][  0]LogMeshReduction: Using QuadricMeshReduction for automatic static mesh reduction
[2019.11.02-19.51.14:612][  0]LogMeshReduction: Using SimplygonMeshReduction for automatic skeletal mesh reduction
[2019.11.02-19.51.14:612][  0]LogMeshReduction: Using ProxyLODMeshReduction for automatic mesh merging
[2019.11.02-19.51.14:612][  0]LogMeshReduction: No distributed automatic mesh merging module available
[2019.11.02-19.51.14:612][  0]LogMeshMerging: No distributed automatic mesh merging module available
[2019.11.02-19.51.14:627][  0]LogNetVersion: WhiteRoomCastle 1.0.0, NetCL: 5660361, EngineNetVer: 10, GameNetVer: 0 (Checksum: 2362307608)
[2019.11.02-19.51.15:273][  0]LogPackageLocalizationCache: Processed 10 localized package path(s) for 1 prioritized culture(s) in 0.110517 seconds
[2019.11.02-19.51.15:283][  0]LogUObjectArray: 42205 objects as part of root set at end of initial load.
[2019.11.02-19.51.15:283][  0]LogUObjectAllocator: 7325032 out of 0 bytes used by permanent object pool.
[2019.11.02-19.51.15:283][  0]LogUObjectArray: CloseDisregardForGC: 0/0 objects in disregard for GC pool
[2019.11.02-19.51.17:140][  0]LogTcpMessaging: Initializing TcpMessaging bridge
[2019.11.02-19.51.17:155][  0]LogUdpMessaging: Initializing bridge on interface 0.0.0.0:0 to multicast group 230.0.0.1:6666.
[2019.11.02-19.51.17:315][  0]SourceControl: Source control is disabled
[2019.11.02-19.51.17:315][  0]SourceControl: Source control is disabled
[2019.11.02-19.51.17:319][  0]SourceControl: Source control is disabled
[2019.11.02-19.51.17:320][  0]SourceControl: Source control is disabled
[2019.11.02-19.51.17:482][  0]LogAndroidPermission: UAndroidPermissionCallbackProxy::GetInstance
[2019.11.02-19.51.17:807][  0]LogOcInput: OculusInput pre-init called
[2019.11.02-19.51.19:475][  0]LogEngine: Initializing Engine...
[2019.11.02-19.51.19:479][  0]LogHMD: Failed to initialize OpenVR with code 110
[2019.11.02-19.51.19:481][  0]LogStats: UGameplayTagsManager::InitializeManager -  0.001 s
[2019.11.02-19.51.19:779][  0]LogInit: Initializing FReadOnlyCVARCache
[2019.11.02-19.51.19:799][  0]LogAIModule: Creating AISystem for world Untitled
[2019.11.02-19.51.19:929][  0]LogInit: XAudio2 using 'Speakers (Realtek High Definition Audio)' : 2 channels at 48 kHz using 32 bits per sample (channel mask 0x3)
[2019.11.02-19.51.20:073][  0]LogInit: FAudioDevice initialized.
[2019.11.02-19.51.20:075][  0]LogNetVersion: Set ProjectVersion to 1.0.0.0. Version Checksum will be recalculated on next use.
[2019.11.02-19.51.20:181][  0]LogDerivedDataCache: Saved boot cache 0.11s 71MB C:/Users/Admin/AppData/Local/UnrealEngine/4.22/DerivedDataCache/Boot.ddc.
[2019.11.02-19.51.20:193][  0]LogInit: Texture streaming: Enabled
[2019.11.02-19.51.20:234][  0]LogEngineSessionManager: EngineSessionManager initialized
[2019.11.02-19.51.20:265][  0]LogInit: Transaction tracking system initialized
[2019.11.02-19.51.20:302][  0]BlueprintLog: New page: Editor Load
[2019.11.02-19.51.20:423][  0]LocalizationService: Localization service is disabled
[2019.11.02-19.51.20:602][  0]LogLinker: Warning: Can't find file '/Game/FirstPersonBP/FirstPersonOverview'
[2019.11.02-19.51.20:602][  0]LogLinker: Warning: Can't find file '/Game/FirstPersonBP/FirstPersonOverview'
[2019.11.02-19.51.20:602][  0]LogUObjectGlobals: Warning: Failed to find object 'Class /Game/FirstPersonBP/FirstPersonOverview.FirstPersonOverview_C'
[2019.11.02-19.51.20:889][  0]LogCook: Display: Max memory allowance for cook 16384mb min free memory 0mb
[2019.11.02-19.51.20:889][  0]LogCook: Display: Mobile HDR setting 1
[2019.11.02-19.51.21:196][  0]LogFileCache: Scanning file cache for directory 'D:/Soul_Like_GitHub/SoulsLike/WhiteRoomCastle/Content/' took 0.02s
[2019.11.02-19.51.21:196][  0]SourceControl: Source control is disabled
[2019.11.02-19.51.21:196][  0]Cmd: MAP LOAD FILE="../../../../../Soul_Like_GitHub/SoulsLike/WhiteRoomCastle/Content/ThirdPersonBP/Maps/ThirdPersonExampleMap.umap" TEMPLATE=0 SHOWPROGRESS=1 FEATURELEVEL=3
[2019.11.02-19.51.21:197][  0]LightingResults: New page: Lighting Build
[2019.11.02-19.51.21:201][  0]MapCheck: New page: Map Check
[2019.11.02-19.51.21:201][  0]LightingResults: New page: Lighting Build
[2019.11.02-19.51.21:230][  0]LogUObjectHash: Compacting FUObjectHashTables data took   1.92ms
[2019.11.02-19.51.21:419][  0]LogLinker: Warning: Can't find file '/Game/CastleFortress/Materials/M_Statue'
[2019.11.02-19.51.21:419][  0]LogLinker: Warning: Can't find file for asset '/Game/CastleFortress/Materials/M_Statue' while loading NULL.
[2019.11.02-19.51.21:419][  0]LogLinker: Warning: Can't find file '/Game/CastleFortress/Materials/M_Statue'
[2019.11.02-19.51.21:420][  0]LogLinker: Warning: Can't find file for asset '/Game/CastleFortress/Materials/M_Statue' while loading NULL.
[2019.11.02-19.51.21:496][  0]LogLinker: Warning: Can't find file '/Game/CastleFortress/Materials/M_Statue'
[2019.11.02-19.51.21:496][  0]LoadErrors: Failed to load /Game/CastleFortress/Materials/M_Statue.M_Statue Referenced by SM_Statue_Hooded
[2019.11.02-19.51.21:496][  0]LogLinker: Warning: Can't find file for asset '/Game/CastleFortress/Materials/M_Statue' while loading NULL.
[2019.11.02-19.51.22:024][  0]LogAIModule: Creating AISystem for world ThirdPersonExampleMap
[2019.11.02-19.51.22:066][  0]LogEditorServer: Finished looking for orphan Actors (0.000 secs)
[2019.11.02-19.51.22:106][  0]LogUObjectHash: Compacting FUObjectHashTables data took   3.76ms
[2019.11.02-19.51.22:106][  0]Cmd: MAP CHECKDEP NOCLEARLOG
[2019.11.02-19.51.22:106][  0]MapCheck: Map check complete: 0 Error(s), 0 Warning(s), took 0.156ms to complete.
[2019.11.02-19.51.22:106][  0]LogFileHelpers: Loading map 'ThirdPersonExampleMap' took 0.910
[2019.11.02-19.51.22:273][  0]LogSlate: Updating window title bar state: overlay mode, drag disabled, window buttons hidden, title bar hidden
[2019.11.02-19.51.22:281][  0]LogSlate: Updating window title bar state: overlay mode, drag disabled, window buttons hidden, title bar hidden
[2019.11.02-19.51.22:291][  0]LogSlate: Updating window title bar state: overlay mode, drag disabled, window buttons hidden, title bar hidden
[2019.11.02-19.51.22:300][  0]LogSlate: Updating window title bar state: overlay mode, drag disabled, window buttons hidden, title bar hidden
[2019.11.02-19.51.22:311][  0]LogCollectionManager: Loaded 0 collections in 0.003050 seconds
[2019.11.02-19.51.22:359][  0]LogFileCache: Scanning file cache for directory 'D:/Soul_Like_GitHub/SoulsLike/WhiteRoomCastle/Saved/Collections/' took 0.01s
[2019.11.02-19.51.22:359][  0]LogFileCache: Scanning file cache for directory 'D:/Soul_Like_GitHub/SoulsLike/WhiteRoomCastle/Content/Developers/Admin/Collections/' took 0.01s
[2019.11.02-19.51.22:359][  0]LogFileCache: Scanning file cache for directory 'D:/Soul_Like_GitHub/SoulsLike/WhiteRoomCastle/Content/Collections/' took 0.01s
[2019.11.02-19.51.22:359][  0]LogCollectionManager: Rebuilt the GUID cache for 0 collections in 0.000000 seconds
[2019.11.02-19.51.22:369][  0]LogContentBrowser: Native class hierarchy populated in 0.0104 seconds. Added 2732 classes and 659 folders.
[2019.11.02-19.51.22:377][  0]LogContentBrowser: Native class hierarchy updated for 'WidgetCarousel' in 0.0004 seconds. Added 0 classes and 0 folders.
[2019.11.02-19.51.22:382][  0]LogPakFile: Registered encryption key '00000000000000000000000000000000': 0 pak files mounted, 0 remain pending
[2019.11.02-19.51.22:383][  0]LogPakFile: Registered encryption key '00000000000000000000000000000000': 0 pak files mounted, 0 remain pending
[2019.11.02-19.51.22:385][  0]LogPakFile: Registered encryption key '00000000000000000000000000000000': 0 pak files mounted, 0 remain pending
[2019.11.02-19.51.22:387][  0]LogPakFile: Registered encryption key '00000000000000000000000000000000': 0 pak files mounted, 0 remain pending
[2019.11.02-19.51.22:390][  0]LogPakFile: Registered encryption key '00000000000000000000000000000000': 0 pak files mounted, 0 remain pending
[2019.11.02-19.51.22:391][  0]LogPakFile: Registered encryption key '00000000000000000000000000000000': 0 pak files mounted, 0 remain pending
[2019.11.02-19.51.22:393][  0]LogPakFile: Registered encryption key '00000000000000000000000000000000': 0 pak files mounted, 0 remain pending
[2019.11.02-19.51.22:395][  0]LogPakFile: Registered encryption key '00000000000000000000000000000000': 0 pak files mounted, 0 remain pending
[2019.11.02-19.51.22:396][  0]LogPakFile: Registered encryption key '00000000000000000000000000000000': 0 pak files mounted, 0 remain pending
[2019.11.02-19.51.22:398][  0]LogPakFile: Registered encryption key '00000000000000000000000000000000': 0 pak files mounted, 0 remain pending
[2019.11.02-19.51.22:399][  0]LogPakFile: Registered encryption key '00000000000000000000000000000000': 0 pak files mounted, 0 remain pending
[2019.11.02-19.51.22:401][  0]LogPakFile: Registered encryption key '00000000000000000000000000000000': 0 pak files mounted, 0 remain pending
[2019.11.02-19.51.22:403][  0]LogPakFile: Registered encryption key '00000000000000000000000000000000': 0 pak files mounted, 0 remain pending
[2019.11.02-19.51.22:404][  0]LogPakFile: Registered encryption key '00000000000000000000000000000000': 0 pak files mounted, 0 remain pending
[2019.11.02-19.51.22:406][  0]LogPakFile: Registered encryption key '00000000000000000000000000000000': 0 pak files mounted, 0 remain pending
[2019.11.02-19.51.22:408][  0]LogPakFile: Registered encryption key '00000000000000000000000000000000': 0 pak files mounted, 0 remain pending
[2019.11.02-19.51.22:410][  0]LogPakFile: Registered encryption key '00000000000000000000000000000000': 0 pak files mounted, 0 remain pending
[2019.11.02-19.51.22:412][  0]LogPakFile: Registered encryption key '00000000000000000000000000000000': 0 pak files mounted, 0 remain pending
[2019.11.02-19.51.22:413][  0]LogPakFile: Registered encryption key '00000000000000000000000000000000': 0 pak files mounted, 0 remain pending
[2019.11.02-19.51.22:415][  0]LogPakFile: Registered encryption key '00000000000000000000000000000000': 0 pak files mounted, 0 remain pending
[2019.11.02-19.51.22:416][  0]LogPakFile: Registered encryption key '00000000000000000000000000000000': 0 pak files mounted, 0 remain pending
[2019.11.02-19.51.22:419][  0]LogPakFile: Registered encryption key '00000000000000000000000000000000': 0 pak files mounted, 0 remain pending
[2019.11.02-19.51.22:420][  0]LogPakFile: Registered encryption key '00000000000000000000000000000000': 0 pak files mounted, 0 remain pending
[2019.11.02-19.51.22:422][  0]LogPakFile: Registered encryption key '00000000000000000000000000000000': 0 pak files mounted, 0 remain pending
[2019.11.02-19.51.22:424][  0]LogPakFile: Registered encryption key '00000000000000000000000000000000': 0 pak files mounted, 0 remain pending
[2019.11.02-19.51.22:425][  0]LogPakFile: Registered encryption key '00000000000000000000000000000000': 0 pak files mounted, 0 remain pending
[2019.11.02-19.51.22:592][  0]LogContentBrowser: Native class hierarchy updated for 'AddContentDialog' in 0.0004 seconds. Added 0 classes and 0 folders.
[2019.11.02-19.51.22:600][  0]LogContentBrowser: Native class hierarchy updated for 'SceneOutliner' in 0.0006 seconds. Added 1 classes and 2 folders.
[2019.11.02-19.51.22:706][  0]LogSlate: Took 0.000730 seconds to synchronously load lazily loaded font '../../../Engine/Content/Slate/Fonts/Roboto-Regular.ttf' (155K)
[2019.11.02-19.51.22:710][  0]LogSlate: Took 0.000599 seconds to synchronously load lazily loaded font '../../../Engine/Content/Slate/Fonts/Roboto-Bold.ttf' (160K)
[2019.11.02-19.51.22:716][  0]LogSlate: Took 0.000531 seconds to synchronously load lazily loaded font '../../../Engine/Content/Editor/Slate/Fonts/FontAwesome.ttf' (139K)
[2019.11.02-19.51.22:812][  0]LogRenderer: Reallocating scene render targets to support 1208x572 Format 10 NumSamples 1 (Frame:1).
[2019.11.02-19.51.23:072][  0]LogContentBrowser: Native class hierarchy updated for 'HierarchicalLODOutliner' in 0.0005 seconds. Added 0 classes and 0 folders.
[2019.11.02-19.51.23:072][  0]LogLoad: (Engine Initialization) Total time: 19.38 seconds
[2019.11.02-19.51.23:072][  0]LogLoad: (Engine Initialization) Total Blueprint compile time: 0.00 seconds
[2019.11.02-19.51.23:119][  0]LogAssetRegistry: Asset discovery search completed in 9.1662 seconds
[2019.11.02-19.51.23:123][  0]LogCollectionManager: Rebuilt the object cache for 0 collections in 0.000000 seconds (found 0 objects)
[2019.11.02-19.51.23:123][  0]LogCollectionManager: Fixed up redirectors for 0 collections in 0.000056 seconds (updated 0 objects)
[2019.11.02-19.51.23:125][  0]LogContentStreaming: Texture pool size now 1000 MB
[2019.11.02-19.51.23:156][  0]LogSlate: FSceneViewport::OnFocusLost() reason 2
[2019.11.02-19.51.23:195][  0]LogSlate: Took 0.000503 seconds to synchronously load lazily loaded font '../../../Engine/Content/Slate/Fonts/Roboto-Light.ttf' (167K)
[2019.11.02-19.51.26:450][191]LogSlate: Window 'Message Log' being destroyed
[2019.11.02-19.51.26:461][191]LogSlate: Window 'Message Log' being destroyed
[2019.11.02-19.51.47:697][453]LogSlate: FSceneViewport::OnFocusLost() reason 0
[2019.11.02-19.51.47:815][460]LogLinker: Warning: Can't find file '/Game/Candle/tex_fire'
[2019.11.02-19.51.47:815][460]LogLinker: Warning: Can't find file for asset '/Game/Candle/tex_fire' while loading NULL.
[2019.11.02-19.51.47:815][460]LogLinker: Warning: Can't find file '/Game/Candle/tex_fire'
[2019.11.02-19.51.47:816][460]LogLinker: Warning: Can't find file for asset '/Game/Candle/tex_fire' while loading NULL.
[2019.11.02-19.51.47:816][460]LogLinker: Warning: Can't find file '/Game/Candle/tex_fire'
[2019.11.02-19.51.47:816][460]LoadErrors: Failed to load /Game/Candle/tex_fire.tex_fire Referenced by MaterialExpressionTextureSample_8
[2019.11.02-19.51.47:816][460]LogLinker: Warning: Can't find file for asset '/Game/Candle/tex_fire' while loading NULL.
[2019.11.02-19.51.47:820][460]LogMaterial: Display: Missing cached shader map for material candle_mat, compiling. 
[2019.11.02-19.51.47:821][460]LogMaterial: Warning: D:\Soul_Like_GitHub\SoulsLike\WhiteRoomCastle\Content\assets\Candle\candle_mat.uasset: Failed to compile Material for platform PCD3D_SM5, Default Material will be used in game.
[2019.11.02-19.51.47:821][460]LogMaterial: 	(Node TextureSample) Texture Sample> Missing input texture
[2019.11.02-19.51.47:826][460]LogSlate: Took 0.000627 seconds to synchronously load lazily loaded font '../../../Engine/Content/Slate/Fonts/Roboto-Light.ttf' (167K)
[2019.11.02-19.51.47:855][460]LogAssetEditorManager: Opening Asset editor for Material /Game/assets/Candle/candle_mat.candle_mat
[2019.11.02-19.51.47:930][460]LogMaterial: Display: Missing cached shader map for material candle_mat, compiling. 
[2019.11.02-19.51.47:930][460]LogMaterial: Warning: /Engine/Transient.candle_mat (no disk path found): Failed to compile Material for platform PCD3D_SM5, Default Material will be used in game.
[2019.11.02-19.51.47:930][460]LogMaterial: 	(Node TextureSample) Texture Sample> Missing input texture
[2019.11.02-19.51.48:811][460]LogMaterial: Display: Missing cached shader map for material candle_mat, compiling. 
[2019.11.02-19.51.48:811][460]LogMaterial: Warning: /Engine/Transient.candle_mat (no disk path found): Failed to compile Material for platform PCD3D_SM5, Default Material will be used in game.
[2019.11.02-19.51.48:811][460]LogMaterial: 	(Node TextureSample) Texture Sample> Missing input texture
[2019.11.02-19.51.48:819][460]LogMaterial: Display: Missing cached shader map for material candle_mat, compiling. 
[2019.11.02-19.51.48:820][460]LogMaterial: Warning: /Engine/Transient.candle_mat (no disk path found): Failed to compile Material for platform PCD3D_SM5, Default Material will be used in game.
[2019.11.02-19.51.48:820][460]LogMaterial: 	(Node TextureSample) Texture Sample> Missing input texture
[2019.11.02-19.51.48:855][460]LogMaterial: Display: Missing cached shader map for material FMatExpressionPreview MaterialExpressionTextureSample_8, compiling. 
[2019.11.02-19.51.48:892][460]MaterialEditorStats: Error: [SM5] (Node TextureSample) Texture Sample> Missing input texture
[2019.11.02-19.51.48:910][460]LogSlate: Took 0.006213 seconds to synchronously load lazily loaded font '../../../Engine/Content/Slate/Fonts/Roboto-BoldCondensed.ttf' (158K)
[2019.11.02-19.51.49:465][465]LogSlate: Took 0.014939 seconds to synchronously load lazily loaded font '../../../Engine/Content/Slate/Fonts/Roboto-Italic.ttf' (157K)
[2019.11.02-19.52.22:359][234]LogSlate: Window 'candle_mat' being destroyed
[2019.11.02-19.52.23:891][323]LogLinker: Warning: Can't find file '/Game/Candle/candle_mat'
[2019.11.02-19.52.23:892][323]LogLinker: Warning: Can't find file for asset '/Game/Candle/candle_mat' while loading NULL.
[2019.11.02-19.52.23:892][323]LogLinker: Warning: Can't find file '/Game/Candle/candle_mat'
[2019.11.02-19.52.23:892][323]LogLinker: Warning: Can't find file for asset '/Game/Candle/candle_mat' while loading NULL.
[2019.11.02-19.52.23:893][323]LogLinker: Warning: Can't find file '/Game/Candle/candle_mat'
[2019.11.02-19.52.23:893][323]LoadErrors: Failed to load /Game/Candle/candle_mat.candle_mat Referenced by ParticleModuleRequired_0
[2019.11.02-19.52.23:893][323]LogLinker: Warning: Can't find file for asset '/Game/Candle/candle_mat' while loading NULL.
[2019.11.02-19.52.23:919][323]LogTexture: Display: Building textures: ThumbnailTexture (DXT1, 512X512)
[2019.11.02-19.52.23:948][323]LogAssetEditorManager: Opening Asset editor for ParticleSystem /Game/assets/Candle/P_candle.P_candle
[2019.11.02-19.52.24:043][323]LogContentBrowser: Native class hierarchy updated for 'Cascade' in 0.0006 seconds. Added 2 classes and 2 folders.
[2019.11.02-19.52.28:949][587]LogCascade: Quitting Cascade. FXSystem=0x000001143E4BDC00
[2019.11.02-19.54.40:167][468]LogAssetEditorManager: Opening Asset editor for ParticleSystem /Game/assets/Candle/P_candle.P_candle
[2019.11.02-19.56.01:179][881]LogSlate: FSceneViewport::OnFocusLost() reason 2
[2019.11.02-19.56.49:745][701]LogSlate: Window 'candle_mat' being destroyed
[2019.11.02-19.57.42:308][468]LogSlate: FSceneViewport::OnFocusLost() reason 0
[2019.11.02-20.03.30:369][289]LogFactory: FactoryCreateFile: Texture with ReimportTextureFactory (0 0 D:\虚幻4素材\castle\49086.jpg)
[2019.11.02-20.03.30:448][289]LogTexture: Display: Building textures: 49086 (BGRA8, 1134X1134)
[2019.11.02-20.04.09:805][616]LogSlate: Took 0.114619 seconds to synchronously load lazily loaded font '../../../Engine/Content/Slate/Fonts/DroidSansFallback.ttf' (3848K)
[2019.11.02-20.04.13:502][810]LogSlate: Warning: Ignoring SetUserFocus because it's not an active modal Window (user 0 not set to SAssetTileView [SAssetView.cpp(1745)].
[2019.11.02-20.04.13:563][810]LogUObjectHash: Compacting FUObjectHashTables data took   1.83ms
[2019.11.02-20.04.13:563][810]LogFileHelpers: Editor autosave (incl. sublevels) for '/Game/ThirdPersonBP/Maps/ThirdPersonExampleMap' took 0.028
[2019.11.02-20.04.13:608][810]OBJ SavePackage: Generating thumbnails for [1] asset(s) in package [/Game/assets/Candle/49086] ([1] browsable assets)...
[2019.11.02-20.04.13:615][810]OBJ SavePackage:     Rendered thumbnail for [Texture2D /Game/assets/Candle/49086.49086]
[2019.11.02-20.04.13:615][810]OBJ SavePackage: Finished generating thumbnails for package [/Game/assets/Candle/49086]
[2019.11.02-20.04.13:615][810]Cmd: OBJ SAVEPACKAGE PACKAGE="/Game/assets/Candle/49086" FILE="../../../../../Soul_Like_GitHub/SoulsLike/WhiteRoomCastle/Saved/Autosaves/Game/assets/Candle/49086_Auto1.uasset" SILENT=false AUTOSAVING=true
[2019.11.02-20.04.13:634][810]LogSavePackage: Moving '../../../../../Soul_Like_GitHub/SoulsLike/WhiteRoomCastle/Saved/49086_Auto1199BB3E14B8AFF6D71901A82034EEB35.tmp' to '../../../../../Soul_Like_GitHub/SoulsLike/WhiteRoomCastle/Saved/Autosaves/Game/assets/Candle/49086_Auto1.uasset'
[2019.11.02-20.04.13:639][810]LogFileHelpers: Auto-saving content packages took 0.075
[2019.11.02-20.04.23:271][359]Cmd: OBJ SAVEPACKAGE PACKAGE="/Game/assets/Candle/candle_light" FILE="../../../../../Soul_Like_GitHub/SoulsLike/WhiteRoomCastle/Content/assets/Candle/candle_light.uasset" SILENT=true
[2019.11.02-20.04.23:402][359]LogSavePackage: Moving '../../../../../Soul_Like_GitHub/SoulsLike/WhiteRoomCastle/Saved/candle_light082649D64E23DCCDB01610A2BFA67951.tmp' to '../../../../../Soul_Like_GitHub/SoulsLike/WhiteRoomCastle/Content/assets/Candle/candle_light.uasset'
[2019.11.02-20.04.23:563][359]LogUObjectHash: Compacting FUObjectHashTables data took   1.15ms
[2019.11.02-20.04.23:596][359]LogUObjectHash: Compacting FUObjectHashTables data took   1.61ms
[2019.11.02-20.04.23:623][359]LogUObjectHash: Compacting FUObjectHashTables data took   0.67ms
[2019.11.02-20.04.31:868][834]LogMaterial: Display: Missing cached shader map for material candle_mat, compiling. 
[2019.11.02-20.04.31:921][834]LogShaderCompilers: Display: Shaders left to compile 20
[2019.11.02-20.04.31:921][834]LogMaterial: Display: Missing cached shader map for material FMatExpressionPreview MaterialExpressionTextureSample_8, compiling. 
[2019.11.02-20.04.31:956][834]LogMaterial: Display: Missing cached shader map for material candle_mat, compiling. 
[2019.11.02-20.04.33:822][937]LogShaderCompilers: Display: Shaders left to compile 20
[2019.11.02-20.04.34:875][999]LogShaderCompilers: Display: Shaders left to compile 10
[2019.11.02-20.04.38:304][142]MaterialEditorStats: Base pass shader without light map: 46 instructions
[2019.11.02-20.04.38:304][142]MaterialEditorStats: Base pass vertex shader: 113 instructions
[2019.11.02-20.04.38:304][142]MaterialEditorStats: Texture samplers: 5/16
[2019.11.02-20.04.38:304][142]MaterialEditorStats: Texture Lookups (Est.): VS(1), PS(1)
[2019.11.02-20.04.38:304][142]MaterialEditorStats: User interpolators: 2/4 Scalars (1/4 Vectors) (TexCoords: 2, Custom: 0)
[2019.11.02-20.04.52:583][210]LogMaterialEditor: Saving and Compiling material candle_mat
[2019.11.02-20.04.53:210][210]LogMaterial: Display: Missing cached shader map for material candle_mat, compiling. 
[2019.11.02-20.04.53:257][210]LogShaderCompilers: Display: Shaders left to compile 20
[2019.11.02-20.04.53:292][210]LogMaterial: Display: Missing cached shader map for material candle_mat, compiling. 
[2019.11.02-20.04.53:347][210]LogMaterial: Display: Missing cached shader map for material candle_mat, compiling. 
[2019.11.02-20.04.53:417][210]LogUObjectHash: Compacting FUObjectHashTables data took   1.48ms
[2019.11.02-20.04.53:431][210]LogMaterial: Display: Missing cached shader map for material DebugViewMode MaterialTexCoordScale, compiling. 
[2019.11.02-20.04.55:452][210]LogShaderCompilers: Display: Shaders left to compile 70
[2019.11.02-20.04.55:452][210]LogShaderCompilers: Display: Shaders left to compile 60
[2019.11.02-20.04.55:461][210]TextureStreamingBuild: Display: Compiling optional shaders took 2.043 seconds.
[2019.11.02-20.04.55:497][210]LogUObjectHash: Compacting FUObjectHashTables data took   1.09ms
[2019.11.02-20.05.00:303][210]Cmd: OBJ SAVEPACKAGE PACKAGE="/Game/assets/Candle/candle_mat" FILE="../../../../../Soul_Like_GitHub/SoulsLike/WhiteRoomCastle/Content/assets/Candle/candle_mat.uasset" SILENT=true
[2019.11.02-20.05.00:379][210]LogSavePackage: Moving '../../../../../Soul_Like_GitHub/SoulsLike/WhiteRoomCastle/Saved/candle_matD31AE7A64533D5EF15739CBABE399BA5.tmp' to '../../../../../Soul_Like_GitHub/SoulsLike/WhiteRoomCastle/Content/assets/Candle/candle_mat.uasset'
[2019.11.02-20.05.00:417][210]MaterialEditorStats: Base pass shader without light map: 46 instructions
[2019.11.02-20.05.00:417][210]MaterialEditorStats: Base pass vertex shader: 113 instructions
[2019.11.02-20.05.00:417][210]MaterialEditorStats: Texture samplers: 8/16
[2019.11.02-20.05.00:417][210]MaterialEditorStats: Texture Lookups (Est.): VS(1), PS(1)
[2019.11.02-20.05.00:417][210]MaterialEditorStats: User interpolators: 2/4 Scalars (1/4 Vectors) (TexCoords: 2, Custom: 0)
[2019.11.02-20.05.04:639][436]LogMaterial: Warning: Material /Game/assets/Candle/candle_mat.candle_mat needed to have new flag set bUsedWithStaticLighting !
[2019.11.02-20.05.04:657][436]LogMaterial: Warning: Material /Engine/Transient.candle_mat needed to have new flag set bUsedWithStaticLighting !
[2019.11.02-20.05.04:660][436]LogMaterial: Display: Missing cached shader map for material candle_mat, compiling. 
[2019.11.02-20.05.04:682][436]LogShaderCompilers: Display: Shaders left to compile 20
[2019.11.02-20.05.04:682][436]LogMaterial: Display: Missing cached shader map for material candle_mat, compiling. 
[2019.11.02-20.05.04:842][437]LogWindows: Windows GetLastError: The operation completed successfully. (0)
[2019.11.02-20.05.14:730][437]LogShaderCompilers: Display: Shaders left to compile 70
[2019.11.02-20.05.14:730][437]LogShaderCompilers: Display: Shaders left to compile 60
[2019.11.02-20.05.14:730][437]LogOutputDevice: Warning: 

Script Stack (0 frames):

[2019.11.02-20.05.14:730][437]LogWindows: Windows GetLastError: The operation completed successfully. (0)
[2019.11.02-20.05.14:730][437]LogWindows: Error: === Critical error: ===
[2019.11.02-20.05.14:730][437]LogWindows: Error: 
[2019.11.02-20.05.14:730][437]LogWindows: Error: Fatal error: [File:D:\Build\++UE4\Sync\Engine\Source\Runtime\RenderCore\Private\RenderingThread.cpp] [Line: 819] 
[2019.11.02-20.05.14:730][437]LogWindows: Error: Rendering thread exception:
[2019.11.02-20.05.14:730][437]LogWindows: Error: Assertion failed: !BatchElement.IndexBuffer || (BatchElement.IndexBuffer && BatchElement.IndexBuffer->IsInitialized() && BatchElement.IndexBuffer->IndexBufferRHI) [File:D:\Build\++UE4\Sync\Engine\Source\Runtime\Renderer\Private\MeshPassProcessor.cpp] [Line: 775] 
[2019.11.02-20.05.14:730][437]LogWindows: Error: 
[2019.11.02-20.05.14:730][437]LogWindows: Error: 
[2019.11.02-20.05.14:730][437]LogWindows: Error: 
[2019.11.02-20.05.14:730][437]LogWindows: Error: [Callstack] 0x00007ffebd669129 KERNELBASE.dll!UnknownFunction []
[2019.11.02-20.05.14:730][437]LogWindows: Error: [Callstack] 0x00007ffe4a921f37 UE4Editor-Core.dll!UnknownFunction []
[2019.11.02-20.05.14:730][437]LogWindows: Error: [Callstack] 0x00007ffe4a9246e7 UE4Editor-Core.dll!UnknownFunction []
[2019.11.02-20.05.14:730][437]LogWindows: Error: [Callstack] 0x00007ffe4a737d1a UE4Editor-Core.dll!UnknownFunction []
[2019.11.02-20.05.14:730][437]LogWindows: Error: [Callstack] 0x00007ffe4a6bfe33 UE4Editor-Core.dll!UnknownFunction []
[2019.11.02-20.05.14:730][437]LogWindows: Error: [Callstack] 0x00007ffe4a6c04d0 UE4Editor-Core.dll!UnknownFunction []
[2019.11.02-20.05.14:730][437]LogWindows: Error: [Callstack] 0x00007ffe40cae172 UE4Editor-Renderer.dll!UnknownFunction []
[2019.11.02-20.05.14:730][437]LogWindows: Error: [Callstack] 0x00007ffe40c72d12 UE4Editor-Renderer.dll!UnknownFunction []
[2019.11.02-20.05.14:730][437]LogWindows: Error: [Callstack] 0x00007ffe40b1dd6c UE4Editor-Renderer.dll!UnknownFunction []
[2019.11.02-20.05.14:730][437]LogWindows: Error: [Callstack] 0x00007ffe40b21a57 UE4Editor-Renderer.dll!UnknownFunction []
[2019.11.02-20.05.14:730][437]LogWindows: Error: [Callstack] 0x00007ffe40b2dcfe UE4Editor-Renderer.dll!UnknownFunction []
[2019.11.02-20.05.14:730][437]LogWindows: Error: [Callstack] 0x00007ffe40ef9d53 UE4Editor-Renderer.dll!UnknownFunction []
[2019.11.02-20.05.14:730][437]LogWindows: Error: [Callstack] 0x00007ffe40f34be5 UE4Editor-Renderer.dll!UnknownFunction []
[2019.11.02-20.05.14:730][437]LogWindows: Error: [Callstack] 0x00007ffe40f920bc UE4Editor-Renderer.dll!UnknownFunction []
[2019.11.02-20.05.14:730][437]LogWindows: Error: [Callstack] 0x00007ffe4a5422d8 UE4Editor-Core.dll!UnknownFunction []
[2019.11.02-20.05.14:730][437]LogWindows: Error: [Callstack] 0x00007ffe4a542563 UE4Editor-Core.dll!UnknownFunction []
[2019.11.02-20.05.14:730][437]LogWindows: Error: [Callstack] 0x00007ffe847159f1 UE4Editor-RenderCore.dll!UnknownFunction []
[2019.11.02-20.05.14:730][437]LogWindows: Error: [Callstack] 0x00007ffe8471c184 UE4Editor-RenderCore.dll!UnknownFunction []
[2019.11.02-20.05.14:730][437]LogWindows: Error: [Callstack] 0x00007ffe4a934b3f UE4Editor-Core.dll!UnknownFunction []
[2019.11.02-20.05.14:730][437]LogWindows: Error: [Callstack] 0x00007ffe4a9308a7 UE4Editor-Core.dll!UnknownFunction []
[2019.11.02-20.05.14:730][437]LogWindows: Error: [Callstack] 0x00007ffec0107974 KERNEL32.DLL!UnknownFunction []
[2019.11.02-20.05.14:730][437]LogWindows: Error: [Callstack] 0x00007ffec145a271 ntdll.dll!UnknownFunction []
[2019.11.02-20.05.14:730][437]LogWindows: Error: 
[2019.11.02-20.05.14:730][437]LogWindows: Error: 
[2019.11.02-20.05.14:730][437]LogWindows: Error: 
[2019.11.02-20.05.14:730][437]LogWindows: Error: 
[2019.11.02-20.05.14:807][437]LogExit: Executing StaticShutdownAfterError
[2019.11.02-20.05.14:810][437]LogWindows: FPlatformMisc::RequestExit(1)
[2019.11.02-20.05.14:870][437]Log file closed, 11/02/19 16:05:14
