Log file open, 11/03/19 18:13:24
LogWindows: Failed to load 'aqProf.dll' (GetLastError=126)
LogWindows: File 'aqProf.dll' does not exist
LogWindows: Failed to load 'VtuneApi.dll' (GetLastError=126)
LogWindows: File 'VtuneApi.dll' does not exist
LogWindows: Failed to load 'VtuneApi32e.dll' (GetLastError=126)
LogWindows: File 'VtuneApi32e.dll' does not exist
LogConsoleResponse: Display: Failed to find resolution value strings in scalability ini. Falling back to default.
LogInit: Display: Running engine for game: WhiteRoomCastle
LogPakFile: Registered encryption key '00000000000000000000000000000000': 0 pak files mounted, 0 remain pending
LogPlatformFile: Not using cached read wrapper
LogTaskGraph: Started task graph with 5 named threads and 23 total threads with 3 sets of task threads.
LogStats: Stats thread started at 0.388612
LogD3D11RHI: Loaded GFSDK_Aftermath_Lib.x64.dll
LogICUInternationalization: ICU TimeZone Detection - Raw Offset: -5:00, Platform Override: ''
LogPluginManager: Mounting plugin Paper2D
LogPluginManager: Mounting plugin AISupport
LogPluginManager: Mounting plugin LightPropagationVolume
LogPluginManager: Mounting plugin ActorLayerUtilities
LogPluginManager: Mounting plugin AnimationSharing
LogPluginManager: Mounting plugin CLionSourceCodeAccess
LogPluginManager: Mounting plugin CodeLiteSourceCodeAccess
LogPluginManager: Mounting plugin GitSourceControl
LogPluginManager: Mounting plugin KDevelopSourceCodeAccess
LogPluginManager: Mounting plugin NullSourceCodeAccess
LogPluginManager: Mounting plugin PerforceSourceControl
LogPluginManager: Mounting plugin SubversionSourceControl
LogPluginManager: Mounting plugin UObjectPlugin
LogPluginManager: Mounting plugin VisualStudioCodeSourceCodeAccess
LogPluginManager: Mounting plugin VisualStudioSourceCodeAccess
LogPluginManager: Mounting plugin XCodeSourceCodeAccess
LogPluginManager: Mounting plugin AssetManagerEditor
LogPluginManager: Mounting plugin CryptoKeys
LogPluginManager: Mounting plugin DataValidation
LogPluginManager: Mounting plugin FacialAnimation
LogPluginManager: Mounting plugin GameplayTagsEditor
LogPluginManager: Mounting plugin MacGraphicsSwitching
LogPluginManager: Mounting plugin MaterialAnalyzer
LogPluginManager: Mounting plugin MobileLauncherProfileWizard
LogPluginManager: Mounting plugin PluginBrowser
LogPluginManager: Mounting plugin SpeedTreeImporter
LogPluginManager: Mounting plugin DatasmithContent
LogPluginManager: Mounting plugin VariantManagerContent
LogPluginManager: Mounting plugin AlembicImporter
LogPluginManager: Mounting plugin AppleImageUtils
LogPluginManager: Mounting plugin AppleVision
LogPluginManager: Mounting plugin BackChannel
LogPluginManager: Mounting plugin CharacterAI
LogPluginManager: Mounting plugin GeometryCache
LogPluginManager: Mounting plugin HTML5Networking
LogPluginManager: Mounting plugin ProxyLODPlugin
LogPluginManager: Mounting plugin SkeletalReduction
LogPluginManager: Mounting plugin MagicLeap
LogPluginManager: Mounting plugin MagicLeapMedia
LogPluginManager: Mounting plugin AndroidMedia
LogPluginManager: Mounting plugin AvfMedia
LogPluginManager: Mounting plugin ImgMedia
LogPluginManager: Mounting plugin LinearTimecode
LogPluginManager: Mounting plugin MediaCompositing
LogPluginManager: Mounting plugin MediaPlayerEditor
LogPluginManager: Mounting plugin WebMMedia
LogPluginManager: Mounting plugin WmfMedia
LogPluginManager: Mounting plugin TcpMessaging
LogPluginManager: Mounting plugin UdpMessaging
LogPluginManager: Mounting plugin ActorSequence
LogPluginManager: Mounting plugin LevelSequenceEditor
LogPluginManager: Mounting plugin MatineeToLevelSequence
LogPluginManager: Mounting plugin NetcodeUnitTest
LogPluginManager: Mounting plugin NUTUnrealEngine4
LogPluginManager: Mounting plugin OnlineSubsystemGooglePlay
LogPluginManager: Mounting plugin OnlineSubsystemIOS
LogPluginManager: Mounting plugin OnlineSubsystem
LogPluginManager: Mounting plugin OnlineSubsystemNull
LogPluginManager: Mounting plugin OnlineSubsystemUtils
LogPluginManager: Mounting plugin LauncherChunkInstaller
LogPluginManager: Mounting plugin AndroidDeviceProfileSelector
LogPluginManager: Mounting plugin AndroidMoviePlayer
LogPluginManager: Mounting plugin AndroidPermission
LogPluginManager: Mounting plugin AppleMoviePlayer
LogPluginManager: Mounting plugin ArchVisCharacter
LogPluginManager: Mounting plugin AudioCapture
LogPluginManager: Mounting plugin CableComponent
LogPluginManager: Mounting plugin CustomMeshComponent
LogPluginManager: Mounting plugin EditableMesh
LogPluginManager: Mounting plugin ExampleDeviceProfileSelector
LogPluginManager: Mounting plugin Firebase
LogPluginManager: Mounting plugin GoogleCloudMessaging
LogPluginManager: Mounting plugin IOSDeviceProfileSelector
LogPluginManager: Mounting plugin LinuxDeviceProfileSelector
LogPluginManager: Mounting plugin LocationServicesBPLibrary
LogPluginManager: Mounting plugin MobilePatchingUtils
LogPluginManager: Mounting plugin OculusVR
LogPluginManager: Mounting plugin PhysXVehicles
LogPluginManager: Mounting plugin ProceduralMeshComponent
LogPluginManager: Mounting plugin RuntimePhysXCooking
LogPluginManager: Mounting plugin SignificanceManager
LogPluginManager: Mounting plugin SteamVR
LogPluginManager: Mounting plugin WebMMoviePlayer
LogPluginManager: Mounting plugin WindowsMoviePlayer
LogInit: Using libcurl 7.55.1-DEV
LogInit:  - built for x86_64-pc-win32
LogInit:  - supports SSL with OpenSSL/1.1.1
LogInit:  - supports HTTP deflate (compression) using libz 1.2.8
LogInit:  - other features:
LogInit:      CURL_VERSION_SSL
LogInit:      CURL_VERSION_LIBZ
LogInit:      CURL_VERSION_IPV6
LogInit:      CURL_VERSION_ASYNCHDNS
LogInit:      CURL_VERSION_LARGEFILE
LogInit:      CURL_VERSION_IDN
LogInit:  CurlRequestOptions (configurable via config and command line):
LogInit:  - bVerifyPeer = true  - Libcurl will verify peer certificate
LogInit:  - bUseHttpProxy = false  - Libcurl will NOT use HTTP proxy
LogInit:  - bDontReuseConnections = false  - Libcurl will reuse connections
LogInit:  - MaxHostConnections = 16  - Libcurl will limit the number of connections to a host
LogInit:  - LocalHostAddr = Default
LogInit:  - BufferSize = 65536
LogInit: WinSock: version 1.1 (2.2), MaxSocks=32767, MaxUdp=65467
LogInit: Build: ++UE4+Release-4.22-CL-7053642
LogInit: Engine Version: 4.22.3-7053642+++UE4+Release-4.22
LogInit: Compatible Engine Version: 4.22.0-5660361+++UE4+Release-4.22
LogInit: Net CL: 5660361
LogInit: OS: Windows 10 (Release 1809) (), CPU: Intel(R) Core(TM) i7-7700HQ CPU @ 2.80GHz, GPU: Intel(R) HD Graphics 630
LogInit: Compiled (64-bit): Jun 18 2019 03:09:11
LogInit: Compiled with Visual C++: 19.16.27025.01
LogInit: Build Configuration: Development
LogInit: Branch Name: ++UE4+Release-4.22
LogInit: Command Line: 
LogInit: Base Directory: D:/Unreal/UE_4.22/Engine/Binaries/Win64/
LogInit: Installed Engine Build: 1
LogDevObjectVersion: Number of dev versions registered: 23
LogDevObjectVersion:   Dev-Blueprints (B0D832E4-1F89-4F0D-ACCF-7EB736FD4AA2): 10
LogDevObjectVersion:   Dev-Build (E1C64328-A22C-4D53-A36C-8E866417BD8C): 0
LogDevObjectVersion:   Dev-Core (375EC13C-06E4-48FB-B500-84F0262A717E): 3
LogDevObjectVersion:   Dev-Editor (E4B068ED-F494-42E9-A231-DA0B2E46BB41): 30
LogDevObjectVersion:   Dev-Framework (CFFC743F-43B0-4480-9391-14DF171D2073): 35
LogDevObjectVersion:   Dev-Mobile (B02B49B5-BB20-44E9-A304-32B752E40360): 2
LogDevObjectVersion:   Dev-Networking (A4E4105C-59A1-49B5-A7C5-40C4547EDFEE): 0
LogDevObjectVersion:   Dev-Online (39C831C9-5AE6-47DC-9A44-9C173E1C8E7C): 0
LogDevObjectVersion:   Dev-Physics (78F01B33-EBEA-4F98-B9B4-84EACCB95AA2): 0
LogDevObjectVersion:   Dev-Platform (6631380F-2D4D-43E0-8009-CF276956A95A): 0
LogDevObjectVersion:   Dev-Rendering (12F88B9F-8875-4AFC-A67C-D90C383ABD29): 28
LogDevObjectVersion:   Dev-Sequencer (7B5AE74C-D270-4C10-A958-57980B212A5A): 11
LogDevObjectVersion:   Dev-VR (D7296918-1DD6-4BDD-9DE2-64A83CC13884): 2
LogDevObjectVersion:   Dev-LoadTimes (C2A15278-BFE7-4AFE-6C17-90FF531DF755): 1
LogDevObjectVersion:   Private-Geometry (6EACA3D4-40EC-4CC1-B786-8BED09428FC5): 3
LogDevObjectVersion:   Dev-AnimPhys (29E575DD-E0A3-4627-9D10-D276232CDCEA): 17
LogDevObjectVersion:   Dev-Anim (AF43A65D-7FD3-4947-9873-3E8ED9C1BB05): 2
LogDevObjectVersion:   Dev-ReflectionCapture (6B266CEC-1EC7-4B8F-A30B-E4D90942FC07): 1
LogDevObjectVersion:   Dev-Automation (0DF73D61-A23F-47EA-B727-89E90C41499A): 1
LogDevObjectVersion:   FortniteMain (601D1886-AC64-4F84-AA16-D3DE0DEAC7D6): 25
LogDevObjectVersion:   Dev-Enterprise (9DFFBCD6-494F-0158-E221-12823C92A888): 6
LogDevObjectVersion:   Dev-Niagara (F2AED0AC-9AFE-416F-8664-AA7FFA26D6FC): 1
LogDevObjectVersion:   Dev-Destruction (174F1F0B-B4C6-45A5-B13F-2EE8D0FB917D): 2
LogInit: Presizing for max 16777216 objects, including 0 objects not considered by GC, pre-allocating 0 bytes for permanent pool.
LogInit: Object subsystem initialized
LogConfig: Setting CVar [[con.DebugEarlyDefault:1]]
LogConfig: Setting CVar [[r.setres:1280x720]]
[2019.11.03-23.13.25:296][  0]LogConfig: Setting CVar [[r.VSync:0]]
[2019.11.03-23.13.25:296][  0]LogConfig: Setting CVar [[r.RHICmdBypass:0]]
[2019.11.03-23.13.25:296][  0]LogConfig: Applying CVar settings from Section [/Script/Engine.RendererSettings] File [D:/Soul_Like_GitHub/SoulsLike/WhiteRoomCastle/Saved/Config/Windows/Engine.ini]
[2019.11.03-23.13.25:296][  0]LogConfig: Setting CVar [[r.GPUCrashDebugging:0]]
[2019.11.03-23.13.25:296][  0]LogConfig: Applying CVar settings from Section [/Script/Engine.RendererOverrideSettings] File [D:/Soul_Like_GitHub/SoulsLike/WhiteRoomCastle/Saved/Config/Windows/Engine.ini]
[2019.11.03-23.13.25:296][  0]LogConfig: Applying CVar settings from Section [/Script/Engine.StreamingSettings] File [D:/Soul_Like_GitHub/SoulsLike/WhiteRoomCastle/Saved/Config/Windows/Engine.ini]
[2019.11.03-23.13.25:296][  0]LogConfig: Setting CVar [[s.MinBulkDataSizeForAsyncLoading:131072]]
[2019.11.03-23.13.25:296][  0]LogConfig: Setting CVar [[s.AsyncLoadingThreadEnabled:0]]
[2019.11.03-23.13.25:296][  0]LogConfig: Setting CVar [[s.EventDrivenLoaderEnabled:1]]
[2019.11.03-23.13.25:296][  0]LogConfig: Setting CVar [[s.WarnIfTimeLimitExceeded:0]]
[2019.11.03-23.13.25:296][  0]LogConfig: Setting CVar [[s.TimeLimitExceededMultiplier:1.5]]
[2019.11.03-23.13.25:296][  0]LogConfig: Setting CVar [[s.TimeLimitExceededMinTime:0.005]]
[2019.11.03-23.13.25:296][  0]LogConfig: Setting CVar [[s.UseBackgroundLevelStreaming:1]]
[2019.11.03-23.13.25:296][  0]LogConfig: Setting CVar [[s.PriorityAsyncLoadingExtraTime:15.0]]
[2019.11.03-23.13.25:296][  0]LogConfig: Setting CVar [[s.LevelStreamingActorsUpdateTimeLimit:5.0]]
[2019.11.03-23.13.25:296][  0]LogConfig: Setting CVar [[s.PriorityLevelStreamingActorsUpdateExtraTime:5.0]]
[2019.11.03-23.13.25:296][  0]LogConfig: Setting CVar [[s.LevelStreamingComponentsRegistrationGranularity:10]]
[2019.11.03-23.13.25:296][  0]LogConfig: Setting CVar [[s.UnregisterComponentsTimeLimit:1.0]]
[2019.11.03-23.13.25:296][  0]LogConfig: Setting CVar [[s.LevelStreamingComponentsUnregistrationGranularity:5]]
[2019.11.03-23.13.25:296][  0]LogConfig: Applying CVar settings from Section [/Script/Engine.GarbageCollectionSettings] File [D:/Soul_Like_GitHub/SoulsLike/WhiteRoomCastle/Saved/Config/Windows/Engine.ini]
[2019.11.03-23.13.25:296][  0]LogConfig: Setting CVar [[gc.MaxObjectsNotConsideredByGC:1]]
[2019.11.03-23.13.25:296][  0]LogConfig: Setting CVar [[gc.SizeOfPermanentObjectPool:0]]
[2019.11.03-23.13.25:296][  0]LogConfig: Setting CVar [[gc.FlushStreamingOnGC:0]]
[2019.11.03-23.13.25:296][  0]LogConfig: Setting CVar [[gc.NumRetriesBeforeForcingGC:10]]
[2019.11.03-23.13.25:296][  0]LogConfig: Setting CVar [[gc.AllowParallelGC:1]]
[2019.11.03-23.13.25:296][  0]LogConfig: Setting CVar [[gc.TimeBetweenPurgingPendingKillObjects:61.1]]
[2019.11.03-23.13.25:296][  0]LogConfig: Setting CVar [[gc.MaxObjectsInEditor:16777216]]
[2019.11.03-23.13.25:296][  0]LogConfig: Setting CVar [[gc.IncrementalBeginDestroyEnabled:1]]
[2019.11.03-23.13.25:296][  0]LogConfig: Setting CVar [[gc.CreateGCClusters:1]]
[2019.11.03-23.13.25:296][  0]LogConfig: Setting CVar [[gc.MinGCClusterSize:5]]
[2019.11.03-23.13.25:296][  0]LogConfig: Setting CVar [[gc.ActorClusteringEnabled:0]]
[2019.11.03-23.13.25:296][  0]LogConfig: Setting CVar [[gc.BlueprintClusteringEnabled:0]]
[2019.11.03-23.13.25:296][  0]LogConfig: Setting CVar [[gc.UseDisregardForGCOnDedicatedServers:0]]
[2019.11.03-23.13.25:296][  0]LogConfig: Applying CVar settings from Section [/Script/Engine.NetworkSettings] File [D:/Soul_Like_GitHub/SoulsLike/WhiteRoomCastle/Saved/Config/Windows/Engine.ini]
[2019.11.03-23.13.25:296][  0]LogConfig: Applying CVar settings from Section [/Script/UnrealEd.CookerSettings] File [D:/Soul_Like_GitHub/SoulsLike/WhiteRoomCastle/Saved/Config/Windows/Engine.ini]
[2019.11.03-23.13.25:304][  0]LogConfig: Applying CVar settings from Section [ViewDistanceQuality@3] File [D:/Soul_Like_GitHub/SoulsLike/WhiteRoomCastle/Saved/Config/Windows/Scalability.ini]
[2019.11.03-23.13.25:304][  0]LogConfig: Setting CVar [[r.SkeletalMeshLODBias:0]]
[2019.11.03-23.13.25:304][  0]LogConfig: Setting CVar [[r.ViewDistanceScale:1.0]]
[2019.11.03-23.13.25:304][  0]LogConfig: Applying CVar settings from Section [AntiAliasingQuality@3] File [D:/Soul_Like_GitHub/SoulsLike/WhiteRoomCastle/Saved/Config/Windows/Scalability.ini]
[2019.11.03-23.13.25:304][  0]LogConfig: Setting CVar [[r.PostProcessAAQuality:4]]
[2019.11.03-23.13.25:304][  0]LogConfig: Applying CVar settings from Section [ShadowQuality@3] File [D:/Soul_Like_GitHub/SoulsLike/WhiteRoomCastle/Saved/Config/Windows/Scalability.ini]
[2019.11.03-23.13.25:304][  0]LogConfig: Setting CVar [[r.LightFunctionQuality:1]]
[2019.11.03-23.13.25:304][  0]LogConfig: Setting CVar [[r.ShadowQuality:5]]
[2019.11.03-23.13.25:304][  0]LogConfig: Setting CVar [[r.Shadow.CSM.MaxCascades:10]]
[2019.11.03-23.13.25:304][  0]LogConfig: Setting CVar [[r.Shadow.MaxResolution:2048]]
[2019.11.03-23.13.25:304][  0]LogConfig: Setting CVar [[r.Shadow.MaxCSMResolution:2048]]
[2019.11.03-23.13.25:304][  0]LogConfig: Setting CVar [[r.Shadow.RadiusThreshold:0.01]]
[2019.11.03-23.13.25:304][  0]LogConfig: Setting CVar [[r.Shadow.DistanceScale:1.0]]
[2019.11.03-23.13.25:304][  0]LogConfig: Setting CVar [[r.Shadow.CSM.TransitionScale:1.0]]
[2019.11.03-23.13.25:304][  0]LogConfig: Setting CVar [[r.Shadow.PreShadowResolutionFactor:1.0]]
[2019.11.03-23.13.25:304][  0]LogConfig: Setting CVar [[r.DistanceFieldShadowing:1]]
[2019.11.03-23.13.25:304][  0]LogConfig: Setting CVar [[r.DistanceFieldAO:1]]
[2019.11.03-23.13.25:304][  0]LogConfig: Setting CVar [[r.AOQuality:2]]
[2019.11.03-23.13.25:304][  0]LogConfig: Setting CVar [[r.VolumetricFog:1]]
[2019.11.03-23.13.25:304][  0]LogConfig: Setting CVar [[r.VolumetricFog.GridPixelSize:8]]
[2019.11.03-23.13.25:304][  0]LogConfig: Setting CVar [[r.VolumetricFog.GridSizeZ:128]]
[2019.11.03-23.13.25:304][  0]LogConfig: Setting CVar [[r.VolumetricFog.HistoryMissSupersampleCount:4]]
[2019.11.03-23.13.25:304][  0]LogConfig: Setting CVar [[r.LightMaxDrawDistanceScale:1]]
[2019.11.03-23.13.25:304][  0]LogConfig: Setting CVar [[r.CapsuleShadows:1]]
[2019.11.03-23.13.25:304][  0]LogConfig: Applying CVar settings from Section [PostProcessQuality@3] File [D:/Soul_Like_GitHub/SoulsLike/WhiteRoomCastle/Saved/Config/Windows/Scalability.ini]
[2019.11.03-23.13.25:304][  0]LogConfig: Setting CVar [[r.MotionBlurQuality:4]]
[2019.11.03-23.13.25:304][  0]LogConfig: Setting CVar [[r.AmbientOcclusionMipLevelFactor:0.4]]
[2019.11.03-23.13.25:304][  0]LogConfig: Setting CVar [[r.AmbientOcclusionMaxQuality:100]]
[2019.11.03-23.13.25:304][  0]LogConfig: Setting CVar [[r.AmbientOcclusionLevels:-1]]
[2019.11.03-23.13.25:305][  0]LogConfig: Setting CVar [[r.AmbientOcclusionRadiusScale:1.0]]
[2019.11.03-23.13.25:305][  0]LogConfig: Setting CVar [[r.DepthOfFieldQuality:2]]
[2019.11.03-23.13.25:305][  0]LogConfig: Setting CVar [[r.RenderTargetPoolMin:400]]
[2019.11.03-23.13.25:305][  0]LogConfig: Setting CVar [[r.LensFlareQuality:2]]
[2019.11.03-23.13.25:305][  0]LogConfig: Setting CVar [[r.SceneColorFringeQuality:1]]
[2019.11.03-23.13.25:305][  0]LogConfig: Setting CVar [[r.EyeAdaptationQuality:2]]
[2019.11.03-23.13.25:305][  0]LogConfig: Setting CVar [[r.BloomQuality:5]]
[2019.11.03-23.13.25:305][  0]LogConfig: Setting CVar [[r.FastBlurThreshold:100]]
[2019.11.03-23.13.25:305][  0]LogConfig: Setting CVar [[r.Upscale.Quality:3]]
[2019.11.03-23.13.25:305][  0]LogConfig: Setting CVar [[r.Tonemapper.GrainQuantization:1]]
[2019.11.03-23.13.25:305][  0]LogConfig: Setting CVar [[r.LightShaftQuality:1]]
[2019.11.03-23.13.25:305][  0]LogConfig: Setting CVar [[r.Filter.SizeScale:1]]
[2019.11.03-23.13.25:305][  0]LogConfig: Setting CVar [[r.Tonemapper.Quality:5]]
[2019.11.03-23.13.25:305][  0]LogConfig: Setting CVar [[r.DOF.Gather.AccumulatorQuality:1        ; higher gathering accumulator quality]]
[2019.11.03-23.13.25:305][  0]LogConfig: Setting CVar [[r.DOF.Gather.PostfilterMethod:1          ; Median3x3 postfilering method]]
[2019.11.03-23.13.25:306][  0]LogConfig: Setting CVar [[r.DOF.Gather.EnableBokehSettings:0       ; no bokeh simulation when gathering]]
[2019.11.03-23.13.25:306][  0]LogConfig: Setting CVar [[r.DOF.Gather.RingCount:4                 ; medium number of samples when gathering]]
[2019.11.03-23.13.25:306][  0]LogConfig: Setting CVar [[r.DOF.Scatter.ForegroundCompositing:1    ; additive foreground scattering]]
[2019.11.03-23.13.25:306][  0]LogConfig: Setting CVar [[r.DOF.Scatter.BackgroundCompositing:2    ; additive background scattering]]
[2019.11.03-23.13.25:306][  0]LogConfig: Setting CVar [[r.DOF.Scatter.EnableBokehSettings:1      ; bokeh simulation when scattering]]
[2019.11.03-23.13.25:306][  0]LogConfig: Setting CVar [[r.DOF.Scatter.MaxSpriteRatio:0.1         ; only a maximum of 10% of scattered bokeh]]
[2019.11.03-23.13.25:306][  0]LogConfig: Setting CVar [[r.DOF.Recombine.Quality:1                ; cheap slight out of focus]]
[2019.11.03-23.13.25:306][  0]LogConfig: Setting CVar [[r.DOF.Recombine.EnableBokehSettings:0    ; no bokeh simulation on slight out of focus]]
[2019.11.03-23.13.25:306][  0]LogConfig: Setting CVar [[r.DOF.TemporalAAQuality:1                ; more stable temporal accumulation]]
[2019.11.03-23.13.25:306][  0]LogConfig: Setting CVar [[r.DOF.Kernel.MaxForegroundRadius:0.025]]
[2019.11.03-23.13.25:306][  0]LogConfig: Setting CVar [[r.DOF.Kernel.MaxBackgroundRadius:0.025]]
[2019.11.03-23.13.25:306][  0]LogConfig: Applying CVar settings from Section [TextureQuality@3] File [D:/Soul_Like_GitHub/SoulsLike/WhiteRoomCastle/Saved/Config/Windows/Scalability.ini]
[2019.11.03-23.13.25:306][  0]LogConfig: Setting CVar [[r.Streaming.MipBias:0]]
[2019.11.03-23.13.25:306][  0]LogConfig: Setting CVar [[r.Streaming.AmortizeCPUToGPUCopy:0]]
[2019.11.03-23.13.25:306][  0]LogConfig: Setting CVar [[r.Streaming.MaxNumTexturesToStreamPerFrame:0]]
[2019.11.03-23.13.25:306][  0]LogConfig: Setting CVar [[r.Streaming.Boost:1]]
[2019.11.03-23.13.25:306][  0]LogConfig: Setting CVar [[r.MaxAnisotropy:8]]
[2019.11.03-23.13.25:306][  0]LogConfig: Setting CVar [[r.Streaming.LimitPoolSizeToVRAM:0]]
[2019.11.03-23.13.25:306][  0]LogConfig: Setting CVar [[r.Streaming.PoolSize:1000]]
[2019.11.03-23.13.25:306][  0]LogConfig: Setting CVar [[r.Streaming.MaxEffectiveScreenSize:0]]
[2019.11.03-23.13.25:306][  0]LogConfig: Applying CVar settings from Section [EffectsQuality@3] File [D:/Soul_Like_GitHub/SoulsLike/WhiteRoomCastle/Saved/Config/Windows/Scalability.ini]
[2019.11.03-23.13.25:306][  0]LogConfig: Setting CVar [[r.TranslucencyLightingVolumeDim:64]]
[2019.11.03-23.13.25:306][  0]LogConfig: Setting CVar [[r.RefractionQuality:2]]
[2019.11.03-23.13.25:306][  0]LogConfig: Setting CVar [[r.SSR.Quality:3]]
[2019.11.03-23.13.25:306][  0]LogConfig: Setting CVar [[r.SceneColorFormat:4]]
[2019.11.03-23.13.25:306][  0]LogConfig: Setting CVar [[r.DetailMode:2]]
[2019.11.03-23.13.25:306][  0]LogConfig: Setting CVar [[r.TranslucencyVolumeBlur:1]]
[2019.11.03-23.13.25:306][  0]LogConfig: Setting CVar [[r.MaterialQualityLevel:1 ; High quality]]
[2019.11.03-23.13.25:306][  0]LogConfig: Setting CVar [[r.SSS.Scale:1]]
[2019.11.03-23.13.25:306][  0]LogConfig: Setting CVar [[r.SSS.SampleSet:2]]
[2019.11.03-23.13.25:306][  0]LogConfig: Setting CVar [[r.SSS.Quality:1]]
[2019.11.03-23.13.25:306][  0]LogConfig: Setting CVar [[r.SSS.HalfRes:1]]
[2019.11.03-23.13.25:306][  0]LogConfig: Setting CVar [[r.EmitterSpawnRateScale:1.0]]
[2019.11.03-23.13.25:306][  0]LogConfig: Setting CVar [[r.ParticleLightQuality:2]]
[2019.11.03-23.13.25:307][  0]LogConfig: Applying CVar settings from Section [FoliageQuality@3] File [D:/Soul_Like_GitHub/SoulsLike/WhiteRoomCastle/Saved/Config/Windows/Scalability.ini]
[2019.11.03-23.13.25:307][  0]LogConfig: Setting CVar [[foliage.DensityScale:1.0]]
[2019.11.03-23.13.25:307][  0]LogConfig: Setting CVar [[grass.DensityScale:1.0]]
[2019.11.03-23.13.25:307][  0]LogInit: Selected Device Profile: [Windows]
[2019.11.03-23.13.25:307][  0]LogInit: Applying CVar settings loaded from the selected device profile: [Windows]
[2019.11.03-23.13.25:328][  0]LogHAL: Display: Platform has ~ 16 GB [17059098624 / 17179869184 / 16], which maps to Larger [LargestMinGB=32, LargerMinGB=12, DefaultMinGB=8, SmallerMinGB=6, SmallestMinGB=0)
[2019.11.03-23.13.25:328][  0]LogConfig: Setting CVar [[r.Vulkan.UseRealUBs:0		; Required until we fix HLR fall-out]]
[2019.11.03-23.13.25:328][  0]LogInit: Going up to parent DeviceProfile []
[2019.11.03-23.13.25:328][  0]LogConfig: Applying CVar settings from Section [ViewDistanceQuality@3] File [D:/Soul_Like_GitHub/SoulsLike/WhiteRoomCastle/Saved/Config/Windows/Scalability.ini]
[2019.11.03-23.13.25:328][  0]LogConfig: Setting CVar [[r.SkeletalMeshLODBias:0]]
[2019.11.03-23.13.25:328][  0]LogConfig: Setting CVar [[r.ViewDistanceScale:1.0]]
[2019.11.03-23.13.25:328][  0]LogConfig: Applying CVar settings from Section [AntiAliasingQuality@3] File [D:/Soul_Like_GitHub/SoulsLike/WhiteRoomCastle/Saved/Config/Windows/Scalability.ini]
[2019.11.03-23.13.25:328][  0]LogConfig: Setting CVar [[r.PostProcessAAQuality:4]]
[2019.11.03-23.13.25:328][  0]LogConfig: Applying CVar settings from Section [ShadowQuality@3] File [D:/Soul_Like_GitHub/SoulsLike/WhiteRoomCastle/Saved/Config/Windows/Scalability.ini]
[2019.11.03-23.13.25:328][  0]LogConfig: Setting CVar [[r.LightFunctionQuality:1]]
[2019.11.03-23.13.25:328][  0]LogConfig: Setting CVar [[r.ShadowQuality:5]]
[2019.11.03-23.13.25:329][  0]LogConfig: Setting CVar [[r.Shadow.CSM.MaxCascades:10]]
[2019.11.03-23.13.25:329][  0]LogConfig: Setting CVar [[r.Shadow.MaxResolution:2048]]
[2019.11.03-23.13.25:329][  0]LogConfig: Setting CVar [[r.Shadow.MaxCSMResolution:2048]]
[2019.11.03-23.13.25:329][  0]LogConfig: Setting CVar [[r.Shadow.RadiusThreshold:0.01]]
[2019.11.03-23.13.25:329][  0]LogConfig: Setting CVar [[r.Shadow.DistanceScale:1.0]]
[2019.11.03-23.13.25:329][  0]LogConfig: Setting CVar [[r.Shadow.CSM.TransitionScale:1.0]]
[2019.11.03-23.13.25:329][  0]LogConfig: Setting CVar [[r.Shadow.PreShadowResolutionFactor:1.0]]
[2019.11.03-23.13.25:329][  0]LogConfig: Setting CVar [[r.DistanceFieldShadowing:1]]
[2019.11.03-23.13.25:329][  0]LogConfig: Setting CVar [[r.DistanceFieldAO:1]]
[2019.11.03-23.13.25:329][  0]LogConfig: Setting CVar [[r.AOQuality:2]]
[2019.11.03-23.13.25:329][  0]LogConfig: Setting CVar [[r.VolumetricFog:1]]
[2019.11.03-23.13.25:329][  0]LogConfig: Setting CVar [[r.VolumetricFog.GridPixelSize:8]]
[2019.11.03-23.13.25:329][  0]LogConfig: Setting CVar [[r.VolumetricFog.GridSizeZ:128]]
[2019.11.03-23.13.25:329][  0]LogConfig: Setting CVar [[r.VolumetricFog.HistoryMissSupersampleCount:4]]
[2019.11.03-23.13.25:329][  0]LogConfig: Setting CVar [[r.LightMaxDrawDistanceScale:1]]
[2019.11.03-23.13.25:329][  0]LogConfig: Setting CVar [[r.CapsuleShadows:1]]
[2019.11.03-23.13.25:329][  0]LogConfig: Applying CVar settings from Section [PostProcessQuality@3] File [D:/Soul_Like_GitHub/SoulsLike/WhiteRoomCastle/Saved/Config/Windows/Scalability.ini]
[2019.11.03-23.13.25:329][  0]LogConfig: Setting CVar [[r.MotionBlurQuality:4]]
[2019.11.03-23.13.25:329][  0]LogConfig: Setting CVar [[r.AmbientOcclusionMipLevelFactor:0.4]]
[2019.11.03-23.13.25:329][  0]LogConfig: Setting CVar [[r.AmbientOcclusionMaxQuality:100]]
[2019.11.03-23.13.25:329][  0]LogConfig: Setting CVar [[r.AmbientOcclusionLevels:-1]]
[2019.11.03-23.13.25:329][  0]LogConfig: Setting CVar [[r.AmbientOcclusionRadiusScale:1.0]]
[2019.11.03-23.13.25:329][  0]LogConfig: Setting CVar [[r.DepthOfFieldQuality:2]]
[2019.11.03-23.13.25:329][  0]LogConfig: Setting CVar [[r.RenderTargetPoolMin:400]]
[2019.11.03-23.13.25:329][  0]LogConfig: Setting CVar [[r.LensFlareQuality:2]]
[2019.11.03-23.13.25:329][  0]LogConfig: Setting CVar [[r.SceneColorFringeQuality:1]]
[2019.11.03-23.13.25:329][  0]LogConfig: Setting CVar [[r.EyeAdaptationQuality:2]]
[2019.11.03-23.13.25:329][  0]LogConfig: Setting CVar [[r.BloomQuality:5]]
[2019.11.03-23.13.25:329][  0]LogConfig: Setting CVar [[r.FastBlurThreshold:100]]
[2019.11.03-23.13.25:329][  0]LogConfig: Setting CVar [[r.Upscale.Quality:3]]
[2019.11.03-23.13.25:329][  0]LogConfig: Setting CVar [[r.Tonemapper.GrainQuantization:1]]
[2019.11.03-23.13.25:329][  0]LogConfig: Setting CVar [[r.LightShaftQuality:1]]
[2019.11.03-23.13.25:329][  0]LogConfig: Setting CVar [[r.Filter.SizeScale:1]]
[2019.11.03-23.13.25:329][  0]LogConfig: Setting CVar [[r.Tonemapper.Quality:5]]
[2019.11.03-23.13.25:329][  0]LogConfig: Setting CVar [[r.DOF.Gather.AccumulatorQuality:1        ; higher gathering accumulator quality]]
[2019.11.03-23.13.25:329][  0]LogConfig: Setting CVar [[r.DOF.Gather.PostfilterMethod:1          ; Median3x3 postfilering method]]
[2019.11.03-23.13.25:329][  0]LogConfig: Setting CVar [[r.DOF.Gather.EnableBokehSettings:0       ; no bokeh simulation when gathering]]
[2019.11.03-23.13.25:329][  0]LogConfig: Setting CVar [[r.DOF.Gather.RingCount:4                 ; medium number of samples when gathering]]
[2019.11.03-23.13.25:329][  0]LogConfig: Setting CVar [[r.DOF.Scatter.ForegroundCompositing:1    ; additive foreground scattering]]
[2019.11.03-23.13.25:329][  0]LogConfig: Setting CVar [[r.DOF.Scatter.BackgroundCompositing:2    ; additive background scattering]]
[2019.11.03-23.13.25:329][  0]LogConfig: Setting CVar [[r.DOF.Scatter.EnableBokehSettings:1      ; bokeh simulation when scattering]]
[2019.11.03-23.13.25:330][  0]LogConfig: Setting CVar [[r.DOF.Scatter.MaxSpriteRatio:0.1         ; only a maximum of 10% of scattered bokeh]]
[2019.11.03-23.13.25:330][  0]LogConfig: Setting CVar [[r.DOF.Recombine.Quality:1                ; cheap slight out of focus]]
[2019.11.03-23.13.25:330][  0]LogConfig: Setting CVar [[r.DOF.Recombine.EnableBokehSettings:0    ; no bokeh simulation on slight out of focus]]
[2019.11.03-23.13.25:330][  0]LogConfig: Setting CVar [[r.DOF.TemporalAAQuality:1                ; more stable temporal accumulation]]
[2019.11.03-23.13.25:330][  0]LogConfig: Setting CVar [[r.DOF.Kernel.MaxForegroundRadius:0.025]]
[2019.11.03-23.13.25:330][  0]LogConfig: Setting CVar [[r.DOF.Kernel.MaxBackgroundRadius:0.025]]
[2019.11.03-23.13.25:330][  0]LogConfig: Applying CVar settings from Section [TextureQuality@3] File [D:/Soul_Like_GitHub/SoulsLike/WhiteRoomCastle/Saved/Config/Windows/Scalability.ini]
[2019.11.03-23.13.25:330][  0]LogConfig: Setting CVar [[r.Streaming.MipBias:0]]
[2019.11.03-23.13.25:330][  0]LogConfig: Setting CVar [[r.Streaming.AmortizeCPUToGPUCopy:0]]
[2019.11.03-23.13.25:330][  0]LogConfig: Setting CVar [[r.Streaming.MaxNumTexturesToStreamPerFrame:0]]
[2019.11.03-23.13.25:330][  0]LogConfig: Setting CVar [[r.Streaming.Boost:1]]
[2019.11.03-23.13.25:330][  0]LogConfig: Setting CVar [[r.MaxAnisotropy:8]]
[2019.11.03-23.13.25:330][  0]LogConfig: Setting CVar [[r.Streaming.LimitPoolSizeToVRAM:0]]
[2019.11.03-23.13.25:330][  0]LogConfig: Setting CVar [[r.Streaming.PoolSize:1000]]
[2019.11.03-23.13.25:330][  0]LogConfig: Setting CVar [[r.Streaming.MaxEffectiveScreenSize:0]]
[2019.11.03-23.13.25:330][  0]LogConfig: Applying CVar settings from Section [EffectsQuality@3] File [D:/Soul_Like_GitHub/SoulsLike/WhiteRoomCastle/Saved/Config/Windows/Scalability.ini]
[2019.11.03-23.13.25:330][  0]LogConfig: Setting CVar [[r.TranslucencyLightingVolumeDim:64]]
[2019.11.03-23.13.25:330][  0]LogConfig: Setting CVar [[r.RefractionQuality:2]]
[2019.11.03-23.13.25:330][  0]LogConfig: Setting CVar [[r.SSR.Quality:3]]
[2019.11.03-23.13.25:330][  0]LogConfig: Setting CVar [[r.SceneColorFormat:4]]
[2019.11.03-23.13.25:330][  0]LogConfig: Setting CVar [[r.DetailMode:2]]
[2019.11.03-23.13.25:330][  0]LogConfig: Setting CVar [[r.TranslucencyVolumeBlur:1]]
[2019.11.03-23.13.25:330][  0]LogConfig: Setting CVar [[r.MaterialQualityLevel:1 ; High quality]]
[2019.11.03-23.13.25:330][  0]LogConfig: Setting CVar [[r.SSS.Scale:1]]
[2019.11.03-23.13.25:330][  0]LogConfig: Setting CVar [[r.SSS.SampleSet:2]]
[2019.11.03-23.13.25:330][  0]LogConfig: Setting CVar [[r.SSS.Quality:1]]
[2019.11.03-23.13.25:330][  0]LogConfig: Setting CVar [[r.SSS.HalfRes:1]]
[2019.11.03-23.13.25:330][  0]LogConfig: Setting CVar [[r.EmitterSpawnRateScale:1.0]]
[2019.11.03-23.13.25:330][  0]LogConfig: Setting CVar [[r.ParticleLightQuality:2]]
[2019.11.03-23.13.25:330][  0]LogConfig: Applying CVar settings from Section [FoliageQuality@3] File [D:/Soul_Like_GitHub/SoulsLike/WhiteRoomCastle/Saved/Config/Windows/Scalability.ini]
[2019.11.03-23.13.25:330][  0]LogConfig: Setting CVar [[foliage.DensityScale:1.0]]
[2019.11.03-23.13.25:330][  0]LogConfig: Setting CVar [[grass.DensityScale:1.0]]
[2019.11.03-23.13.25:330][  0]LogConfig: Applying CVar settings from Section [Startup] File [../../../Engine/Config/ConsoleVariables.ini]
[2019.11.03-23.13.25:330][  0]LogConfig: Setting CVar [[net.UseAdaptiveNetUpdateFrequency:0]]
[2019.11.03-23.13.25:331][  0]LogConfig: Setting CVar [[p.chaos.AllowCreatePhysxBodies:1]]
[2019.11.03-23.13.25:331][  0]LogConfig: Applying CVar settings from Section [ConsoleVariables] File [D:/Soul_Like_GitHub/SoulsLike/WhiteRoomCastle/Saved/Config/Windows/Engine.ini]
[2019.11.03-23.13.25:331][  0]LogInit: Computer: DESKTOP-VMGI91V
[2019.11.03-23.13.25:331][  0]LogInit: User: Admin
[2019.11.03-23.13.25:331][  0]LogInit: CPU Page size=4096, Cores=4
[2019.11.03-23.13.25:331][  0]LogInit: High frequency timer resolution =10.000000 MHz
[2019.11.03-23.13.25:332][  0]LogMemory: Memory total: Physical=15.9GB (16GB approx)
[2019.11.03-23.13.25:332][  0]LogMemory: Platform Memory Stats for Windows
[2019.11.03-23.13.25:332][  0]LogMemory: Process Physical Memory: 97.62 MB used, 97.62 MB peak
[2019.11.03-23.13.25:332][  0]LogMemory: Process Virtual Memory: 89.37 MB used, 89.37 MB peak
[2019.11.03-23.13.25:332][  0]LogMemory: Physical Memory: 8875.04 MB used,  7393.79 MB free, 16268.82 MB total
[2019.11.03-23.13.25:332][  0]LogMemory: Virtual Memory: 4657.41 MB used,  134213072.00 MB free, 134217728.00 MB total
[2019.11.03-23.13.25:420][  0]LogInit: Using OS detected language (en-GB).
[2019.11.03-23.13.25:420][  0]LogInit: Using OS detected locale (en-CA).
[2019.11.03-23.13.25:426][  0]LogTextLocalizationManager: No specific localization for 'en-GB' exists, so the 'en' localization will be used.
[2019.11.03-23.13.25:762][  0]LogInit: Setting process to per monitor DPI aware
[2019.11.03-23.13.26:017][  0]LogSlate: New Slate User Created.  User Index 0, Is Virtual User: 0
[2019.11.03-23.13.26:017][  0]LogSlate: Slate User Registered.  User Index 0, Is Virtual User: 0
[2019.11.03-23.13.27:208][  0]LogHMD: Failed to initialize OpenVR with code 110
[2019.11.03-23.13.27:208][  0]LogD3D11RHI: D3D11 adapters:
[2019.11.03-23.13.27:367][  0]LogD3D11RHI:    0. 'NVIDIA GeForce GTX 1050 Ti' (Feature Level 11_0)
[2019.11.03-23.13.27:367][  0]LogD3D11RHI:       4021/0/8134 MB DedicatedVideo/DedicatedSystem/SharedSystem, Outputs:2, VendorId:0x10de
[2019.11.03-23.13.27:385][  0]LogD3D11RHI:    1. 'Intel(R) HD Graphics 630' (Feature Level 11_0)
[2019.11.03-23.13.27:385][  0]LogD3D11RHI:       128/0/8134 MB DedicatedVideo/DedicatedSystem/SharedSystem, Outputs:0, VendorId:0x8086
[2019.11.03-23.13.27:395][  0]LogD3D11RHI:    2. 'Microsoft Basic Render Driver' (Feature Level 11_0)
[2019.11.03-23.13.27:395][  0]LogD3D11RHI:       0/0/8134 MB DedicatedVideo/DedicatedSystem/SharedSystem, Outputs:0, VendorId:0x1414
[2019.11.03-23.13.27:395][  0]LogD3D11RHI: Chosen D3D11 Adapter: 0
[2019.11.03-23.13.27:448][  0]LogD3D11RHI: Creating new Direct3DDevice
[2019.11.03-23.13.27:448][  0]LogD3D11RHI:     GPU DeviceId: 0x1c8c (for the marketing name, search the web for "GPU Device Id")
[2019.11.03-23.13.27:448][  0]LogWindows: EnumDisplayDevices:
[2019.11.03-23.13.27:449][  0]LogWindows:    0. 'Intel(R) HD Graphics 630' (P:1 D:1)
[2019.11.03-23.13.27:450][  0]LogWindows:    1. 'Intel(R) HD Graphics 630' (P:0 D:1)
[2019.11.03-23.13.27:451][  0]LogWindows:    2. 'Intel(R) HD Graphics 630' (P:0 D:0)
[2019.11.03-23.13.27:453][  0]LogWindows: DebugString: PrimaryIsNotTheChoosenAdapter PrimaryIsNotTheChoosenAdapter PrimaryIsNotTheChoosenAdapter FoundDriverCount:0 
[2019.11.03-23.13.27:453][  0]LogD3D11RHI:     Adapter Name: NVIDIA GeForce GTX 1050 Ti
[2019.11.03-23.13.27:453][  0]LogD3D11RHI:   Driver Version: Unknown (internal:Unknown, unified:Unknown)
[2019.11.03-23.13.27:453][  0]LogD3D11RHI:      Driver Date: Unknown
[2019.11.03-23.13.27:453][  0]LogRHI: Texture pool is 2814 MB (70% of 4021 MB)
[2019.11.03-23.13.27:584][  0]LogD3D11RHI: Async texture creation enabled
[2019.11.03-23.13.27:711][  0]LogRendererCore: FGlobalReadBuffer::InitRHI
[2019.11.03-23.13.27:712][  0]LogRendererCore: FGlobalReadBuffer::InitRHI
[2019.11.03-23.13.27:712][  0]LogRendererCore: FGlobalReadBuffer::InitRHI
[2019.11.03-23.13.27:726][  0]LogD3D11RHI: GPU Timing Frequency: 1000.000000 (Debug: 2 2)
[2019.11.03-23.13.28:757][  0]LogTemp: Display: Module 'AllDesktopTargetPlatform' loaded TargetPlatform 'AllDesktop'
[2019.11.03-23.13.28:777][  0]LogTemp: Display: Module 'MacClientTargetPlatform' loaded TargetPlatform 'MacClient'
[2019.11.03-23.13.28:797][  0]LogTemp: Display: Module 'MacNoEditorTargetPlatform' loaded TargetPlatform 'MacNoEditor'
[2019.11.03-23.13.28:822][  0]LogTemp: Display: Module 'MacServerTargetPlatform' loaded TargetPlatform 'MacServer'
[2019.11.03-23.13.28:843][  0]LogTemp: Display: Module 'MacTargetPlatform' loaded TargetPlatform 'Mac'
[2019.11.03-23.13.28:866][  0]LogTemp: Display: Module 'WindowsClientTargetPlatform' loaded TargetPlatform 'WindowsClient'
[2019.11.03-23.13.28:889][  0]LogTemp: Display: Module 'WindowsNoEditorTargetPlatform' loaded TargetPlatform 'WindowsNoEditor'
[2019.11.03-23.13.28:910][  0]LogTemp: Display: Module 'WindowsServerTargetPlatform' loaded TargetPlatform 'WindowsServer'
[2019.11.03-23.13.28:922][  0]LogTemp: Display: Module 'WindowsTargetPlatform' loaded TargetPlatform 'Windows'
[2019.11.03-23.13.29:059][  0]LogTemp: Display: Module 'AndroidTargetPlatform' loaded TargetPlatform 'Android'
[2019.11.03-23.13.29:059][  0]LogTemp: Display: Module 'AndroidTargetPlatform' loaded TargetPlatform 'Android_ASTC'
[2019.11.03-23.13.29:059][  0]LogTemp: Display: Module 'AndroidTargetPlatform' loaded TargetPlatform 'Android_ATC'
[2019.11.03-23.13.29:059][  0]LogTemp: Display: Module 'AndroidTargetPlatform' loaded TargetPlatform 'Android_DXT'
[2019.11.03-23.13.29:059][  0]LogTemp: Display: Module 'AndroidTargetPlatform' loaded TargetPlatform 'Android_ETC1'
[2019.11.03-23.13.29:059][  0]LogTemp: Display: Module 'AndroidTargetPlatform' loaded TargetPlatform 'Android_ETC1a'
[2019.11.03-23.13.29:059][  0]LogTemp: Display: Module 'AndroidTargetPlatform' loaded TargetPlatform 'Android_ETC2'
[2019.11.03-23.13.29:059][  0]LogTemp: Display: Module 'AndroidTargetPlatform' loaded TargetPlatform 'Android_PVRTC'
[2019.11.03-23.13.29:059][  0]LogTemp: Display: Module 'AndroidTargetPlatform' loaded TargetPlatform 'AndroidClient'
[2019.11.03-23.13.29:059][  0]LogTemp: Display: Module 'AndroidTargetPlatform' loaded TargetPlatform 'Android_ASTCClient'
[2019.11.03-23.13.29:059][  0]LogTemp: Display: Module 'AndroidTargetPlatform' loaded TargetPlatform 'Android_ATCClient'
[2019.11.03-23.13.29:059][  0]LogTemp: Display: Module 'AndroidTargetPlatform' loaded TargetPlatform 'Android_DXTClient'
[2019.11.03-23.13.29:059][  0]LogTemp: Display: Module 'AndroidTargetPlatform' loaded TargetPlatform 'Android_ETC1Client'
[2019.11.03-23.13.29:059][  0]LogTemp: Display: Module 'AndroidTargetPlatform' loaded TargetPlatform 'Android_ETC1aClient'
[2019.11.03-23.13.29:059][  0]LogTemp: Display: Module 'AndroidTargetPlatform' loaded TargetPlatform 'Android_ETC2Client'
[2019.11.03-23.13.29:059][  0]LogTemp: Display: Module 'AndroidTargetPlatform' loaded TargetPlatform 'Android_PVRTCClient'
[2019.11.03-23.13.29:059][  0]LogTemp: Display: Module 'AndroidTargetPlatform' loaded TargetPlatform 'Android_Multi'
[2019.11.03-23.13.29:059][  0]LogTemp: Display: Module 'AndroidTargetPlatform' loaded TargetPlatform 'Android_MultiClient'
[2019.11.03-23.13.29:067][  0]LogTemp: Display: Module 'HTML5TargetPlatform' loaded TargetPlatform 'HTML5'
[2019.11.03-23.13.29:148][  0]LogTemp: Display: Module 'IOSTargetPlatform' loaded TargetPlatform 'IOSClient'
[2019.11.03-23.13.29:148][  0]LogTemp: Display: Module 'IOSTargetPlatform' loaded TargetPlatform 'IOS'
[2019.11.03-23.13.29:195][  0]LogTemp: Display: Module 'TVOSTargetPlatform' loaded TargetPlatform 'TVOSClient'
[2019.11.03-23.13.29:195][  0]LogTemp: Display: Module 'TVOSTargetPlatform' loaded TargetPlatform 'TVOS'
[2019.11.03-23.13.29:216][  0]LogTemp: Display: Module 'LinuxClientTargetPlatform' loaded TargetPlatform 'LinuxClient'
[2019.11.03-23.13.29:245][  0]LogTemp: Display: Module 'LinuxNoEditorTargetPlatform' loaded TargetPlatform 'LinuxNoEditor'
[2019.11.03-23.13.29:266][  0]LogTemp: Display: Module 'LinuxServerTargetPlatform' loaded TargetPlatform 'LinuxServer'
[2019.11.03-23.13.29:296][  0]LogTemp: Display: Module 'LinuxTargetPlatform' loaded TargetPlatform 'Linux'
[2019.11.03-23.13.29:383][  0]LogTemp: Display: Module 'LuminTargetPlatform' loaded TargetPlatform 'Lumin'
[2019.11.03-23.13.29:383][  0]LogTemp: Display: Module 'LuminTargetPlatform' loaded TargetPlatform 'LuminClient'
[2019.11.03-23.13.29:383][  0]LogTargetPlatformManager: Display: Building Assets For Windows
[2019.11.03-23.13.29:410][  0]LogAudioDebug: Display: Lib vorbis DLL was dynamically loaded.
[2019.11.03-23.13.29:532][  0]LogShaderCompilers: Guid format shader working directory is -12 characters bigger than the processId version (../../../../../Soul_Like_GitHub/SoulsLike/WhiteRoomCastle/Intermediate/Shaders/WorkingDirectory/20204/).
[2019.11.03-23.13.29:533][  0]LogShaderCompilers: Cleaned the shader compiler working directory 'C:/Users/Admin/AppData/Local/Temp/UnrealShaderWorkingDir/C04B97DE4329BC3F06DCD0B3DCE09F88/'.
[2019.11.03-23.13.29:540][  0]LogXGEController: Cannot use XGE Controller as Incredibuild is not installed on this machine.
[2019.11.03-23.13.29:541][  0]LogShaderCompilers: Cannot use XGE Shader Compiler as Incredibuild is not installed on this machine.
[2019.11.03-23.13.29:541][  0]LogShaderCompilers: Display: Using Local Shader Compiler.
[2019.11.03-23.13.30:610][  0]LogDerivedDataCache: Display: Max Cache Size: 512 MB
[2019.11.03-23.13.30:708][  0]LogDerivedDataCache: Loaded boot cache 0.10s 71MB C:/Users/Admin/AppData/Local/UnrealEngine/4.22/DerivedDataCache/Boot.ddc.
[2019.11.03-23.13.30:708][  0]LogDerivedDataCache: Display: Loaded Boot cache: C:/Users/Admin/AppData/Local/UnrealEngine/4.22/DerivedDataCache/Boot.ddc
[2019.11.03-23.13.30:709][  0]LogDerivedDataCache: FDerivedDataBackendGraph:  Pak pak cache file ../../../../../Soul_Like_GitHub/SoulsLike/WhiteRoomCastle/DerivedDataCache/DDC.ddp not found, will not use a pak cache.
[2019.11.03-23.13.30:709][  0]LogDerivedDataCache: Unable to find inner node Pak for hierarchical cache Hierarchy.
[2019.11.03-23.13.30:709][  0]LogDerivedDataCache: FDerivedDataBackendGraph:  CompressedPak pak cache file ../../../../../Soul_Like_GitHub/SoulsLike/WhiteRoomCastle/DerivedDataCache/Compressed.ddp not found, will not use a pak cache.
[2019.11.03-23.13.30:709][  0]LogDerivedDataCache: Unable to find inner node CompressedPak for hierarchical cache Hierarchy.
[2019.11.03-23.13.30:727][  0]LogDerivedDataCache: Display: Pak cache opened for reading ../../../Engine/DerivedDataCache/Compressed.ddp.
[2019.11.03-23.13.30:727][  0]LogDerivedDataCache: FDerivedDataBackendGraph:  EnterprisePak pak cache file ../../../Enterprise/DerivedDataCache/Compressed.ddp not found, will not use a pak cache.
[2019.11.03-23.13.30:727][  0]LogDerivedDataCache: Unable to find inner node EnterprisePak for hierarchical cache Hierarchy.
[2019.11.03-23.13.30:744][  0]LogDerivedDataCache: Using Local data cache path C:/Users/Admin/AppData/Local/UnrealEngine/Common/DerivedDataCache: Writable
[2019.11.03-23.13.30:744][  0]LogDerivedDataCache: Shared data cache path not found in *engine.ini, will not use an Shared cache.
[2019.11.03-23.13.30:744][  0]LogDerivedDataCache: Unable to find inner node Shared for hierarchical cache Hierarchy.
[2019.11.03-23.13.30:780][  0]LogMaterial: Verifying Global Shaders for PCD3D_SM5
[2019.11.03-23.13.30:781][  0]LogSlate: Using FreeType 2.6.0
[2019.11.03-23.13.30:784][  0]LogSlate: SlateFontServices - WITH_FREETYPE: 1, WITH_HARFBUZZ: 1
[2019.11.03-23.13.31:019][  0]LogAssetRegistry: FAssetRegistry took 0.0429 seconds to start up
[2019.11.03-23.13.31:825][  0]LogInit: Selected Device Profile: [Windows]
[2019.11.03-23.13.32:082][  0]LogMeshReduction: Using QuadricMeshReduction for automatic static mesh reduction
[2019.11.03-23.13.32:082][  0]LogMeshReduction: Using SimplygonMeshReduction for automatic skeletal mesh reduction
[2019.11.03-23.13.32:082][  0]LogMeshReduction: Using ProxyLODMeshReduction for automatic mesh merging
[2019.11.03-23.13.32:082][  0]LogMeshReduction: No distributed automatic mesh merging module available
[2019.11.03-23.13.32:082][  0]LogMeshMerging: No distributed automatic mesh merging module available
[2019.11.03-23.13.32:106][  0]LogNetVersion: WhiteRoomCastle 1.0.0, NetCL: 5660361, EngineNetVer: 10, GameNetVer: 0 (Checksum: 2362307608)
[2019.11.03-23.13.33:081][  0]LogPackageLocalizationCache: Processed 10 localized package path(s) for 1 prioritized culture(s) in 0.171109 seconds
[2019.11.03-23.13.33:094][  0]LogUObjectArray: 42205 objects as part of root set at end of initial load.
[2019.11.03-23.13.33:094][  0]LogUObjectAllocator: 7325032 out of 0 bytes used by permanent object pool.
[2019.11.03-23.13.33:094][  0]LogUObjectArray: CloseDisregardForGC: 0/0 objects in disregard for GC pool
[2019.11.03-23.13.35:578][  0]LogTcpMessaging: Initializing TcpMessaging bridge
[2019.11.03-23.13.35:595][  0]LogUdpMessaging: Initializing bridge on interface 0.0.0.0:0 to multicast group 230.0.0.1:6666.
[2019.11.03-23.13.35:787][  0]SourceControl: Source control is disabled
[2019.11.03-23.13.35:787][  0]SourceControl: Source control is disabled
[2019.11.03-23.13.35:789][  0]SourceControl: Source control is disabled
[2019.11.03-23.13.35:791][  0]SourceControl: Source control is disabled
[2019.11.03-23.13.36:002][  0]LogAndroidPermission: UAndroidPermissionCallbackProxy::GetInstance
[2019.11.03-23.13.36:438][  0]LogOcInput: OculusInput pre-init called
[2019.11.03-23.13.38:657][  0]LogEngine: Initializing Engine...
[2019.11.03-23.13.38:662][  0]LogHMD: Failed to initialize OpenVR with code 110
[2019.11.03-23.13.38:663][  0]LogStats: UGameplayTagsManager::InitializeManager -  0.001 s
[2019.11.03-23.13.39:079][  0]LogInit: Initializing FReadOnlyCVARCache
[2019.11.03-23.13.39:106][  0]LogAIModule: Creating AISystem for world Untitled
[2019.11.03-23.13.39:208][  0]LogInit: XAudio2 using 'Speakers (Realtek High Definition Audio)' : 2 channels at 48 kHz using 32 bits per sample (channel mask 0x3)
[2019.11.03-23.13.39:387][  0]LogInit: FAudioDevice initialized.
[2019.11.03-23.13.39:387][  0]LogNetVersion: Set ProjectVersion to 1.0.0.0. Version Checksum will be recalculated on next use.
[2019.11.03-23.13.39:509][  0]LogDerivedDataCache: Saved boot cache 0.12s 71MB C:/Users/Admin/AppData/Local/UnrealEngine/4.22/DerivedDataCache/Boot.ddc.
[2019.11.03-23.13.39:523][  0]LogInit: Texture streaming: Enabled
[2019.11.03-23.13.39:578][  0]LogEngineSessionManager: EngineSessionManager initialized
[2019.11.03-23.13.39:619][  0]LogInit: Transaction tracking system initialized
[2019.11.03-23.13.39:668][  0]BlueprintLog: New page: Editor Load
[2019.11.03-23.13.39:896][  0]LocalizationService: Localization service is disabled
[2019.11.03-23.13.40:188][  0]LogLinker: Warning: Can't find file '/Game/FirstPersonBP/FirstPersonOverview'
[2019.11.03-23.13.40:189][  0]LogLinker: Warning: Can't find file '/Game/FirstPersonBP/FirstPersonOverview'
[2019.11.03-23.13.40:189][  0]LogUObjectGlobals: Warning: Failed to find object 'Class /Game/FirstPersonBP/FirstPersonOverview.FirstPersonOverview_C'
[2019.11.03-23.13.40:671][  0]LogCook: Display: Max memory allowance for cook 16384mb min free memory 0mb
[2019.11.03-23.13.40:671][  0]LogCook: Display: Mobile HDR setting 1
[2019.11.03-23.13.40:723][  0]LogFileCache: Scanning file cache for directory 'D:/Soul_Like_GitHub/SoulsLike/WhiteRoomCastle/Content/' took 0.03s
[2019.11.03-23.13.41:106][  0]SourceControl: Source control is disabled
[2019.11.03-23.13.41:107][  0]Cmd: MAP LOAD FILE="../../../../../Soul_Like_GitHub/SoulsLike/WhiteRoomCastle/Content/ThirdPersonBP/Maps/ThirdPersonExampleMap.umap" TEMPLATE=0 SHOWPROGRESS=1 FEATURELEVEL=3
[2019.11.03-23.13.41:108][  0]LightingResults: New page: Lighting Build
[2019.11.03-23.13.41:111][  0]MapCheck: New page: Map Check
[2019.11.03-23.13.41:111][  0]LightingResults: New page: Lighting Build
[2019.11.03-23.13.41:143][  0]LogUObjectHash: Compacting FUObjectHashTables data took   2.31ms
[2019.11.03-23.13.41:535][  0]LogLinker: Warning: Can't find file '/Game/CastleFortress/Materials/M_Statue'
[2019.11.03-23.13.41:535][  0]LogLinker: Warning: Can't find file for asset '/Game/CastleFortress/Materials/M_Statue' while loading NULL.
[2019.11.03-23.13.41:536][  0]LogLinker: Warning: Can't find file '/Game/CastleFortress/Materials/M_Statue'
[2019.11.03-23.13.41:536][  0]LogLinker: Warning: Can't find file for asset '/Game/CastleFortress/Materials/M_Statue' while loading NULL.
[2019.11.03-23.13.41:648][  0]LogLinker: Warning: Can't find file '/Game/CastleFortress/Materials/M_Statue'
[2019.11.03-23.13.41:648][  0]LoadErrors: Failed to load /Game/CastleFortress/Materials/M_Statue.M_Statue Referenced by SM_Statue_Hooded
[2019.11.03-23.13.41:648][  0]LogLinker: Warning: Can't find file for asset '/Game/CastleFortress/Materials/M_Statue' while loading NULL.
[2019.11.03-23.13.42:797][  0]LogAIModule: Creating AISystem for world ThirdPersonExampleMap
[2019.11.03-23.13.42:889][  0]LogEditorServer: Finished looking for orphan Actors (0.000 secs)
[2019.11.03-23.13.42:935][  0]LogUObjectHash: Compacting FUObjectHashTables data took   6.88ms
[2019.11.03-23.13.42:935][  0]Cmd: MAP CHECKDEP NOCLEARLOG
[2019.11.03-23.13.42:936][  0]MapCheck: Map check complete: 0 Error(s), 0 Warning(s), took 0.26ms to complete.
[2019.11.03-23.13.42:936][  0]LogFileHelpers: Loading map 'ThirdPersonExampleMap' took 1.830
[2019.11.03-23.13.43:098][  0]LogSlate: Updating window title bar state: overlay mode, drag disabled, window buttons hidden, title bar hidden
[2019.11.03-23.13.43:110][  0]LogSlate: Updating window title bar state: overlay mode, drag disabled, window buttons hidden, title bar hidden
[2019.11.03-23.13.43:123][  0]LogSlate: Updating window title bar state: overlay mode, drag disabled, window buttons hidden, title bar hidden
[2019.11.03-23.13.43:136][  0]LogSlate: Updating window title bar state: overlay mode, drag disabled, window buttons hidden, title bar hidden
[2019.11.03-23.13.43:149][  0]LogCollectionManager: Loaded 0 collections in 0.005180 seconds
[2019.11.03-23.13.43:206][  0]LogFileCache: Scanning file cache for directory 'D:/Soul_Like_GitHub/SoulsLike/WhiteRoomCastle/Saved/Collections/' took 0.02s
[2019.11.03-23.13.43:206][  0]LogFileCache: Scanning file cache for directory 'D:/Soul_Like_GitHub/SoulsLike/WhiteRoomCastle/Content/Developers/Admin/Collections/' took 0.02s
[2019.11.03-23.13.43:206][  0]LogFileCache: Scanning file cache for directory 'D:/Soul_Like_GitHub/SoulsLike/WhiteRoomCastle/Content/Collections/' took 0.02s
[2019.11.03-23.13.43:206][  0]LogCollectionManager: Rebuilt the GUID cache for 0 collections in 0.000000 seconds
[2019.11.03-23.13.43:220][  0]LogContentBrowser: Native class hierarchy populated in 0.0141 seconds. Added 2732 classes and 659 folders.
[2019.11.03-23.13.43:234][  0]LogContentBrowser: Native class hierarchy updated for 'WidgetCarousel' in 0.0006 seconds. Added 0 classes and 0 folders.
[2019.11.03-23.13.43:239][  0]LogPakFile: Registered encryption key '00000000000000000000000000000000': 0 pak files mounted, 0 remain pending
[2019.11.03-23.13.43:241][  0]LogPakFile: Registered encryption key '00000000000000000000000000000000': 0 pak files mounted, 0 remain pending
[2019.11.03-23.13.43:243][  0]LogPakFile: Registered encryption key '00000000000000000000000000000000': 0 pak files mounted, 0 remain pending
[2019.11.03-23.13.43:244][  0]LogPakFile: Registered encryption key '00000000000000000000000000000000': 0 pak files mounted, 0 remain pending
[2019.11.03-23.13.43:248][  0]LogPakFile: Registered encryption key '00000000000000000000000000000000': 0 pak files mounted, 0 remain pending
[2019.11.03-23.13.43:252][  0]LogPakFile: Registered encryption key '00000000000000000000000000000000': 0 pak files mounted, 0 remain pending
[2019.11.03-23.13.43:254][  0]LogPakFile: Registered encryption key '00000000000000000000000000000000': 0 pak files mounted, 0 remain pending
[2019.11.03-23.13.43:256][  0]LogPakFile: Registered encryption key '00000000000000000000000000000000': 0 pak files mounted, 0 remain pending
[2019.11.03-23.13.43:258][  0]LogPakFile: Registered encryption key '00000000000000000000000000000000': 0 pak files mounted, 0 remain pending
[2019.11.03-23.13.43:261][  0]LogPakFile: Registered encryption key '00000000000000000000000000000000': 0 pak files mounted, 0 remain pending
[2019.11.03-23.13.43:263][  0]LogPakFile: Registered encryption key '00000000000000000000000000000000': 0 pak files mounted, 0 remain pending
[2019.11.03-23.13.43:268][  0]LogPakFile: Registered encryption key '00000000000000000000000000000000': 0 pak files mounted, 0 remain pending
[2019.11.03-23.13.43:271][  0]LogPakFile: Registered encryption key '00000000000000000000000000000000': 0 pak files mounted, 0 remain pending
[2019.11.03-23.13.43:273][  0]LogPakFile: Registered encryption key '00000000000000000000000000000000': 0 pak files mounted, 0 remain pending
[2019.11.03-23.13.43:274][  0]LogPakFile: Registered encryption key '00000000000000000000000000000000': 0 pak files mounted, 0 remain pending
[2019.11.03-23.13.43:276][  0]LogPakFile: Registered encryption key '00000000000000000000000000000000': 0 pak files mounted, 0 remain pending
[2019.11.03-23.13.43:277][  0]LogPakFile: Registered encryption key '00000000000000000000000000000000': 0 pak files mounted, 0 remain pending
[2019.11.03-23.13.43:280][  0]LogPakFile: Registered encryption key '00000000000000000000000000000000': 0 pak files mounted, 0 remain pending
[2019.11.03-23.13.43:285][  0]LogPakFile: Registered encryption key '00000000000000000000000000000000': 0 pak files mounted, 0 remain pending
[2019.11.03-23.13.43:287][  0]LogPakFile: Registered encryption key '00000000000000000000000000000000': 0 pak files mounted, 0 remain pending
[2019.11.03-23.13.43:289][  0]LogPakFile: Registered encryption key '00000000000000000000000000000000': 0 pak files mounted, 0 remain pending
[2019.11.03-23.13.43:290][  0]LogPakFile: Registered encryption key '00000000000000000000000000000000': 0 pak files mounted, 0 remain pending
[2019.11.03-23.13.43:292][  0]LogPakFile: Registered encryption key '00000000000000000000000000000000': 0 pak files mounted, 0 remain pending
[2019.11.03-23.13.43:294][  0]LogPakFile: Registered encryption key '00000000000000000000000000000000': 0 pak files mounted, 0 remain pending
[2019.11.03-23.13.43:298][  0]LogPakFile: Registered encryption key '00000000000000000000000000000000': 0 pak files mounted, 0 remain pending
[2019.11.03-23.13.43:302][  0]LogPakFile: Registered encryption key '00000000000000000000000000000000': 0 pak files mounted, 0 remain pending
[2019.11.03-23.13.43:557][  0]LogContentBrowser: Native class hierarchy updated for 'AddContentDialog' in 0.0006 seconds. Added 0 classes and 0 folders.
[2019.11.03-23.13.43:572][  0]LogContentBrowser: Native class hierarchy updated for 'SceneOutliner' in 0.0007 seconds. Added 1 classes and 2 folders.
[2019.11.03-23.13.43:810][  0]LogSlate: Took 0.000777 seconds to synchronously load lazily loaded font '../../../Engine/Content/Slate/Fonts/Roboto-Regular.ttf' (155K)
[2019.11.03-23.13.43:816][  0]LogSlate: Took 0.001208 seconds to synchronously load lazily loaded font '../../../Engine/Content/Slate/Fonts/Roboto-Bold.ttf' (160K)
[2019.11.03-23.13.43:829][  0]LogSlate: Took 0.000820 seconds to synchronously load lazily loaded font '../../../Engine/Content/Editor/Slate/Fonts/FontAwesome.ttf' (139K)
[2019.11.03-23.13.44:022][  0]LogRenderer: Reallocating scene render targets to support 1208x572 Format 10 NumSamples 1 (Frame:1).
[2019.11.03-23.13.44:511][  0]LogContentBrowser: Native class hierarchy updated for 'HierarchicalLODOutliner' in 0.0007 seconds. Added 0 classes and 0 folders.
[2019.11.03-23.13.44:512][  0]LogLoad: (Engine Initialization) Total time: 28.01 seconds
[2019.11.03-23.13.44:512][  0]LogLoad: (Engine Initialization) Total Blueprint compile time: 0.00 seconds
[2019.11.03-23.13.44:612][  0]LogContentStreaming: Texture pool size now 1000 MB
[2019.11.03-23.13.44:622][  0]LogSlate: FSceneViewport::OnFocusLost() reason 2
[2019.11.03-23.13.44:684][  0]LogSlate: Took 0.001093 seconds to synchronously load lazily loaded font '../../../Engine/Content/Slate/Fonts/Roboto-Light.ttf' (167K)
[2019.11.03-23.13.44:791][  1]LogAssetRegistry: Asset discovery search completed in 13.7975 seconds
[2019.11.03-23.13.44:796][  1]LogCollectionManager: Rebuilt the object cache for 0 collections in 0.000001 seconds (found 0 objects)
[2019.11.03-23.13.44:796][  1]LogCollectionManager: Fixed up redirectors for 0 collections in 0.000115 seconds (updated 0 objects)
[2019.11.03-23.18.04:645][790]LogSlate: Window 'Message Log' being destroyed
[2019.11.03-23.18.04:688][790]LogSlate: Window 'Message Log' being destroyed
[2019.11.03-23.18.15:849][920]LogSlate: FSceneViewport::OnFocusLost() reason 0
[2019.11.03-23.18.42:278][343]LogSlate: Took 0.000659 seconds to synchronously load lazily loaded font '../../../Engine/Content/Slate/Fonts/Roboto-Light.ttf' (167K)
[2019.11.03-23.18.42:384][343]LogFactory: FactoryCreateFile: Texture with ReimportTextureFactory (0 0 D:\虚幻4素材\T_Brick_Clay_New_N.TGA)
[2019.11.03-23.18.42:546][343]LogTexture: Display: Building textures: T_Brick_Clay_New_N (BC5, 2048X2048)
[2019.11.03-23.18.43:043][343]LogFactory: FactoryCreateFile: Texture with ReimportTextureFactory (0 0 D:\虚幻4素材\T_Brick_Clay_Old_D.TGA)
[2019.11.03-23.18.43:114][343]LogTexture: Display: Building textures: T_Brick_Clay_Old_D (AutoDXT, 2048X2048)
[2019.11.03-23.18.45:428][343]LogFactory: FactoryCreateFile: Texture with ReimportTextureFactory (0 0 D:\虚幻4素材\T_Brick_Clay_Old_N.TGA)
[2019.11.03-23.18.45:529][343]LogTexture: Display: Building textures: T_Brick_Clay_Old_N (BC5, 2048X2048)
[2019.11.03-23.18.46:055][343]LogFactory: FactoryCreateFile: Texture with ReimportTextureFactory (0 0 D:\虚幻4素材\T_Brick_Cut_Stone_D.TGA)
[2019.11.03-23.18.46:106][343]LogTexture: Display: Building textures: T_Brick_Cut_Stone_D (AutoDXT, 2048X2048)
[2019.11.03-23.18.48:475][343]LogFactory: FactoryCreateFile: Texture with ReimportTextureFactory (0 0 D:\虚幻4素材\T_Brick_Cut_Stone_DPSVersion.tga)
[2019.11.03-23.18.48:534][343]LogTexture: Display: Building textures: T_Brick_Cut_Stone_DPSVersion (AutoDXT, 2048X2048)
[2019.11.03-23.18.50:843][343]LogFactory: FactoryCreateFile: Texture with ReimportTextureFactory (0 0 D:\虚幻4素材\T_Brick_Cut_Stone_N.TGA)
[2019.11.03-23.18.50:924][343]LogTexture: Display: Building textures: T_Brick_Cut_Stone_N (BC5, 2048X2048)
[2019.11.03-23.18.51:378][343]LogFactory: FactoryCreateFile: Texture with ReimportTextureFactory (0 0 D:\虚幻4素材\T_Brick_Hewn_Stone_D.TGA)
[2019.11.03-23.18.51:429][343]LogTexture: Display: Building textures: T_Brick_Hewn_Stone_D (AutoDXT, 2048X2048)
[2019.11.03-23.18.53:661][343]LogFactory: FactoryCreateFile: Texture with ReimportTextureFactory (0 0 D:\虚幻4素材\T_Brick_Hewn_Stone_M.TGA)
[2019.11.03-23.18.53:728][343]LogTexture: Display: Building textures: T_Brick_Hewn_Stone_M (AutoDXT, 2048X2048)
[2019.11.03-23.18.56:054][343]LogFactory: FactoryCreateFile: Texture with ReimportTextureFactory (0 0 D:\虚幻4素材\T_Brick_Hewn_Stone_N.TGA)
[2019.11.03-23.18.56:141][343]LogTexture: Display: Building textures: T_Brick_Hewn_Stone_N (BC5, 2048X2048)
[2019.11.03-23.18.56:675][343]LogFactory: FactoryCreateFile: Texture with ReimportTextureFactory (0 0 D:\虚幻4素材\T_BrickWall_A.TGA)
[2019.11.03-23.18.56:748][343]LogTexture: Display: Building textures: T_BrickWall_A (AutoDXT, 2048X2048)
[2019.11.03-23.18.58:772][343]LogFactory: FactoryCreateFile: Texture with ReimportTextureFactory (0 0 D:\虚幻4素材\T_BrickWall_H.TGA)
[2019.11.03-23.18.58:834][343]LogTexture: Display: Building textures: T_BrickWall_H (AutoDXT, 2048X2048)
[2019.11.03-23.18.59:489][343]LogFactory: FactoryCreateFile: Texture with ReimportTextureFactory (0 0 D:\虚幻4素材\T_Brick_Clay_Beveled_D.TGA)
[2019.11.03-23.18.59:542][343]LogTexture: Display: Building textures: T_Brick_Clay_Beveled_D (AutoDXT, 2048X2048)
[2019.11.03-23.19.01:770][343]LogFactory: FactoryCreateFile: Texture with ReimportTextureFactory (0 0 D:\虚幻4素材\T_Brick_Clay_Beveled_M.TGA)
[2019.11.03-23.19.01:834][343]LogTexture: Display: Building textures: T_Brick_Clay_Beveled_M (AutoDXT, 2048X2048)
[2019.11.03-23.19.04:103][343]LogFactory: FactoryCreateFile: Texture with ReimportTextureFactory (0 0 D:\虚幻4素材\T_Brick_Clay_Beveled_N.TGA)
[2019.11.03-23.19.04:179][343]LogTexture: Display: Building textures: T_Brick_Clay_Beveled_N (BC5, 2048X2048)
[2019.11.03-23.19.04:652][343]LogFactory: FactoryCreateFile: Texture with ReimportTextureFactory (0 0 D:\虚幻4素材\T_Brick_Clay_New_D.TGA)
[2019.11.03-23.19.04:705][343]LogTexture: Display: Building textures: T_Brick_Clay_New_D (AutoDXT, 2048X2048)
[2019.11.03-23.19.06:921][343]LogFactory: FactoryCreateFile: Texture with ReimportTextureFactory (0 0 D:\虚幻4素材\T_Brick_Clay_New_M.TGA)
[2019.11.03-23.19.06:987][343]LogTexture: Display: Building textures: T_Brick_Clay_New_M (AutoDXT, 2048X2048)
[2019.11.03-23.19.09:735][347]LogSlate: Took 0.003975 seconds to synchronously load lazily loaded font '../../../Engine/Content/Slate/Fonts/DroidSansFallback.ttf' (3848K)
[2019.11.03-23.19.28:059][630]LogAssetEditorManager: Opening Asset editor for Material /Game/Material/Wall_Material.Wall_Material
[2019.11.03-23.19.28:063][630]LogMaterial: Display: Missing cached shader map for material Wall_Material, compiling. 
[2019.11.03-23.19.28:581][630]LogMaterial: Display: Missing cached shader map for material Wall_Material, compiling. 
[2019.11.03-23.19.28:610][630]LogMaterial: Display: Missing cached shader map for material Wall_Material, compiling. 
[2019.11.03-23.19.28:633][630]LogShaderCompilers: Display: Shaders left to compile 20
[2019.11.03-23.19.28:730][630]LogSlate: Took 0.001047 seconds to synchronously load lazily loaded font '../../../Engine/Content/Slate/Fonts/Roboto-BoldCondensed.ttf' (158K)
[2019.11.03-23.19.31:349][650]LogShaderCompilers: Display: Shaders left to compile 10
[2019.11.03-23.19.34:933][658]MaterialEditorStats: Base pass shader: 107 instructions
[2019.11.03-23.19.34:933][658]MaterialEditorStats: Base pass shader with Volumetric Lightmap: 181 instructions
[2019.11.03-23.19.34:933][658]MaterialEditorStats: Base pass vertex shader: 41 instructions
[2019.11.03-23.19.34:933][658]MaterialEditorStats: Texture samplers: 3/16
[2019.11.03-23.19.36:213][688]LogMaterial: Display: Missing cached shader map for material Wall_Material, compiling. 
[2019.11.03-23.19.36:242][688]LogShaderCompilers: Display: Shaders left to compile 20
[2019.11.03-23.19.36:242][688]LogMaterial: Display: Missing cached shader map for material FMatExpressionPreview MaterialExpressionTextureSample_0, compiling. 
[2019.11.03-23.19.36:288][688]LogMaterial: Display: Missing cached shader map for material FMatExpressionPreview MaterialExpressionTextureSample_0, compiling. 
[2019.11.03-23.19.38:529][697]LogShaderCompilers: Display: Shaders left to compile 10
[2019.11.03-23.19.40:501][719]LogMaterial: Display: Missing cached shader map for material Wall_Material, compiling. 
[2019.11.03-23.19.40:539][719]LogMaterial: Display: Missing cached shader map for material FMatExpressionPreview MaterialExpressionTextureSample_1, compiling. 
[2019.11.03-23.19.40:590][719]LogMaterial: Display: Missing cached shader map for material FMatExpressionPreview MaterialExpressionTextureSample_0, compiling. 
[2019.11.03-23.19.40:609][719]LogMaterial: Display: Missing cached shader map for material FMatExpressionPreview MaterialExpressionTextureSample_1, compiling. 
[2019.11.03-23.19.41:809][729]LogShaderCompilers: Display: Shaders left to compile 20
[2019.11.03-23.19.44:313][750]LogShaderCompilers: Display: Shaders left to compile 10
[2019.11.03-23.19.44:689][753]LogUnrealEdMisc: Warning: Heartbeat event firing too frequently (35.418 sec). This should never happen. Something is wrong with the timer delegate!
[2019.11.03-23.19.45:374][767]LogMaterial: Display: Missing cached shader map for material Wall_Material, compiling. 
[2019.11.03-23.19.45:423][767]LogMaterial: Display: Missing cached shader map for material FMatExpressionPreview MaterialExpressionTextureSample_0, compiling. 
[2019.11.03-23.19.46:671][780]LogShaderCompilers: Display: Shaders left to compile 20
[2019.11.03-23.19.48:826][811]LogShaderCompilers: Display: Shaders left to compile 10
[2019.11.03-23.19.52:605][854]MaterialEditorStats: Base pass shader: 110 instructions
[2019.11.03-23.19.52:605][854]MaterialEditorStats: Base pass shader with Volumetric Lightmap: 184 instructions
[2019.11.03-23.19.52:605][854]MaterialEditorStats: Base pass vertex shader: 45 instructions
[2019.11.03-23.19.52:605][854]MaterialEditorStats: Texture samplers: 4/16
[2019.11.03-23.19.52:605][854]MaterialEditorStats: Texture Lookups (Est.): VS(0), PS(1)
[2019.11.03-23.19.52:605][854]MaterialEditorStats: User interpolators: 2/4 Scalars (1/4 Vectors) (TexCoords: 2, Custom: 0)
[2019.11.03-23.20.26:347][ 99]LogMaterial: Display: Missing cached shader map for material Wall_Material, compiling. 
[2019.11.03-23.20.26:383][ 99]LogShaderCompilers: Display: Shaders left to compile 20
[2019.11.03-23.20.26:383][ 99]LogMaterial: Display: Missing cached shader map for material FMatExpressionPreview MaterialExpressionTextureSample_1, compiling. 
[2019.11.03-23.20.29:442][132]LogShaderCompilers: Display: Shaders left to compile 10
[2019.11.03-23.20.33:002][172]MaterialEditorStats: Base pass shader: 116 instructions
[2019.11.03-23.20.33:003][172]MaterialEditorStats: Base pass shader with Volumetric Lightmap: 190 instructions
[2019.11.03-23.20.33:003][172]MaterialEditorStats: Base pass vertex shader: 45 instructions
[2019.11.03-23.20.33:003][172]MaterialEditorStats: Texture samplers: 5/16
[2019.11.03-23.20.33:003][172]MaterialEditorStats: Texture Lookups (Est.): VS(0), PS(2)
[2019.11.03-23.20.33:003][172]MaterialEditorStats: User interpolators: 2/4 Scalars (1/4 Vectors) (TexCoords: 2, Custom: 0)
[2019.11.03-23.20.37:364][222]LogMaterialEditor: Applying material Wall_Material
[2019.11.03-23.20.38:204][222]LogMaterial: Display: Missing cached shader map for material Wall_Material, compiling. 
[2019.11.03-23.20.38:280][222]LogShaderCompilers: Display: Shaders left to compile 20
[2019.11.03-23.20.38:332][222]LogMaterial: Display: Missing cached shader map for material Wall_Material, compiling. 
[2019.11.03-23.20.38:376][222]LogMaterial: Display: Missing cached shader map for material Wall_Material, compiling. 
[2019.11.03-23.20.38:447][222]LogUObjectHash: Compacting FUObjectHashTables data took   4.29ms
[2019.11.03-23.20.38:462][222]LogMaterial: Display: Missing cached shader map for material DebugViewMode MaterialTexCoordScale, compiling. 
[2019.11.03-23.20.41:970][222]LogShaderCompilers: Display: Shaders left to compile 40
[2019.11.03-23.20.41:970][222]LogShaderCompilers: Display: Shaders left to compile 30
[2019.11.03-23.20.41:983][222]TextureStreamingBuild: Display: Compiling optional shaders took 3.536 seconds.
[2019.11.03-23.20.42:024][222]LogUObjectHash: Compacting FUObjectHashTables data took   0.96ms
[2019.11.03-23.20.44:682][244]LogSlate: Window 'Wall_Material' being destroyed
[2019.11.03-23.20.44:790][244]LogSlate: Window 'Wall_Material' being destroyed
[2019.11.03-23.20.50:303][399]LogSlate: FSceneViewport::OnFocusLost() reason 0
[2019.11.03-23.20.51:065][423]LogMaterial: Warning: Material /Game/Material/Wall_Material.Wall_Material needed to have new flag set bUsedWithStaticLighting !
[2019.11.03-23.20.51:075][423]LogMaterial: Display: Missing cached shader map for material Wall_Material, compiling. 
[2019.11.03-23.20.51:211][423]LogWindows: Windows GetLastError: The operation completed successfully. (0)
[2019.11.03-23.21.06:065][423]LogOutputDevice: Warning: 

Script Stack (0 frames):

[2019.11.03-23.21.06:065][423]LogWindows: Windows GetLastError: The operation completed successfully. (0)
[2019.11.03-23.21.06:323][423]LogWindows: Error: === Critical error: ===
[2019.11.03-23.21.06:323][423]LogWindows: Error: 
[2019.11.03-23.21.06:323][423]LogWindows: Error: Fatal error: [File:D:\Build\++UE4\Sync\Engine\Source\Runtime\RenderCore\Private\RenderingThread.cpp] [Line: 819] 
[2019.11.03-23.21.06:323][423]LogWindows: Error: Rendering thread exception:
[2019.11.03-23.21.06:323][423]LogWindows: Error: Assertion failed: !BatchElement.IndexBuffer || (BatchElement.IndexBuffer && BatchElement.IndexBuffer->IsInitialized() && BatchElement.IndexBuffer->IndexBufferRHI) [File:D:\Build\++UE4\Sync\Engine\Source\Runtime\Renderer\Private\MeshPassProcessor.cpp] [Line: 775] 
[2019.11.03-23.21.06:323][423]LogWindows: Error: 
[2019.11.03-23.21.06:323][423]LogWindows: Error: 
[2019.11.03-23.21.06:323][423]LogWindows: Error: 
[2019.11.03-23.21.06:323][423]LogWindows: Error: [Callstack] 0x00007ff824af9129 KERNELBASE.dll!UnknownFunction []
[2019.11.03-23.21.06:324][423]LogWindows: Error: [Callstack] 0x00007fffbde81f37 UE4Editor-Core.dll!UnknownFunction []
[2019.11.03-23.21.06:324][423]LogWindows: Error: [Callstack] 0x00007fffbde846e7 UE4Editor-Core.dll!UnknownFunction []
[2019.11.03-23.21.06:324][423]LogWindows: Error: [Callstack] 0x00007fffbdc97d1a UE4Editor-Core.dll!UnknownFunction []
[2019.11.03-23.21.06:324][423]LogWindows: Error: [Callstack] 0x00007fffbdc1fe33 UE4Editor-Core.dll!UnknownFunction []
[2019.11.03-23.21.06:324][423]LogWindows: Error: [Callstack] 0x00007fffbdc204d0 UE4Editor-Core.dll!UnknownFunction []
[2019.11.03-23.21.06:324][423]LogWindows: Error: [Callstack] 0x00007fffa90be172 UE4Editor-Renderer.dll!UnknownFunction []
[2019.11.03-23.21.06:324][423]LogWindows: Error: [Callstack] 0x00007fffa9082d12 UE4Editor-Renderer.dll!UnknownFunction []
[2019.11.03-23.21.06:324][423]LogWindows: Error: [Callstack] 0x00007fffa8f2dd6c UE4Editor-Renderer.dll!UnknownFunction []
[2019.11.03-23.21.06:324][423]LogWindows: Error: [Callstack] 0x00007fffa8f31a57 UE4Editor-Renderer.dll!UnknownFunction []
[2019.11.03-23.21.06:324][423]LogWindows: Error: [Callstack] 0x00007fffa8f3dcfe UE4Editor-Renderer.dll!UnknownFunction []
[2019.11.03-23.21.06:324][423]LogWindows: Error: [Callstack] 0x00007fffa9309d53 UE4Editor-Renderer.dll!UnknownFunction []
[2019.11.03-23.21.06:324][423]LogWindows: Error: [Callstack] 0x00007fffa9344be5 UE4Editor-Renderer.dll!UnknownFunction []
[2019.11.03-23.21.06:324][423]LogWindows: Error: [Callstack] 0x00007fffa93a20bc UE4Editor-Renderer.dll!UnknownFunction []
[2019.11.03-23.21.06:324][423]LogWindows: Error: [Callstack] 0x00007fffbdaa22d8 UE4Editor-Core.dll!UnknownFunction []
[2019.11.03-23.21.06:324][423]LogWindows: Error: [Callstack] 0x00007fffbdaa2563 UE4Editor-Core.dll!UnknownFunction []
[2019.11.03-23.21.06:324][423]LogWindows: Error: [Callstack] 0x00007fffeac959f1 UE4Editor-RenderCore.dll!UnknownFunction []
[2019.11.03-23.21.06:324][423]LogWindows: Error: [Callstack] 0x00007fffeac9c184 UE4Editor-RenderCore.dll!UnknownFunction []
[2019.11.03-23.21.06:324][423]LogWindows: Error: [Callstack] 0x00007fffbde94b3f UE4Editor-Core.dll!UnknownFunction []
[2019.11.03-23.21.06:324][423]LogWindows: Error: [Callstack] 0x00007fffbde908a7 UE4Editor-Core.dll!UnknownFunction []
[2019.11.03-23.21.06:324][423]LogWindows: Error: [Callstack] 0x00007ff8286e7974 KERNEL32.DLL!UnknownFunction []
[2019.11.03-23.21.06:324][423]LogWindows: Error: [Callstack] 0x00007ff82885a271 ntdll.dll!UnknownFunction []
[2019.11.03-23.21.06:324][423]LogWindows: Error: 
[2019.11.03-23.21.06:324][423]LogWindows: Error: 
[2019.11.03-23.21.06:324][423]LogWindows: Error: 
[2019.11.03-23.21.06:324][423]LogWindows: Error: 
[2019.11.03-23.21.06:517][423]LogExit: Executing StaticShutdownAfterError
[2019.11.03-23.21.06:544][423]LogWindows: FPlatformMisc::RequestExit(1)
[2019.11.03-23.21.06:575][423]Log file closed, 11/03/19 18:21:06
