Log file open, 11/05/19 00:38:53
LogWindows: Failed to load 'aqProf.dll' (GetLastError=126)
LogWindows: File 'aqProf.dll' does not exist
LogWindows: Failed to load 'VtuneApi.dll' (GetLastError=126)
LogWindows: File 'VtuneApi.dll' does not exist
LogWindows: Failed to load 'VtuneApi32e.dll' (GetLastError=126)
LogWindows: File 'VtuneApi32e.dll' does not exist
LogConsoleResponse: Display: Failed to find resolution value strings in scalability ini. Falling back to default.
LogInit: Display: Running engine for game: WhiteRoomCastle
LogPakFile: Registered encryption key '00000000000000000000000000000000': 0 pak files mounted, 0 remain pending
LogPlatformFile: Not using cached read wrapper
LogTaskGraph: Started task graph with 5 named threads and 23 total threads with 3 sets of task threads.
LogStats: Stats thread started at 0.368565
LogD3D11RHI: Loaded GFSDK_Aftermath_Lib.x64.dll
LogICUInternationalization: ICU TimeZone Detection - Raw Offset: -5:00, Platform Override: ''
LogPluginManager: Mounting plugin Paper2D
LogPluginManager: Mounting plugin AISupport
LogPluginManager: Mounting plugin LightPropagationVolume
LogPluginManager: Mounting plugin ActorLayerUtilities
LogPluginManager: Mounting plugin AnimationSharing
LogPluginManager: Mounting plugin CLionSourceCodeAccess
LogPluginManager: Mounting plugin CodeLiteSourceCodeAccess
LogPluginManager: Mounting plugin GitSourceControl
LogPluginManager: Mounting plugin KDevelopSourceCodeAccess
LogPluginManager: Mounting plugin NullSourceCodeAccess
LogPluginManager: Mounting plugin PerforceSourceControl
LogPluginManager: Mounting plugin SubversionSourceControl
LogPluginManager: Mounting plugin UObjectPlugin
LogPluginManager: Mounting plugin VisualStudioCodeSourceCodeAccess
LogPluginManager: Mounting plugin VisualStudioSourceCodeAccess
LogPluginManager: Mounting plugin XCodeSourceCodeAccess
LogPluginManager: Mounting plugin AssetManagerEditor
LogPluginManager: Mounting plugin CryptoKeys
LogPluginManager: Mounting plugin DataValidation
LogPluginManager: Mounting plugin FacialAnimation
LogPluginManager: Mounting plugin GameplayTagsEditor
LogPluginManager: Mounting plugin MacGraphicsSwitching
LogPluginManager: Mounting plugin MaterialAnalyzer
LogPluginManager: Mounting plugin MobileLauncherProfileWizard
LogPluginManager: Mounting plugin PluginBrowser
LogPluginManager: Mounting plugin SpeedTreeImporter
LogPluginManager: Mounting plugin DatasmithContent
LogPluginManager: Mounting plugin VariantManagerContent
LogPluginManager: Mounting plugin AlembicImporter
LogPluginManager: Mounting plugin AppleImageUtils
LogPluginManager: Mounting plugin AppleVision
LogPluginManager: Mounting plugin BackChannel
LogPluginManager: Mounting plugin CharacterAI
LogPluginManager: Mounting plugin GeometryCache
LogPluginManager: Mounting plugin HTML5Networking
LogPluginManager: Mounting plugin ProxyLODPlugin
LogPluginManager: Mounting plugin SkeletalReduction
LogPluginManager: Mounting plugin MagicLeap
LogPluginManager: Mounting plugin MagicLeapMedia
LogPluginManager: Mounting plugin AndroidMedia
LogPluginManager: Mounting plugin AvfMedia
LogPluginManager: Mounting plugin ImgMedia
LogPluginManager: Mounting plugin LinearTimecode
LogPluginManager: Mounting plugin MediaCompositing
LogPluginManager: Mounting plugin MediaPlayerEditor
LogPluginManager: Mounting plugin WebMMedia
LogPluginManager: Mounting plugin WmfMedia
LogPluginManager: Mounting plugin TcpMessaging
LogPluginManager: Mounting plugin UdpMessaging
LogPluginManager: Mounting plugin ActorSequence
LogPluginManager: Mounting plugin LevelSequenceEditor
LogPluginManager: Mounting plugin MatineeToLevelSequence
LogPluginManager: Mounting plugin NetcodeUnitTest
LogPluginManager: Mounting plugin NUTUnrealEngine4
LogPluginManager: Mounting plugin OnlineSubsystemGooglePlay
LogPluginManager: Mounting plugin OnlineSubsystemIOS
LogPluginManager: Mounting plugin OnlineSubsystem
LogPluginManager: Mounting plugin OnlineSubsystemNull
LogPluginManager: Mounting plugin OnlineSubsystemUtils
LogPluginManager: Mounting plugin LauncherChunkInstaller
LogPluginManager: Mounting plugin AndroidDeviceProfileSelector
LogPluginManager: Mounting plugin AndroidMoviePlayer
LogPluginManager: Mounting plugin AndroidPermission
LogPluginManager: Mounting plugin AppleMoviePlayer
LogPluginManager: Mounting plugin ArchVisCharacter
LogPluginManager: Mounting plugin AudioCapture
LogPluginManager: Mounting plugin CableComponent
LogPluginManager: Mounting plugin CustomMeshComponent
LogPluginManager: Mounting plugin EditableMesh
LogPluginManager: Mounting plugin ExampleDeviceProfileSelector
LogPluginManager: Mounting plugin Firebase
LogPluginManager: Mounting plugin GoogleCloudMessaging
LogPluginManager: Mounting plugin IOSDeviceProfileSelector
LogPluginManager: Mounting plugin LinuxDeviceProfileSelector
LogPluginManager: Mounting plugin LocationServicesBPLibrary
LogPluginManager: Mounting plugin MobilePatchingUtils
LogPluginManager: Mounting plugin OculusVR
LogPluginManager: Mounting plugin PhysXVehicles
LogPluginManager: Mounting plugin ProceduralMeshComponent
LogPluginManager: Mounting plugin RuntimePhysXCooking
LogPluginManager: Mounting plugin SignificanceManager
LogPluginManager: Mounting plugin SteamVR
LogPluginManager: Mounting plugin WebMMoviePlayer
LogPluginManager: Mounting plugin WindowsMoviePlayer
LogInit: Using libcurl 7.55.1-DEV
LogInit:  - built for x86_64-pc-win32
LogInit:  - supports SSL with OpenSSL/1.1.1
LogInit:  - supports HTTP deflate (compression) using libz 1.2.8
LogInit:  - other features:
LogInit:      CURL_VERSION_SSL
LogInit:      CURL_VERSION_LIBZ
LogInit:      CURL_VERSION_IPV6
LogInit:      CURL_VERSION_ASYNCHDNS
LogInit:      CURL_VERSION_LARGEFILE
LogInit:      CURL_VERSION_IDN
LogInit:  CurlRequestOptions (configurable via config and command line):
LogInit:  - bVerifyPeer = true  - Libcurl will verify peer certificate
LogInit:  - bUseHttpProxy = false  - Libcurl will NOT use HTTP proxy
LogInit:  - bDontReuseConnections = false  - Libcurl will reuse connections
LogInit:  - MaxHostConnections = 16  - Libcurl will limit the number of connections to a host
LogInit:  - LocalHostAddr = Default
LogInit:  - BufferSize = 65536
LogInit: WinSock: version 1.1 (2.2), MaxSocks=32767, MaxUdp=65467
LogInit: Build: ++UE4+Release-4.22-CL-7053642
LogInit: Engine Version: 4.22.3-7053642+++UE4+Release-4.22
LogInit: Compatible Engine Version: 4.22.0-5660361+++UE4+Release-4.22
LogInit: Net CL: 5660361
LogInit: OS: Windows 10 (Release 1809) (), CPU: Intel(R) Core(TM) i7-7700HQ CPU @ 2.80GHz, GPU: Intel(R) HD Graphics 630
LogInit: Compiled (64-bit): Jun 18 2019 03:09:11
LogInit: Compiled with Visual C++: 19.16.27025.01
LogInit: Build Configuration: Development
LogInit: Branch Name: ++UE4+Release-4.22
LogInit: Command Line: 
LogInit: Base Directory: D:/Unreal/UE_4.22/Engine/Binaries/Win64/
LogInit: Installed Engine Build: 1
LogDevObjectVersion: Number of dev versions registered: 23
LogDevObjectVersion:   Dev-Blueprints (B0D832E4-1F89-4F0D-ACCF-7EB736FD4AA2): 10
LogDevObjectVersion:   Dev-Build (E1C64328-A22C-4D53-A36C-8E866417BD8C): 0
LogDevObjectVersion:   Dev-Core (375EC13C-06E4-48FB-B500-84F0262A717E): 3
LogDevObjectVersion:   Dev-Editor (E4B068ED-F494-42E9-A231-DA0B2E46BB41): 30
LogDevObjectVersion:   Dev-Framework (CFFC743F-43B0-4480-9391-14DF171D2073): 35
LogDevObjectVersion:   Dev-Mobile (B02B49B5-BB20-44E9-A304-32B752E40360): 2
LogDevObjectVersion:   Dev-Networking (A4E4105C-59A1-49B5-A7C5-40C4547EDFEE): 0
LogDevObjectVersion:   Dev-Online (39C831C9-5AE6-47DC-9A44-9C173E1C8E7C): 0
LogDevObjectVersion:   Dev-Physics (78F01B33-EBEA-4F98-B9B4-84EACCB95AA2): 0
LogDevObjectVersion:   Dev-Platform (6631380F-2D4D-43E0-8009-CF276956A95A): 0
LogDevObjectVersion:   Dev-Rendering (12F88B9F-8875-4AFC-A67C-D90C383ABD29): 28
LogDevObjectVersion:   Dev-Sequencer (7B5AE74C-D270-4C10-A958-57980B212A5A): 11
LogDevObjectVersion:   Dev-VR (D7296918-1DD6-4BDD-9DE2-64A83CC13884): 2
LogDevObjectVersion:   Dev-LoadTimes (C2A15278-BFE7-4AFE-6C17-90FF531DF755): 1
LogDevObjectVersion:   Private-Geometry (6EACA3D4-40EC-4CC1-B786-8BED09428FC5): 3
LogDevObjectVersion:   Dev-AnimPhys (29E575DD-E0A3-4627-9D10-D276232CDCEA): 17
LogDevObjectVersion:   Dev-Anim (AF43A65D-7FD3-4947-9873-3E8ED9C1BB05): 2
LogDevObjectVersion:   Dev-ReflectionCapture (6B266CEC-1EC7-4B8F-A30B-E4D90942FC07): 1
LogDevObjectVersion:   Dev-Automation (0DF73D61-A23F-47EA-B727-89E90C41499A): 1
LogDevObjectVersion:   FortniteMain (601D1886-AC64-4F84-AA16-D3DE0DEAC7D6): 25
LogDevObjectVersion:   Dev-Enterprise (9DFFBCD6-494F-0158-E221-12823C92A888): 6
LogDevObjectVersion:   Dev-Niagara (F2AED0AC-9AFE-416F-8664-AA7FFA26D6FC): 1
LogDevObjectVersion:   Dev-Destruction (174F1F0B-B4C6-45A5-B13F-2EE8D0FB917D): 2
LogInit: Presizing for max 16777216 objects, including 0 objects not considered by GC, pre-allocating 0 bytes for permanent pool.
LogInit: Object subsystem initialized
LogConfig: Setting CVar [[con.DebugEarlyDefault:1]]
LogConfig: Setting CVar [[r.setres:1280x720]]
[2019.11.05-05.38.54:434][  0]LogConfig: Setting CVar [[r.VSync:0]]
[2019.11.05-05.38.54:434][  0]LogConfig: Setting CVar [[r.RHICmdBypass:0]]
[2019.11.05-05.38.54:435][  0]LogConfig: Applying CVar settings from Section [/Script/Engine.RendererSettings] File [D:/Soul_Like_GitHub/SoulsLike/WhiteRoomCastle/Saved/Config/Windows/Engine.ini]
[2019.11.05-05.38.54:435][  0]LogConfig: Setting CVar [[r.GPUCrashDebugging:0]]
[2019.11.05-05.38.54:435][  0]LogConfig: Applying CVar settings from Section [/Script/Engine.RendererOverrideSettings] File [D:/Soul_Like_GitHub/SoulsLike/WhiteRoomCastle/Saved/Config/Windows/Engine.ini]
[2019.11.05-05.38.54:435][  0]LogConfig: Applying CVar settings from Section [/Script/Engine.StreamingSettings] File [D:/Soul_Like_GitHub/SoulsLike/WhiteRoomCastle/Saved/Config/Windows/Engine.ini]
[2019.11.05-05.38.54:435][  0]LogConfig: Setting CVar [[s.MinBulkDataSizeForAsyncLoading:131072]]
[2019.11.05-05.38.54:435][  0]LogConfig: Setting CVar [[s.AsyncLoadingThreadEnabled:0]]
[2019.11.05-05.38.54:435][  0]LogConfig: Setting CVar [[s.EventDrivenLoaderEnabled:1]]
[2019.11.05-05.38.54:435][  0]LogConfig: Setting CVar [[s.WarnIfTimeLimitExceeded:0]]
[2019.11.05-05.38.54:435][  0]LogConfig: Setting CVar [[s.TimeLimitExceededMultiplier:1.5]]
[2019.11.05-05.38.54:435][  0]LogConfig: Setting CVar [[s.TimeLimitExceededMinTime:0.005]]
[2019.11.05-05.38.54:435][  0]LogConfig: Setting CVar [[s.UseBackgroundLevelStreaming:1]]
[2019.11.05-05.38.54:435][  0]LogConfig: Setting CVar [[s.PriorityAsyncLoadingExtraTime:15.0]]
[2019.11.05-05.38.54:435][  0]LogConfig: Setting CVar [[s.LevelStreamingActorsUpdateTimeLimit:5.0]]
[2019.11.05-05.38.54:435][  0]LogConfig: Setting CVar [[s.PriorityLevelStreamingActorsUpdateExtraTime:5.0]]
[2019.11.05-05.38.54:435][  0]LogConfig: Setting CVar [[s.LevelStreamingComponentsRegistrationGranularity:10]]
[2019.11.05-05.38.54:435][  0]LogConfig: Setting CVar [[s.UnregisterComponentsTimeLimit:1.0]]
[2019.11.05-05.38.54:435][  0]LogConfig: Setting CVar [[s.LevelStreamingComponentsUnregistrationGranularity:5]]
[2019.11.05-05.38.54:435][  0]LogConfig: Applying CVar settings from Section [/Script/Engine.GarbageCollectionSettings] File [D:/Soul_Like_GitHub/SoulsLike/WhiteRoomCastle/Saved/Config/Windows/Engine.ini]
[2019.11.05-05.38.54:435][  0]LogConfig: Setting CVar [[gc.MaxObjectsNotConsideredByGC:1]]
[2019.11.05-05.38.54:435][  0]LogConfig: Setting CVar [[gc.SizeOfPermanentObjectPool:0]]
[2019.11.05-05.38.54:435][  0]LogConfig: Setting CVar [[gc.FlushStreamingOnGC:0]]
[2019.11.05-05.38.54:435][  0]LogConfig: Setting CVar [[gc.NumRetriesBeforeForcingGC:10]]
[2019.11.05-05.38.54:435][  0]LogConfig: Setting CVar [[gc.AllowParallelGC:1]]
[2019.11.05-05.38.54:435][  0]LogConfig: Setting CVar [[gc.TimeBetweenPurgingPendingKillObjects:61.1]]
[2019.11.05-05.38.54:435][  0]LogConfig: Setting CVar [[gc.MaxObjectsInEditor:16777216]]
[2019.11.05-05.38.54:435][  0]LogConfig: Setting CVar [[gc.IncrementalBeginDestroyEnabled:1]]
[2019.11.05-05.38.54:435][  0]LogConfig: Setting CVar [[gc.CreateGCClusters:1]]
[2019.11.05-05.38.54:435][  0]LogConfig: Setting CVar [[gc.MinGCClusterSize:5]]
[2019.11.05-05.38.54:435][  0]LogConfig: Setting CVar [[gc.ActorClusteringEnabled:0]]
[2019.11.05-05.38.54:435][  0]LogConfig: Setting CVar [[gc.BlueprintClusteringEnabled:0]]
[2019.11.05-05.38.54:435][  0]LogConfig: Setting CVar [[gc.UseDisregardForGCOnDedicatedServers:0]]
[2019.11.05-05.38.54:435][  0]LogConfig: Applying CVar settings from Section [/Script/Engine.NetworkSettings] File [D:/Soul_Like_GitHub/SoulsLike/WhiteRoomCastle/Saved/Config/Windows/Engine.ini]
[2019.11.05-05.38.54:435][  0]LogConfig: Applying CVar settings from Section [/Script/UnrealEd.CookerSettings] File [D:/Soul_Like_GitHub/SoulsLike/WhiteRoomCastle/Saved/Config/Windows/Engine.ini]
[2019.11.05-05.38.54:445][  0]LogConfig: Applying CVar settings from Section [ViewDistanceQuality@3] File [D:/Soul_Like_GitHub/SoulsLike/WhiteRoomCastle/Saved/Config/Windows/Scalability.ini]
[2019.11.05-05.38.54:445][  0]LogConfig: Setting CVar [[r.SkeletalMeshLODBias:0]]
[2019.11.05-05.38.54:445][  0]LogConfig: Setting CVar [[r.ViewDistanceScale:1.0]]
[2019.11.05-05.38.54:445][  0]LogConfig: Applying CVar settings from Section [AntiAliasingQuality@3] File [D:/Soul_Like_GitHub/SoulsLike/WhiteRoomCastle/Saved/Config/Windows/Scalability.ini]
[2019.11.05-05.38.54:445][  0]LogConfig: Setting CVar [[r.PostProcessAAQuality:4]]
[2019.11.05-05.38.54:445][  0]LogConfig: Applying CVar settings from Section [ShadowQuality@3] File [D:/Soul_Like_GitHub/SoulsLike/WhiteRoomCastle/Saved/Config/Windows/Scalability.ini]
[2019.11.05-05.38.54:445][  0]LogConfig: Setting CVar [[r.LightFunctionQuality:1]]
[2019.11.05-05.38.54:445][  0]LogConfig: Setting CVar [[r.ShadowQuality:5]]
[2019.11.05-05.38.54:445][  0]LogConfig: Setting CVar [[r.Shadow.CSM.MaxCascades:10]]
[2019.11.05-05.38.54:445][  0]LogConfig: Setting CVar [[r.Shadow.MaxResolution:2048]]
[2019.11.05-05.38.54:445][  0]LogConfig: Setting CVar [[r.Shadow.MaxCSMResolution:2048]]
[2019.11.05-05.38.54:445][  0]LogConfig: Setting CVar [[r.Shadow.RadiusThreshold:0.01]]
[2019.11.05-05.38.54:445][  0]LogConfig: Setting CVar [[r.Shadow.DistanceScale:1.0]]
[2019.11.05-05.38.54:445][  0]LogConfig: Setting CVar [[r.Shadow.CSM.TransitionScale:1.0]]
[2019.11.05-05.38.54:445][  0]LogConfig: Setting CVar [[r.Shadow.PreShadowResolutionFactor:1.0]]
[2019.11.05-05.38.54:445][  0]LogConfig: Setting CVar [[r.DistanceFieldShadowing:1]]
[2019.11.05-05.38.54:445][  0]LogConfig: Setting CVar [[r.DistanceFieldAO:1]]
[2019.11.05-05.38.54:445][  0]LogConfig: Setting CVar [[r.AOQuality:2]]
[2019.11.05-05.38.54:445][  0]LogConfig: Setting CVar [[r.VolumetricFog:1]]
[2019.11.05-05.38.54:445][  0]LogConfig: Setting CVar [[r.VolumetricFog.GridPixelSize:8]]
[2019.11.05-05.38.54:445][  0]LogConfig: Setting CVar [[r.VolumetricFog.GridSizeZ:128]]
[2019.11.05-05.38.54:445][  0]LogConfig: Setting CVar [[r.VolumetricFog.HistoryMissSupersampleCount:4]]
[2019.11.05-05.38.54:445][  0]LogConfig: Setting CVar [[r.LightMaxDrawDistanceScale:1]]
[2019.11.05-05.38.54:445][  0]LogConfig: Setting CVar [[r.CapsuleShadows:1]]
[2019.11.05-05.38.54:445][  0]LogConfig: Applying CVar settings from Section [PostProcessQuality@3] File [D:/Soul_Like_GitHub/SoulsLike/WhiteRoomCastle/Saved/Config/Windows/Scalability.ini]
[2019.11.05-05.38.54:445][  0]LogConfig: Setting CVar [[r.MotionBlurQuality:4]]
[2019.11.05-05.38.54:445][  0]LogConfig: Setting CVar [[r.AmbientOcclusionMipLevelFactor:0.4]]
[2019.11.05-05.38.54:445][  0]LogConfig: Setting CVar [[r.AmbientOcclusionMaxQuality:100]]
[2019.11.05-05.38.54:445][  0]LogConfig: Setting CVar [[r.AmbientOcclusionLevels:-1]]
[2019.11.05-05.38.54:445][  0]LogConfig: Setting CVar [[r.AmbientOcclusionRadiusScale:1.0]]
[2019.11.05-05.38.54:445][  0]LogConfig: Setting CVar [[r.DepthOfFieldQuality:2]]
[2019.11.05-05.38.54:445][  0]LogConfig: Setting CVar [[r.RenderTargetPoolMin:400]]
[2019.11.05-05.38.54:445][  0]LogConfig: Setting CVar [[r.LensFlareQuality:2]]
[2019.11.05-05.38.54:445][  0]LogConfig: Setting CVar [[r.SceneColorFringeQuality:1]]
[2019.11.05-05.38.54:445][  0]LogConfig: Setting CVar [[r.EyeAdaptationQuality:2]]
[2019.11.05-05.38.54:446][  0]LogConfig: Setting CVar [[r.BloomQuality:5]]
[2019.11.05-05.38.54:446][  0]LogConfig: Setting CVar [[r.FastBlurThreshold:100]]
[2019.11.05-05.38.54:446][  0]LogConfig: Setting CVar [[r.Upscale.Quality:3]]
[2019.11.05-05.38.54:446][  0]LogConfig: Setting CVar [[r.Tonemapper.GrainQuantization:1]]
[2019.11.05-05.38.54:446][  0]LogConfig: Setting CVar [[r.LightShaftQuality:1]]
[2019.11.05-05.38.54:446][  0]LogConfig: Setting CVar [[r.Filter.SizeScale:1]]
[2019.11.05-05.38.54:446][  0]LogConfig: Setting CVar [[r.Tonemapper.Quality:5]]
[2019.11.05-05.38.54:446][  0]LogConfig: Setting CVar [[r.DOF.Gather.AccumulatorQuality:1        ; higher gathering accumulator quality]]
[2019.11.05-05.38.54:446][  0]LogConfig: Setting CVar [[r.DOF.Gather.PostfilterMethod:1          ; Median3x3 postfilering method]]
[2019.11.05-05.38.54:446][  0]LogConfig: Setting CVar [[r.DOF.Gather.EnableBokehSettings:0       ; no bokeh simulation when gathering]]
[2019.11.05-05.38.54:446][  0]LogConfig: Setting CVar [[r.DOF.Gather.RingCount:4                 ; medium number of samples when gathering]]
[2019.11.05-05.38.54:446][  0]LogConfig: Setting CVar [[r.DOF.Scatter.ForegroundCompositing:1    ; additive foreground scattering]]
[2019.11.05-05.38.54:446][  0]LogConfig: Setting CVar [[r.DOF.Scatter.BackgroundCompositing:2    ; additive background scattering]]
[2019.11.05-05.38.54:446][  0]LogConfig: Setting CVar [[r.DOF.Scatter.EnableBokehSettings:1      ; bokeh simulation when scattering]]
[2019.11.05-05.38.54:446][  0]LogConfig: Setting CVar [[r.DOF.Scatter.MaxSpriteRatio:0.1         ; only a maximum of 10% of scattered bokeh]]
[2019.11.05-05.38.54:446][  0]LogConfig: Setting CVar [[r.DOF.Recombine.Quality:1                ; cheap slight out of focus]]
[2019.11.05-05.38.54:446][  0]LogConfig: Setting CVar [[r.DOF.Recombine.EnableBokehSettings:0    ; no bokeh simulation on slight out of focus]]
[2019.11.05-05.38.54:446][  0]LogConfig: Setting CVar [[r.DOF.TemporalAAQuality:1                ; more stable temporal accumulation]]
[2019.11.05-05.38.54:446][  0]LogConfig: Setting CVar [[r.DOF.Kernel.MaxForegroundRadius:0.025]]
[2019.11.05-05.38.54:446][  0]LogConfig: Setting CVar [[r.DOF.Kernel.MaxBackgroundRadius:0.025]]
[2019.11.05-05.38.54:446][  0]LogConfig: Applying CVar settings from Section [TextureQuality@3] File [D:/Soul_Like_GitHub/SoulsLike/WhiteRoomCastle/Saved/Config/Windows/Scalability.ini]
[2019.11.05-05.38.54:446][  0]LogConfig: Setting CVar [[r.Streaming.MipBias:0]]
[2019.11.05-05.38.54:446][  0]LogConfig: Setting CVar [[r.Streaming.AmortizeCPUToGPUCopy:0]]
[2019.11.05-05.38.54:446][  0]LogConfig: Setting CVar [[r.Streaming.MaxNumTexturesToStreamPerFrame:0]]
[2019.11.05-05.38.54:446][  0]LogConfig: Setting CVar [[r.Streaming.Boost:1]]
[2019.11.05-05.38.54:446][  0]LogConfig: Setting CVar [[r.MaxAnisotropy:8]]
[2019.11.05-05.38.54:446][  0]LogConfig: Setting CVar [[r.Streaming.LimitPoolSizeToVRAM:0]]
[2019.11.05-05.38.54:446][  0]LogConfig: Setting CVar [[r.Streaming.PoolSize:1000]]
[2019.11.05-05.38.54:446][  0]LogConfig: Setting CVar [[r.Streaming.MaxEffectiveScreenSize:0]]
[2019.11.05-05.38.54:446][  0]LogConfig: Applying CVar settings from Section [EffectsQuality@3] File [D:/Soul_Like_GitHub/SoulsLike/WhiteRoomCastle/Saved/Config/Windows/Scalability.ini]
[2019.11.05-05.38.54:446][  0]LogConfig: Setting CVar [[r.TranslucencyLightingVolumeDim:64]]
[2019.11.05-05.38.54:446][  0]LogConfig: Setting CVar [[r.RefractionQuality:2]]
[2019.11.05-05.38.54:446][  0]LogConfig: Setting CVar [[r.SSR.Quality:3]]
[2019.11.05-05.38.54:446][  0]LogConfig: Setting CVar [[r.SceneColorFormat:4]]
[2019.11.05-05.38.54:446][  0]LogConfig: Setting CVar [[r.DetailMode:2]]
[2019.11.05-05.38.54:446][  0]LogConfig: Setting CVar [[r.TranslucencyVolumeBlur:1]]
[2019.11.05-05.38.54:446][  0]LogConfig: Setting CVar [[r.MaterialQualityLevel:1 ; High quality]]
[2019.11.05-05.38.54:446][  0]LogConfig: Setting CVar [[r.SSS.Scale:1]]
[2019.11.05-05.38.54:446][  0]LogConfig: Setting CVar [[r.SSS.SampleSet:2]]
[2019.11.05-05.38.54:446][  0]LogConfig: Setting CVar [[r.SSS.Quality:1]]
[2019.11.05-05.38.54:446][  0]LogConfig: Setting CVar [[r.SSS.HalfRes:1]]
[2019.11.05-05.38.54:446][  0]LogConfig: Setting CVar [[r.EmitterSpawnRateScale:1.0]]
[2019.11.05-05.38.54:446][  0]LogConfig: Setting CVar [[r.ParticleLightQuality:2]]
[2019.11.05-05.38.54:446][  0]LogConfig: Applying CVar settings from Section [FoliageQuality@3] File [D:/Soul_Like_GitHub/SoulsLike/WhiteRoomCastle/Saved/Config/Windows/Scalability.ini]
[2019.11.05-05.38.54:446][  0]LogConfig: Setting CVar [[foliage.DensityScale:1.0]]
[2019.11.05-05.38.54:446][  0]LogConfig: Setting CVar [[grass.DensityScale:1.0]]
[2019.11.05-05.38.54:446][  0]LogInit: Selected Device Profile: [Windows]
[2019.11.05-05.38.54:446][  0]LogInit: Applying CVar settings loaded from the selected device profile: [Windows]
[2019.11.05-05.38.54:465][  0]LogHAL: Display: Platform has ~ 16 GB [17059098624 / 17179869184 / 16], which maps to Larger [LargestMinGB=32, LargerMinGB=12, DefaultMinGB=8, SmallerMinGB=6, SmallestMinGB=0)
[2019.11.05-05.38.54:465][  0]LogConfig: Setting CVar [[r.Vulkan.UseRealUBs:0		; Required until we fix HLR fall-out]]
[2019.11.05-05.38.54:465][  0]LogInit: Going up to parent DeviceProfile []
[2019.11.05-05.38.54:465][  0]LogConfig: Applying CVar settings from Section [ViewDistanceQuality@3] File [D:/Soul_Like_GitHub/SoulsLike/WhiteRoomCastle/Saved/Config/Windows/Scalability.ini]
[2019.11.05-05.38.54:465][  0]LogConfig: Setting CVar [[r.SkeletalMeshLODBias:0]]
[2019.11.05-05.38.54:465][  0]LogConfig: Setting CVar [[r.ViewDistanceScale:1.0]]
[2019.11.05-05.38.54:465][  0]LogConfig: Applying CVar settings from Section [AntiAliasingQuality@3] File [D:/Soul_Like_GitHub/SoulsLike/WhiteRoomCastle/Saved/Config/Windows/Scalability.ini]
[2019.11.05-05.38.54:465][  0]LogConfig: Setting CVar [[r.PostProcessAAQuality:4]]
[2019.11.05-05.38.54:465][  0]LogConfig: Applying CVar settings from Section [ShadowQuality@3] File [D:/Soul_Like_GitHub/SoulsLike/WhiteRoomCastle/Saved/Config/Windows/Scalability.ini]
[2019.11.05-05.38.54:465][  0]LogConfig: Setting CVar [[r.LightFunctionQuality:1]]
[2019.11.05-05.38.54:465][  0]LogConfig: Setting CVar [[r.ShadowQuality:5]]
[2019.11.05-05.38.54:466][  0]LogConfig: Setting CVar [[r.Shadow.CSM.MaxCascades:10]]
[2019.11.05-05.38.54:466][  0]LogConfig: Setting CVar [[r.Shadow.MaxResolution:2048]]
[2019.11.05-05.38.54:466][  0]LogConfig: Setting CVar [[r.Shadow.MaxCSMResolution:2048]]
[2019.11.05-05.38.54:466][  0]LogConfig: Setting CVar [[r.Shadow.RadiusThreshold:0.01]]
[2019.11.05-05.38.54:466][  0]LogConfig: Setting CVar [[r.Shadow.DistanceScale:1.0]]
[2019.11.05-05.38.54:466][  0]LogConfig: Setting CVar [[r.Shadow.CSM.TransitionScale:1.0]]
[2019.11.05-05.38.54:466][  0]LogConfig: Setting CVar [[r.Shadow.PreShadowResolutionFactor:1.0]]
[2019.11.05-05.38.54:466][  0]LogConfig: Setting CVar [[r.DistanceFieldShadowing:1]]
[2019.11.05-05.38.54:466][  0]LogConfig: Setting CVar [[r.DistanceFieldAO:1]]
[2019.11.05-05.38.54:466][  0]LogConfig: Setting CVar [[r.AOQuality:2]]
[2019.11.05-05.38.54:466][  0]LogConfig: Setting CVar [[r.VolumetricFog:1]]
[2019.11.05-05.38.54:466][  0]LogConfig: Setting CVar [[r.VolumetricFog.GridPixelSize:8]]
[2019.11.05-05.38.54:466][  0]LogConfig: Setting CVar [[r.VolumetricFog.GridSizeZ:128]]
[2019.11.05-05.38.54:466][  0]LogConfig: Setting CVar [[r.VolumetricFog.HistoryMissSupersampleCount:4]]
[2019.11.05-05.38.54:466][  0]LogConfig: Setting CVar [[r.LightMaxDrawDistanceScale:1]]
[2019.11.05-05.38.54:466][  0]LogConfig: Setting CVar [[r.CapsuleShadows:1]]
[2019.11.05-05.38.54:466][  0]LogConfig: Applying CVar settings from Section [PostProcessQuality@3] File [D:/Soul_Like_GitHub/SoulsLike/WhiteRoomCastle/Saved/Config/Windows/Scalability.ini]
[2019.11.05-05.38.54:466][  0]LogConfig: Setting CVar [[r.MotionBlurQuality:4]]
[2019.11.05-05.38.54:466][  0]LogConfig: Setting CVar [[r.AmbientOcclusionMipLevelFactor:0.4]]
[2019.11.05-05.38.54:466][  0]LogConfig: Setting CVar [[r.AmbientOcclusionMaxQuality:100]]
[2019.11.05-05.38.54:466][  0]LogConfig: Setting CVar [[r.AmbientOcclusionLevels:-1]]
[2019.11.05-05.38.54:466][  0]LogConfig: Setting CVar [[r.AmbientOcclusionRadiusScale:1.0]]
[2019.11.05-05.38.54:466][  0]LogConfig: Setting CVar [[r.DepthOfFieldQuality:2]]
[2019.11.05-05.38.54:466][  0]LogConfig: Setting CVar [[r.RenderTargetPoolMin:400]]
[2019.11.05-05.38.54:466][  0]LogConfig: Setting CVar [[r.LensFlareQuality:2]]
[2019.11.05-05.38.54:466][  0]LogConfig: Setting CVar [[r.SceneColorFringeQuality:1]]
[2019.11.05-05.38.54:466][  0]LogConfig: Setting CVar [[r.EyeAdaptationQuality:2]]
[2019.11.05-05.38.54:466][  0]LogConfig: Setting CVar [[r.BloomQuality:5]]
[2019.11.05-05.38.54:466][  0]LogConfig: Setting CVar [[r.FastBlurThreshold:100]]
[2019.11.05-05.38.54:466][  0]LogConfig: Setting CVar [[r.Upscale.Quality:3]]
[2019.11.05-05.38.54:466][  0]LogConfig: Setting CVar [[r.Tonemapper.GrainQuantization:1]]
[2019.11.05-05.38.54:466][  0]LogConfig: Setting CVar [[r.LightShaftQuality:1]]
[2019.11.05-05.38.54:466][  0]LogConfig: Setting CVar [[r.Filter.SizeScale:1]]
[2019.11.05-05.38.54:466][  0]LogConfig: Setting CVar [[r.Tonemapper.Quality:5]]
[2019.11.05-05.38.54:466][  0]LogConfig: Setting CVar [[r.DOF.Gather.AccumulatorQuality:1        ; higher gathering accumulator quality]]
[2019.11.05-05.38.54:466][  0]LogConfig: Setting CVar [[r.DOF.Gather.PostfilterMethod:1          ; Median3x3 postfilering method]]
[2019.11.05-05.38.54:466][  0]LogConfig: Setting CVar [[r.DOF.Gather.EnableBokehSettings:0       ; no bokeh simulation when gathering]]
[2019.11.05-05.38.54:466][  0]LogConfig: Setting CVar [[r.DOF.Gather.RingCount:4                 ; medium number of samples when gathering]]
[2019.11.05-05.38.54:466][  0]LogConfig: Setting CVar [[r.DOF.Scatter.ForegroundCompositing:1    ; additive foreground scattering]]
[2019.11.05-05.38.54:466][  0]LogConfig: Setting CVar [[r.DOF.Scatter.BackgroundCompositing:2    ; additive background scattering]]
[2019.11.05-05.38.54:466][  0]LogConfig: Setting CVar [[r.DOF.Scatter.EnableBokehSettings:1      ; bokeh simulation when scattering]]
[2019.11.05-05.38.54:466][  0]LogConfig: Setting CVar [[r.DOF.Scatter.MaxSpriteRatio:0.1         ; only a maximum of 10% of scattered bokeh]]
[2019.11.05-05.38.54:466][  0]LogConfig: Setting CVar [[r.DOF.Recombine.Quality:1                ; cheap slight out of focus]]
[2019.11.05-05.38.54:466][  0]LogConfig: Setting CVar [[r.DOF.Recombine.EnableBokehSettings:0    ; no bokeh simulation on slight out of focus]]
[2019.11.05-05.38.54:466][  0]LogConfig: Setting CVar [[r.DOF.TemporalAAQuality:1                ; more stable temporal accumulation]]
[2019.11.05-05.38.54:466][  0]LogConfig: Setting CVar [[r.DOF.Kernel.MaxForegroundRadius:0.025]]
[2019.11.05-05.38.54:466][  0]LogConfig: Setting CVar [[r.DOF.Kernel.MaxBackgroundRadius:0.025]]
[2019.11.05-05.38.54:466][  0]LogConfig: Applying CVar settings from Section [TextureQuality@3] File [D:/Soul_Like_GitHub/SoulsLike/WhiteRoomCastle/Saved/Config/Windows/Scalability.ini]
[2019.11.05-05.38.54:466][  0]LogConfig: Setting CVar [[r.Streaming.MipBias:0]]
[2019.11.05-05.38.54:466][  0]LogConfig: Setting CVar [[r.Streaming.AmortizeCPUToGPUCopy:0]]
[2019.11.05-05.38.54:466][  0]LogConfig: Setting CVar [[r.Streaming.MaxNumTexturesToStreamPerFrame:0]]
[2019.11.05-05.38.54:466][  0]LogConfig: Setting CVar [[r.Streaming.Boost:1]]
[2019.11.05-05.38.54:466][  0]LogConfig: Setting CVar [[r.MaxAnisotropy:8]]
[2019.11.05-05.38.54:466][  0]LogConfig: Setting CVar [[r.Streaming.LimitPoolSizeToVRAM:0]]
[2019.11.05-05.38.54:466][  0]LogConfig: Setting CVar [[r.Streaming.PoolSize:1000]]
[2019.11.05-05.38.54:466][  0]LogConfig: Setting CVar [[r.Streaming.MaxEffectiveScreenSize:0]]
[2019.11.05-05.38.54:466][  0]LogConfig: Applying CVar settings from Section [EffectsQuality@3] File [D:/Soul_Like_GitHub/SoulsLike/WhiteRoomCastle/Saved/Config/Windows/Scalability.ini]
[2019.11.05-05.38.54:466][  0]LogConfig: Setting CVar [[r.TranslucencyLightingVolumeDim:64]]
[2019.11.05-05.38.54:466][  0]LogConfig: Setting CVar [[r.RefractionQuality:2]]
[2019.11.05-05.38.54:467][  0]LogConfig: Setting CVar [[r.SSR.Quality:3]]
[2019.11.05-05.38.54:467][  0]LogConfig: Setting CVar [[r.SceneColorFormat:4]]
[2019.11.05-05.38.54:467][  0]LogConfig: Setting CVar [[r.DetailMode:2]]
[2019.11.05-05.38.54:467][  0]LogConfig: Setting CVar [[r.TranslucencyVolumeBlur:1]]
[2019.11.05-05.38.54:467][  0]LogConfig: Setting CVar [[r.MaterialQualityLevel:1 ; High quality]]
[2019.11.05-05.38.54:467][  0]LogConfig: Setting CVar [[r.SSS.Scale:1]]
[2019.11.05-05.38.54:467][  0]LogConfig: Setting CVar [[r.SSS.SampleSet:2]]
[2019.11.05-05.38.54:467][  0]LogConfig: Setting CVar [[r.SSS.Quality:1]]
[2019.11.05-05.38.54:467][  0]LogConfig: Setting CVar [[r.SSS.HalfRes:1]]
[2019.11.05-05.38.54:467][  0]LogConfig: Setting CVar [[r.EmitterSpawnRateScale:1.0]]
[2019.11.05-05.38.54:467][  0]LogConfig: Setting CVar [[r.ParticleLightQuality:2]]
[2019.11.05-05.38.54:467][  0]LogConfig: Applying CVar settings from Section [FoliageQuality@3] File [D:/Soul_Like_GitHub/SoulsLike/WhiteRoomCastle/Saved/Config/Windows/Scalability.ini]
[2019.11.05-05.38.54:467][  0]LogConfig: Setting CVar [[foliage.DensityScale:1.0]]
[2019.11.05-05.38.54:467][  0]LogConfig: Setting CVar [[grass.DensityScale:1.0]]
[2019.11.05-05.38.54:467][  0]LogConfig: Applying CVar settings from Section [Startup] File [../../../Engine/Config/ConsoleVariables.ini]
[2019.11.05-05.38.54:467][  0]LogConfig: Setting CVar [[net.UseAdaptiveNetUpdateFrequency:0]]
[2019.11.05-05.38.54:467][  0]LogConfig: Setting CVar [[p.chaos.AllowCreatePhysxBodies:1]]
[2019.11.05-05.38.54:467][  0]LogConfig: Applying CVar settings from Section [ConsoleVariables] File [D:/Soul_Like_GitHub/SoulsLike/WhiteRoomCastle/Saved/Config/Windows/Engine.ini]
[2019.11.05-05.38.54:467][  0]LogInit: Computer: DESKTOP-VMGI91V
[2019.11.05-05.38.54:467][  0]LogInit: User: Admin
[2019.11.05-05.38.54:467][  0]LogInit: CPU Page size=4096, Cores=4
[2019.11.05-05.38.54:467][  0]LogInit: High frequency timer resolution =10.000000 MHz
[2019.11.05-05.38.54:468][  0]LogMemory: Memory total: Physical=15.9GB (16GB approx)
[2019.11.05-05.38.54:468][  0]LogMemory: Platform Memory Stats for Windows
[2019.11.05-05.38.54:468][  0]LogMemory: Process Physical Memory: 97.55 MB used, 97.55 MB peak
[2019.11.05-05.38.54:468][  0]LogMemory: Process Virtual Memory: 89.08 MB used, 89.08 MB peak
[2019.11.05-05.38.54:468][  0]LogMemory: Physical Memory: 9376.09 MB used,  6892.73 MB free, 16268.82 MB total
[2019.11.05-05.38.54:468][  0]LogMemory: Virtual Memory: 4657.41 MB used,  134213072.00 MB free, 134217728.00 MB total
[2019.11.05-05.38.54:559][  0]LogInit: Using OS detected language (en-GB).
[2019.11.05-05.38.54:559][  0]LogInit: Using OS detected locale (en-CA).
[2019.11.05-05.38.54:564][  0]LogTextLocalizationManager: No specific localization for 'en-GB' exists, so the 'en' localization will be used.
[2019.11.05-05.38.54:783][  0]LogInit: Setting process to per monitor DPI aware
[2019.11.05-05.38.55:084][  0]LogSlate: New Slate User Created.  User Index 0, Is Virtual User: 0
[2019.11.05-05.38.55:084][  0]LogSlate: Slate User Registered.  User Index 0, Is Virtual User: 0
[2019.11.05-05.38.55:729][  0]LogHMD: Failed to initialize OpenVR with code 110
[2019.11.05-05.38.55:729][  0]LogD3D11RHI: D3D11 adapters:
[2019.11.05-05.38.56:088][  0]LogD3D11RHI:    0. 'NVIDIA GeForce GTX 1050 Ti' (Feature Level 11_0)
[2019.11.05-05.38.56:088][  0]LogD3D11RHI:       4021/0/8134 MB DedicatedVideo/DedicatedSystem/SharedSystem, Outputs:2, VendorId:0x10de
[2019.11.05-05.38.56:101][  0]LogD3D11RHI:    1. 'Intel(R) HD Graphics 630' (Feature Level 11_0)
[2019.11.05-05.38.56:101][  0]LogD3D11RHI:       128/0/8134 MB DedicatedVideo/DedicatedSystem/SharedSystem, Outputs:0, VendorId:0x8086
[2019.11.05-05.38.56:106][  0]LogD3D11RHI:    2. 'Microsoft Basic Render Driver' (Feature Level 11_0)
[2019.11.05-05.38.56:106][  0]LogD3D11RHI:       0/0/8134 MB DedicatedVideo/DedicatedSystem/SharedSystem, Outputs:0, VendorId:0x1414
[2019.11.05-05.38.56:106][  0]LogD3D11RHI: Chosen D3D11 Adapter: 0
[2019.11.05-05.38.56:147][  0]LogD3D11RHI: Creating new Direct3DDevice
[2019.11.05-05.38.56:147][  0]LogD3D11RHI:     GPU DeviceId: 0x1c8c (for the marketing name, search the web for "GPU Device Id")
[2019.11.05-05.38.56:147][  0]LogWindows: EnumDisplayDevices:
[2019.11.05-05.38.56:147][  0]LogWindows:    0. 'Intel(R) HD Graphics 630' (P:1 D:1)
[2019.11.05-05.38.56:147][  0]LogWindows:    1. 'Intel(R) HD Graphics 630' (P:0 D:1)
[2019.11.05-05.38.56:148][  0]LogWindows:    2. 'Intel(R) HD Graphics 630' (P:0 D:0)
[2019.11.05-05.38.56:148][  0]LogWindows: DebugString: PrimaryIsNotTheChoosenAdapter PrimaryIsNotTheChoosenAdapter PrimaryIsNotTheChoosenAdapter FoundDriverCount:0 
[2019.11.05-05.38.56:148][  0]LogD3D11RHI:     Adapter Name: NVIDIA GeForce GTX 1050 Ti
[2019.11.05-05.38.56:148][  0]LogD3D11RHI:   Driver Version: Unknown (internal:Unknown, unified:Unknown)
[2019.11.05-05.38.56:148][  0]LogD3D11RHI:      Driver Date: Unknown
[2019.11.05-05.38.56:148][  0]LogRHI: Texture pool is 2814 MB (70% of 4021 MB)
[2019.11.05-05.38.56:220][  0]LogD3D11RHI: Async texture creation enabled
[2019.11.05-05.38.56:314][  0]LogRendererCore: FGlobalReadBuffer::InitRHI
[2019.11.05-05.38.56:314][  0]LogRendererCore: FGlobalReadBuffer::InitRHI
[2019.11.05-05.38.56:314][  0]LogRendererCore: FGlobalReadBuffer::InitRHI
[2019.11.05-05.38.56:328][  0]LogD3D11RHI: GPU Timing Frequency: 1000.000000 (Debug: 2 2)
[2019.11.05-05.38.57:167][  0]LogTemp: Display: Module 'AllDesktopTargetPlatform' loaded TargetPlatform 'AllDesktop'
[2019.11.05-05.38.57:191][  0]LogTemp: Display: Module 'MacClientTargetPlatform' loaded TargetPlatform 'MacClient'
[2019.11.05-05.38.57:213][  0]LogTemp: Display: Module 'MacNoEditorTargetPlatform' loaded TargetPlatform 'MacNoEditor'
[2019.11.05-05.38.57:233][  0]LogTemp: Display: Module 'MacServerTargetPlatform' loaded TargetPlatform 'MacServer'
[2019.11.05-05.38.57:252][  0]LogTemp: Display: Module 'MacTargetPlatform' loaded TargetPlatform 'Mac'
[2019.11.05-05.38.57:274][  0]LogTemp: Display: Module 'WindowsClientTargetPlatform' loaded TargetPlatform 'WindowsClient'
[2019.11.05-05.38.57:294][  0]LogTemp: Display: Module 'WindowsNoEditorTargetPlatform' loaded TargetPlatform 'WindowsNoEditor'
[2019.11.05-05.38.57:315][  0]LogTemp: Display: Module 'WindowsServerTargetPlatform' loaded TargetPlatform 'WindowsServer'
[2019.11.05-05.38.57:325][  0]LogTemp: Display: Module 'WindowsTargetPlatform' loaded TargetPlatform 'Windows'
[2019.11.05-05.38.57:452][  0]LogTemp: Display: Module 'AndroidTargetPlatform' loaded TargetPlatform 'Android'
[2019.11.05-05.38.57:452][  0]LogTemp: Display: Module 'AndroidTargetPlatform' loaded TargetPlatform 'Android_ASTC'
[2019.11.05-05.38.57:452][  0]LogTemp: Display: Module 'AndroidTargetPlatform' loaded TargetPlatform 'Android_ATC'
[2019.11.05-05.38.57:452][  0]LogTemp: Display: Module 'AndroidTargetPlatform' loaded TargetPlatform 'Android_DXT'
[2019.11.05-05.38.57:452][  0]LogTemp: Display: Module 'AndroidTargetPlatform' loaded TargetPlatform 'Android_ETC1'
[2019.11.05-05.38.57:452][  0]LogTemp: Display: Module 'AndroidTargetPlatform' loaded TargetPlatform 'Android_ETC1a'
[2019.11.05-05.38.57:452][  0]LogTemp: Display: Module 'AndroidTargetPlatform' loaded TargetPlatform 'Android_ETC2'
[2019.11.05-05.38.57:452][  0]LogTemp: Display: Module 'AndroidTargetPlatform' loaded TargetPlatform 'Android_PVRTC'
[2019.11.05-05.38.57:452][  0]LogTemp: Display: Module 'AndroidTargetPlatform' loaded TargetPlatform 'AndroidClient'
[2019.11.05-05.38.57:452][  0]LogTemp: Display: Module 'AndroidTargetPlatform' loaded TargetPlatform 'Android_ASTCClient'
[2019.11.05-05.38.57:452][  0]LogTemp: Display: Module 'AndroidTargetPlatform' loaded TargetPlatform 'Android_ATCClient'
[2019.11.05-05.38.57:452][  0]LogTemp: Display: Module 'AndroidTargetPlatform' loaded TargetPlatform 'Android_DXTClient'
[2019.11.05-05.38.57:452][  0]LogTemp: Display: Module 'AndroidTargetPlatform' loaded TargetPlatform 'Android_ETC1Client'
[2019.11.05-05.38.57:452][  0]LogTemp: Display: Module 'AndroidTargetPlatform' loaded TargetPlatform 'Android_ETC1aClient'
[2019.11.05-05.38.57:452][  0]LogTemp: Display: Module 'AndroidTargetPlatform' loaded TargetPlatform 'Android_ETC2Client'
[2019.11.05-05.38.57:452][  0]LogTemp: Display: Module 'AndroidTargetPlatform' loaded TargetPlatform 'Android_PVRTCClient'
[2019.11.05-05.38.57:453][  0]LogTemp: Display: Module 'AndroidTargetPlatform' loaded TargetPlatform 'Android_Multi'
[2019.11.05-05.38.57:453][  0]LogTemp: Display: Module 'AndroidTargetPlatform' loaded TargetPlatform 'Android_MultiClient'
[2019.11.05-05.38.57:460][  0]LogTemp: Display: Module 'HTML5TargetPlatform' loaded TargetPlatform 'HTML5'
[2019.11.05-05.38.57:531][  0]LogTemp: Display: Module 'IOSTargetPlatform' loaded TargetPlatform 'IOSClient'
[2019.11.05-05.38.57:531][  0]LogTemp: Display: Module 'IOSTargetPlatform' loaded TargetPlatform 'IOS'
[2019.11.05-05.38.57:569][  0]LogTemp: Display: Module 'TVOSTargetPlatform' loaded TargetPlatform 'TVOSClient'
[2019.11.05-05.38.57:569][  0]LogTemp: Display: Module 'TVOSTargetPlatform' loaded TargetPlatform 'TVOS'
[2019.11.05-05.38.57:594][  0]LogTemp: Display: Module 'LinuxClientTargetPlatform' loaded TargetPlatform 'LinuxClient'
[2019.11.05-05.38.57:610][  0]LogTemp: Display: Module 'LinuxNoEditorTargetPlatform' loaded TargetPlatform 'LinuxNoEditor'
[2019.11.05-05.38.57:625][  0]LogTemp: Display: Module 'LinuxServerTargetPlatform' loaded TargetPlatform 'LinuxServer'
[2019.11.05-05.38.57:652][  0]LogTemp: Display: Module 'LinuxTargetPlatform' loaded TargetPlatform 'Linux'
[2019.11.05-05.38.57:717][  0]LogTemp: Display: Module 'LuminTargetPlatform' loaded TargetPlatform 'Lumin'
[2019.11.05-05.38.57:717][  0]LogTemp: Display: Module 'LuminTargetPlatform' loaded TargetPlatform 'LuminClient'
[2019.11.05-05.38.57:717][  0]LogTargetPlatformManager: Display: Building Assets For Windows
[2019.11.05-05.38.57:733][  0]LogAudioDebug: Display: Lib vorbis DLL was dynamically loaded.
[2019.11.05-05.38.57:814][  0]LogShaderCompilers: Guid format shader working directory is -12 characters bigger than the processId version (../../../../../Soul_Like_GitHub/SoulsLike/WhiteRoomCastle/Intermediate/Shaders/WorkingDirectory/20464/).
[2019.11.05-05.38.57:816][  0]LogShaderCompilers: Cleaned the shader compiler working directory 'C:/Users/Admin/AppData/Local/Temp/UnrealShaderWorkingDir/1DD6418D41A9066B0B3D8182152BB3DC/'.
[2019.11.05-05.38.57:820][  0]LogXGEController: Cleaning working directory: C:/Users/Admin/AppData/Local/Temp/UnrealXGEWorkingDir/
[2019.11.05-05.38.57:821][  0]LogXGEController: Cannot use XGE Controller as Incredibuild is not installed on this machine.
[2019.11.05-05.38.57:822][  0]LogShaderCompilers: Cannot use XGE Shader Compiler as Incredibuild is not installed on this machine.
[2019.11.05-05.38.57:822][  0]LogShaderCompilers: Display: Using Local Shader Compiler.
[2019.11.05-05.38.58:661][  0]LogDerivedDataCache: Display: Max Cache Size: 512 MB
[2019.11.05-05.38.58:747][  0]LogDerivedDataCache: Loaded boot cache 0.08s 71MB C:/Users/Admin/AppData/Local/UnrealEngine/4.22/DerivedDataCache/Boot.ddc.
[2019.11.05-05.38.58:747][  0]LogDerivedDataCache: Display: Loaded Boot cache: C:/Users/Admin/AppData/Local/UnrealEngine/4.22/DerivedDataCache/Boot.ddc
[2019.11.05-05.38.58:747][  0]LogDerivedDataCache: FDerivedDataBackendGraph:  Pak pak cache file ../../../../../Soul_Like_GitHub/SoulsLike/WhiteRoomCastle/DerivedDataCache/DDC.ddp not found, will not use a pak cache.
[2019.11.05-05.38.58:747][  0]LogDerivedDataCache: Unable to find inner node Pak for hierarchical cache Hierarchy.
[2019.11.05-05.38.58:747][  0]LogDerivedDataCache: FDerivedDataBackendGraph:  CompressedPak pak cache file ../../../../../Soul_Like_GitHub/SoulsLike/WhiteRoomCastle/DerivedDataCache/Compressed.ddp not found, will not use a pak cache.
[2019.11.05-05.38.58:747][  0]LogDerivedDataCache: Unable to find inner node CompressedPak for hierarchical cache Hierarchy.
[2019.11.05-05.38.58:762][  0]LogDerivedDataCache: Display: Pak cache opened for reading ../../../Engine/DerivedDataCache/Compressed.ddp.
[2019.11.05-05.38.58:762][  0]LogDerivedDataCache: FDerivedDataBackendGraph:  EnterprisePak pak cache file ../../../Enterprise/DerivedDataCache/Compressed.ddp not found, will not use a pak cache.
[2019.11.05-05.38.58:762][  0]LogDerivedDataCache: Unable to find inner node EnterprisePak for hierarchical cache Hierarchy.
[2019.11.05-05.38.58:779][  0]LogDerivedDataCache: Using Local data cache path C:/Users/Admin/AppData/Local/UnrealEngine/Common/DerivedDataCache: Writable
[2019.11.05-05.38.58:779][  0]LogDerivedDataCache: Shared data cache path not found in *engine.ini, will not use an Shared cache.
[2019.11.05-05.38.58:779][  0]LogDerivedDataCache: Unable to find inner node Shared for hierarchical cache Hierarchy.
[2019.11.05-05.38.58:814][  0]LogMaterial: Verifying Global Shaders for PCD3D_SM5
[2019.11.05-05.38.58:815][  0]LogSlate: Using FreeType 2.6.0
[2019.11.05-05.38.58:817][  0]LogSlate: SlateFontServices - WITH_FREETYPE: 1, WITH_HARFBUZZ: 1
[2019.11.05-05.38.59:014][  0]LogAssetRegistry: FAssetRegistry took 0.0419 seconds to start up
[2019.11.05-05.38.59:607][  0]LogInit: Selected Device Profile: [Windows]
[2019.11.05-05.38.59:848][  0]LogMeshReduction: Using QuadricMeshReduction for automatic static mesh reduction
[2019.11.05-05.38.59:848][  0]LogMeshReduction: Using SimplygonMeshReduction for automatic skeletal mesh reduction
[2019.11.05-05.38.59:848][  0]LogMeshReduction: Using ProxyLODMeshReduction for automatic mesh merging
[2019.11.05-05.38.59:848][  0]LogMeshReduction: No distributed automatic mesh merging module available
[2019.11.05-05.38.59:848][  0]LogMeshMerging: No distributed automatic mesh merging module available
[2019.11.05-05.38.59:864][  0]LogNetVersion: WhiteRoomCastle 1.0.0, NetCL: 5660361, EngineNetVer: 10, GameNetVer: 0 (Checksum: 2362307608)
[2019.11.05-05.39.00:603][  0]LogPackageLocalizationCache: Processed 10 localized package path(s) for 1 prioritized culture(s) in 0.129101 seconds
[2019.11.05-05.39.00:612][  0]LogUObjectArray: 42205 objects as part of root set at end of initial load.
[2019.11.05-05.39.00:612][  0]LogUObjectAllocator: 7325032 out of 0 bytes used by permanent object pool.
[2019.11.05-05.39.00:612][  0]LogUObjectArray: CloseDisregardForGC: 0/0 objects in disregard for GC pool
[2019.11.05-05.39.02:836][  0]LogTcpMessaging: Initializing TcpMessaging bridge
[2019.11.05-05.39.02:852][  0]LogUdpMessaging: Initializing bridge on interface 0.0.0.0:0 to multicast group 230.0.0.1:6666.
[2019.11.05-05.39.03:037][  0]SourceControl: Source control is disabled
[2019.11.05-05.39.03:038][  0]SourceControl: Source control is disabled
[2019.11.05-05.39.03:040][  0]SourceControl: Source control is disabled
[2019.11.05-05.39.03:042][  0]SourceControl: Source control is disabled
[2019.11.05-05.39.03:226][  0]LogAndroidPermission: UAndroidPermissionCallbackProxy::GetInstance
[2019.11.05-05.39.03:535][  0]LogOcInput: OculusInput pre-init called
[2019.11.05-05.39.05:213][  0]LogEngine: Initializing Engine...
[2019.11.05-05.39.05:216][  0]LogHMD: Failed to initialize OpenVR with code 110
[2019.11.05-05.39.05:217][  0]LogStats: UGameplayTagsManager::InitializeManager -  0.000 s
[2019.11.05-05.39.05:564][  0]LogInit: Initializing FReadOnlyCVARCache
[2019.11.05-05.39.05:588][  0]LogAIModule: Creating AISystem for world Untitled
[2019.11.05-05.39.05:664][  0]LogInit: XAudio2 using 'Speakers (Realtek High Definition Audio)' : 2 channels at 48 kHz using 32 bits per sample (channel mask 0x3)
[2019.11.05-05.39.05:794][  0]LogInit: FAudioDevice initialized.
[2019.11.05-05.39.05:795][  0]LogNetVersion: Set ProjectVersion to 1.0.0.0. Version Checksum will be recalculated on next use.
[2019.11.05-05.39.05:901][  0]LogDerivedDataCache: Saved boot cache 0.11s 71MB C:/Users/Admin/AppData/Local/UnrealEngine/4.22/DerivedDataCache/Boot.ddc.
[2019.11.05-05.39.05:911][  0]LogInit: Texture streaming: Enabled
[2019.11.05-05.39.05:963][  0]LogEngineSessionManager: EngineSessionManager initialized
[2019.11.05-05.39.05:963][  0]LogEngineSessionManager: EngineSessionManager sent abnormal shutdown report. Type=Crashed, SessionId={6BC54EB7-411D-6D93-862E-569C720AD030}
[2019.11.05-05.39.06:000][  0]LogInit: Transaction tracking system initialized
[2019.11.05-05.39.06:040][  0]BlueprintLog: New page: Editor Load
[2019.11.05-05.39.06:187][  0]LocalizationService: Localization service is disabled
[2019.11.05-05.39.06:386][  0]LogLinker: Warning: Can't find file '/Game/FirstPersonBP/FirstPersonOverview'
[2019.11.05-05.39.06:386][  0]LogLinker: Warning: Can't find file '/Game/FirstPersonBP/FirstPersonOverview'
[2019.11.05-05.39.06:387][  0]LogUObjectGlobals: Warning: Failed to find object 'Class /Game/FirstPersonBP/FirstPersonOverview.FirstPersonOverview_C'
[2019.11.05-05.39.06:701][  0]LogCook: Display: Max memory allowance for cook 16384mb min free memory 0mb
[2019.11.05-05.39.06:701][  0]LogCook: Display: Mobile HDR setting 1
[2019.11.05-05.39.07:075][  0]LogFileCache: Scanning file cache for directory 'D:/Soul_Like_GitHub/SoulsLike/WhiteRoomCastle/Content/' took 0.02s
[2019.11.05-05.39.07:075][  0]SourceControl: Source control is disabled
[2019.11.05-05.39.07:075][  0]Cmd: MAP LOAD FILE="../../../../../Soul_Like_GitHub/SoulsLike/WhiteRoomCastle/Content/ThirdPersonBP/Maps/ThirdPersonExampleMap.umap" TEMPLATE=0 SHOWPROGRESS=1 FEATURELEVEL=3
[2019.11.05-05.39.07:076][  0]LightingResults: New page: Lighting Build
[2019.11.05-05.39.07:080][  0]MapCheck: New page: Map Check
[2019.11.05-05.39.07:080][  0]LightingResults: New page: Lighting Build
[2019.11.05-05.39.07:111][  0]LogUObjectHash: Compacting FUObjectHashTables data took   2.50ms
[2019.11.05-05.39.07:443][  0]LogLinker: Warning: Can't find file '/Game/CastleFortress/Materials/M_Statue'
[2019.11.05-05.39.07:443][  0]LogLinker: Warning: Can't find file for asset '/Game/CastleFortress/Materials/M_Statue' while loading NULL.
[2019.11.05-05.39.07:444][  0]LogLinker: Warning: Can't find file '/Game/CastleFortress/Materials/M_Statue'
[2019.11.05-05.39.07:444][  0]LogLinker: Warning: Can't find file for asset '/Game/CastleFortress/Materials/M_Statue' while loading NULL.
[2019.11.05-05.39.08:074][  0]LogLinker: Warning: Can't find file '/Game/CastleFortress/Materials/M_Statue'
[2019.11.05-05.39.08:074][  0]LoadErrors: Failed to load /Game/CastleFortress/Materials/M_Statue.M_Statue Referenced by SM_Statue_Hooded
[2019.11.05-05.39.08:074][  0]LogLinker: Warning: Can't find file for asset '/Game/CastleFortress/Materials/M_Statue' while loading NULL.
[2019.11.05-05.39.08:832][  0]LogAIModule: Creating AISystem for world ThirdPersonExampleMap
[2019.11.05-05.39.08:974][  0]LogEditorServer: Finished looking for orphan Actors (0.000 secs)
[2019.11.05-05.39.09:042][  0]LogUObjectHash: Compacting FUObjectHashTables data took   2.64ms
[2019.11.05-05.39.09:042][  0]Cmd: MAP CHECKDEP NOCLEARLOG
[2019.11.05-05.39.09:042][  0]MapCheck: Map check complete: 0 Error(s), 0 Warning(s), took 0.141ms to complete.
[2019.11.05-05.39.09:042][  0]LogFileHelpers: Loading map 'ThirdPersonExampleMap' took 1.966
[2019.11.05-05.39.09:204][  0]LogSlate: Updating window title bar state: overlay mode, drag disabled, window buttons hidden, title bar hidden
[2019.11.05-05.39.09:216][  0]LogSlate: Updating window title bar state: overlay mode, drag disabled, window buttons hidden, title bar hidden
[2019.11.05-05.39.09:226][  0]LogSlate: Updating window title bar state: overlay mode, drag disabled, window buttons hidden, title bar hidden
[2019.11.05-05.39.09:234][  0]LogSlate: Updating window title bar state: overlay mode, drag disabled, window buttons hidden, title bar hidden
[2019.11.05-05.39.09:245][  0]LogCollectionManager: Loaded 0 collections in 0.002990 seconds
[2019.11.05-05.39.09:293][  0]LogFileCache: Scanning file cache for directory 'D:/Soul_Like_GitHub/SoulsLike/WhiteRoomCastle/Saved/Collections/' took 0.01s
[2019.11.05-05.39.09:293][  0]LogFileCache: Scanning file cache for directory 'D:/Soul_Like_GitHub/SoulsLike/WhiteRoomCastle/Content/Developers/Admin/Collections/' took 0.01s
[2019.11.05-05.39.09:293][  0]LogFileCache: Scanning file cache for directory 'D:/Soul_Like_GitHub/SoulsLike/WhiteRoomCastle/Content/Collections/' took 0.01s
[2019.11.05-05.39.09:293][  0]LogCollectionManager: Rebuilt the GUID cache for 0 collections in 0.000000 seconds
[2019.11.05-05.39.09:303][  0]LogContentBrowser: Native class hierarchy populated in 0.0105 seconds. Added 2732 classes and 659 folders.
[2019.11.05-05.39.09:312][  0]LogContentBrowser: Native class hierarchy updated for 'WidgetCarousel' in 0.0006 seconds. Added 0 classes and 0 folders.
[2019.11.05-05.39.09:316][  0]LogPakFile: Registered encryption key '00000000000000000000000000000000': 0 pak files mounted, 0 remain pending
[2019.11.05-05.39.09:318][  0]LogPakFile: Registered encryption key '00000000000000000000000000000000': 0 pak files mounted, 0 remain pending
[2019.11.05-05.39.09:320][  0]LogPakFile: Registered encryption key '00000000000000000000000000000000': 0 pak files mounted, 0 remain pending
[2019.11.05-05.39.09:323][  0]LogPakFile: Registered encryption key '00000000000000000000000000000000': 0 pak files mounted, 0 remain pending
[2019.11.05-05.39.09:324][  0]LogPakFile: Registered encryption key '00000000000000000000000000000000': 0 pak files mounted, 0 remain pending
[2019.11.05-05.39.09:326][  0]LogPakFile: Registered encryption key '00000000000000000000000000000000': 0 pak files mounted, 0 remain pending
[2019.11.05-05.39.09:328][  0]LogPakFile: Registered encryption key '00000000000000000000000000000000': 0 pak files mounted, 0 remain pending
[2019.11.05-05.39.09:329][  0]LogPakFile: Registered encryption key '00000000000000000000000000000000': 0 pak files mounted, 0 remain pending
[2019.11.05-05.39.09:331][  0]LogPakFile: Registered encryption key '00000000000000000000000000000000': 0 pak files mounted, 0 remain pending
[2019.11.05-05.39.09:333][  0]LogPakFile: Registered encryption key '00000000000000000000000000000000': 0 pak files mounted, 0 remain pending
[2019.11.05-05.39.09:335][  0]LogPakFile: Registered encryption key '00000000000000000000000000000000': 0 pak files mounted, 0 remain pending
[2019.11.05-05.39.09:336][  0]LogPakFile: Registered encryption key '00000000000000000000000000000000': 0 pak files mounted, 0 remain pending
[2019.11.05-05.39.09:338][  0]LogPakFile: Registered encryption key '00000000000000000000000000000000': 0 pak files mounted, 0 remain pending
[2019.11.05-05.39.09:339][  0]LogPakFile: Registered encryption key '00000000000000000000000000000000': 0 pak files mounted, 0 remain pending
[2019.11.05-05.39.09:342][  0]LogPakFile: Registered encryption key '00000000000000000000000000000000': 0 pak files mounted, 0 remain pending
[2019.11.05-05.39.09:344][  0]LogPakFile: Registered encryption key '00000000000000000000000000000000': 0 pak files mounted, 0 remain pending
[2019.11.05-05.39.09:346][  0]LogPakFile: Registered encryption key '00000000000000000000000000000000': 0 pak files mounted, 0 remain pending
[2019.11.05-05.39.09:349][  0]LogPakFile: Registered encryption key '00000000000000000000000000000000': 0 pak files mounted, 0 remain pending
[2019.11.05-05.39.09:351][  0]LogPakFile: Registered encryption key '00000000000000000000000000000000': 0 pak files mounted, 0 remain pending
[2019.11.05-05.39.09:352][  0]LogPakFile: Registered encryption key '00000000000000000000000000000000': 0 pak files mounted, 0 remain pending
[2019.11.05-05.39.09:354][  0]LogPakFile: Registered encryption key '00000000000000000000000000000000': 0 pak files mounted, 0 remain pending
[2019.11.05-05.39.09:356][  0]LogPakFile: Registered encryption key '00000000000000000000000000000000': 0 pak files mounted, 0 remain pending
[2019.11.05-05.39.09:357][  0]LogPakFile: Registered encryption key '00000000000000000000000000000000': 0 pak files mounted, 0 remain pending
[2019.11.05-05.39.09:359][  0]LogPakFile: Registered encryption key '00000000000000000000000000000000': 0 pak files mounted, 0 remain pending
[2019.11.05-05.39.09:362][  0]LogPakFile: Registered encryption key '00000000000000000000000000000000': 0 pak files mounted, 0 remain pending
[2019.11.05-05.39.09:364][  0]LogPakFile: Registered encryption key '00000000000000000000000000000000': 0 pak files mounted, 0 remain pending
[2019.11.05-05.39.09:546][  0]LogContentBrowser: Native class hierarchy updated for 'AddContentDialog' in 0.0007 seconds. Added 0 classes and 0 folders.
[2019.11.05-05.39.09:555][  0]LogContentBrowser: Native class hierarchy updated for 'SceneOutliner' in 0.0005 seconds. Added 1 classes and 2 folders.
[2019.11.05-05.39.09:764][  0]LogSlate: Took 0.000577 seconds to synchronously load lazily loaded font '../../../Engine/Content/Slate/Fonts/Roboto-Regular.ttf' (155K)
[2019.11.05-05.39.09:767][  0]LogSlate: Took 0.000576 seconds to synchronously load lazily loaded font '../../../Engine/Content/Slate/Fonts/Roboto-Bold.ttf' (160K)
[2019.11.05-05.39.09:778][  0]LogSlate: Took 0.000682 seconds to synchronously load lazily loaded font '../../../Engine/Content/Editor/Slate/Fonts/FontAwesome.ttf' (139K)
[2019.11.05-05.39.09:887][  0]LogRenderer: Reallocating scene render targets to support 1208x572 Format 10 NumSamples 1 (Frame:1).
[2019.11.05-05.39.10:180][  0]LogContentBrowser: Native class hierarchy updated for 'HierarchicalLODOutliner' in 0.0005 seconds. Added 0 classes and 0 folders.
[2019.11.05-05.39.10:180][  0]LogLoad: (Engine Initialization) Total time: 21.82 seconds
[2019.11.05-05.39.10:180][  0]LogLoad: (Engine Initialization) Total Blueprint compile time: 0.00 seconds
[2019.11.05-05.39.10:246][  0]LogAssetRegistry: Asset discovery search completed in 11.2562 seconds
[2019.11.05-05.39.10:248][  0]LogCollectionManager: Rebuilt the object cache for 0 collections in 0.000000 seconds (found 0 objects)
[2019.11.05-05.39.10:249][  0]LogCollectionManager: Fixed up redirectors for 0 collections in 0.000062 seconds (updated 0 objects)
[2019.11.05-05.39.10:251][  0]LogContentStreaming: Texture pool size now 1000 MB
[2019.11.05-05.39.10:279][  0]LogSlate: FSceneViewport::OnFocusLost() reason 2
[2019.11.05-05.39.10:338][  0]LogSlate: Took 0.000558 seconds to synchronously load lazily loaded font '../../../Engine/Content/Slate/Fonts/Roboto-Light.ttf' (167K)
[2019.11.05-05.40.19:782][266]LogSlate: Window 'Message Log' being destroyed
[2019.11.05-05.40.19:809][266]LogSlate: Window 'Message Log' being destroyed
[2019.11.05-05.40.20:677][293]LogSlate: Took 0.002530 seconds to synchronously load lazily loaded font '../../../Engine/Content/Slate/Fonts/DroidSansFallback.ttf' (3848K)
[2019.11.05-05.40.56:745][380]LogSlate: FSceneViewport::OnFocusLost() reason 0
[2019.11.05-05.40.56:929][386]LogSlate: Took 0.000528 seconds to synchronously load lazily loaded font '../../../Engine/Content/Slate/Fonts/Roboto-Light.ttf' (167K)
[2019.11.05-05.40.56:962][386]LogAssetEditorManager: Opening Asset editor for Material /Game/Material/center_M.center_M
[2019.11.05-05.40.56:968][386]LogMaterial: Display: Missing cached shader map for material center_M, compiling. 
[2019.11.05-05.40.57:429][386]LogMaterial: Display: Missing cached shader map for material center_M, compiling. 
[2019.11.05-05.40.57:459][386]LogMaterial: Display: Missing cached shader map for material center_M, compiling. 
[2019.11.05-05.40.57:501][386]LogShaderCompilers: Display: Shaders left to compile 30
[2019.11.05-05.40.57:519][386]LogMaterial: Display: Missing cached shader map for material FMatExpressionPreview MaterialExpressionTextureSample_3, compiling. 
[2019.11.05-05.40.57:568][386]LogSlate: Took 0.000673 seconds to synchronously load lazily loaded font '../../../Engine/Content/Slate/Fonts/Roboto-BoldCondensed.ttf' (158K)
[2019.11.05-05.40.59:693][430]LogShaderCompilers: Display: Shaders left to compile 20
[2019.11.05-05.41.02:606][486]LogShaderCompilers: Display: Shaders left to compile 10
[2019.11.05-05.41.05:329][558]MaterialEditorStats: Base pass shader: 107 instructions
[2019.11.05-05.41.05:329][558]MaterialEditorStats: Base pass shader with Surface Lightmap: 129 instructions
[2019.11.05-05.41.05:330][558]MaterialEditorStats: Base pass shader with Volumetric Lightmap: 175 instructions
[2019.11.05-05.41.05:330][558]MaterialEditorStats: Base pass vertex shader: 45 instructions
[2019.11.05-05.41.05:330][558]MaterialEditorStats: Texture samplers: 4/16
[2019.11.05-05.41.05:330][558]MaterialEditorStats: Texture Lookups (Est.): VS(0), PS(1)
[2019.11.05-05.41.05:330][558]MaterialEditorStats: User interpolators: 2/4 Scalars (1/4 Vectors) (TexCoords: 2, Custom: 0)
[2019.11.05-05.41.26:094][927]LogFactory: FactoryCreateFile: Texture with ReimportTextureFactory (0 0 D:\虚幻4素材\castle\crush1.jpg)
[2019.11.05-05.41.26:143][927]LogTexture: Display: Building textures: crush1 (AutoDXT, 1536X1024)
[2019.11.05-05.41.39:120][293]LogAssetEditorManager: Opening Asset editor for Material /Game/Material/crush.crush
[2019.11.05-05.41.39:131][293]LogMaterial: Display: Missing cached shader map for material crush, compiling. 
[2019.11.05-05.41.39:247][293]LogMaterial: Display: Missing cached shader map for material crush, compiling. 
[2019.11.05-05.41.39:266][293]LogMaterial: Display: Missing cached shader map for material crush, compiling. 
[2019.11.05-05.41.39:302][293]LogShaderCompilers: Display: Shaders left to compile 20
[2019.11.05-05.41.41:406][317]LogShaderCompilers: Display: Shaders left to compile 10
[2019.11.05-05.41.43:489][354]MaterialEditorStats: Base pass shader: 107 instructions
[2019.11.05-05.41.43:489][354]MaterialEditorStats: Base pass shader with Volumetric Lightmap: 181 instructions
[2019.11.05-05.41.43:489][354]MaterialEditorStats: Base pass vertex shader: 41 instructions
[2019.11.05-05.41.43:489][354]MaterialEditorStats: Texture samplers: 3/16
[2019.11.05-05.41.47:187][430]LogMaterial: Display: Missing cached shader map for material crush, compiling. 
[2019.11.05-05.41.47:205][430]LogMaterial: Display: Missing cached shader map for material FMatExpressionPreview MaterialExpressionTextureSample_0, compiling. 
[2019.11.05-05.41.47:218][430]LogShaderCompilers: Display: Shaders left to compile 20
[2019.11.05-05.41.47:249][430]LogMaterial: Display: Missing cached shader map for material FMatExpressionPreview MaterialExpressionTextureSample_0, compiling. 
[2019.11.05-05.41.49:390][468]LogShaderCompilers: Display: Shaders left to compile 10
[2019.11.05-05.41.51:071][508]LogMaterial: Display: Missing cached shader map for material crush, compiling. 
[2019.11.05-05.41.51:111][508]LogMaterial: Display: Missing cached shader map for material FMatExpressionPreview MaterialExpressionTextureSample_0, compiling. 
[2019.11.05-05.41.51:657][514]LogShaderCompilers: Display: Shaders left to compile 20
[2019.11.05-05.41.52:428][530]LogMaterialEditor: Applying material crush
[2019.11.05-05.41.53:375][530]LogShaderCompilers: Display: Shaders left to compile 10
[2019.11.05-05.41.53:402][530]LogMaterial: Display: Missing cached shader map for material crush, compiling. 
[2019.11.05-05.41.53:545][530]LogMaterial: Display: Missing cached shader map for material crush, compiling. 
[2019.11.05-05.41.53:591][530]LogMaterial: Display: Missing cached shader map for material crush, compiling. 
[2019.11.05-05.41.53:707][530]LogUObjectHash: Compacting FUObjectHashTables data took   3.36ms
[2019.11.05-05.41.53:723][530]LogMaterial: Display: Missing cached shader map for material DebugViewMode MaterialTexCoordScale, compiling. 
[2019.11.05-05.41.56:705][530]LogShaderCompilers: Display: Shaders left to compile 40
[2019.11.05-05.41.56:706][530]LogShaderCompilers: Display: Shaders left to compile 30
[2019.11.05-05.41.56:710][530]TextureStreamingBuild: Display: Compiling optional shaders took 3.003 seconds.
[2019.11.05-05.41.56:745][530]LogUObjectHash: Compacting FUObjectHashTables data took   1.42ms
[2019.11.05-05.42.01:237][623]LogSlate: Window 'center_M' being destroyed
[2019.11.05-05.42.04:128][690]LogSlate: FSceneViewport::OnFocusLost() reason 2
[2019.11.05-05.42.11:779][122]LogMaterial: Warning: Material /Game/Material/crush.crush needed to have new flag set bUsedWithStaticLighting !
[2019.11.05-05.42.11:786][122]LogMaterial: Display: Missing cached shader map for material crush, compiling. 
[2019.11.05-05.42.11:829][122]LogWindows: Windows GetLastError: The operation completed successfully. (0)
[2019.11.05-05.42.17:138][124]LogOutputDevice: Warning: 

Script Stack (0 frames):

[2019.11.05-05.42.17:138][124]LogWindows: Windows GetLastError: The operation completed successfully. (0)
[2019.11.05-05.42.17:138][124]LogWindows: Error: === Critical error: ===
[2019.11.05-05.42.17:138][124]LogWindows: Error: 
[2019.11.05-05.42.17:138][124]LogWindows: Error: Fatal error: [File:D:\Build\++UE4\Sync\Engine\Source\Runtime\RenderCore\Private\RenderingThread.cpp] [Line: 819] 
[2019.11.05-05.42.17:138][124]LogWindows: Error: Rendering thread exception:
[2019.11.05-05.42.17:138][124]LogWindows: Error: Assertion failed: !BatchElement.IndexBuffer || (BatchElement.IndexBuffer && BatchElement.IndexBuffer->IsInitialized() && BatchElement.IndexBuffer->IndexBufferRHI) [File:D:\Build\++UE4\Sync\Engine\Source\Runtime\Renderer\Private\MeshPassProcessor.cpp] [Line: 775] 
[2019.11.05-05.42.17:138][124]LogWindows: Error: 
[2019.11.05-05.42.17:138][124]LogWindows: Error: 
[2019.11.05-05.42.17:138][124]LogWindows: Error: 
[2019.11.05-05.42.17:138][124]LogWindows: Error: [Callstack] 0x00007ffb902e9129 KERNELBASE.dll!UnknownFunction []
[2019.11.05-05.42.17:138][124]LogWindows: Error: [Callstack] 0x00007ffb3e851f37 UE4Editor-Core.dll!UnknownFunction []
[2019.11.05-05.42.17:138][124]LogWindows: Error: [Callstack] 0x00007ffb3e8546e7 UE4Editor-Core.dll!UnknownFunction []
[2019.11.05-05.42.17:138][124]LogWindows: Error: [Callstack] 0x00007ffb3e667d1a UE4Editor-Core.dll!UnknownFunction []
[2019.11.05-05.42.17:138][124]LogWindows: Error: [Callstack] 0x00007ffb3e5efe33 UE4Editor-Core.dll!UnknownFunction []
[2019.11.05-05.42.17:138][124]LogWindows: Error: [Callstack] 0x00007ffb3e5f04d0 UE4Editor-Core.dll!UnknownFunction []
[2019.11.05-05.42.17:138][124]LogWindows: Error: [Callstack] 0x00007ffb0f88e172 UE4Editor-Renderer.dll!UnknownFunction []
[2019.11.05-05.42.17:138][124]LogWindows: Error: [Callstack] 0x00007ffb0f852d12 UE4Editor-Renderer.dll!UnknownFunction []
[2019.11.05-05.42.17:138][124]LogWindows: Error: [Callstack] 0x00007ffb0f6fdd6c UE4Editor-Renderer.dll!UnknownFunction []
[2019.11.05-05.42.17:138][124]LogWindows: Error: [Callstack] 0x00007ffb0f701a57 UE4Editor-Renderer.dll!UnknownFunction []
[2019.11.05-05.42.17:138][124]LogWindows: Error: [Callstack] 0x00007ffb0f70dcfe UE4Editor-Renderer.dll!UnknownFunction []
[2019.11.05-05.42.17:138][124]LogWindows: Error: [Callstack] 0x00007ffb0fad9d53 UE4Editor-Renderer.dll!UnknownFunction []
[2019.11.05-05.42.17:138][124]LogWindows: Error: [Callstack] 0x00007ffb0fb14be5 UE4Editor-Renderer.dll!UnknownFunction []
[2019.11.05-05.42.17:138][124]LogWindows: Error: [Callstack] 0x00007ffb0fb720bc UE4Editor-Renderer.dll!UnknownFunction []
[2019.11.05-05.42.17:138][124]LogWindows: Error: [Callstack] 0x00007ffb3e4722d8 UE4Editor-Core.dll!UnknownFunction []
[2019.11.05-05.42.17:138][124]LogWindows: Error: [Callstack] 0x00007ffb3e472563 UE4Editor-Core.dll!UnknownFunction []
[2019.11.05-05.42.17:138][124]LogWindows: Error: [Callstack] 0x00007ffb442859f1 UE4Editor-RenderCore.dll!UnknownFunction []
[2019.11.05-05.42.17:138][124]LogWindows: Error: [Callstack] 0x00007ffb4428c184 UE4Editor-RenderCore.dll!UnknownFunction []
[2019.11.05-05.42.17:138][124]LogWindows: Error: [Callstack] 0x00007ffb3e864b3f UE4Editor-Core.dll!UnknownFunction []
[2019.11.05-05.42.17:138][124]LogWindows: Error: [Callstack] 0x00007ffb3e8608a7 UE4Editor-Core.dll!UnknownFunction []
[2019.11.05-05.42.17:138][124]LogWindows: Error: [Callstack] 0x00007ffb929c7974 KERNEL32.DLL!UnknownFunction []
[2019.11.05-05.42.17:138][124]LogWindows: Error: [Callstack] 0x00007ffb9341a271 ntdll.dll!UnknownFunction []
[2019.11.05-05.42.17:139][124]LogWindows: Error: 
[2019.11.05-05.42.17:139][124]LogWindows: Error: 
[2019.11.05-05.42.17:139][124]LogWindows: Error: 
[2019.11.05-05.42.17:139][124]LogWindows: Error: 
[2019.11.05-05.42.17:220][124]LogExit: Executing StaticShutdownAfterError
[2019.11.05-05.42.17:223][124]LogWindows: FPlatformMisc::RequestExit(1)
[2019.11.05-05.42.17:259][124]Log file closed, 11/05/19 00:42:17
