Log file open, 11/12/19 09:01:41
LogWindows: Failed to load 'aqProf.dll' (GetLastError=126)
LogWindows: File 'aqProf.dll' does not exist
LogWindows: Failed to load 'VtuneApi.dll' (GetLastError=126)
LogWindows: File 'VtuneApi.dll' does not exist
LogWindows: Failed to load 'VtuneApi32e.dll' (GetLastError=126)
LogWindows: File 'VtuneApi32e.dll' does not exist
LogConsoleResponse: Display: Failed to find resolution value strings in scalability ini. Falling back to default.
LogInit: Display: Running engine for game: SoulsLike
LogPakFile: Registered encryption key '00000000000000000000000000000000': 0 pak files mounted, 0 remain pending
LogPlatformFile: Not using cached read wrapper
LogTaskGraph: Started task graph with 5 named threads and 23 total threads with 3 sets of task threads.
LogStats: Stats thread started at 0.280183
LogD3D11RHI: Loaded GFSDK_Aftermath_Lib.x64.dll
LogICUInternationalization: ICU TimeZone Detection - Raw Offset: -5:00, Platform Override: ''
LogPluginManager: Mounting plugin Paper2D
LogPluginManager: Mounting plugin AISupport
LogPluginManager: Mounting plugin LightPropagationVolume
LogPluginManager: Mounting plugin ActorLayerUtilities
LogPluginManager: Mounting plugin AnimationSharing
LogPluginManager: Mounting plugin CLionSourceCodeAccess
LogPluginManager: Mounting plugin CodeLiteSourceCodeAccess
LogPluginManager: Mounting plugin GitSourceControl
LogPluginManager: Mounting plugin KDevelopSourceCodeAccess
LogPluginManager: Mounting plugin NullSourceCodeAccess
LogPluginManager: Mounting plugin PerforceSourceControl
LogPluginManager: Mounting plugin SubversionSourceControl
LogPluginManager: Mounting plugin UObjectPlugin
LogPluginManager: Mounting plugin VisualStudioCodeSourceCodeAccess
LogPluginManager: Mounting plugin VisualStudioSourceCodeAccess
LogPluginManager: Mounting plugin XCodeSourceCodeAccess
LogPluginManager: Mounting plugin AssetManagerEditor
LogPluginManager: Mounting plugin CryptoKeys
LogPluginManager: Mounting plugin DataValidation
LogPluginManager: Mounting plugin FacialAnimation
LogPluginManager: Mounting plugin GameplayTagsEditor
LogPluginManager: Mounting plugin MacGraphicsSwitching
LogPluginManager: Mounting plugin MaterialAnalyzer
LogPluginManager: Mounting plugin MobileLauncherProfileWizard
LogPluginManager: Mounting plugin PluginBrowser
LogPluginManager: Mounting plugin SpeedTreeImporter
LogPluginManager: Mounting plugin DatasmithContent
LogPluginManager: Mounting plugin VariantManagerContent
LogPluginManager: Mounting plugin AlembicImporter
LogPluginManager: Mounting plugin AppleImageUtils
LogPluginManager: Mounting plugin AppleVision
LogPluginManager: Mounting plugin BackChannel
LogPluginManager: Mounting plugin CharacterAI
LogPluginManager: Mounting plugin GeometryCache
LogPluginManager: Mounting plugin HTML5Networking
LogPluginManager: Mounting plugin ProxyLODPlugin
LogPluginManager: Mounting plugin SkeletalReduction
LogPluginManager: Mounting plugin HoudiniNiagara
LogPluginManager: Mounting plugin Niagara
LogPluginManager: Mounting plugin NiagaraExtras
LogPluginManager: Mounting plugin MagicLeap
LogPluginManager: Mounting plugin MagicLeapMedia
LogPluginManager: Mounting plugin AndroidMedia
LogPluginManager: Mounting plugin AvfMedia
LogPluginManager: Mounting plugin ImgMedia
LogPluginManager: Mounting plugin LinearTimecode
LogPluginManager: Mounting plugin MediaCompositing
LogPluginManager: Mounting plugin MediaPlayerEditor
LogPluginManager: Mounting plugin WebMMedia
LogPluginManager: Mounting plugin WmfMedia
LogPluginManager: Mounting plugin TcpMessaging
LogPluginManager: Mounting plugin UdpMessaging
LogPluginManager: Mounting plugin ActorSequence
LogPluginManager: Mounting plugin LevelSequenceEditor
LogPluginManager: Mounting plugin MatineeToLevelSequence
LogPluginManager: Mounting plugin NetcodeUnitTest
LogPluginManager: Mounting plugin NUTUnrealEngine4
LogPluginManager: Mounting plugin OnlineSubsystemGooglePlay
LogPluginManager: Mounting plugin OnlineSubsystemIOS
LogPluginManager: Mounting plugin OnlineSubsystem
LogPluginManager: Mounting plugin OnlineSubsystemNull
LogPluginManager: Mounting plugin OnlineSubsystemUtils
LogPluginManager: Mounting plugin LauncherChunkInstaller
LogPluginManager: Mounting plugin AndroidDeviceProfileSelector
LogPluginManager: Mounting plugin AndroidMoviePlayer
LogPluginManager: Mounting plugin AndroidPermission
LogPluginManager: Mounting plugin AppleMoviePlayer
LogPluginManager: Mounting plugin ArchVisCharacter
LogPluginManager: Mounting plugin AudioCapture
LogPluginManager: Mounting plugin CableComponent
LogPluginManager: Mounting plugin CustomMeshComponent
LogPluginManager: Mounting plugin EditableMesh
LogPluginManager: Mounting plugin ExampleDeviceProfileSelector
LogPluginManager: Mounting plugin Firebase
LogPluginManager: Mounting plugin GoogleCloudMessaging
LogPluginManager: Mounting plugin IOSDeviceProfileSelector
LogPluginManager: Mounting plugin LinuxDeviceProfileSelector
LogPluginManager: Mounting plugin LocationServicesBPLibrary
LogPluginManager: Mounting plugin MobilePatchingUtils
LogPluginManager: Mounting plugin OculusVR
LogPluginManager: Mounting plugin PhysXVehicles
LogPluginManager: Mounting plugin ProceduralMeshComponent
LogPluginManager: Mounting plugin RuntimePhysXCooking
LogPluginManager: Mounting plugin SignificanceManager
LogPluginManager: Mounting plugin SteamVR
LogPluginManager: Mounting plugin WebMMoviePlayer
LogPluginManager: Mounting plugin WindowsMoviePlayer
LogInit: Using libcurl 7.55.1-DEV
LogInit:  - built for x86_64-pc-win32
LogInit:  - supports SSL with OpenSSL/1.1.1
LogInit:  - supports HTTP deflate (compression) using libz 1.2.8
LogInit:  - other features:
LogInit:      CURL_VERSION_SSL
LogInit:      CURL_VERSION_LIBZ
LogInit:      CURL_VERSION_IPV6
LogInit:      CURL_VERSION_ASYNCHDNS
LogInit:      CURL_VERSION_LARGEFILE
LogInit:      CURL_VERSION_IDN
LogInit:  CurlRequestOptions (configurable via config and command line):
LogInit:  - bVerifyPeer = true  - Libcurl will verify peer certificate
LogInit:  - bUseHttpProxy = false  - Libcurl will NOT use HTTP proxy
LogInit:  - bDontReuseConnections = false  - Libcurl will reuse connections
LogInit:  - MaxHostConnections = 16  - Libcurl will limit the number of connections to a host
LogInit:  - LocalHostAddr = Default
LogInit:  - BufferSize = 65536
LogInit: WinSock: version 1.1 (2.2), MaxSocks=32767, MaxUdp=65467
LogInit: Build: ++UE4+Release-4.22-CL-7053642
LogInit: Engine Version: 4.22.3-7053642+++UE4+Release-4.22
LogInit: Compatible Engine Version: 4.22.0-5660361+++UE4+Release-4.22
LogInit: Net CL: 5660361
LogInit: OS: Windows 10 (Release 1809) (), CPU: Intel(R) Core(TM) i7-7700HQ CPU @ 2.80GHz, GPU: Intel(R) HD Graphics 630
LogInit: Compiled (64-bit): Jun 18 2019 03:09:11
LogInit: Compiled with Visual C++: 19.16.27025.01
LogInit: Build Configuration: Development
LogInit: Branch Name: ++UE4+Release-4.22
LogInit: Command Line: 
LogInit: Base Directory: C:/Program Files/Epic Games/UE_4.22/Engine/Binaries/Win64/
LogInit: Installed Engine Build: 1
LogDevObjectVersion: Number of dev versions registered: 23
LogDevObjectVersion:   Dev-Blueprints (B0D832E4-1F89-4F0D-ACCF-7EB736FD4AA2): 10
LogDevObjectVersion:   Dev-Build (E1C64328-A22C-4D53-A36C-8E866417BD8C): 0
LogDevObjectVersion:   Dev-Core (375EC13C-06E4-48FB-B500-84F0262A717E): 3
LogDevObjectVersion:   Dev-Editor (E4B068ED-F494-42E9-A231-DA0B2E46BB41): 30
LogDevObjectVersion:   Dev-Framework (CFFC743F-43B0-4480-9391-14DF171D2073): 35
LogDevObjectVersion:   Dev-Mobile (B02B49B5-BB20-44E9-A304-32B752E40360): 2
LogDevObjectVersion:   Dev-Networking (A4E4105C-59A1-49B5-A7C5-40C4547EDFEE): 0
LogDevObjectVersion:   Dev-Online (39C831C9-5AE6-47DC-9A44-9C173E1C8E7C): 0
LogDevObjectVersion:   Dev-Physics (78F01B33-EBEA-4F98-B9B4-84EACCB95AA2): 0
LogDevObjectVersion:   Dev-Platform (6631380F-2D4D-43E0-8009-CF276956A95A): 0
LogDevObjectVersion:   Dev-Rendering (12F88B9F-8875-4AFC-A67C-D90C383ABD29): 28
LogDevObjectVersion:   Dev-Sequencer (7B5AE74C-D270-4C10-A958-57980B212A5A): 11
LogDevObjectVersion:   Dev-VR (D7296918-1DD6-4BDD-9DE2-64A83CC13884): 2
LogDevObjectVersion:   Dev-LoadTimes (C2A15278-BFE7-4AFE-6C17-90FF531DF755): 1
LogDevObjectVersion:   Private-Geometry (6EACA3D4-40EC-4CC1-B786-8BED09428FC5): 3
LogDevObjectVersion:   Dev-AnimPhys (29E575DD-E0A3-4627-9D10-D276232CDCEA): 17
LogDevObjectVersion:   Dev-Anim (AF43A65D-7FD3-4947-9873-3E8ED9C1BB05): 2
LogDevObjectVersion:   Dev-ReflectionCapture (6B266CEC-1EC7-4B8F-A30B-E4D90942FC07): 1
LogDevObjectVersion:   Dev-Automation (0DF73D61-A23F-47EA-B727-89E90C41499A): 1
LogDevObjectVersion:   FortniteMain (601D1886-AC64-4F84-AA16-D3DE0DEAC7D6): 25
LogDevObjectVersion:   Dev-Enterprise (9DFFBCD6-494F-0158-E221-12823C92A888): 6
LogDevObjectVersion:   Dev-Niagara (F2AED0AC-9AFE-416F-8664-AA7FFA26D6FC): 1
LogDevObjectVersion:   Dev-Destruction (174F1F0B-B4C6-45A5-B13F-2EE8D0FB917D): 2
LogInit: Presizing for max 16777216 objects, including 0 objects not considered by GC, pre-allocating 0 bytes for permanent pool.
LogInit: Object subsystem initialized
LogConfig: Setting CVar [[con.DebugEarlyDefault:1]]
LogConfig: Setting CVar [[r.setres:1280x720]]
[2019.11.12-14.01.41:445][  0]LogConfig: Setting CVar [[r.VSync:0]]
[2019.11.12-14.01.41:445][  0]LogConfig: Setting CVar [[r.RHICmdBypass:0]]
[2019.11.12-14.01.41:445][  0]LogConfig: Applying CVar settings from Section [/Script/Engine.RendererSettings] File [C:/Users/abbyr/Documents/Game Engine/SoulsLike/SoulsLike/Saved/Config/Windows/Engine.ini]
[2019.11.12-14.01.41:445][  0]LogConfig: Setting CVar [[r.GPUCrashDebugging:0]]
[2019.11.12-14.01.41:445][  0]LogConfig: Setting CVar [[r.DefaultFeature.AutoExposure.ExtendDefaultLuminanceRange:1]]
[2019.11.12-14.01.41:445][  0]LogConfig: Applying CVar settings from Section [/Script/Engine.RendererOverrideSettings] File [C:/Users/abbyr/Documents/Game Engine/SoulsLike/SoulsLike/Saved/Config/Windows/Engine.ini]
[2019.11.12-14.01.41:445][  0]LogConfig: Applying CVar settings from Section [/Script/Engine.StreamingSettings] File [C:/Users/abbyr/Documents/Game Engine/SoulsLike/SoulsLike/Saved/Config/Windows/Engine.ini]
[2019.11.12-14.01.41:445][  0]LogConfig: Setting CVar [[s.MinBulkDataSizeForAsyncLoading:131072]]
[2019.11.12-14.01.41:445][  0]LogConfig: Setting CVar [[s.AsyncLoadingThreadEnabled:0]]
[2019.11.12-14.01.41:445][  0]LogConfig: Setting CVar [[s.EventDrivenLoaderEnabled:1]]
[2019.11.12-14.01.41:445][  0]LogConfig: Setting CVar [[s.WarnIfTimeLimitExceeded:0]]
[2019.11.12-14.01.41:445][  0]LogConfig: Setting CVar [[s.TimeLimitExceededMultiplier:1.5]]
[2019.11.12-14.01.41:445][  0]LogConfig: Setting CVar [[s.TimeLimitExceededMinTime:0.005]]
[2019.11.12-14.01.41:445][  0]LogConfig: Setting CVar [[s.UseBackgroundLevelStreaming:1]]
[2019.11.12-14.01.41:445][  0]LogConfig: Setting CVar [[s.PriorityAsyncLoadingExtraTime:15.0]]
[2019.11.12-14.01.41:445][  0]LogConfig: Setting CVar [[s.LevelStreamingActorsUpdateTimeLimit:5.0]]
[2019.11.12-14.01.41:445][  0]LogConfig: Setting CVar [[s.PriorityLevelStreamingActorsUpdateExtraTime:5.0]]
[2019.11.12-14.01.41:445][  0]LogConfig: Setting CVar [[s.LevelStreamingComponentsRegistrationGranularity:10]]
[2019.11.12-14.01.41:445][  0]LogConfig: Setting CVar [[s.UnregisterComponentsTimeLimit:1.0]]
[2019.11.12-14.01.41:445][  0]LogConfig: Setting CVar [[s.LevelStreamingComponentsUnregistrationGranularity:5]]
[2019.11.12-14.01.41:446][  0]LogConfig: Applying CVar settings from Section [/Script/Engine.GarbageCollectionSettings] File [C:/Users/abbyr/Documents/Game Engine/SoulsLike/SoulsLike/Saved/Config/Windows/Engine.ini]
[2019.11.12-14.01.41:446][  0]LogConfig: Setting CVar [[gc.MaxObjectsNotConsideredByGC:1]]
[2019.11.12-14.01.41:446][  0]LogConfig: Setting CVar [[gc.SizeOfPermanentObjectPool:0]]
[2019.11.12-14.01.41:446][  0]LogConfig: Setting CVar [[gc.FlushStreamingOnGC:0]]
[2019.11.12-14.01.41:446][  0]LogConfig: Setting CVar [[gc.NumRetriesBeforeForcingGC:10]]
[2019.11.12-14.01.41:446][  0]LogConfig: Setting CVar [[gc.AllowParallelGC:1]]
[2019.11.12-14.01.41:446][  0]LogConfig: Setting CVar [[gc.TimeBetweenPurgingPendingKillObjects:61.1]]
[2019.11.12-14.01.41:446][  0]LogConfig: Setting CVar [[gc.MaxObjectsInEditor:16777216]]
[2019.11.12-14.01.41:446][  0]LogConfig: Setting CVar [[gc.IncrementalBeginDestroyEnabled:1]]
[2019.11.12-14.01.41:446][  0]LogConfig: Setting CVar [[gc.CreateGCClusters:1]]
[2019.11.12-14.01.41:446][  0]LogConfig: Setting CVar [[gc.MinGCClusterSize:5]]
[2019.11.12-14.01.41:446][  0]LogConfig: Setting CVar [[gc.ActorClusteringEnabled:0]]
[2019.11.12-14.01.41:446][  0]LogConfig: Setting CVar [[gc.BlueprintClusteringEnabled:0]]
[2019.11.12-14.01.41:446][  0]LogConfig: Setting CVar [[gc.UseDisregardForGCOnDedicatedServers:0]]
[2019.11.12-14.01.41:446][  0]LogConfig: Applying CVar settings from Section [/Script/Engine.NetworkSettings] File [C:/Users/abbyr/Documents/Game Engine/SoulsLike/SoulsLike/Saved/Config/Windows/Engine.ini]
[2019.11.12-14.01.41:446][  0]LogConfig: Applying CVar settings from Section [/Script/UnrealEd.CookerSettings] File [C:/Users/abbyr/Documents/Game Engine/SoulsLike/SoulsLike/Saved/Config/Windows/Engine.ini]
[2019.11.12-14.01.41:448][  0]LogConfig: Applying CVar settings from Section [ViewDistanceQuality@3] File [C:/Users/abbyr/Documents/Game Engine/SoulsLike/SoulsLike/Saved/Config/Windows/Scalability.ini]
[2019.11.12-14.01.41:448][  0]LogConfig: Setting CVar [[r.SkeletalMeshLODBias:0]]
[2019.11.12-14.01.41:448][  0]LogConfig: Setting CVar [[r.ViewDistanceScale:1.0]]
[2019.11.12-14.01.41:448][  0]LogConfig: Applying CVar settings from Section [AntiAliasingQuality@3] File [C:/Users/abbyr/Documents/Game Engine/SoulsLike/SoulsLike/Saved/Config/Windows/Scalability.ini]
[2019.11.12-14.01.41:448][  0]LogConfig: Setting CVar [[r.PostProcessAAQuality:4]]
[2019.11.12-14.01.41:448][  0]LogConfig: Applying CVar settings from Section [ShadowQuality@3] File [C:/Users/abbyr/Documents/Game Engine/SoulsLike/SoulsLike/Saved/Config/Windows/Scalability.ini]
[2019.11.12-14.01.41:448][  0]LogConfig: Setting CVar [[r.LightFunctionQuality:1]]
[2019.11.12-14.01.41:448][  0]LogConfig: Setting CVar [[r.ShadowQuality:5]]
[2019.11.12-14.01.41:448][  0]LogConfig: Setting CVar [[r.Shadow.CSM.MaxCascades:10]]
[2019.11.12-14.01.41:448][  0]LogConfig: Setting CVar [[r.Shadow.MaxResolution:2048]]
[2019.11.12-14.01.41:448][  0]LogConfig: Setting CVar [[r.Shadow.MaxCSMResolution:2048]]
[2019.11.12-14.01.41:448][  0]LogConfig: Setting CVar [[r.Shadow.RadiusThreshold:0.01]]
[2019.11.12-14.01.41:448][  0]LogConfig: Setting CVar [[r.Shadow.DistanceScale:1.0]]
[2019.11.12-14.01.41:448][  0]LogConfig: Setting CVar [[r.Shadow.CSM.TransitionScale:1.0]]
[2019.11.12-14.01.41:448][  0]LogConfig: Setting CVar [[r.Shadow.PreShadowResolutionFactor:1.0]]
[2019.11.12-14.01.41:448][  0]LogConfig: Setting CVar [[r.DistanceFieldShadowing:1]]
[2019.11.12-14.01.41:448][  0]LogConfig: Setting CVar [[r.DistanceFieldAO:1]]
[2019.11.12-14.01.41:448][  0]LogConfig: Setting CVar [[r.AOQuality:2]]
[2019.11.12-14.01.41:448][  0]LogConfig: Setting CVar [[r.VolumetricFog:1]]
[2019.11.12-14.01.41:448][  0]LogConfig: Setting CVar [[r.VolumetricFog.GridPixelSize:8]]
[2019.11.12-14.01.41:448][  0]LogConfig: Setting CVar [[r.VolumetricFog.GridSizeZ:128]]
[2019.11.12-14.01.41:448][  0]LogConfig: Setting CVar [[r.VolumetricFog.HistoryMissSupersampleCount:4]]
[2019.11.12-14.01.41:448][  0]LogConfig: Setting CVar [[r.LightMaxDrawDistanceScale:1]]
[2019.11.12-14.01.41:448][  0]LogConfig: Setting CVar [[r.CapsuleShadows:1]]
[2019.11.12-14.01.41:448][  0]LogConfig: Applying CVar settings from Section [PostProcessQuality@3] File [C:/Users/abbyr/Documents/Game Engine/SoulsLike/SoulsLike/Saved/Config/Windows/Scalability.ini]
[2019.11.12-14.01.41:448][  0]LogConfig: Setting CVar [[r.MotionBlurQuality:4]]
[2019.11.12-14.01.41:448][  0]LogConfig: Setting CVar [[r.AmbientOcclusionMipLevelFactor:0.4]]
[2019.11.12-14.01.41:448][  0]LogConfig: Setting CVar [[r.AmbientOcclusionMaxQuality:100]]
[2019.11.12-14.01.41:448][  0]LogConfig: Setting CVar [[r.AmbientOcclusionLevels:-1]]
[2019.11.12-14.01.41:448][  0]LogConfig: Setting CVar [[r.AmbientOcclusionRadiusScale:1.0]]
[2019.11.12-14.01.41:448][  0]LogConfig: Setting CVar [[r.DepthOfFieldQuality:2]]
[2019.11.12-14.01.41:449][  0]LogConfig: Setting CVar [[r.RenderTargetPoolMin:400]]
[2019.11.12-14.01.41:449][  0]LogConfig: Setting CVar [[r.LensFlareQuality:2]]
[2019.11.12-14.01.41:449][  0]LogConfig: Setting CVar [[r.SceneColorFringeQuality:1]]
[2019.11.12-14.01.41:449][  0]LogConfig: Setting CVar [[r.EyeAdaptationQuality:2]]
[2019.11.12-14.01.41:449][  0]LogConfig: Setting CVar [[r.BloomQuality:5]]
[2019.11.12-14.01.41:449][  0]LogConfig: Setting CVar [[r.FastBlurThreshold:100]]
[2019.11.12-14.01.41:449][  0]LogConfig: Setting CVar [[r.Upscale.Quality:3]]
[2019.11.12-14.01.41:449][  0]LogConfig: Setting CVar [[r.Tonemapper.GrainQuantization:1]]
[2019.11.12-14.01.41:449][  0]LogConfig: Setting CVar [[r.LightShaftQuality:1]]
[2019.11.12-14.01.41:449][  0]LogConfig: Setting CVar [[r.Filter.SizeScale:1]]
[2019.11.12-14.01.41:449][  0]LogConfig: Setting CVar [[r.Tonemapper.Quality:5]]
[2019.11.12-14.01.41:449][  0]LogConfig: Setting CVar [[r.DOF.Gather.AccumulatorQuality:1        ; higher gathering accumulator quality]]
[2019.11.12-14.01.41:449][  0]LogConfig: Setting CVar [[r.DOF.Gather.PostfilterMethod:1          ; Median3x3 postfilering method]]
[2019.11.12-14.01.41:449][  0]LogConfig: Setting CVar [[r.DOF.Gather.EnableBokehSettings:0       ; no bokeh simulation when gathering]]
[2019.11.12-14.01.41:449][  0]LogConfig: Setting CVar [[r.DOF.Gather.RingCount:4                 ; medium number of samples when gathering]]
[2019.11.12-14.01.41:449][  0]LogConfig: Setting CVar [[r.DOF.Scatter.ForegroundCompositing:1    ; additive foreground scattering]]
[2019.11.12-14.01.41:449][  0]LogConfig: Setting CVar [[r.DOF.Scatter.BackgroundCompositing:2    ; additive background scattering]]
[2019.11.12-14.01.41:449][  0]LogConfig: Setting CVar [[r.DOF.Scatter.EnableBokehSettings:1      ; bokeh simulation when scattering]]
[2019.11.12-14.01.41:449][  0]LogConfig: Setting CVar [[r.DOF.Scatter.MaxSpriteRatio:0.1         ; only a maximum of 10% of scattered bokeh]]
[2019.11.12-14.01.41:449][  0]LogConfig: Setting CVar [[r.DOF.Recombine.Quality:1                ; cheap slight out of focus]]
[2019.11.12-14.01.41:449][  0]LogConfig: Setting CVar [[r.DOF.Recombine.EnableBokehSettings:0    ; no bokeh simulation on slight out of focus]]
[2019.11.12-14.01.41:449][  0]LogConfig: Setting CVar [[r.DOF.TemporalAAQuality:1                ; more stable temporal accumulation]]
[2019.11.12-14.01.41:449][  0]LogConfig: Setting CVar [[r.DOF.Kernel.MaxForegroundRadius:0.025]]
[2019.11.12-14.01.41:449][  0]LogConfig: Setting CVar [[r.DOF.Kernel.MaxBackgroundRadius:0.025]]
[2019.11.12-14.01.41:449][  0]LogConfig: Applying CVar settings from Section [TextureQuality@3] File [C:/Users/abbyr/Documents/Game Engine/SoulsLike/SoulsLike/Saved/Config/Windows/Scalability.ini]
[2019.11.12-14.01.41:449][  0]LogConfig: Setting CVar [[r.Streaming.MipBias:0]]
[2019.11.12-14.01.41:449][  0]LogConfig: Setting CVar [[r.Streaming.AmortizeCPUToGPUCopy:0]]
[2019.11.12-14.01.41:449][  0]LogConfig: Setting CVar [[r.Streaming.MaxNumTexturesToStreamPerFrame:0]]
[2019.11.12-14.01.41:449][  0]LogConfig: Setting CVar [[r.Streaming.Boost:1]]
[2019.11.12-14.01.41:449][  0]LogConfig: Setting CVar [[r.MaxAnisotropy:8]]
[2019.11.12-14.01.41:449][  0]LogConfig: Setting CVar [[r.Streaming.LimitPoolSizeToVRAM:0]]
[2019.11.12-14.01.41:449][  0]LogConfig: Setting CVar [[r.Streaming.PoolSize:1000]]
[2019.11.12-14.01.41:449][  0]LogConfig: Setting CVar [[r.Streaming.MaxEffectiveScreenSize:0]]
[2019.11.12-14.01.41:449][  0]LogConfig: Applying CVar settings from Section [EffectsQuality@3] File [C:/Users/abbyr/Documents/Game Engine/SoulsLike/SoulsLike/Saved/Config/Windows/Scalability.ini]
[2019.11.12-14.01.41:449][  0]LogConfig: Setting CVar [[r.TranslucencyLightingVolumeDim:64]]
[2019.11.12-14.01.41:449][  0]LogConfig: Setting CVar [[r.RefractionQuality:2]]
[2019.11.12-14.01.41:449][  0]LogConfig: Setting CVar [[r.SSR.Quality:3]]
[2019.11.12-14.01.41:449][  0]LogConfig: Setting CVar [[r.SceneColorFormat:4]]
[2019.11.12-14.01.41:449][  0]LogConfig: Setting CVar [[r.DetailMode:2]]
[2019.11.12-14.01.41:449][  0]LogConfig: Setting CVar [[r.TranslucencyVolumeBlur:1]]
[2019.11.12-14.01.41:449][  0]LogConfig: Setting CVar [[r.MaterialQualityLevel:1 ; High quality]]
[2019.11.12-14.01.41:449][  0]LogConfig: Setting CVar [[r.SSS.Scale:1]]
[2019.11.12-14.01.41:449][  0]LogConfig: Setting CVar [[r.SSS.SampleSet:2]]
[2019.11.12-14.01.41:449][  0]LogConfig: Setting CVar [[r.SSS.Quality:1]]
[2019.11.12-14.01.41:449][  0]LogConfig: Setting CVar [[r.SSS.HalfRes:1]]
[2019.11.12-14.01.41:449][  0]LogConfig: Setting CVar [[r.EmitterSpawnRateScale:1.0]]
[2019.11.12-14.01.41:449][  0]LogConfig: Setting CVar [[r.ParticleLightQuality:2]]
[2019.11.12-14.01.41:449][  0]LogConfig: Applying CVar settings from Section [FoliageQuality@3] File [C:/Users/abbyr/Documents/Game Engine/SoulsLike/SoulsLike/Saved/Config/Windows/Scalability.ini]
[2019.11.12-14.01.41:449][  0]LogConfig: Setting CVar [[foliage.DensityScale:1.0]]
[2019.11.12-14.01.41:449][  0]LogConfig: Setting CVar [[grass.DensityScale:1.0]]
[2019.11.12-14.01.41:449][  0]LogInit: Selected Device Profile: [Windows]
[2019.11.12-14.01.41:449][  0]LogInit: Applying CVar settings loaded from the selected device profile: [Windows]
[2019.11.12-14.01.41:461][  0]LogHAL: Display: Platform has ~ 12 GB [12764131328 / 17179869184 / 12], which maps to Larger [LargestMinGB=32, LargerMinGB=12, DefaultMinGB=8, SmallerMinGB=6, SmallestMinGB=0)
[2019.11.12-14.01.41:461][  0]LogConfig: Setting CVar [[r.Vulkan.UseRealUBs:0		; Required until we fix HLR fall-out]]
[2019.11.12-14.01.41:461][  0]LogInit: Going up to parent DeviceProfile []
[2019.11.12-14.01.41:462][  0]LogConfig: Applying CVar settings from Section [ViewDistanceQuality@3] File [C:/Users/abbyr/Documents/Game Engine/SoulsLike/SoulsLike/Saved/Config/Windows/Scalability.ini]
[2019.11.12-14.01.41:462][  0]LogConfig: Setting CVar [[r.SkeletalMeshLODBias:0]]
[2019.11.12-14.01.41:462][  0]LogConfig: Setting CVar [[r.ViewDistanceScale:1.0]]
[2019.11.12-14.01.41:462][  0]LogConfig: Applying CVar settings from Section [AntiAliasingQuality@3] File [C:/Users/abbyr/Documents/Game Engine/SoulsLike/SoulsLike/Saved/Config/Windows/Scalability.ini]
[2019.11.12-14.01.41:462][  0]LogConfig: Setting CVar [[r.PostProcessAAQuality:4]]
[2019.11.12-14.01.41:462][  0]LogConfig: Applying CVar settings from Section [ShadowQuality@3] File [C:/Users/abbyr/Documents/Game Engine/SoulsLike/SoulsLike/Saved/Config/Windows/Scalability.ini]
[2019.11.12-14.01.41:462][  0]LogConfig: Setting CVar [[r.LightFunctionQuality:1]]
[2019.11.12-14.01.41:462][  0]LogConfig: Setting CVar [[r.ShadowQuality:5]]
[2019.11.12-14.01.41:462][  0]LogConfig: Setting CVar [[r.Shadow.CSM.MaxCascades:10]]
[2019.11.12-14.01.41:462][  0]LogConfig: Setting CVar [[r.Shadow.MaxResolution:2048]]
[2019.11.12-14.01.41:462][  0]LogConfig: Setting CVar [[r.Shadow.MaxCSMResolution:2048]]
[2019.11.12-14.01.41:462][  0]LogConfig: Setting CVar [[r.Shadow.RadiusThreshold:0.01]]
[2019.11.12-14.01.41:462][  0]LogConfig: Setting CVar [[r.Shadow.DistanceScale:1.0]]
[2019.11.12-14.01.41:462][  0]LogConfig: Setting CVar [[r.Shadow.CSM.TransitionScale:1.0]]
[2019.11.12-14.01.41:462][  0]LogConfig: Setting CVar [[r.Shadow.PreShadowResolutionFactor:1.0]]
[2019.11.12-14.01.41:462][  0]LogConfig: Setting CVar [[r.DistanceFieldShadowing:1]]
[2019.11.12-14.01.41:462][  0]LogConfig: Setting CVar [[r.DistanceFieldAO:1]]
[2019.11.12-14.01.41:462][  0]LogConfig: Setting CVar [[r.AOQuality:2]]
[2019.11.12-14.01.41:462][  0]LogConfig: Setting CVar [[r.VolumetricFog:1]]
[2019.11.12-14.01.41:462][  0]LogConfig: Setting CVar [[r.VolumetricFog.GridPixelSize:8]]
[2019.11.12-14.01.41:462][  0]LogConfig: Setting CVar [[r.VolumetricFog.GridSizeZ:128]]
[2019.11.12-14.01.41:462][  0]LogConfig: Setting CVar [[r.VolumetricFog.HistoryMissSupersampleCount:4]]
[2019.11.12-14.01.41:462][  0]LogConfig: Setting CVar [[r.LightMaxDrawDistanceScale:1]]
[2019.11.12-14.01.41:462][  0]LogConfig: Setting CVar [[r.CapsuleShadows:1]]
[2019.11.12-14.01.41:462][  0]LogConfig: Applying CVar settings from Section [PostProcessQuality@3] File [C:/Users/abbyr/Documents/Game Engine/SoulsLike/SoulsLike/Saved/Config/Windows/Scalability.ini]
[2019.11.12-14.01.41:462][  0]LogConfig: Setting CVar [[r.MotionBlurQuality:4]]
[2019.11.12-14.01.41:462][  0]LogConfig: Setting CVar [[r.AmbientOcclusionMipLevelFactor:0.4]]
[2019.11.12-14.01.41:462][  0]LogConfig: Setting CVar [[r.AmbientOcclusionMaxQuality:100]]
[2019.11.12-14.01.41:462][  0]LogConfig: Setting CVar [[r.AmbientOcclusionLevels:-1]]
[2019.11.12-14.01.41:462][  0]LogConfig: Setting CVar [[r.AmbientOcclusionRadiusScale:1.0]]
[2019.11.12-14.01.41:462][  0]LogConfig: Setting CVar [[r.DepthOfFieldQuality:2]]
[2019.11.12-14.01.41:462][  0]LogConfig: Setting CVar [[r.RenderTargetPoolMin:400]]
[2019.11.12-14.01.41:462][  0]LogConfig: Setting CVar [[r.LensFlareQuality:2]]
[2019.11.12-14.01.41:462][  0]LogConfig: Setting CVar [[r.SceneColorFringeQuality:1]]
[2019.11.12-14.01.41:462][  0]LogConfig: Setting CVar [[r.EyeAdaptationQuality:2]]
[2019.11.12-14.01.41:462][  0]LogConfig: Setting CVar [[r.BloomQuality:5]]
[2019.11.12-14.01.41:462][  0]LogConfig: Setting CVar [[r.FastBlurThreshold:100]]
[2019.11.12-14.01.41:462][  0]LogConfig: Setting CVar [[r.Upscale.Quality:3]]
[2019.11.12-14.01.41:462][  0]LogConfig: Setting CVar [[r.Tonemapper.GrainQuantization:1]]
[2019.11.12-14.01.41:462][  0]LogConfig: Setting CVar [[r.LightShaftQuality:1]]
[2019.11.12-14.01.41:462][  0]LogConfig: Setting CVar [[r.Filter.SizeScale:1]]
[2019.11.12-14.01.41:462][  0]LogConfig: Setting CVar [[r.Tonemapper.Quality:5]]
[2019.11.12-14.01.41:462][  0]LogConfig: Setting CVar [[r.DOF.Gather.AccumulatorQuality:1        ; higher gathering accumulator quality]]
[2019.11.12-14.01.41:462][  0]LogConfig: Setting CVar [[r.DOF.Gather.PostfilterMethod:1          ; Median3x3 postfilering method]]
[2019.11.12-14.01.41:462][  0]LogConfig: Setting CVar [[r.DOF.Gather.EnableBokehSettings:0       ; no bokeh simulation when gathering]]
[2019.11.12-14.01.41:462][  0]LogConfig: Setting CVar [[r.DOF.Gather.RingCount:4                 ; medium number of samples when gathering]]
[2019.11.12-14.01.41:462][  0]LogConfig: Setting CVar [[r.DOF.Scatter.ForegroundCompositing:1    ; additive foreground scattering]]
[2019.11.12-14.01.41:462][  0]LogConfig: Setting CVar [[r.DOF.Scatter.BackgroundCompositing:2    ; additive background scattering]]
[2019.11.12-14.01.41:462][  0]LogConfig: Setting CVar [[r.DOF.Scatter.EnableBokehSettings:1      ; bokeh simulation when scattering]]
[2019.11.12-14.01.41:462][  0]LogConfig: Setting CVar [[r.DOF.Scatter.MaxSpriteRatio:0.1         ; only a maximum of 10% of scattered bokeh]]
[2019.11.12-14.01.41:462][  0]LogConfig: Setting CVar [[r.DOF.Recombine.Quality:1                ; cheap slight out of focus]]
[2019.11.12-14.01.41:462][  0]LogConfig: Setting CVar [[r.DOF.Recombine.EnableBokehSettings:0    ; no bokeh simulation on slight out of focus]]
[2019.11.12-14.01.41:462][  0]LogConfig: Setting CVar [[r.DOF.TemporalAAQuality:1                ; more stable temporal accumulation]]
[2019.11.12-14.01.41:462][  0]LogConfig: Setting CVar [[r.DOF.Kernel.MaxForegroundRadius:0.025]]
[2019.11.12-14.01.41:462][  0]LogConfig: Setting CVar [[r.DOF.Kernel.MaxBackgroundRadius:0.025]]
[2019.11.12-14.01.41:462][  0]LogConfig: Applying CVar settings from Section [TextureQuality@3] File [C:/Users/abbyr/Documents/Game Engine/SoulsLike/SoulsLike/Saved/Config/Windows/Scalability.ini]
[2019.11.12-14.01.41:462][  0]LogConfig: Setting CVar [[r.Streaming.MipBias:0]]
[2019.11.12-14.01.41:462][  0]LogConfig: Setting CVar [[r.Streaming.AmortizeCPUToGPUCopy:0]]
[2019.11.12-14.01.41:462][  0]LogConfig: Setting CVar [[r.Streaming.MaxNumTexturesToStreamPerFrame:0]]
[2019.11.12-14.01.41:462][  0]LogConfig: Setting CVar [[r.Streaming.Boost:1]]
[2019.11.12-14.01.41:462][  0]LogConfig: Setting CVar [[r.MaxAnisotropy:8]]
[2019.11.12-14.01.41:462][  0]LogConfig: Setting CVar [[r.Streaming.LimitPoolSizeToVRAM:0]]
[2019.11.12-14.01.41:462][  0]LogConfig: Setting CVar [[r.Streaming.PoolSize:1000]]
[2019.11.12-14.01.41:462][  0]LogConfig: Setting CVar [[r.Streaming.MaxEffectiveScreenSize:0]]
[2019.11.12-14.01.41:462][  0]LogConfig: Applying CVar settings from Section [EffectsQuality@3] File [C:/Users/abbyr/Documents/Game Engine/SoulsLike/SoulsLike/Saved/Config/Windows/Scalability.ini]
[2019.11.12-14.01.41:462][  0]LogConfig: Setting CVar [[r.TranslucencyLightingVolumeDim:64]]
[2019.11.12-14.01.41:462][  0]LogConfig: Setting CVar [[r.RefractionQuality:2]]
[2019.11.12-14.01.41:462][  0]LogConfig: Setting CVar [[r.SSR.Quality:3]]
[2019.11.12-14.01.41:462][  0]LogConfig: Setting CVar [[r.SceneColorFormat:4]]
[2019.11.12-14.01.41:462][  0]LogConfig: Setting CVar [[r.DetailMode:2]]
[2019.11.12-14.01.41:462][  0]LogConfig: Setting CVar [[r.TranslucencyVolumeBlur:1]]
[2019.11.12-14.01.41:462][  0]LogConfig: Setting CVar [[r.MaterialQualityLevel:1 ; High quality]]
[2019.11.12-14.01.41:462][  0]LogConfig: Setting CVar [[r.SSS.Scale:1]]
[2019.11.12-14.01.41:462][  0]LogConfig: Setting CVar [[r.SSS.SampleSet:2]]
[2019.11.12-14.01.41:462][  0]LogConfig: Setting CVar [[r.SSS.Quality:1]]
[2019.11.12-14.01.41:462][  0]LogConfig: Setting CVar [[r.SSS.HalfRes:1]]
[2019.11.12-14.01.41:462][  0]LogConfig: Setting CVar [[r.EmitterSpawnRateScale:1.0]]
[2019.11.12-14.01.41:462][  0]LogConfig: Setting CVar [[r.ParticleLightQuality:2]]
[2019.11.12-14.01.41:463][  0]LogConfig: Applying CVar settings from Section [FoliageQuality@3] File [C:/Users/abbyr/Documents/Game Engine/SoulsLike/SoulsLike/Saved/Config/Windows/Scalability.ini]
[2019.11.12-14.01.41:463][  0]LogConfig: Setting CVar [[foliage.DensityScale:1.0]]
[2019.11.12-14.01.41:463][  0]LogConfig: Setting CVar [[grass.DensityScale:1.0]]
[2019.11.12-14.01.41:463][  0]LogConfig: Applying CVar settings from Section [Startup] File [../../../Engine/Config/ConsoleVariables.ini]
[2019.11.12-14.01.41:463][  0]LogConfig: Setting CVar [[net.UseAdaptiveNetUpdateFrequency:0]]
[2019.11.12-14.01.41:463][  0]LogConfig: Setting CVar [[p.chaos.AllowCreatePhysxBodies:1]]
[2019.11.12-14.01.41:463][  0]LogConfig: Applying CVar settings from Section [ConsoleVariables] File [C:/Users/abbyr/Documents/Game Engine/SoulsLike/SoulsLike/Saved/Config/Windows/Engine.ini]
[2019.11.12-14.01.41:463][  0]LogInit: Computer: DESKTOP-L9J2J1H
[2019.11.12-14.01.41:463][  0]LogInit: User: abbyr
[2019.11.12-14.01.41:463][  0]LogInit: CPU Page size=4096, Cores=4
[2019.11.12-14.01.41:463][  0]LogInit: High frequency timer resolution =10.000000 MHz
[2019.11.12-14.01.41:463][  0]LogMemory: Memory total: Physical=11.9GB (12GB approx)
[2019.11.12-14.01.41:463][  0]LogMemory: Platform Memory Stats for Windows
[2019.11.12-14.01.41:463][  0]LogMemory: Process Physical Memory: 99.56 MB used, 99.57 MB peak
[2019.11.12-14.01.41:463][  0]LogMemory: Process Virtual Memory: 102.61 MB used, 102.61 MB peak
[2019.11.12-14.01.41:463][  0]LogMemory: Physical Memory: 6439.30 MB used,  5733.53 MB free, 12172.82 MB total
[2019.11.12-14.01.41:463][  0]LogMemory: Virtual Memory: 4670.80 MB used,  134213056.00 MB free, 134217728.00 MB total
[2019.11.12-14.01.41:485][  0]LogInit: Using OS detected language (en-US).
[2019.11.12-14.01.41:485][  0]LogInit: Using OS detected locale (en-CA).
[2019.11.12-14.01.41:487][  0]LogTextLocalizationManager: No specific localization for 'en-US' exists, so the 'en' localization will be used.
[2019.11.12-14.01.41:650][  0]LogInit: Setting process to per monitor DPI aware
[2019.11.12-14.01.41:730][  0]LogSlate: New Slate User Created.  User Index 0, Is Virtual User: 0
[2019.11.12-14.01.41:730][  0]LogSlate: Slate User Registered.  User Index 0, Is Virtual User: 0
[2019.11.12-14.01.41:919][  0]LogHMD: Failed to initialize OpenVR with code 110
[2019.11.12-14.01.41:919][  0]LogD3D11RHI: D3D11 adapters:
[2019.11.12-14.01.41:987][  0]LogD3D11RHI:    0. 'NVIDIA GeForce GTX 1050' (Feature Level 11_0)
[2019.11.12-14.01.41:987][  0]LogD3D11RHI:       4021/0/6086 MB DedicatedVideo/DedicatedSystem/SharedSystem, Outputs:1, VendorId:0x10de
[2019.11.12-14.01.41:995][  0]LogD3D11RHI:    1. 'Intel(R) HD Graphics 630' (Feature Level 11_0)
[2019.11.12-14.01.41:995][  0]LogD3D11RHI:       128/0/6086 MB DedicatedVideo/DedicatedSystem/SharedSystem, Outputs:0, VendorId:0x8086
[2019.11.12-14.01.41:997][  0]LogD3D11RHI:    2. 'Microsoft Basic Render Driver' (Feature Level 11_0)
[2019.11.12-14.01.41:997][  0]LogD3D11RHI:       0/0/6086 MB DedicatedVideo/DedicatedSystem/SharedSystem, Outputs:0, VendorId:0x1414
[2019.11.12-14.01.41:997][  0]LogD3D11RHI: Chosen D3D11 Adapter: 0
[2019.11.12-14.01.42:029][  0]LogD3D11RHI: Creating new Direct3DDevice
[2019.11.12-14.01.42:029][  0]LogD3D11RHI:     GPU DeviceId: 0x1c8d (for the marketing name, search the web for "GPU Device Id")
[2019.11.12-14.01.42:029][  0]LogWindows: EnumDisplayDevices:
[2019.11.12-14.01.42:029][  0]LogWindows:    0. 'Intel(R) HD Graphics 630' (P:1 D:1)
[2019.11.12-14.01.42:029][  0]LogWindows:    1. 'Intel(R) HD Graphics 630' (P:0 D:0)
[2019.11.12-14.01.42:030][  0]LogWindows:    2. 'Intel(R) HD Graphics 630' (P:0 D:0)
[2019.11.12-14.01.42:030][  0]LogWindows: DebugString: PrimaryIsNotTheChoosenAdapter PrimaryIsNotTheChoosenAdapter PrimaryIsNotTheChoosenAdapter FoundDriverCount:0 
[2019.11.12-14.01.42:030][  0]LogD3D11RHI:     Adapter Name: NVIDIA GeForce GTX 1050
[2019.11.12-14.01.42:030][  0]LogD3D11RHI:   Driver Version: Unknown (internal:Unknown, unified:Unknown)
[2019.11.12-14.01.42:030][  0]LogD3D11RHI:      Driver Date: Unknown
[2019.11.12-14.01.42:030][  0]LogRHI: Texture pool is 2814 MB (70% of 4021 MB)
[2019.11.12-14.01.42:068][  0]LogD3D11RHI: Async texture creation enabled
[2019.11.12-14.01.42:071][  0]LogRendererCore: FGlobalReadBuffer::InitRHI
[2019.11.12-14.01.42:071][  0]LogRendererCore: FGlobalReadBuffer::InitRHI
[2019.11.12-14.01.42:071][  0]LogRendererCore: FGlobalReadBuffer::InitRHI
[2019.11.12-14.01.42:084][  0]LogD3D11RHI: GPU Timing Frequency: 1000.000000 (Debug: 2 2)
[2019.11.12-14.01.42:385][  0]LogTemp: Display: Module 'AllDesktopTargetPlatform' loaded TargetPlatform 'AllDesktop'
[2019.11.12-14.01.42:399][  0]LogTemp: Display: Module 'MacClientTargetPlatform' loaded TargetPlatform 'MacClient'
[2019.11.12-14.01.42:413][  0]LogTemp: Display: Module 'MacNoEditorTargetPlatform' loaded TargetPlatform 'MacNoEditor'
[2019.11.12-14.01.42:428][  0]LogTemp: Display: Module 'MacServerTargetPlatform' loaded TargetPlatform 'MacServer'
[2019.11.12-14.01.42:446][  0]LogTemp: Display: Module 'MacTargetPlatform' loaded TargetPlatform 'Mac'
[2019.11.12-14.01.42:460][  0]LogTemp: Display: Module 'WindowsClientTargetPlatform' loaded TargetPlatform 'WindowsClient'
[2019.11.12-14.01.42:475][  0]LogTemp: Display: Module 'WindowsNoEditorTargetPlatform' loaded TargetPlatform 'WindowsNoEditor'
[2019.11.12-14.01.42:489][  0]LogTemp: Display: Module 'WindowsServerTargetPlatform' loaded TargetPlatform 'WindowsServer'
[2019.11.12-14.01.42:496][  0]LogTemp: Display: Module 'WindowsTargetPlatform' loaded TargetPlatform 'Windows'
[2019.11.12-14.01.42:574][  0]LogTemp: Display: Module 'AndroidTargetPlatform' loaded TargetPlatform 'Android'
[2019.11.12-14.01.42:574][  0]LogTemp: Display: Module 'AndroidTargetPlatform' loaded TargetPlatform 'Android_ASTC'
[2019.11.12-14.01.42:574][  0]LogTemp: Display: Module 'AndroidTargetPlatform' loaded TargetPlatform 'Android_ATC'
[2019.11.12-14.01.42:574][  0]LogTemp: Display: Module 'AndroidTargetPlatform' loaded TargetPlatform 'Android_DXT'
[2019.11.12-14.01.42:574][  0]LogTemp: Display: Module 'AndroidTargetPlatform' loaded TargetPlatform 'Android_ETC1'
[2019.11.12-14.01.42:574][  0]LogTemp: Display: Module 'AndroidTargetPlatform' loaded TargetPlatform 'Android_ETC1a'
[2019.11.12-14.01.42:574][  0]LogTemp: Display: Module 'AndroidTargetPlatform' loaded TargetPlatform 'Android_ETC2'
[2019.11.12-14.01.42:574][  0]LogTemp: Display: Module 'AndroidTargetPlatform' loaded TargetPlatform 'Android_PVRTC'
[2019.11.12-14.01.42:574][  0]LogTemp: Display: Module 'AndroidTargetPlatform' loaded TargetPlatform 'AndroidClient'
[2019.11.12-14.01.42:574][  0]LogTemp: Display: Module 'AndroidTargetPlatform' loaded TargetPlatform 'Android_ASTCClient'
[2019.11.12-14.01.42:574][  0]LogTemp: Display: Module 'AndroidTargetPlatform' loaded TargetPlatform 'Android_ATCClient'
[2019.11.12-14.01.42:574][  0]LogTemp: Display: Module 'AndroidTargetPlatform' loaded TargetPlatform 'Android_DXTClient'
[2019.11.12-14.01.42:574][  0]LogTemp: Display: Module 'AndroidTargetPlatform' loaded TargetPlatform 'Android_ETC1Client'
[2019.11.12-14.01.42:574][  0]LogTemp: Display: Module 'AndroidTargetPlatform' loaded TargetPlatform 'Android_ETC1aClient'
[2019.11.12-14.01.42:574][  0]LogTemp: Display: Module 'AndroidTargetPlatform' loaded TargetPlatform 'Android_ETC2Client'
[2019.11.12-14.01.42:574][  0]LogTemp: Display: Module 'AndroidTargetPlatform' loaded TargetPlatform 'Android_PVRTCClient'
[2019.11.12-14.01.42:574][  0]LogTemp: Display: Module 'AndroidTargetPlatform' loaded TargetPlatform 'Android_Multi'
[2019.11.12-14.01.42:574][  0]LogTemp: Display: Module 'AndroidTargetPlatform' loaded TargetPlatform 'Android_MultiClient'
[2019.11.12-14.01.42:576][  0]LogTemp: Display: Module 'HTML5TargetPlatform' loaded TargetPlatform 'HTML5'
[2019.11.12-14.01.42:628][  0]LogTemp: Display: Module 'IOSTargetPlatform' loaded TargetPlatform 'IOSClient'
[2019.11.12-14.01.42:628][  0]LogTemp: Display: Module 'IOSTargetPlatform' loaded TargetPlatform 'IOS'
[2019.11.12-14.01.42:653][  0]LogTemp: Display: Module 'TVOSTargetPlatform' loaded TargetPlatform 'TVOSClient'
[2019.11.12-14.01.42:653][  0]LogTemp: Display: Module 'TVOSTargetPlatform' loaded TargetPlatform 'TVOS'
[2019.11.12-14.01.42:666][  0]LogTemp: Display: Module 'LinuxClientTargetPlatform' loaded TargetPlatform 'LinuxClient'
[2019.11.12-14.01.42:679][  0]LogTemp: Display: Module 'LinuxNoEditorTargetPlatform' loaded TargetPlatform 'LinuxNoEditor'
[2019.11.12-14.01.42:692][  0]LogTemp: Display: Module 'LinuxServerTargetPlatform' loaded TargetPlatform 'LinuxServer'
[2019.11.12-14.01.42:706][  0]LogTemp: Display: Module 'LinuxTargetPlatform' loaded TargetPlatform 'Linux'
[2019.11.12-14.01.42:752][  0]LogTemp: Display: Module 'LuminTargetPlatform' loaded TargetPlatform 'Lumin'
[2019.11.12-14.01.42:752][  0]LogTemp: Display: Module 'LuminTargetPlatform' loaded TargetPlatform 'LuminClient'
[2019.11.12-14.01.42:752][  0]LogTargetPlatformManager: Display: Building Assets For Windows
[2019.11.12-14.01.42:763][  0]LogAudioDebug: Display: Lib vorbis DLL was dynamically loaded.
[2019.11.12-14.01.42:812][  0]LogShaderCompilers: Guid format shader working directory is -26 characters bigger than the processId version (../../../../../../Users/abbyr/Documents/Game Engine/SoulsLike/SoulsLike/Intermediate/Shaders/WorkingDirectory/16128/).
[2019.11.12-14.01.42:812][  0]LogShaderCompilers: Cleaned the shader compiler working directory 'C:/Users/abbyr/AppData/Local/Temp/UnrealShaderWorkingDir/B231D56642BB8D9F333B13827CB56916/'.
[2019.11.12-14.01.42:814][  0]LogXGEController: Cannot use XGE Controller as Incredibuild is not installed on this machine.
[2019.11.12-14.01.42:814][  0]LogShaderCompilers: Cannot use XGE Shader Compiler as Incredibuild is not installed on this machine.
[2019.11.12-14.01.42:814][  0]LogShaderCompilers: Display: Using Local Shader Compiler.
[2019.11.12-14.01.43:400][  0]LogDerivedDataCache: Display: Max Cache Size: 512 MB
[2019.11.12-14.01.43:460][  0]LogDerivedDataCache: Loaded boot cache 0.06s 79MB C:/Users/abbyr/AppData/Local/UnrealEngine/4.22/DerivedDataCache/Boot.ddc.
[2019.11.12-14.01.43:460][  0]LogDerivedDataCache: Display: Loaded Boot cache: C:/Users/abbyr/AppData/Local/UnrealEngine/4.22/DerivedDataCache/Boot.ddc
[2019.11.12-14.01.43:460][  0]LogDerivedDataCache: FDerivedDataBackendGraph:  Pak pak cache file ../../../../../../Users/abbyr/Documents/Game Engine/SoulsLike/SoulsLike/DerivedDataCache/DDC.ddp not found, will not use a pak cache.
[2019.11.12-14.01.43:460][  0]LogDerivedDataCache: Unable to find inner node Pak for hierarchical cache Hierarchy.
[2019.11.12-14.01.43:460][  0]LogDerivedDataCache: FDerivedDataBackendGraph:  CompressedPak pak cache file ../../../../../../Users/abbyr/Documents/Game Engine/SoulsLike/SoulsLike/DerivedDataCache/Compressed.ddp not found, will not use a pak cache.
[2019.11.12-14.01.43:460][  0]LogDerivedDataCache: Unable to find inner node CompressedPak for hierarchical cache Hierarchy.
[2019.11.12-14.01.43:475][  0]LogDerivedDataCache: Display: Pak cache opened for reading ../../../Engine/DerivedDataCache/Compressed.ddp.
[2019.11.12-14.01.43:475][  0]LogDerivedDataCache: FDerivedDataBackendGraph:  EnterprisePak pak cache file ../../../Enterprise/DerivedDataCache/Compressed.ddp not found, will not use a pak cache.
[2019.11.12-14.01.43:475][  0]LogDerivedDataCache: Unable to find inner node EnterprisePak for hierarchical cache Hierarchy.
[2019.11.12-14.01.43:488][  0]LogDerivedDataCache: Using Local data cache path C:/Users/abbyr/AppData/Local/UnrealEngine/Common/DerivedDataCache: Writable
[2019.11.12-14.01.43:488][  0]LogDerivedDataCache: Shared data cache path not found in *engine.ini, will not use an Shared cache.
[2019.11.12-14.01.43:488][  0]LogDerivedDataCache: Unable to find inner node Shared for hierarchical cache Hierarchy.
[2019.11.12-14.01.43:512][  0]LogMaterial: Verifying Global Shaders for PCD3D_SM5
[2019.11.12-14.01.43:513][  0]LogSlate: Using FreeType 2.6.0
[2019.11.12-14.01.43:514][  0]LogSlate: SlateFontServices - WITH_FREETYPE: 1, WITH_HARFBUZZ: 1
[2019.11.12-14.01.43:597][  0]LogAssetRegistry: FAssetRegistry took 0.0356 seconds to start up
[2019.11.12-14.01.43:934][  0]LogInit: Selected Device Profile: [Windows]
[2019.11.12-14.01.44:078][  0]LogMeshReduction: Using QuadricMeshReduction for automatic static mesh reduction
[2019.11.12-14.01.44:078][  0]LogMeshReduction: Using SimplygonMeshReduction for automatic skeletal mesh reduction
[2019.11.12-14.01.44:078][  0]LogMeshReduction: Using ProxyLODMeshReduction for automatic mesh merging
[2019.11.12-14.01.44:078][  0]LogMeshReduction: No distributed automatic mesh merging module available
[2019.11.12-14.01.44:078][  0]LogMeshMerging: No distributed automatic mesh merging module available
[2019.11.12-14.01.44:096][  0]LogNetVersion: SoulsLike 1.0.0, NetCL: 5660361, EngineNetVer: 10, GameNetVer: 0 (Checksum: 4040770366)
[2019.11.12-14.01.44:611][  0]LogPackageLocalizationCache: Processed 13 localized package path(s) for 1 prioritized culture(s) in 0.068577 seconds
[2019.11.12-14.01.44:617][  0]LogUObjectArray: 42218 objects as part of root set at end of initial load.
[2019.11.12-14.01.44:617][  0]LogUObjectAllocator: 7328024 out of 0 bytes used by permanent object pool.
[2019.11.12-14.01.44:617][  0]LogUObjectArray: CloseDisregardForGC: 0/0 objects in disregard for GC pool
[2019.11.12-14.01.45:489][  0]LogTcpMessaging: Initializing TcpMessaging bridge
[2019.11.12-14.01.45:503][  0]LogUdpMessaging: Initializing bridge on interface 0.0.0.0:0 to multicast group 230.0.0.1:6666.
[2019.11.12-14.01.45:612][  0]SourceControl: Source control is disabled
[2019.11.12-14.01.45:612][  0]SourceControl: Source control is disabled
[2019.11.12-14.01.45:613][  0]SourceControl: Source control is disabled
[2019.11.12-14.01.45:614][  0]SourceControl: Source control is disabled
[2019.11.12-14.01.45:707][  0]LogAndroidPermission: UAndroidPermissionCallbackProxy::GetInstance
[2019.11.12-14.01.45:783][  0]LogOcInput: OculusInput pre-init called
[2019.11.12-14.01.46:458][  0]LogEngine: Initializing Engine...
[2019.11.12-14.01.46:459][  0]LogHMD: Failed to initialize OpenVR with code 110
[2019.11.12-14.01.46:460][  0]LogStats: UGameplayTagsManager::InitializeManager -  0.000 s
[2019.11.12-14.01.46:700][  0]LogInit: Initializing FReadOnlyCVARCache
[2019.11.12-14.01.46:716][  0]LogAIModule: Creating AISystem for world Untitled
[2019.11.12-14.01.46:785][  0]LogInit: XAudio2 using 'Speakers (Realtek High Definition Audio)' : 2 channels at 48 kHz using 32 bits per sample (channel mask 0x3)
[2019.11.12-14.01.46:870][  0]LogInit: FAudioDevice initialized.
[2019.11.12-14.01.46:870][  0]LogNetVersion: Set ProjectVersion to 1.0.0.0. Version Checksum will be recalculated on next use.
[2019.11.12-14.01.47:010][  0]LogDerivedDataCache: Saved boot cache 0.14s 72MB C:/Users/abbyr/AppData/Local/UnrealEngine/4.22/DerivedDataCache/Boot.ddc.
[2019.11.12-14.01.47:016][  0]LogInit: Texture streaming: Enabled
[2019.11.12-14.01.47:034][  0]LogEngineSessionManager: EngineSessionManager initialized
[2019.11.12-14.01.47:068][  0]LogInit: Transaction tracking system initialized
[2019.11.12-14.01.47:095][  0]BlueprintLog: New page: Editor Load
[2019.11.12-14.01.47:195][  0]LocalizationService: Localization service is disabled
[2019.11.12-14.01.47:499][  0]LogCook: Display: Max memory allowance for cook 16384mb min free memory 0mb
[2019.11.12-14.01.47:499][  0]LogCook: Display: Mobile HDR setting 1
[2019.11.12-14.01.47:518][  0]LogFileCache: Scanning file cache for directory 'C:/Users/abbyr/Documents/Game Engine/SoulsLike/SoulsLike/Content/' took 0.03s
[2019.11.12-14.01.48:516][  0]SourceControl: Source control is disabled
[2019.11.12-14.01.48:516][  0]Cmd: MAP LOAD FILE="../../../../../../Users/abbyr/Documents/Game Engine/SoulsLike/SoulsLike/Content/Maps/BossLevel.umap" TEMPLATE=0 SHOWPROGRESS=1 FEATURELEVEL=3
[2019.11.12-14.01.48:516][  0]LightingResults: New page: Lighting Build
[2019.11.12-14.01.48:519][  0]MapCheck: New page: Map Check
[2019.11.12-14.01.48:519][  0]LightingResults: New page: Lighting Build
[2019.11.12-14.01.48:551][  0]LogUObjectHash: Compacting FUObjectHashTables data took   2.29ms
[2019.11.12-14.01.48:861][  0]LogAIModule: Creating AISystem for world BossLevel
[2019.11.12-14.01.48:881][  0]LogEditorServer: Finished looking for orphan Actors (0.000 secs)
[2019.11.12-14.01.48:911][  0]LogUObjectHash: Compacting FUObjectHashTables data took   2.42ms
[2019.11.12-14.01.48:911][  0]Cmd: MAP CHECKDEP NOCLEARLOG
[2019.11.12-14.01.48:911][  0]MapCheck: Map check complete: 0 Error(s), 0 Warning(s), took 0.119ms to complete.
[2019.11.12-14.01.48:912][  0]LogFileHelpers: Loading map 'BossLevel' took 0.396
[2019.11.12-14.01.49:049][  0]LogSlate: Updating window title bar state: overlay mode, drag disabled, window buttons hidden, title bar hidden
[2019.11.12-14.01.49:059][  0]LogSlate: Updating window title bar state: overlay mode, drag disabled, window buttons hidden, title bar hidden
[2019.11.12-14.01.49:068][  0]LogSlate: Updating window title bar state: overlay mode, drag disabled, window buttons hidden, title bar hidden
[2019.11.12-14.01.49:076][  0]LogSlate: Updating window title bar state: overlay mode, drag disabled, window buttons hidden, title bar hidden
[2019.11.12-14.01.49:082][  0]LogCollectionManager: Loaded 0 collections in 0.001581 seconds
[2019.11.12-14.01.49:098][  0]LogFileCache: Scanning file cache for directory 'C:/Users/abbyr/Documents/Game Engine/SoulsLike/SoulsLike/Saved/Collections/' took 0.01s
[2019.11.12-14.01.49:098][  0]LogFileCache: Scanning file cache for directory 'C:/Users/abbyr/Documents/Game Engine/SoulsLike/SoulsLike/Content/Developers/abbyr/Collections/' took 0.00s
[2019.11.12-14.01.49:098][  0]LogFileCache: Scanning file cache for directory 'C:/Users/abbyr/Documents/Game Engine/SoulsLike/SoulsLike/Content/Collections/' took 0.00s
[2019.11.12-14.01.49:098][  0]LogCollectionManager: Rebuilt the GUID cache for 0 collections in 0.000000 seconds
[2019.11.12-14.01.49:111][  0]LogContentBrowser: Native class hierarchy populated in 0.0128 seconds. Added 2869 classes and 683 folders.
[2019.11.12-14.01.49:117][  0]LogContentBrowser: Native class hierarchy updated for 'WidgetCarousel' in 0.0004 seconds. Added 0 classes and 0 folders.
[2019.11.12-14.01.49:118][  0]LogPakFile: Registered encryption key '00000000000000000000000000000000': 0 pak files mounted, 0 remain pending
[2019.11.12-14.01.49:119][  0]LogPakFile: Registered encryption key '00000000000000000000000000000000': 0 pak files mounted, 0 remain pending
[2019.11.12-14.01.49:120][  0]LogPakFile: Registered encryption key '00000000000000000000000000000000': 0 pak files mounted, 0 remain pending
[2019.11.12-14.01.49:121][  0]LogPakFile: Registered encryption key '00000000000000000000000000000000': 0 pak files mounted, 0 remain pending
[2019.11.12-14.01.49:122][  0]LogPakFile: Registered encryption key '00000000000000000000000000000000': 0 pak files mounted, 0 remain pending
[2019.11.12-14.01.49:123][  0]LogPakFile: Registered encryption key '00000000000000000000000000000000': 0 pak files mounted, 0 remain pending
[2019.11.12-14.01.49:123][  0]LogPakFile: Registered encryption key '00000000000000000000000000000000': 0 pak files mounted, 0 remain pending
[2019.11.12-14.01.49:124][  0]LogPakFile: Registered encryption key '00000000000000000000000000000000': 0 pak files mounted, 0 remain pending
[2019.11.12-14.01.49:124][  0]LogPakFile: Registered encryption key '00000000000000000000000000000000': 0 pak files mounted, 0 remain pending
[2019.11.12-14.01.49:125][  0]LogPakFile: Registered encryption key '00000000000000000000000000000000': 0 pak files mounted, 0 remain pending
[2019.11.12-14.01.49:125][  0]LogPakFile: Registered encryption key '00000000000000000000000000000000': 0 pak files mounted, 0 remain pending
[2019.11.12-14.01.49:126][  0]LogPakFile: Registered encryption key '00000000000000000000000000000000': 0 pak files mounted, 0 remain pending
[2019.11.12-14.01.49:127][  0]LogPakFile: Registered encryption key '00000000000000000000000000000000': 0 pak files mounted, 0 remain pending
[2019.11.12-14.01.49:128][  0]LogPakFile: Registered encryption key '00000000000000000000000000000000': 0 pak files mounted, 0 remain pending
[2019.11.12-14.01.49:128][  0]LogPakFile: Registered encryption key '00000000000000000000000000000000': 0 pak files mounted, 0 remain pending
[2019.11.12-14.01.49:128][  0]LogPakFile: Registered encryption key '00000000000000000000000000000000': 0 pak files mounted, 0 remain pending
[2019.11.12-14.01.49:129][  0]LogPakFile: Registered encryption key '00000000000000000000000000000000': 0 pak files mounted, 0 remain pending
[2019.11.12-14.01.49:129][  0]LogPakFile: Registered encryption key '00000000000000000000000000000000': 0 pak files mounted, 0 remain pending
[2019.11.12-14.01.49:130][  0]LogPakFile: Registered encryption key '00000000000000000000000000000000': 0 pak files mounted, 0 remain pending
[2019.11.12-14.01.49:130][  0]LogPakFile: Registered encryption key '00000000000000000000000000000000': 0 pak files mounted, 0 remain pending
[2019.11.12-14.01.49:130][  0]LogPakFile: Registered encryption key '00000000000000000000000000000000': 0 pak files mounted, 0 remain pending
[2019.11.12-14.01.49:131][  0]LogPakFile: Registered encryption key '00000000000000000000000000000000': 0 pak files mounted, 0 remain pending
[2019.11.12-14.01.49:131][  0]LogPakFile: Registered encryption key '00000000000000000000000000000000': 0 pak files mounted, 0 remain pending
[2019.11.12-14.01.49:132][  0]LogPakFile: Registered encryption key '00000000000000000000000000000000': 0 pak files mounted, 0 remain pending
[2019.11.12-14.01.49:132][  0]LogPakFile: Registered encryption key '00000000000000000000000000000000': 0 pak files mounted, 0 remain pending
[2019.11.12-14.01.49:133][  0]LogPakFile: Registered encryption key '00000000000000000000000000000000': 0 pak files mounted, 0 remain pending
[2019.11.12-14.01.49:161][  0]LogContentBrowser: Native class hierarchy updated for 'AddContentDialog' in 0.0006 seconds. Added 0 classes and 0 folders.
[2019.11.12-14.01.49:169][  0]LogContentBrowser: Native class hierarchy updated for 'SceneOutliner' in 0.0006 seconds. Added 1 classes and 2 folders.
[2019.11.12-14.01.49:279][  0]LogSlate: Took 0.000118 seconds to synchronously load lazily loaded font '../../../Engine/Content/Slate/Fonts/Roboto-Regular.ttf' (155K)
[2019.11.12-14.01.49:281][  0]LogSlate: Took 0.000122 seconds to synchronously load lazily loaded font '../../../Engine/Content/Slate/Fonts/Roboto-Bold.ttf' (160K)
[2019.11.12-14.01.49:286][  0]LogSlate: Took 0.000152 seconds to synchronously load lazily loaded font '../../../Engine/Content/Editor/Slate/Fonts/FontAwesome.ttf' (139K)
[2019.11.12-14.01.49:349][  0]LogRenderer: Reallocating scene render targets to support 920x396 Format 10 NumSamples 1 (Frame:1).
[2019.11.12-14.01.49:451][  0]LogSlate: Took 0.000152 seconds to synchronously load lazily loaded font '../../../Engine/Content/Slate/Fonts/Roboto-Light.ttf' (167K)
[2019.11.12-14.01.49:576][  0]LogContentBrowser: Native class hierarchy updated for 'HierarchicalLODOutliner' in 0.0003 seconds. Added 0 classes and 0 folders.
[2019.11.12-14.01.49:576][  0]LogLoad: (Engine Initialization) Total time: 9.92 seconds
[2019.11.12-14.01.49:576][  0]LogLoad: (Engine Initialization) Total Blueprint compile time: 0.00 seconds
[2019.11.12-14.01.49:640][  0]LogAssetRegistry: Asset discovery search completed in 6.0649 seconds
[2019.11.12-14.01.49:644][  0]LogCollectionManager: Rebuilt the object cache for 0 collections in 0.000000 seconds (found 0 objects)
[2019.11.12-14.01.49:644][  0]LogCollectionManager: Fixed up redirectors for 0 collections in 0.000061 seconds (updated 0 objects)
[2019.11.12-14.01.49:645][  0]LogContentStreaming: Texture pool size now 1000 MB
[2019.11.12-14.02.05:900][ 49]LogSlate: FSceneViewport::OnFocusLost() reason 0
[2019.11.12-14.02.06:035][ 49]LogUObjectHash: Compacting FUObjectHashTables data took   0.92ms
[2019.11.12-14.02.06:182][ 49]LogSlate: Window 'SoulsLike - Unreal Editor' being destroyed
[2019.11.12-14.02.06:188][ 49]LogWindowsTextInputMethodSystem: Display: IME system now activated using TSF (搜狗拼音输入法).
[2019.11.12-14.02.06:386][ 50]Cmd: QUIT_EDITOR
[2019.11.12-14.02.06:669][ 50]LogExit: Preparing to exit.
[2019.11.12-14.02.07:549][ 50]LogExit: Editor shut down
[2019.11.12-14.02.07:550][ 50]LogExit: Transaction tracking system shut down
[2019.11.12-14.02.07:770][ 50]LogExit: Object subsystem successfully closed.
[2019.11.12-14.02.07:789][ 50]LogShaderCompilers: Display: Shaders left to compile 0
[2019.11.12-14.02.07:793][ 50]LogD3D11RHI: Shutdown
[2019.11.12-14.02.07:793][ 50]LogD3D11RHI: CleanupD3DDevice
[2019.11.12-14.02.07:794][ 50]LogRendererCore: FGlobalReadBuffer::ReleaseRHI
[2019.11.12-14.02.07:794][ 50]LogRendererCore: FGlobalDynamicReadBuffer::Cleanup()
[2019.11.12-14.02.07:794][ 50]LogRendererCore: FGlobalReadBuffer::ReleaseRHI
[2019.11.12-14.02.07:794][ 50]LogRendererCore: FGlobalDynamicReadBuffer::Cleanup()
[2019.11.12-14.02.07:794][ 50]LogRendererCore: FGlobalReadBuffer::ReleaseRHI
[2019.11.12-14.02.07:794][ 50]LogRendererCore: FGlobalDynamicReadBuffer::Cleanup()
[2019.11.12-14.02.07:795][ 50]LogD3D11RHI: ~FD3D11DynamicRHI
[2019.11.12-14.02.07:811][ 50]LogModuleManager: Shutting down and abandoning module HierarchicalLODOutliner (660)
[2019.11.12-14.02.07:812][ 50]LogModuleManager: Shutting down and abandoning module SceneOutliner (658)
[2019.11.12-14.02.07:812][ 50]LogModuleManager: Shutting down and abandoning module AddContentDialog (656)
[2019.11.12-14.02.07:812][ 50]LogModuleManager: Shutting down and abandoning module WidgetCarousel (655)
[2019.11.12-14.02.07:812][ 50]LogModuleManager: Shutting down and abandoning module EditorWidgets (652)
[2019.11.12-14.02.07:812][ 50]LogModuleManager: Shutting down and abandoning module CollectionManager (650)
[2019.11.12-14.02.07:812][ 50]LogModuleManager: Shutting down and abandoning module StatsViewer (648)
[2019.11.12-14.02.07:812][ 50]LogModuleManager: Shutting down and abandoning module FoliageEdit (646)
[2019.11.12-14.02.07:812][ 50]LogModuleManager: Shutting down and abandoning module LandscapeEditor (644)
[2019.11.12-14.02.07:812][ 50]LogModuleManager: Shutting down and abandoning module MeshPaintMode (642)
[2019.11.12-14.02.07:812][ 50]LogModuleManager: Shutting down and abandoning module SceneDepthPickerMode (640)
[2019.11.12-14.02.07:812][ 50]LogModuleManager: Shutting down and abandoning module ActorPickerMode (638)
[2019.11.12-14.02.07:812][ 50]LogModuleManager: Shutting down and abandoning module GeometryMode (636)
[2019.11.12-14.02.07:812][ 50]LogModuleManager: Shutting down and abandoning module TextureAlignMode (634)
[2019.11.12-14.02.07:812][ 50]LogModuleManager: Shutting down and abandoning module BspMode (632)
[2019.11.12-14.02.07:812][ 50]LogModuleManager: Shutting down and abandoning module PIEPreviewDeviceProfileSelector (630)
[2019.11.12-14.02.07:812][ 50]LogModuleManager: Shutting down and abandoning module SequenceRecorderSections (628)
[2019.11.12-14.02.07:812][ 50]LogModuleManager: Shutting down and abandoning module AutomationWorker (626)
[2019.11.12-14.02.07:812][ 50]LogModuleManager: Shutting down and abandoning module OculusMR (624)
[2019.11.12-14.02.07:812][ 50]LogModuleManager: Shutting down and abandoning module AudioCaptureEditor (622)
[2019.11.12-14.02.07:813][ 50]LogModuleManager: Shutting down and abandoning module MatineeToLevelSequence (620)
[2019.11.12-14.02.07:813][ 50]LogModuleManager: Shutting down and abandoning module LevelSequenceEditor (618)
[2019.11.12-14.02.07:813][ 50]LogModuleManager: Shutting down and abandoning module PlacementMode (617)
[2019.11.12-14.02.07:813][ 50]LogModuleManager: Shutting down and abandoning module MaterialEditor (616)
[2019.11.12-14.02.07:813][ 50]LogModuleManager: Shutting down and abandoning module ActorSequenceEditor (612)
[2019.11.12-14.02.07:813][ 50]LogModuleManager: Shutting down and abandoning module WmfMediaFactory (610)
[2019.11.12-14.02.07:813][ 50]LogModuleManager: Shutting down and abandoning module WmfMediaEditor (608)
[2019.11.12-14.02.07:813][ 50]LogModuleManager: Shutting down and abandoning module WebMMediaFactory (606)
[2019.11.12-14.02.07:813][ 50]LogModuleManager: Shutting down and abandoning module WebMMediaEditor (604)
[2019.11.12-14.02.07:813][ 50]LogModuleManager: Shutting down and abandoning module WebMMedia (602)
[2019.11.12-14.02.07:813][ 50]LogModuleManager: Shutting down and abandoning module MediaPlayerEditor (600)
[2019.11.12-14.02.07:813][ 50]LogModuleManager: Shutting down and abandoning module MediaCompositingEditor (598)
[2019.11.12-14.02.07:813][ 50]LogModuleManager: Shutting down and abandoning module SequenceRecorder (597)
[2019.11.12-14.02.07:813][ 50]LogModuleManager: Shutting down and abandoning module OpenExrWrapper (594)
[2019.11.12-14.02.07:813][ 50]LogModuleManager: Shutting down and abandoning module ImgMediaFactory (592)
[2019.11.12-14.02.07:813][ 50]LogModuleManager: Shutting down and abandoning module ImgMediaEditor (590)
[2019.11.12-14.02.07:813][ 50]LogModuleManager: Shutting down and abandoning module AvfMediaFactory (588)
[2019.11.12-14.02.07:813][ 50]LogModuleManager: Shutting down and abandoning module AvfMediaEditor (586)
[2019.11.12-14.02.07:813][ 50]LogModuleManager: Shutting down and abandoning module AndroidMediaFactory (584)
[2019.11.12-14.02.07:813][ 50]LogModuleManager: Shutting down and abandoning module AndroidMediaEditor (582)
[2019.11.12-14.02.07:813][ 50]LogModuleManager: Shutting down and abandoning module MagicLeapCameraPreviewFactory (580)
[2019.11.12-14.02.07:813][ 50]LogModuleManager: Shutting down and abandoning module MagicLeapMediaCodecFactory (578)
[2019.11.12-14.02.07:813][ 50]LogModuleManager: Shutting down and abandoning module MagicLeapMediaFactory (576)
[2019.11.12-14.02.07:813][ 50]LogModuleManager: Shutting down and abandoning module MagicLeapMediaEditor (574)
[2019.11.12-14.02.07:813][ 50]LogModuleManager: Shutting down and abandoning module CharacterAI (572)
[2019.11.12-14.02.07:813][ 50]LogModuleManager: Shutting down and abandoning module SmartSnapping (570)
[2019.11.12-14.02.07:813][ 50]LogModuleManager: Shutting down and abandoning module SessionServices (568)
[2019.11.12-14.02.07:813][ 50]LogModuleManager: Shutting down and abandoning module MeshPaint (566)
[2019.11.12-14.02.07:813][ 50]LogModuleManager: Shutting down and abandoning module ViewportSnapping (564)
[2019.11.12-14.02.07:813][ 50]LogModuleManager: Shutting down and abandoning module ViewportInteraction (562)
[2019.11.12-14.02.07:813][ 50]LogModuleManager: Shutting down and abandoning module ClothPainter (560)
[2019.11.12-14.02.07:813][ 50]LogModuleManager: Shutting down and abandoning module SkeletalMeshEditor (559)
[2019.11.12-14.02.07:813][ 50]LogModuleManager: Shutting down and abandoning module LogVisualizer (556)
[2019.11.12-14.02.07:813][ 50]LogModuleManager: Shutting down and abandoning module IntroTutorials (554)
[2019.11.12-14.02.07:813][ 50]LogModuleManager: Shutting down and abandoning module GameProjectGeneration (553)
[2019.11.12-14.02.07:813][ 50]LogModuleManager: Shutting down and abandoning module LuminPlatformEditor (550)
[2019.11.12-14.02.07:813][ 50]LogModuleManager: Shutting down and abandoning module IOSPlatformEditor (548)
[2019.11.12-14.02.07:813][ 50]LogModuleManager: Shutting down and abandoning module HTML5PlatformEditor (546)
[2019.11.12-14.02.07:813][ 50]LogModuleManager: Shutting down and abandoning module AndroidPlatformEditor (544)
[2019.11.12-14.02.07:813][ 50]LogModuleManager: Shutting down and abandoning module AndroidDeviceDetection (543)
[2019.11.12-14.02.08:283][ 50]LogModuleManager: Shutting down and abandoning module WindowsPlatformEditor (540)
[2019.11.12-14.02.08:283][ 50]LogModuleManager: Shutting down and abandoning module LuminRuntimeSettings (538)
[2019.11.12-14.02.08:283][ 50]LogModuleManager: Shutting down and abandoning module IOSRuntimeSettings (536)
[2019.11.12-14.02.08:283][ 50]LogModuleManager: Shutting down and abandoning module AndroidRuntimeSettings (534)
[2019.11.12-14.02.08:283][ 50]LogModuleManager: Shutting down and abandoning module TimeManagementEditor (532)
[2019.11.12-14.02.08:283][ 50]LogModuleManager: Shutting down and abandoning module InputBindingEditor (530)
[2019.11.12-14.02.08:283][ 50]LogModuleManager: Shutting down and abandoning module MergeActors (528)
[2019.11.12-14.02.08:284][ 50]LogModuleManager: Shutting down and abandoning module LocalizationDashboard (526)
[2019.11.12-14.02.08:284][ 50]LogModuleManager: Shutting down and abandoning module LocalizationService (525)
[2019.11.12-14.02.08:284][ 50]LogModuleManager: Shutting down and abandoning module HardwareTargeting (522)
[2019.11.12-14.02.08:284][ 50]LogModuleManager: Shutting down and abandoning module DeviceProfileEditor (520)
[2019.11.12-14.02.08:284][ 50]LogModuleManager: Shutting down and abandoning module UndoHistory (518)
[2019.11.12-14.02.08:284][ 50]LogModuleManager: Shutting down and abandoning module XmlParser (516)
[2019.11.12-14.02.08:284][ 50]LogModuleManager: Shutting down and abandoning module Blutility (514)
[2019.11.12-14.02.08:284][ 50]LogModuleManager: Shutting down and abandoning module ProjectSettingsViewer (512)
[2019.11.12-14.02.08:284][ 50]LogModuleManager: Shutting down and abandoning module ProjectTargetPlatformEditor (511)
[2019.11.12-14.02.08:284][ 50]LogModuleManager: Shutting down and abandoning module EditorSettingsViewer (508)
[2019.11.12-14.02.08:284][ 50]LogModuleManager: Shutting down and abandoning module SettingsEditor (506)
[2019.11.12-14.02.08:284][ 50]LogModuleManager: Shutting down and abandoning module ProjectLauncher (504)
[2019.11.12-14.02.08:284][ 50]LogModuleManager: Shutting down and abandoning module SessionFrontend (502)
[2019.11.12-14.02.08:284][ 50]LogModuleManager: Shutting down and abandoning module ProfilerClient (500)
[2019.11.12-14.02.08:284][ 50]LogModuleManager: Shutting down and abandoning module DeviceManager (498)
[2019.11.12-14.02.08:284][ 50]LogModuleManager: Shutting down and abandoning module TargetDeviceServices (497)
[2019.11.12-14.02.08:327][ 50]LogModuleManager: Shutting down and abandoning module AutomationController (494)
[2019.11.12-14.02.08:327][ 50]LogModuleManager: Shutting down and abandoning module AutomationWindow (492)
[2019.11.12-14.02.08:327][ 50]LogModuleManager: Shutting down and abandoning module Layers (490)
[2019.11.12-14.02.08:327][ 50]LogModuleManager: Shutting down and abandoning module ComponentVisualizers (488)
[2019.11.12-14.02.08:327][ 50]LogModuleManager: Shutting down and abandoning module DetailCustomizations (486)
[2019.11.12-14.02.08:327][ 50]LogModuleManager: Shutting down and abandoning module PackagesDialog (484)
[2019.11.12-14.02.08:327][ 50]LogModuleManager: Shutting down and abandoning module AnimationBlueprintEditor (482)
[2019.11.12-14.02.08:327][ 50]LogModuleManager: Shutting down and abandoning module Persona (480)
[2019.11.12-14.02.08:327][ 50]LogModuleManager: Shutting down and abandoning module AdvancedPreviewScene (479)
[2019.11.12-14.02.08:327][ 50]LogModuleManager: Shutting down and abandoning module AnimGraph (477)
[2019.11.12-14.02.08:327][ 50]LogModuleManager: Shutting down and abandoning module Kismet (474)
[2019.11.12-14.02.08:328][ 50]LogModuleManager: Shutting down and abandoning module GraphEditor (472)
[2019.11.12-14.02.08:328][ 50]LogModuleManager: Shutting down and abandoning module ClassViewer (470)
[2019.11.12-14.02.08:328][ 50]LogModuleManager: Shutting down and abandoning module Toolbox (468)
[2019.11.12-14.02.08:328][ 50]LogModuleManager: Shutting down and abandoning module DesktopPlatform (467)
[2019.11.12-14.02.08:328][ 50]LogModuleManager: Shutting down and abandoning module ModuleUI (464)
[2019.11.12-14.02.08:328][ 50]LogModuleManager: Shutting down and abandoning module MovieSceneTools (462)
[2019.11.12-14.02.08:328][ 50]LogModuleManager: Shutting down and abandoning module OutputLog (460)
[2019.11.12-14.02.08:328][ 50]LogModuleManager: Shutting down and abandoning module GammaUI (458)
[2019.11.12-14.02.08:328][ 50]LogModuleManager: Shutting down and abandoning module Documentation (456)
[2019.11.12-14.02.08:328][ 50]LogModuleManager: Shutting down and abandoning module LiveCoding (454)
[2019.11.12-14.02.08:328][ 50]LogModuleManager: Shutting down and abandoning module LevelSequence (452)
[2019.11.12-14.02.08:328][ 50]LogModuleManager: Shutting down and abandoning module MovieSceneTracks (450)
[2019.11.12-14.02.08:328][ 50]LogModuleManager: Shutting down and abandoning module MovieScene (448)
[2019.11.12-14.02.08:328][ 50]LogModuleManager: Shutting down and abandoning module StreamingPauseRendering (446)
[2019.11.12-14.02.08:328][ 50]LogModuleManager: Shutting down and abandoning module LauncherPlatform (444)
[2019.11.12-14.02.08:328][ 50]LogModuleManager: Shutting down and abandoning module AnalyticsET (442)
[2019.11.12-14.02.08:328][ 50]LogModuleManager: Shutting down and abandoning module PortalServices (440)
[2019.11.12-14.02.08:328][ 50]LogModuleManager: Shutting down and abandoning module PortalRpc (438)
[2019.11.12-14.02.08:328][ 50]LogModuleManager: Shutting down and abandoning module MessagingRpc (436)
[2019.11.12-14.02.08:328][ 50]LogModuleManager: Shutting down and abandoning module AIModule (434)
[2019.11.12-14.02.08:328][ 50]LogModuleManager: Shutting down and abandoning module GameplayDebugger (433)
[2019.11.12-14.02.08:328][ 50]LogModuleManager: Shutting down and abandoning module AITestSuite (431)
[2019.11.12-14.02.08:328][ 50]LogModuleManager: Shutting down and abandoning module NavigationSystem (429)
[2019.11.12-14.02.08:328][ 50]LogModuleManager: Shutting down and abandoning module ImageWriteQueue (426)
[2019.11.12-14.02.08:331][ 50]LogModuleManager: Shutting down and abandoning module ProfilerService (424)
[2019.11.12-14.02.08:372][ 50]LogModuleManager: Shutting down and abandoning module TaskGraph (422)
[2019.11.12-14.02.08:372][ 50]LogModuleManager: Shutting down and abandoning module SteamVRController (420)
[2019.11.12-14.02.08:372][ 50]LogModuleManager: Shutting down and abandoning module ProceduralMeshComponentEditor (418)
[2019.11.12-14.02.08:372][ 50]LogModuleManager: Shutting down and abandoning module ProceduralMeshComponent (416)
[2019.11.12-14.02.08:372][ 50]LogModuleManager: Shutting down and abandoning module OculusEditor (414)
[2019.11.12-14.02.08:372][ 50]LogModuleManager: Shutting down and abandoning module OculusInput (412)
[2019.11.12-14.02.08:372][ 50]LogModuleManager: Shutting down and abandoning module MobilePatchingUtils (410)
[2019.11.12-14.02.08:372][ 50]LogModuleManager: Shutting down and abandoning module EditableMesh (408)
[2019.11.12-14.02.08:372][ 50]LogModuleManager: Shutting down and abandoning module CustomMeshComponent (406)
[2019.11.12-14.02.08:372][ 50]LogModuleManager: Shutting down and abandoning module CableComponent (404)
[2019.11.12-14.02.08:372][ 50]LogModuleManager: Shutting down and abandoning module AudioCapture (402)
[2019.11.12-14.02.08:373][ 50]LogModuleManager: Shutting down and abandoning module ArchVisCharacter (400)
[2019.11.12-14.02.08:373][ 50]LogModuleManager: Shutting down and abandoning module AndroidPermission (398)
[2019.11.12-14.02.08:373][ 50]LogModuleManager: Shutting down and abandoning module NUTUnrealEngine4 (396)
[2019.11.12-14.02.08:373][ 50]LogModuleManager: Shutting down and abandoning module NetcodeUnitTest (394)
[2019.11.12-14.02.08:373][ 50]LogModuleManager: Shutting down and abandoning module MediaCompositing (392)
[2019.11.12-14.02.08:373][ 50]LogModuleManager: Shutting down and abandoning module LinearTimecode (390)
[2019.11.12-14.02.08:373][ 50]LogModuleManager: Shutting down and abandoning module ImgMedia (388)
[2019.11.12-14.02.08:373][ 50]LogModuleManager: Shutting down and abandoning module MagicLeapHelperVulkan (386)
[2019.11.12-14.02.08:373][ 50]LogModuleManager: Shutting down and abandoning module MagicLeapHelperOpenGL (384)
[2019.11.12-14.02.08:373][ 50]LogModuleManager: Shutting down and abandoning module MagicLeapAudio (382)
[2019.11.12-14.02.08:373][ 50]LogModuleManager: Shutting down and abandoning module NiagaraEditorWidgets (380)
[2019.11.12-14.02.08:373][ 50]LogModuleManager: Shutting down and abandoning module NiagaraEditor (378)
[2019.11.12-14.02.08:373][ 50]LogModuleManager: Shutting down and abandoning module HoudiniNiagaraEditor (376)
[2019.11.12-14.02.08:373][ 50]LogModuleManager: Shutting down and abandoning module HoudiniNiagara (374)
[2019.11.12-14.02.08:373][ 50]LogModuleManager: Shutting down and abandoning module HTML5Networking (372)
[2019.11.12-14.02.08:373][ 50]LogModuleManager: Shutting down and abandoning module GeometryCacheTracks (370)
[2019.11.12-14.02.08:373][ 50]LogModuleManager: Shutting down and abandoning module GeometryCacheSequencer (368)
[2019.11.12-14.02.08:373][ 50]LogModuleManager: Shutting down and abandoning module BackChannel (366)
[2019.11.12-14.02.08:373][ 50]LogModuleManager: Shutting down and abandoning module AppleVision (364)
[2019.11.12-14.02.08:373][ 50]LogModuleManager: Shutting down and abandoning module AppleImageUtilsBlueprintSupport (362)
[2019.11.12-14.02.08:373][ 50]LogModuleManager: Shutting down and abandoning module AppleImageUtils (360)
[2019.11.12-14.02.08:373][ 50]LogModuleManager: Shutting down and abandoning module AlembicImporter (358)
[2019.11.12-14.02.08:373][ 50]LogModuleManager: Shutting down and abandoning module AlembicLibrary (357)
[2019.11.12-14.02.08:373][ 50]LogModuleManager: Shutting down and abandoning module GeometryCache (356)
[2019.11.12-14.02.08:373][ 50]LogModuleManager: Shutting down and abandoning module GeometryCacheEd (355)
[2019.11.12-14.02.08:373][ 50]LogModuleManager: Shutting down and abandoning module VariantManagerContent (350)
[2019.11.12-14.02.08:373][ 50]LogModuleManager: Shutting down and abandoning module DatasmithContentEditor (348)
[2019.11.12-14.02.08:373][ 50]LogModuleManager: Shutting down and abandoning module SpeedTreeImporter (346)
[2019.11.12-14.02.08:373][ 50]LogModuleManager: Shutting down and abandoning module PluginBrowser (344)
[2019.11.12-14.02.08:373][ 50]LogModuleManager: Shutting down and abandoning module MobileLauncherProfileWizard (342)
[2019.11.12-14.02.08:373][ 50]LogModuleManager: Shutting down and abandoning module MaterialAnalyzer (340)
[2019.11.12-14.02.08:373][ 50]LogModuleManager: Shutting down and abandoning module CryptoKeysOpenSSL (338)
[2019.11.12-14.02.08:373][ 50]LogModuleManager: Shutting down and abandoning module CryptoKeys (336)
[2019.11.12-14.02.08:373][ 50]LogModuleManager: Shutting down and abandoning module VisualStudioSourceCodeAccess (334)
[2019.11.12-14.02.08:373][ 50]LogModuleManager: Shutting down and abandoning module VisualStudioCodeSourceCodeAccess (332)
[2019.11.12-14.02.08:373][ 50]LogModuleManager: Shutting down and abandoning module UObjectPlugin (330)
[2019.11.12-14.02.08:373][ 50]LogModuleManager: Shutting down and abandoning module SubversionSourceControl (328)
[2019.11.12-14.02.08:373][ 50]LogModuleManager: Shutting down and abandoning module PerforceSourceControl (326)
[2019.11.12-14.02.08:373][ 50]LogModuleManager: Shutting down and abandoning module GitSourceControl (324)
[2019.11.12-14.02.08:373][ 50]LogModuleManager: Shutting down and abandoning module SourceControl (323)
[2019.11.12-14.02.08:373][ 50]LogModuleManager: Shutting down and abandoning module CLionSourceCodeAccess (320)
[2019.11.12-14.02.08:373][ 50]LogModuleManager: Shutting down and abandoning module AnimationSharingEd (318)
[2019.11.12-14.02.08:373][ 50]LogModuleManager: Shutting down and abandoning module ActorLayerUtilitiesEditor (316)
[2019.11.12-14.02.08:373][ 50]LogModuleManager: Shutting down and abandoning module ActorLayerUtilities (314)
[2019.11.12-14.02.08:373][ 50]LogModuleManager: Shutting down and abandoning module LightPropagationVolumeEditor (312)
[2019.11.12-14.02.08:373][ 50]LogModuleManager: Shutting down and abandoning module PaperTiledImporter (310)
[2019.11.12-14.02.08:373][ 50]LogModuleManager: Shutting down and abandoning module PaperSpriteSheetImporter (308)
[2019.11.12-14.02.08:373][ 50]LogModuleManager: Shutting down and abandoning module Paper2DEditor (306)
[2019.11.12-14.02.08:373][ 50]LogModuleManager: Shutting down and abandoning module SoulsLike (304)
[2019.11.12-14.02.08:374][ 50]LogModuleManager: Shutting down and abandoning module SignificanceManager (302)
[2019.11.12-14.02.08:374][ 50]LogModuleManager: Shutting down and abandoning module RuntimePhysXCooking (300)
[2019.11.12-14.02.08:374][ 50]LogModuleManager: Shutting down and abandoning module PhysXVehiclesEditor (298)
[2019.11.12-14.02.08:374][ 50]LogModuleManager: Shutting down and abandoning module PhysXVehicles (296)
[2019.11.12-14.02.08:374][ 50]LogModuleManager: Shutting down and abandoning module LocationServicesBPLibrary (294)
[2019.11.12-14.02.08:374][ 50]LogModuleManager: Shutting down and abandoning module ActorSequence (292)
[2019.11.12-14.02.08:374][ 50]LogModuleManager: Shutting down and abandoning module UdpMessaging (290)
[2019.11.12-14.02.08:475][ 50]LogModuleManager: Shutting down and abandoning module TcpMessaging (288)
[2019.11.12-14.02.08:576][ 50]LogModuleManager: Shutting down and abandoning module MagicLeapIdentity (286)
[2019.11.12-14.02.08:576][ 50]LogModuleManager: Shutting down and abandoning module MagicLeapSecureStorage (284)
[2019.11.12-14.02.08:576][ 50]LogModuleManager: Shutting down and abandoning module MagicLeapHandTracking (282)
[2019.11.12-14.02.08:576][ 50]LogModuleManager: Shutting down and abandoning module MagicLeapEyeTracker (280)
[2019.11.12-14.02.08:576][ 50]LogModuleManager: Shutting down and abandoning module MagicLeapController (278)
[2019.11.12-14.02.08:576][ 50]LogSlate: Slate User Destroyed.  User Index 0, Is Virtual User: 0
[2019.11.12-14.02.08:576][ 50]LogModuleManager: Shutting down and abandoning module MagicLeapAR (276)
[2019.11.12-14.02.08:576][ 50]LogModuleManager: Shutting down and abandoning module AugmentedReality (275)
[2019.11.12-14.02.08:576][ 50]LogModuleManager: Shutting down and abandoning module Niagara (272)
[2019.11.12-14.02.08:576][ 50]LogModuleManager: Shutting down and abandoning module NiagaraCore (270)
[2019.11.12-14.02.08:576][ 50]LogModuleManager: Shutting down and abandoning module GameplayTagsEditor (268)
[2019.11.12-14.02.08:576][ 50]LogModuleManager: Shutting down and abandoning module FacialAnimationEditor (266)
[2019.11.12-14.02.08:576][ 50]LogModuleManager: Shutting down and abandoning module FacialAnimation (264)
[2019.11.12-14.02.08:576][ 50]LogModuleManager: Shutting down and abandoning module DataValidation (262)
[2019.11.12-14.02.08:576][ 50]LogModuleManager: Shutting down and abandoning module AssetManagerEditor (260)
[2019.11.12-14.02.08:576][ 50]LogModuleManager: Shutting down and abandoning module LevelEditor (259)
[2019.11.12-14.02.08:576][ 50]LogModuleManager: Shutting down and abandoning module PixelInspectorModule (258)
[2019.11.12-14.02.08:576][ 50]LogModuleManager: Shutting down and abandoning module CommonMenuExtensions (256)
[2019.11.12-14.02.08:576][ 50]LogModuleManager: Shutting down and abandoning module MainFrame (254)
[2019.11.12-14.02.08:576][ 50]LogModuleManager: Shutting down and abandoning module HotReload (253)
[2019.11.12-14.02.08:576][ 50]LogModuleManager: Shutting down and abandoning module ContentBrowser (249)
[2019.11.12-14.02.08:577][ 50]LogModuleManager: Shutting down and abandoning module TreeMap (247)
[2019.11.12-14.02.08:577][ 50]LogModuleManager: Shutting down and abandoning module AnimationSharing (244)
[2019.11.12-14.02.08:577][ 50]LogModuleManager: Shutting down and abandoning module LightPropagationVolumeRuntime (242)
[2019.11.12-14.02.08:577][ 50]LogModuleManager: Shutting down and abandoning module AISupportModule (240)
[2019.11.12-14.02.08:577][ 50]LogModuleManager: Shutting down and abandoning module Paper2D (238)
[2019.11.12-14.02.08:577][ 50]LogModuleManager: Shutting down and abandoning module WindowsMoviePlayer (236)
[2019.11.12-14.02.08:577][ 50]LogModuleManager: Shutting down and abandoning module WebMMoviePlayer (234)
[2019.11.12-14.02.08:577][ 50]LogModuleManager: Shutting down and abandoning module PacketHandler (232)
[2019.11.12-14.02.08:577][ 50]LogModuleManager: Shutting down and abandoning module ClothingSystemEditor (230)
[2019.11.12-14.02.08:577][ 50]LogModuleManager: Shutting down and abandoning module ClothingSystemRuntime (228)
[2019.11.12-14.02.08:577][ 50]LogModuleManager: Shutting down and abandoning module MediaAssets (226)
[2019.11.12-14.02.08:577][ 50]LogModuleManager: Shutting down and abandoning module Overlay (224)
[2019.11.12-14.02.08:577][ 50]LogModuleManager: Shutting down and abandoning module OverlayEditor (223)
[2019.11.12-14.02.08:577][ 50]LogModuleManager: Shutting down and abandoning module VREditor (220)
[2019.11.12-14.02.08:577][ 50]LogModuleManager: Shutting down and abandoning module StringTableEditor (218)
[2019.11.12-14.02.08:577][ 50]LogModuleManager: Shutting down and abandoning module GameplayTasksEditor (216)
[2019.11.12-14.02.08:577][ 50]LogModuleManager: Shutting down and abandoning module BehaviorTreeEditor (214)
[2019.11.12-14.02.08:577][ 50]LogModuleManager: Shutting down and abandoning module FunctionalTesting (212)
[2019.11.12-14.02.08:577][ 50]LogModuleManager: Shutting down and abandoning module CollisionAnalyzer (210)
[2019.11.12-14.02.08:577][ 50]LogModuleManager: Shutting down and abandoning module WorkspaceMenuStructure (209)
[2019.11.12-14.02.08:577][ 50]LogModuleManager: Shutting down and abandoning module UMG (206)
[2019.11.12-14.02.08:577][ 50]LogModuleManager: Shutting down and abandoning module UMGEditor (205)
[2019.11.12-14.02.08:577][ 50]LogModuleManager: Shutting down and abandoning module Sequencer (204)
[2019.11.12-14.02.08:578][ 50]LogModuleManager: Shutting down and abandoning module MessageLog (201)
[2019.11.12-14.02.08:578][ 50]LogModuleManager: Shutting down and abandoning module SlateReflector (196)
[2019.11.12-14.02.08:578][ 50]LogModuleManager: Shutting down and abandoning module Slate (194)
[2019.11.12-14.02.08:578][ 50]LogModuleManager: Shutting down and abandoning module EditorStyle (192)
[2019.11.12-14.02.08:579][ 50]LogModuleManager: Shutting down and abandoning module UnrealEd (190)
[2019.11.12-14.02.08:579][ 50]LogModuleManager: Shutting down and abandoning module MRMesh (188)
[2019.11.12-14.02.08:579][ 50]LogModuleManager: Shutting down and abandoning module SourceCodeAccess (186)
[2019.11.12-14.02.08:579][ 50]LogModuleManager: Shutting down and abandoning module HeadMountedDisplay (184)
[2019.11.12-14.02.08:579][ 50]LogModuleManager: Shutting down and abandoning module XAudio2 (182)
[2019.11.12-14.02.08:579][ 50]LogModuleManager: Shutting down and abandoning module Networking (180)
[2019.11.12-14.02.08:579][ 50]LogModuleManager: Shutting down and abandoning module Core (178)
[2019.11.12-14.02.08:579][ 50]LogModuleManager: Shutting down and abandoning module KismetCompiler (176)
[2019.11.12-14.02.08:579][ 50]LogModuleManager: Shutting down and abandoning module MeshUtilities (174)
[2019.11.12-14.02.08:579][ 50]LogModuleManager: Shutting down and abandoning module MeshMergeUtilities (173)
[2019.11.12-14.02.08:579][ 50]LogModuleManager: Shutting down and abandoning module MeshReductionInterface (172)
[2019.11.12-14.02.08:579][ 50]LogModuleManager: Shutting down and abandoning module SkeletalMeshReduction (171)
[2019.11.12-14.02.08:579][ 50]LogModuleManager: Shutting down and abandoning module ProxyLODMeshReduction (169)
[2019.11.12-14.02.08:579][ 50]LogModuleManager: Shutting down and abandoning module QuadricMeshReduction (167)
[2019.11.12-14.02.08:579][ 50]LogModuleManager: Shutting down and abandoning module MaterialBaking (163)
[2019.11.12-14.02.08:579][ 50]LogModuleManager: Shutting down and abandoning module DerivedDataCache (158)
[2019.11.12-14.02.09:037][ 50]LogDerivedDataCache: Shutdown
[2019.11.12-14.02.09:037][ 50]LogModuleManager: Shutting down and abandoning module XGEController (156)
[2019.11.12-14.02.09:037][ 50]LogModuleManager: Shutting down and abandoning module TargetPlatform (154)
[2019.11.12-14.02.09:037][ 50]LogModuleManager: Shutting down and abandoning module VulkanShaderFormat (153)
[2019.11.12-14.02.09:037][ 50]LogModuleManager: Shutting down and abandoning module ShaderFormatVectorVM (151)
[2019.11.12-14.02.09:037][ 50]LogModuleManager: Shutting down and abandoning module ShaderFormatOpenGL (149)
[2019.11.12-14.02.09:037][ 50]LogModuleManager: Shutting down and abandoning module ShaderFormatD3D (147)
[2019.11.12-14.02.09:037][ 50]LogModuleManager: Shutting down and abandoning module MetalShaderFormat (145)
[2019.11.12-14.02.09:037][ 50]LogModuleManager: Shutting down and abandoning module TextureFormatUncompressed (143)
[2019.11.12-14.02.09:037][ 50]LogModuleManager: Shutting down and abandoning module TextureFormatPVR (141)
[2019.11.12-14.02.09:037][ 50]LogModuleManager: Shutting down and abandoning module TextureFormatDXT (139)
[2019.11.12-14.02.09:037][ 50]LogModuleManager: Shutting down and abandoning module TextureFormatIntelISPCTexComp (137)
[2019.11.12-14.02.09:037][ 50]LogModuleManager: Shutting down and abandoning module TextureFormatASTC (135)
[2019.11.12-14.02.09:037][ 50]LogModuleManager: Shutting down and abandoning module ImageWrapper (134)
[2019.11.12-14.02.09:037][ 50]LogModuleManager: Shutting down and abandoning module TextureFormatAndroid (131)
[2019.11.12-14.02.09:038][ 50]LogModuleManager: Shutting down and abandoning module AudioFormatOpus (129)
[2019.11.12-14.02.09:038][ 50]LogModuleManager: Shutting down and abandoning module AudioFormatOgg (127)
[2019.11.12-14.02.09:038][ 50]LogModuleManager: Shutting down and abandoning module AudioFormatADPCM (125)
[2019.11.12-14.02.09:038][ 50]LogModuleManager: Shutting down and abandoning module LuminTargetPlatform (123)
[2019.11.12-14.02.09:038][ 50]LogModuleManager: Shutting down and abandoning module LinuxTargetPlatform (121)
[2019.11.12-14.02.09:038][ 50]LogModuleManager: Shutting down and abandoning module LinuxServerTargetPlatform (119)
[2019.11.12-14.02.09:038][ 50]LogModuleManager: Shutting down and abandoning module LinuxNoEditorTargetPlatform (117)
[2019.11.12-14.02.09:038][ 50]LogModuleManager: Shutting down and abandoning module LinuxClientTargetPlatform (115)
[2019.11.12-14.02.09:038][ 50]LogModuleManager: Shutting down and abandoning module TVOSTargetPlatform (113)
[2019.11.12-14.02.09:039][ 50]LogModuleManager: Shutting down and abandoning module Messaging (111)
[2019.11.12-14.02.09:039][ 50]LogModuleManager: Shutting down and abandoning module IOSTargetPlatform (109)
[2019.11.12-14.02.09:039][ 50]LogModuleManager: Shutting down and abandoning module HTML5TargetPlatform (107)
[2019.11.12-14.02.09:039][ 50]LogModuleManager: Shutting down and abandoning module AndroidTargetPlatform (105)
[2019.11.12-14.02.09:044][ 50]LogModuleManager: Shutting down and abandoning module WindowsTargetPlatform (103)
[2019.11.12-14.02.09:044][ 50]LogModuleManager: Shutting down and abandoning module WindowsServerTargetPlatform (101)
[2019.11.12-14.02.09:044][ 50]LogModuleManager: Shutting down and abandoning module WindowsNoEditorTargetPlatform (99)
[2019.11.12-14.02.09:044][ 50]LogModuleManager: Shutting down and abandoning module WindowsClientTargetPlatform (97)
[2019.11.12-14.02.09:044][ 50]LogModuleManager: Shutting down and abandoning module MacTargetPlatform (95)
[2019.11.12-14.02.09:044][ 50]LogModuleManager: Shutting down and abandoning module MacServerTargetPlatform (93)
[2019.11.12-14.02.09:044][ 50]LogModuleManager: Shutting down and abandoning module MacNoEditorTargetPlatform (91)
[2019.11.12-14.02.09:044][ 50]LogModuleManager: Shutting down and abandoning module MacClientTargetPlatform (89)
[2019.11.12-14.02.09:044][ 50]LogModuleManager: Shutting down and abandoning module AllDesktopTargetPlatform (87)
[2019.11.12-14.02.09:044][ 50]LogModuleManager: Shutting down and abandoning module InputCore (84)
[2019.11.12-14.02.09:044][ 50]LogModuleManager: Shutting down and abandoning module Settings (82)
[2019.11.12-14.02.09:044][ 50]LogModuleManager: Shutting down and abandoning module DirectoryWatcher (80)
[2019.11.12-14.02.09:044][ 50]LogModuleManager: Shutting down and abandoning module PhysXCooking (78)
[2019.11.12-14.02.09:044][ 50]LogModuleManager: Shutting down and abandoning module SteamVR (76)
[2019.11.12-14.02.09:045][ 50]LogHMD: Freeing OpenVRDLLHandle.
[2019.11.12-14.02.09:045][ 50]LogModuleManager: Shutting down and abandoning module OculusHMD (74)
[2019.11.12-14.02.09:045][ 50]LogModuleManager: Shutting down and abandoning module ExampleDeviceProfileSelector (72)
[2019.11.12-14.02.09:045][ 50]LogModuleManager: Shutting down and abandoning module LauncherChunkInstaller (70)
[2019.11.12-14.02.09:045][ 50]LogModuleManager: Shutting down and abandoning module OnlineBlueprintSupport (68)
[2019.11.12-14.02.09:045][ 50]LogModuleManager: Shutting down and abandoning module OnlineSubsystem (64)
[2019.11.12-14.02.09:046][ 50]LogModuleManager: Shutting down and abandoning module XMPP (59)
[2019.11.12-14.02.09:046][ 50]LogModuleManager: Shutting down and abandoning module WebSockets (58)
[2019.11.12-14.02.09:062][ 50]LogModuleManager: Shutting down and abandoning module HTTP (55)
[2019.11.12-14.02.09:062][ 50]LogHttp: Display: Http module shutting down, but needs to wait on 1 outstanding Http requests:
[2019.11.12-14.02.09:062][ 50]LogHttp: Display: 	verb=[POST] url=[https://datarouter.ol.epicgames.com/datarouter/api/v1/public/data?SessionID=%7B60FFA294-4BB2-82C2-40B5-10A0802974F0%7D&AppID=UEEditor.Rocket.Release&AppVersion=4.22.3-7053642%2B%2B%2BUE4%2BRelease-4.22&UserID=2b8bd4f84bdbe97e84db6d89ed8a2698%7C2579e7dd642b45c6a90e6da9a925536b%7C7d9043bd-76db-4874-b3f2-d30de2733ba0&AppEnvironment=datacollector-binary&UploadType=eteventstream] status=Processing
[2019.11.12-14.02.09:074][ 50]LogModuleManager: Shutting down and abandoning module SSL (54)
[2019.11.12-14.02.09:075][ 50]LogModuleManager: Shutting down and abandoning module WmfMedia (50)
[2019.11.12-14.02.09:077][ 50]LogModuleManager: Shutting down and abandoning module Media (49)
[2019.11.12-14.02.09:082][ 50]LogModuleManager: Shutting down and abandoning module MagicLeap (46)
[2019.11.12-14.02.09:082][ 50]LogModuleManager: Shutting down and abandoning module NiagaraVertexFactories (44)
[2019.11.12-14.02.09:082][ 50]LogModuleManager: Shutting down and abandoning module NiagaraShader (42)
[2019.11.12-14.02.09:082][ 50]LogModuleManager: Shutting down and abandoning module DatasmithContent (40)
[2019.11.12-14.02.09:083][ 50]LogModuleManager: Shutting down and abandoning module AnimationModifiers (38)
[2019.11.12-14.02.09:083][ 50]LogModuleManager: Shutting down and abandoning module PropertyEditor (37)
[2019.11.12-14.02.09:083][ 50]LogModuleManager: Shutting down and abandoning module AudioEditor (34)
[2019.11.12-14.02.09:083][ 50]LogModuleManager: Shutting down and abandoning module TextureCompressor (32)
[2019.11.12-14.02.09:083][ 50]LogModuleManager: Shutting down and abandoning module RenderCore (30)
[2019.11.12-14.02.09:083][ 50]LogModuleManager: Shutting down and abandoning module Landscape (28)
[2019.11.12-14.02.09:083][ 50]LogModuleManager: Shutting down and abandoning module SlateRHIRenderer (26)
[2019.11.12-14.02.09:083][ 50]LogModuleManager: Shutting down and abandoning module OpenGLDrv (24)
[2019.11.12-14.02.09:083][ 50]LogModuleManager: Shutting down and abandoning module D3D11RHI (22)
[2019.11.12-14.02.09:083][ 50]LogModuleManager: Shutting down and abandoning module AnimGraphRuntime (20)
[2019.11.12-14.02.09:083][ 50]LogModuleManager: Shutting down and abandoning module Renderer (18)
[2019.11.12-14.02.09:083][ 50]LogModuleManager: Shutting down and abandoning module Engine (16)
[2019.11.12-14.02.09:083][ 50]LogModuleManager: Shutting down and abandoning module CoreUObject (14)
[2019.11.12-14.02.09:083][ 50]LogModuleManager: Shutting down and abandoning module NetworkFile (12)
[2019.11.12-14.02.09:083][ 50]LogModuleManager: Shutting down and abandoning module CookedIterativeFile (10)
[2019.11.12-14.02.09:083][ 50]LogModuleManager: Shutting down and abandoning module StreamingFile (8)
[2019.11.12-14.02.09:083][ 50]LogModuleManager: Shutting down and abandoning module SandboxFile (6)
[2019.11.12-14.02.09:083][ 50]LogModuleManager: Shutting down and abandoning module PakFile (4)
[2019.11.12-14.02.09:083][ 50]LogModuleManager: Shutting down and abandoning module RSA (3)
[2019.11.12-14.02.09:092][ 50]LogExit: Exiting.
[2019.11.12-14.02.09:135][ 50]Log file closed, 11/12/19 09:02:09
