Log file open, 11/17/19 21:50:34
LogWindows: Failed to load 'aqProf.dll' (GetLastError=126)
LogWindows: File 'aqProf.dll' does not exist
LogWindows: Failed to load 'VtuneApi.dll' (GetLastError=126)
LogWindows: File 'VtuneApi.dll' does not exist
LogWindows: Failed to load 'VtuneApi32e.dll' (GetLastError=126)
LogWindows: File 'VtuneApi32e.dll' does not exist
LogConsoleResponse: Display: Failed to find resolution value strings in scalability ini. Falling back to default.
LogInit: Display: Running engine for game: SoulsLike
LogPakFile: Registered encryption key '00000000000000000000000000000000': 0 pak files mounted, 0 remain pending
LogPlatformFile: Not using cached read wrapper
LogTaskGraph: Started task graph with 5 named threads and 23 total threads with 3 sets of task threads.
LogStats: Stats thread started at 0.296237
LogD3D11RHI: Loaded GFSDK_Aftermath_Lib.x64.dll
LogICUInternationalization: ICU TimeZone Detection - Raw Offset: -5:00, Platform Override: ''
LogPluginManager: Mounting plugin Paper2D
LogPluginManager: Mounting plugin AISupport
LogPluginManager: Mounting plugin LightPropagationVolume
LogPluginManager: Mounting plugin ActorLayerUtilities
LogPluginManager: Mounting plugin AnimationSharing
LogPluginManager: Mounting plugin CLionSourceCodeAccess
LogPluginManager: Mounting plugin CodeLiteSourceCodeAccess
LogPluginManager: Mounting plugin GitSourceControl
LogPluginManager: Mounting plugin KDevelopSourceCodeAccess
LogPluginManager: Mounting plugin NullSourceCodeAccess
LogPluginManager: Mounting plugin PerforceSourceControl
LogPluginManager: Mounting plugin SubversionSourceControl
LogPluginManager: Mounting plugin UObjectPlugin
LogPluginManager: Mounting plugin VisualStudioCodeSourceCodeAccess
LogPluginManager: Mounting plugin VisualStudioSourceCodeAccess
LogPluginManager: Mounting plugin XCodeSourceCodeAccess
LogPluginManager: Mounting plugin AssetManagerEditor
LogPluginManager: Mounting plugin CryptoKeys
LogPluginManager: Mounting plugin DataValidation
LogPluginManager: Mounting plugin FacialAnimation
LogPluginManager: Mounting plugin GameplayTagsEditor
LogPluginManager: Mounting plugin MacGraphicsSwitching
LogPluginManager: Mounting plugin MaterialAnalyzer
LogPluginManager: Mounting plugin MobileLauncherProfileWizard
LogPluginManager: Mounting plugin PluginBrowser
LogPluginManager: Mounting plugin SpeedTreeImporter
LogPluginManager: Mounting plugin DatasmithContent
LogPluginManager: Mounting plugin VariantManagerContent
LogPluginManager: Mounting plugin AlembicImporter
LogPluginManager: Mounting plugin AppleImageUtils
LogPluginManager: Mounting plugin AppleVision
LogPluginManager: Mounting plugin BackChannel
LogPluginManager: Mounting plugin CharacterAI
LogPluginManager: Mounting plugin GeometryCache
LogPluginManager: Mounting plugin HTML5Networking
LogPluginManager: Mounting plugin ProxyLODPlugin
LogPluginManager: Mounting plugin SkeletalReduction
LogPluginManager: Mounting plugin HoudiniNiagara
LogPluginManager: Mounting plugin Niagara
LogPluginManager: Mounting plugin NiagaraExtras
LogPluginManager: Mounting plugin MagicLeap
LogPluginManager: Mounting plugin MagicLeapMedia
LogPluginManager: Mounting plugin AndroidMedia
LogPluginManager: Mounting plugin AvfMedia
LogPluginManager: Mounting plugin ImgMedia
LogPluginManager: Mounting plugin LinearTimecode
LogPluginManager: Mounting plugin MediaCompositing
LogPluginManager: Mounting plugin MediaPlayerEditor
LogPluginManager: Mounting plugin WebMMedia
LogPluginManager: Mounting plugin WmfMedia
LogPluginManager: Mounting plugin TcpMessaging
LogPluginManager: Mounting plugin UdpMessaging
LogPluginManager: Mounting plugin ActorSequence
LogPluginManager: Mounting plugin LevelSequenceEditor
LogPluginManager: Mounting plugin MatineeToLevelSequence
LogPluginManager: Mounting plugin NetcodeUnitTest
LogPluginManager: Mounting plugin NUTUnrealEngine4
LogPluginManager: Mounting plugin OnlineSubsystemGooglePlay
LogPluginManager: Mounting plugin OnlineSubsystemIOS
LogPluginManager: Mounting plugin OnlineSubsystem
LogPluginManager: Mounting plugin OnlineSubsystemNull
LogPluginManager: Mounting plugin OnlineSubsystemUtils
LogPluginManager: Mounting plugin LauncherChunkInstaller
LogPluginManager: Mounting plugin AndroidDeviceProfileSelector
LogPluginManager: Mounting plugin AndroidMoviePlayer
LogPluginManager: Mounting plugin AndroidPermission
LogPluginManager: Mounting plugin AppleMoviePlayer
LogPluginManager: Mounting plugin ArchVisCharacter
LogPluginManager: Mounting plugin AudioCapture
LogPluginManager: Mounting plugin CableComponent
LogPluginManager: Mounting plugin CustomMeshComponent
LogPluginManager: Mounting plugin EditableMesh
LogPluginManager: Mounting plugin ExampleDeviceProfileSelector
LogPluginManager: Mounting plugin Firebase
LogPluginManager: Mounting plugin GoogleCloudMessaging
LogPluginManager: Mounting plugin IOSDeviceProfileSelector
LogPluginManager: Mounting plugin LinuxDeviceProfileSelector
LogPluginManager: Mounting plugin LocationServicesBPLibrary
LogPluginManager: Mounting plugin MobilePatchingUtils
LogPluginManager: Mounting plugin OculusVR
LogPluginManager: Mounting plugin PhysXVehicles
LogPluginManager: Mounting plugin ProceduralMeshComponent
LogPluginManager: Mounting plugin RuntimePhysXCooking
LogPluginManager: Mounting plugin SignificanceManager
LogPluginManager: Mounting plugin SteamVR
LogPluginManager: Mounting plugin WebMMoviePlayer
LogPluginManager: Mounting plugin WindowsMoviePlayer
LogInit: Using libcurl 7.55.1-DEV
LogInit:  - built for x86_64-pc-win32
LogInit:  - supports SSL with OpenSSL/1.1.1
LogInit:  - supports HTTP deflate (compression) using libz 1.2.8
LogInit:  - other features:
LogInit:      CURL_VERSION_SSL
LogInit:      CURL_VERSION_LIBZ
LogInit:      CURL_VERSION_IPV6
LogInit:      CURL_VERSION_ASYNCHDNS
LogInit:      CURL_VERSION_LARGEFILE
LogInit:      CURL_VERSION_IDN
LogInit:  CurlRequestOptions (configurable via config and command line):
LogInit:  - bVerifyPeer = true  - Libcurl will verify peer certificate
LogInit:  - bUseHttpProxy = false  - Libcurl will NOT use HTTP proxy
LogInit:  - bDontReuseConnections = false  - Libcurl will reuse connections
LogInit:  - MaxHostConnections = 16  - Libcurl will limit the number of connections to a host
LogInit:  - LocalHostAddr = Default
LogInit:  - BufferSize = 65536
LogInit: WinSock: version 1.1 (2.2), MaxSocks=32767, MaxUdp=65467
LogInit: Build: ++UE4+Release-4.22-CL-7053642
LogInit: Engine Version: 4.22.3-7053642+++UE4+Release-4.22
LogInit: Compatible Engine Version: 4.22.0-5660361+++UE4+Release-4.22
LogInit: Net CL: 5660361
LogInit: OS: Windows 10 (Release 1809) (), CPU: Intel(R) Core(TM) i7-7700HQ CPU @ 2.80GHz, GPU: Intel(R) HD Graphics 630
LogInit: Compiled (64-bit): Jun 18 2019 03:09:11
LogInit: Compiled with Visual C++: 19.16.27025.01
LogInit: Build Configuration: Development
LogInit: Branch Name: ++UE4+Release-4.22
LogInit: Command Line: 
LogInit: Base Directory: C:/Program Files/Epic Games/UE_4.22/Engine/Binaries/Win64/
LogInit: Installed Engine Build: 1
LogDevObjectVersion: Number of dev versions registered: 23
LogDevObjectVersion:   Dev-Blueprints (B0D832E4-1F89-4F0D-ACCF-7EB736FD4AA2): 10
LogDevObjectVersion:   Dev-Build (E1C64328-A22C-4D53-A36C-8E866417BD8C): 0
LogDevObjectVersion:   Dev-Core (375EC13C-06E4-48FB-B500-84F0262A717E): 3
LogDevObjectVersion:   Dev-Editor (E4B068ED-F494-42E9-A231-DA0B2E46BB41): 30
LogDevObjectVersion:   Dev-Framework (CFFC743F-43B0-4480-9391-14DF171D2073): 35
LogDevObjectVersion:   Dev-Mobile (B02B49B5-BB20-44E9-A304-32B752E40360): 2
LogDevObjectVersion:   Dev-Networking (A4E4105C-59A1-49B5-A7C5-40C4547EDFEE): 0
LogDevObjectVersion:   Dev-Online (39C831C9-5AE6-47DC-9A44-9C173E1C8E7C): 0
LogDevObjectVersion:   Dev-Physics (78F01B33-EBEA-4F98-B9B4-84EACCB95AA2): 0
LogDevObjectVersion:   Dev-Platform (6631380F-2D4D-43E0-8009-CF276956A95A): 0
LogDevObjectVersion:   Dev-Rendering (12F88B9F-8875-4AFC-A67C-D90C383ABD29): 28
LogDevObjectVersion:   Dev-Sequencer (7B5AE74C-D270-4C10-A958-57980B212A5A): 11
LogDevObjectVersion:   Dev-VR (D7296918-1DD6-4BDD-9DE2-64A83CC13884): 2
LogDevObjectVersion:   Dev-LoadTimes (C2A15278-BFE7-4AFE-6C17-90FF531DF755): 1
LogDevObjectVersion:   Private-Geometry (6EACA3D4-40EC-4CC1-B786-8BED09428FC5): 3
LogDevObjectVersion:   Dev-AnimPhys (29E575DD-E0A3-4627-9D10-D276232CDCEA): 17
LogDevObjectVersion:   Dev-Anim (AF43A65D-7FD3-4947-9873-3E8ED9C1BB05): 2
LogDevObjectVersion:   Dev-ReflectionCapture (6B266CEC-1EC7-4B8F-A30B-E4D90942FC07): 1
LogDevObjectVersion:   Dev-Automation (0DF73D61-A23F-47EA-B727-89E90C41499A): 1
LogDevObjectVersion:   FortniteMain (601D1886-AC64-4F84-AA16-D3DE0DEAC7D6): 25
LogDevObjectVersion:   Dev-Enterprise (9DFFBCD6-494F-0158-E221-12823C92A888): 6
LogDevObjectVersion:   Dev-Niagara (F2AED0AC-9AFE-416F-8664-AA7FFA26D6FC): 1
LogDevObjectVersion:   Dev-Destruction (174F1F0B-B4C6-45A5-B13F-2EE8D0FB917D): 2
LogInit: Presizing for max 16777216 objects, including 0 objects not considered by GC, pre-allocating 0 bytes for permanent pool.
LogInit: Object subsystem initialized
LogConfig: Setting CVar [[con.DebugEarlyDefault:1]]
LogConfig: Setting CVar [[r.setres:1280x720]]
[2019.11.18-02.50.35:143][  0]LogConfig: Setting CVar [[r.VSync:0]]
[2019.11.18-02.50.35:143][  0]LogConfig: Setting CVar [[r.RHICmdBypass:0]]
[2019.11.18-02.50.35:143][  0]LogConfig: Applying CVar settings from Section [/Script/Engine.RendererSettings] File [C:/Users/abbyr/Documents/Game Engine/SoulsLike/SoulsLike/Saved/Config/Windows/Engine.ini]
[2019.11.18-02.50.35:143][  0]LogConfig: Setting CVar [[r.GPUCrashDebugging:0]]
[2019.11.18-02.50.35:143][  0]LogConfig: Setting CVar [[r.DefaultFeature.AutoExposure.ExtendDefaultLuminanceRange:1]]
[2019.11.18-02.50.35:143][  0]LogConfig: Applying CVar settings from Section [/Script/Engine.RendererOverrideSettings] File [C:/Users/abbyr/Documents/Game Engine/SoulsLike/SoulsLike/Saved/Config/Windows/Engine.ini]
[2019.11.18-02.50.35:143][  0]LogConfig: Applying CVar settings from Section [/Script/Engine.StreamingSettings] File [C:/Users/abbyr/Documents/Game Engine/SoulsLike/SoulsLike/Saved/Config/Windows/Engine.ini]
[2019.11.18-02.50.35:143][  0]LogConfig: Setting CVar [[s.MinBulkDataSizeForAsyncLoading:131072]]
[2019.11.18-02.50.35:143][  0]LogConfig: Setting CVar [[s.AsyncLoadingThreadEnabled:0]]
[2019.11.18-02.50.35:143][  0]LogConfig: Setting CVar [[s.EventDrivenLoaderEnabled:1]]
[2019.11.18-02.50.35:143][  0]LogConfig: Setting CVar [[s.WarnIfTimeLimitExceeded:0]]
[2019.11.18-02.50.35:143][  0]LogConfig: Setting CVar [[s.TimeLimitExceededMultiplier:1.5]]
[2019.11.18-02.50.35:143][  0]LogConfig: Setting CVar [[s.TimeLimitExceededMinTime:0.005]]
[2019.11.18-02.50.35:143][  0]LogConfig: Setting CVar [[s.UseBackgroundLevelStreaming:1]]
[2019.11.18-02.50.35:143][  0]LogConfig: Setting CVar [[s.PriorityAsyncLoadingExtraTime:15.0]]
[2019.11.18-02.50.35:143][  0]LogConfig: Setting CVar [[s.LevelStreamingActorsUpdateTimeLimit:5.0]]
[2019.11.18-02.50.35:143][  0]LogConfig: Setting CVar [[s.PriorityLevelStreamingActorsUpdateExtraTime:5.0]]
[2019.11.18-02.50.35:143][  0]LogConfig: Setting CVar [[s.LevelStreamingComponentsRegistrationGranularity:10]]
[2019.11.18-02.50.35:143][  0]LogConfig: Setting CVar [[s.UnregisterComponentsTimeLimit:1.0]]
[2019.11.18-02.50.35:143][  0]LogConfig: Setting CVar [[s.LevelStreamingComponentsUnregistrationGranularity:5]]
[2019.11.18-02.50.35:143][  0]LogConfig: Applying CVar settings from Section [/Script/Engine.GarbageCollectionSettings] File [C:/Users/abbyr/Documents/Game Engine/SoulsLike/SoulsLike/Saved/Config/Windows/Engine.ini]
[2019.11.18-02.50.35:143][  0]LogConfig: Setting CVar [[gc.MaxObjectsNotConsideredByGC:1]]
[2019.11.18-02.50.35:143][  0]LogConfig: Setting CVar [[gc.SizeOfPermanentObjectPool:0]]
[2019.11.18-02.50.35:143][  0]LogConfig: Setting CVar [[gc.FlushStreamingOnGC:0]]
[2019.11.18-02.50.35:143][  0]LogConfig: Setting CVar [[gc.NumRetriesBeforeForcingGC:10]]
[2019.11.18-02.50.35:143][  0]LogConfig: Setting CVar [[gc.AllowParallelGC:1]]
[2019.11.18-02.50.35:143][  0]LogConfig: Setting CVar [[gc.TimeBetweenPurgingPendingKillObjects:61.1]]
[2019.11.18-02.50.35:143][  0]LogConfig: Setting CVar [[gc.MaxObjectsInEditor:16777216]]
[2019.11.18-02.50.35:143][  0]LogConfig: Setting CVar [[gc.IncrementalBeginDestroyEnabled:1]]
[2019.11.18-02.50.35:143][  0]LogConfig: Setting CVar [[gc.CreateGCClusters:1]]
[2019.11.18-02.50.35:143][  0]LogConfig: Setting CVar [[gc.MinGCClusterSize:5]]
[2019.11.18-02.50.35:144][  0]LogConfig: Setting CVar [[gc.ActorClusteringEnabled:0]]
[2019.11.18-02.50.35:144][  0]LogConfig: Setting CVar [[gc.BlueprintClusteringEnabled:0]]
[2019.11.18-02.50.35:144][  0]LogConfig: Setting CVar [[gc.UseDisregardForGCOnDedicatedServers:0]]
[2019.11.18-02.50.35:144][  0]LogConfig: Applying CVar settings from Section [/Script/Engine.NetworkSettings] File [C:/Users/abbyr/Documents/Game Engine/SoulsLike/SoulsLike/Saved/Config/Windows/Engine.ini]
[2019.11.18-02.50.35:144][  0]LogConfig: Applying CVar settings from Section [/Script/UnrealEd.CookerSettings] File [C:/Users/abbyr/Documents/Game Engine/SoulsLike/SoulsLike/Saved/Config/Windows/Engine.ini]
[2019.11.18-02.50.35:146][  0]LogConfig: Applying CVar settings from Section [ViewDistanceQuality@3] File [C:/Users/abbyr/Documents/Game Engine/SoulsLike/SoulsLike/Saved/Config/Windows/Scalability.ini]
[2019.11.18-02.50.35:146][  0]LogConfig: Setting CVar [[r.SkeletalMeshLODBias:0]]
[2019.11.18-02.50.35:146][  0]LogConfig: Setting CVar [[r.ViewDistanceScale:1.0]]
[2019.11.18-02.50.35:146][  0]LogConfig: Applying CVar settings from Section [AntiAliasingQuality@3] File [C:/Users/abbyr/Documents/Game Engine/SoulsLike/SoulsLike/Saved/Config/Windows/Scalability.ini]
[2019.11.18-02.50.35:146][  0]LogConfig: Setting CVar [[r.PostProcessAAQuality:4]]
[2019.11.18-02.50.35:146][  0]LogConfig: Applying CVar settings from Section [ShadowQuality@3] File [C:/Users/abbyr/Documents/Game Engine/SoulsLike/SoulsLike/Saved/Config/Windows/Scalability.ini]
[2019.11.18-02.50.35:146][  0]LogConfig: Setting CVar [[r.LightFunctionQuality:1]]
[2019.11.18-02.50.35:146][  0]LogConfig: Setting CVar [[r.ShadowQuality:5]]
[2019.11.18-02.50.35:146][  0]LogConfig: Setting CVar [[r.Shadow.CSM.MaxCascades:10]]
[2019.11.18-02.50.35:146][  0]LogConfig: Setting CVar [[r.Shadow.MaxResolution:2048]]
[2019.11.18-02.50.35:146][  0]LogConfig: Setting CVar [[r.Shadow.MaxCSMResolution:2048]]
[2019.11.18-02.50.35:146][  0]LogConfig: Setting CVar [[r.Shadow.RadiusThreshold:0.01]]
[2019.11.18-02.50.35:146][  0]LogConfig: Setting CVar [[r.Shadow.DistanceScale:1.0]]
[2019.11.18-02.50.35:146][  0]LogConfig: Setting CVar [[r.Shadow.CSM.TransitionScale:1.0]]
[2019.11.18-02.50.35:146][  0]LogConfig: Setting CVar [[r.Shadow.PreShadowResolutionFactor:1.0]]
[2019.11.18-02.50.35:146][  0]LogConfig: Setting CVar [[r.DistanceFieldShadowing:1]]
[2019.11.18-02.50.35:146][  0]LogConfig: Setting CVar [[r.DistanceFieldAO:1]]
[2019.11.18-02.50.35:146][  0]LogConfig: Setting CVar [[r.AOQuality:2]]
[2019.11.18-02.50.35:146][  0]LogConfig: Setting CVar [[r.VolumetricFog:1]]
[2019.11.18-02.50.35:146][  0]LogConfig: Setting CVar [[r.VolumetricFog.GridPixelSize:8]]
[2019.11.18-02.50.35:146][  0]LogConfig: Setting CVar [[r.VolumetricFog.GridSizeZ:128]]
[2019.11.18-02.50.35:146][  0]LogConfig: Setting CVar [[r.VolumetricFog.HistoryMissSupersampleCount:4]]
[2019.11.18-02.50.35:146][  0]LogConfig: Setting CVar [[r.LightMaxDrawDistanceScale:1]]
[2019.11.18-02.50.35:146][  0]LogConfig: Setting CVar [[r.CapsuleShadows:1]]
[2019.11.18-02.50.35:146][  0]LogConfig: Applying CVar settings from Section [PostProcessQuality@3] File [C:/Users/abbyr/Documents/Game Engine/SoulsLike/SoulsLike/Saved/Config/Windows/Scalability.ini]
[2019.11.18-02.50.35:146][  0]LogConfig: Setting CVar [[r.MotionBlurQuality:4]]
[2019.11.18-02.50.35:146][  0]LogConfig: Setting CVar [[r.AmbientOcclusionMipLevelFactor:0.4]]
[2019.11.18-02.50.35:146][  0]LogConfig: Setting CVar [[r.AmbientOcclusionMaxQuality:100]]
[2019.11.18-02.50.35:146][  0]LogConfig: Setting CVar [[r.AmbientOcclusionLevels:-1]]
[2019.11.18-02.50.35:146][  0]LogConfig: Setting CVar [[r.AmbientOcclusionRadiusScale:1.0]]
[2019.11.18-02.50.35:146][  0]LogConfig: Setting CVar [[r.DepthOfFieldQuality:2]]
[2019.11.18-02.50.35:146][  0]LogConfig: Setting CVar [[r.RenderTargetPoolMin:400]]
[2019.11.18-02.50.35:146][  0]LogConfig: Setting CVar [[r.LensFlareQuality:2]]
[2019.11.18-02.50.35:146][  0]LogConfig: Setting CVar [[r.SceneColorFringeQuality:1]]
[2019.11.18-02.50.35:146][  0]LogConfig: Setting CVar [[r.EyeAdaptationQuality:2]]
[2019.11.18-02.50.35:146][  0]LogConfig: Setting CVar [[r.BloomQuality:5]]
[2019.11.18-02.50.35:146][  0]LogConfig: Setting CVar [[r.FastBlurThreshold:100]]
[2019.11.18-02.50.35:146][  0]LogConfig: Setting CVar [[r.Upscale.Quality:3]]
[2019.11.18-02.50.35:146][  0]LogConfig: Setting CVar [[r.Tonemapper.GrainQuantization:1]]
[2019.11.18-02.50.35:146][  0]LogConfig: Setting CVar [[r.LightShaftQuality:1]]
[2019.11.18-02.50.35:146][  0]LogConfig: Setting CVar [[r.Filter.SizeScale:1]]
[2019.11.18-02.50.35:146][  0]LogConfig: Setting CVar [[r.Tonemapper.Quality:5]]
[2019.11.18-02.50.35:146][  0]LogConfig: Setting CVar [[r.DOF.Gather.AccumulatorQuality:1        ; higher gathering accumulator quality]]
[2019.11.18-02.50.35:146][  0]LogConfig: Setting CVar [[r.DOF.Gather.PostfilterMethod:1          ; Median3x3 postfilering method]]
[2019.11.18-02.50.35:146][  0]LogConfig: Setting CVar [[r.DOF.Gather.EnableBokehSettings:0       ; no bokeh simulation when gathering]]
[2019.11.18-02.50.35:146][  0]LogConfig: Setting CVar [[r.DOF.Gather.RingCount:4                 ; medium number of samples when gathering]]
[2019.11.18-02.50.35:146][  0]LogConfig: Setting CVar [[r.DOF.Scatter.ForegroundCompositing:1    ; additive foreground scattering]]
[2019.11.18-02.50.35:146][  0]LogConfig: Setting CVar [[r.DOF.Scatter.BackgroundCompositing:2    ; additive background scattering]]
[2019.11.18-02.50.35:146][  0]LogConfig: Setting CVar [[r.DOF.Scatter.EnableBokehSettings:1      ; bokeh simulation when scattering]]
[2019.11.18-02.50.35:146][  0]LogConfig: Setting CVar [[r.DOF.Scatter.MaxSpriteRatio:0.1         ; only a maximum of 10% of scattered bokeh]]
[2019.11.18-02.50.35:146][  0]LogConfig: Setting CVar [[r.DOF.Recombine.Quality:1                ; cheap slight out of focus]]
[2019.11.18-02.50.35:146][  0]LogConfig: Setting CVar [[r.DOF.Recombine.EnableBokehSettings:0    ; no bokeh simulation on slight out of focus]]
[2019.11.18-02.50.35:146][  0]LogConfig: Setting CVar [[r.DOF.TemporalAAQuality:1                ; more stable temporal accumulation]]
[2019.11.18-02.50.35:146][  0]LogConfig: Setting CVar [[r.DOF.Kernel.MaxForegroundRadius:0.025]]
[2019.11.18-02.50.35:146][  0]LogConfig: Setting CVar [[r.DOF.Kernel.MaxBackgroundRadius:0.025]]
[2019.11.18-02.50.35:146][  0]LogConfig: Applying CVar settings from Section [TextureQuality@3] File [C:/Users/abbyr/Documents/Game Engine/SoulsLike/SoulsLike/Saved/Config/Windows/Scalability.ini]
[2019.11.18-02.50.35:146][  0]LogConfig: Setting CVar [[r.Streaming.MipBias:0]]
[2019.11.18-02.50.35:146][  0]LogConfig: Setting CVar [[r.Streaming.AmortizeCPUToGPUCopy:0]]
[2019.11.18-02.50.35:146][  0]LogConfig: Setting CVar [[r.Streaming.MaxNumTexturesToStreamPerFrame:0]]
[2019.11.18-02.50.35:146][  0]LogConfig: Setting CVar [[r.Streaming.Boost:1]]
[2019.11.18-02.50.35:146][  0]LogConfig: Setting CVar [[r.MaxAnisotropy:8]]
[2019.11.18-02.50.35:146][  0]LogConfig: Setting CVar [[r.Streaming.LimitPoolSizeToVRAM:0]]
[2019.11.18-02.50.35:146][  0]LogConfig: Setting CVar [[r.Streaming.PoolSize:1000]]
[2019.11.18-02.50.35:146][  0]LogConfig: Setting CVar [[r.Streaming.MaxEffectiveScreenSize:0]]
[2019.11.18-02.50.35:146][  0]LogConfig: Applying CVar settings from Section [EffectsQuality@3] File [C:/Users/abbyr/Documents/Game Engine/SoulsLike/SoulsLike/Saved/Config/Windows/Scalability.ini]
[2019.11.18-02.50.35:146][  0]LogConfig: Setting CVar [[r.TranslucencyLightingVolumeDim:64]]
[2019.11.18-02.50.35:146][  0]LogConfig: Setting CVar [[r.RefractionQuality:2]]
[2019.11.18-02.50.35:147][  0]LogConfig: Setting CVar [[r.SSR.Quality:3]]
[2019.11.18-02.50.35:147][  0]LogConfig: Setting CVar [[r.SceneColorFormat:4]]
[2019.11.18-02.50.35:147][  0]LogConfig: Setting CVar [[r.DetailMode:2]]
[2019.11.18-02.50.35:147][  0]LogConfig: Setting CVar [[r.TranslucencyVolumeBlur:1]]
[2019.11.18-02.50.35:147][  0]LogConfig: Setting CVar [[r.MaterialQualityLevel:1 ; High quality]]
[2019.11.18-02.50.35:147][  0]LogConfig: Setting CVar [[r.SSS.Scale:1]]
[2019.11.18-02.50.35:147][  0]LogConfig: Setting CVar [[r.SSS.SampleSet:2]]
[2019.11.18-02.50.35:147][  0]LogConfig: Setting CVar [[r.SSS.Quality:1]]
[2019.11.18-02.50.35:147][  0]LogConfig: Setting CVar [[r.SSS.HalfRes:1]]
[2019.11.18-02.50.35:147][  0]LogConfig: Setting CVar [[r.EmitterSpawnRateScale:1.0]]
[2019.11.18-02.50.35:147][  0]LogConfig: Setting CVar [[r.ParticleLightQuality:2]]
[2019.11.18-02.50.35:147][  0]LogConfig: Applying CVar settings from Section [FoliageQuality@3] File [C:/Users/abbyr/Documents/Game Engine/SoulsLike/SoulsLike/Saved/Config/Windows/Scalability.ini]
[2019.11.18-02.50.35:147][  0]LogConfig: Setting CVar [[foliage.DensityScale:1.0]]
[2019.11.18-02.50.35:147][  0]LogConfig: Setting CVar [[grass.DensityScale:1.0]]
[2019.11.18-02.50.35:147][  0]LogInit: Selected Device Profile: [Windows]
[2019.11.18-02.50.35:147][  0]LogInit: Applying CVar settings loaded from the selected device profile: [Windows]
[2019.11.18-02.50.35:160][  0]LogHAL: Display: Platform has ~ 12 GB [12764131328 / 17179869184 / 12], which maps to Larger [LargestMinGB=32, LargerMinGB=12, DefaultMinGB=8, SmallerMinGB=6, SmallestMinGB=0)
[2019.11.18-02.50.35:160][  0]LogConfig: Setting CVar [[r.Vulkan.UseRealUBs:0		; Required until we fix HLR fall-out]]
[2019.11.18-02.50.35:160][  0]LogInit: Going up to parent DeviceProfile []
[2019.11.18-02.50.35:160][  0]LogConfig: Applying CVar settings from Section [ViewDistanceQuality@3] File [C:/Users/abbyr/Documents/Game Engine/SoulsLike/SoulsLike/Saved/Config/Windows/Scalability.ini]
[2019.11.18-02.50.35:160][  0]LogConfig: Setting CVar [[r.SkeletalMeshLODBias:0]]
[2019.11.18-02.50.35:160][  0]LogConfig: Setting CVar [[r.ViewDistanceScale:1.0]]
[2019.11.18-02.50.35:160][  0]LogConfig: Applying CVar settings from Section [AntiAliasingQuality@3] File [C:/Users/abbyr/Documents/Game Engine/SoulsLike/SoulsLike/Saved/Config/Windows/Scalability.ini]
[2019.11.18-02.50.35:160][  0]LogConfig: Setting CVar [[r.PostProcessAAQuality:4]]
[2019.11.18-02.50.35:160][  0]LogConfig: Applying CVar settings from Section [ShadowQuality@3] File [C:/Users/abbyr/Documents/Game Engine/SoulsLike/SoulsLike/Saved/Config/Windows/Scalability.ini]
[2019.11.18-02.50.35:160][  0]LogConfig: Setting CVar [[r.LightFunctionQuality:1]]
[2019.11.18-02.50.35:160][  0]LogConfig: Setting CVar [[r.ShadowQuality:5]]
[2019.11.18-02.50.35:160][  0]LogConfig: Setting CVar [[r.Shadow.CSM.MaxCascades:10]]
[2019.11.18-02.50.35:160][  0]LogConfig: Setting CVar [[r.Shadow.MaxResolution:2048]]
[2019.11.18-02.50.35:160][  0]LogConfig: Setting CVar [[r.Shadow.MaxCSMResolution:2048]]
[2019.11.18-02.50.35:160][  0]LogConfig: Setting CVar [[r.Shadow.RadiusThreshold:0.01]]
[2019.11.18-02.50.35:160][  0]LogConfig: Setting CVar [[r.Shadow.DistanceScale:1.0]]
[2019.11.18-02.50.35:160][  0]LogConfig: Setting CVar [[r.Shadow.CSM.TransitionScale:1.0]]
[2019.11.18-02.50.35:160][  0]LogConfig: Setting CVar [[r.Shadow.PreShadowResolutionFactor:1.0]]
[2019.11.18-02.50.35:160][  0]LogConfig: Setting CVar [[r.DistanceFieldShadowing:1]]
[2019.11.18-02.50.35:160][  0]LogConfig: Setting CVar [[r.DistanceFieldAO:1]]
[2019.11.18-02.50.35:160][  0]LogConfig: Setting CVar [[r.AOQuality:2]]
[2019.11.18-02.50.35:160][  0]LogConfig: Setting CVar [[r.VolumetricFog:1]]
[2019.11.18-02.50.35:160][  0]LogConfig: Setting CVar [[r.VolumetricFog.GridPixelSize:8]]
[2019.11.18-02.50.35:160][  0]LogConfig: Setting CVar [[r.VolumetricFog.GridSizeZ:128]]
[2019.11.18-02.50.35:160][  0]LogConfig: Setting CVar [[r.VolumetricFog.HistoryMissSupersampleCount:4]]
[2019.11.18-02.50.35:160][  0]LogConfig: Setting CVar [[r.LightMaxDrawDistanceScale:1]]
[2019.11.18-02.50.35:160][  0]LogConfig: Setting CVar [[r.CapsuleShadows:1]]
[2019.11.18-02.50.35:160][  0]LogConfig: Applying CVar settings from Section [PostProcessQuality@3] File [C:/Users/abbyr/Documents/Game Engine/SoulsLike/SoulsLike/Saved/Config/Windows/Scalability.ini]
[2019.11.18-02.50.35:160][  0]LogConfig: Setting CVar [[r.MotionBlurQuality:4]]
[2019.11.18-02.50.35:160][  0]LogConfig: Setting CVar [[r.AmbientOcclusionMipLevelFactor:0.4]]
[2019.11.18-02.50.35:160][  0]LogConfig: Setting CVar [[r.AmbientOcclusionMaxQuality:100]]
[2019.11.18-02.50.35:160][  0]LogConfig: Setting CVar [[r.AmbientOcclusionLevels:-1]]
[2019.11.18-02.50.35:160][  0]LogConfig: Setting CVar [[r.AmbientOcclusionRadiusScale:1.0]]
[2019.11.18-02.50.35:160][  0]LogConfig: Setting CVar [[r.DepthOfFieldQuality:2]]
[2019.11.18-02.50.35:160][  0]LogConfig: Setting CVar [[r.RenderTargetPoolMin:400]]
[2019.11.18-02.50.35:160][  0]LogConfig: Setting CVar [[r.LensFlareQuality:2]]
[2019.11.18-02.50.35:160][  0]LogConfig: Setting CVar [[r.SceneColorFringeQuality:1]]
[2019.11.18-02.50.35:160][  0]LogConfig: Setting CVar [[r.EyeAdaptationQuality:2]]
[2019.11.18-02.50.35:160][  0]LogConfig: Setting CVar [[r.BloomQuality:5]]
[2019.11.18-02.50.35:160][  0]LogConfig: Setting CVar [[r.FastBlurThreshold:100]]
[2019.11.18-02.50.35:160][  0]LogConfig: Setting CVar [[r.Upscale.Quality:3]]
[2019.11.18-02.50.35:160][  0]LogConfig: Setting CVar [[r.Tonemapper.GrainQuantization:1]]
[2019.11.18-02.50.35:160][  0]LogConfig: Setting CVar [[r.LightShaftQuality:1]]
[2019.11.18-02.50.35:160][  0]LogConfig: Setting CVar [[r.Filter.SizeScale:1]]
[2019.11.18-02.50.35:160][  0]LogConfig: Setting CVar [[r.Tonemapper.Quality:5]]
[2019.11.18-02.50.35:160][  0]LogConfig: Setting CVar [[r.DOF.Gather.AccumulatorQuality:1        ; higher gathering accumulator quality]]
[2019.11.18-02.50.35:160][  0]LogConfig: Setting CVar [[r.DOF.Gather.PostfilterMethod:1          ; Median3x3 postfilering method]]
[2019.11.18-02.50.35:160][  0]LogConfig: Setting CVar [[r.DOF.Gather.EnableBokehSettings:0       ; no bokeh simulation when gathering]]
[2019.11.18-02.50.35:160][  0]LogConfig: Setting CVar [[r.DOF.Gather.RingCount:4                 ; medium number of samples when gathering]]
[2019.11.18-02.50.35:160][  0]LogConfig: Setting CVar [[r.DOF.Scatter.ForegroundCompositing:1    ; additive foreground scattering]]
[2019.11.18-02.50.35:160][  0]LogConfig: Setting CVar [[r.DOF.Scatter.BackgroundCompositing:2    ; additive background scattering]]
[2019.11.18-02.50.35:160][  0]LogConfig: Setting CVar [[r.DOF.Scatter.EnableBokehSettings:1      ; bokeh simulation when scattering]]
[2019.11.18-02.50.35:160][  0]LogConfig: Setting CVar [[r.DOF.Scatter.MaxSpriteRatio:0.1         ; only a maximum of 10% of scattered bokeh]]
[2019.11.18-02.50.35:161][  0]LogConfig: Setting CVar [[r.DOF.Recombine.Quality:1                ; cheap slight out of focus]]
[2019.11.18-02.50.35:161][  0]LogConfig: Setting CVar [[r.DOF.Recombine.EnableBokehSettings:0    ; no bokeh simulation on slight out of focus]]
[2019.11.18-02.50.35:161][  0]LogConfig: Setting CVar [[r.DOF.TemporalAAQuality:1                ; more stable temporal accumulation]]
[2019.11.18-02.50.35:161][  0]LogConfig: Setting CVar [[r.DOF.Kernel.MaxForegroundRadius:0.025]]
[2019.11.18-02.50.35:161][  0]LogConfig: Setting CVar [[r.DOF.Kernel.MaxBackgroundRadius:0.025]]
[2019.11.18-02.50.35:161][  0]LogConfig: Applying CVar settings from Section [TextureQuality@3] File [C:/Users/abbyr/Documents/Game Engine/SoulsLike/SoulsLike/Saved/Config/Windows/Scalability.ini]
[2019.11.18-02.50.35:161][  0]LogConfig: Setting CVar [[r.Streaming.MipBias:0]]
[2019.11.18-02.50.35:161][  0]LogConfig: Setting CVar [[r.Streaming.AmortizeCPUToGPUCopy:0]]
[2019.11.18-02.50.35:161][  0]LogConfig: Setting CVar [[r.Streaming.MaxNumTexturesToStreamPerFrame:0]]
[2019.11.18-02.50.35:161][  0]LogConfig: Setting CVar [[r.Streaming.Boost:1]]
[2019.11.18-02.50.35:161][  0]LogConfig: Setting CVar [[r.MaxAnisotropy:8]]
[2019.11.18-02.50.35:161][  0]LogConfig: Setting CVar [[r.Streaming.LimitPoolSizeToVRAM:0]]
[2019.11.18-02.50.35:161][  0]LogConfig: Setting CVar [[r.Streaming.PoolSize:1000]]
[2019.11.18-02.50.35:161][  0]LogConfig: Setting CVar [[r.Streaming.MaxEffectiveScreenSize:0]]
[2019.11.18-02.50.35:161][  0]LogConfig: Applying CVar settings from Section [EffectsQuality@3] File [C:/Users/abbyr/Documents/Game Engine/SoulsLike/SoulsLike/Saved/Config/Windows/Scalability.ini]
[2019.11.18-02.50.35:161][  0]LogConfig: Setting CVar [[r.TranslucencyLightingVolumeDim:64]]
[2019.11.18-02.50.35:161][  0]LogConfig: Setting CVar [[r.RefractionQuality:2]]
[2019.11.18-02.50.35:161][  0]LogConfig: Setting CVar [[r.SSR.Quality:3]]
[2019.11.18-02.50.35:161][  0]LogConfig: Setting CVar [[r.SceneColorFormat:4]]
[2019.11.18-02.50.35:161][  0]LogConfig: Setting CVar [[r.DetailMode:2]]
[2019.11.18-02.50.35:161][  0]LogConfig: Setting CVar [[r.TranslucencyVolumeBlur:1]]
[2019.11.18-02.50.35:161][  0]LogConfig: Setting CVar [[r.MaterialQualityLevel:1 ; High quality]]
[2019.11.18-02.50.35:161][  0]LogConfig: Setting CVar [[r.SSS.Scale:1]]
[2019.11.18-02.50.35:161][  0]LogConfig: Setting CVar [[r.SSS.SampleSet:2]]
[2019.11.18-02.50.35:161][  0]LogConfig: Setting CVar [[r.SSS.Quality:1]]
[2019.11.18-02.50.35:161][  0]LogConfig: Setting CVar [[r.SSS.HalfRes:1]]
[2019.11.18-02.50.35:161][  0]LogConfig: Setting CVar [[r.EmitterSpawnRateScale:1.0]]
[2019.11.18-02.50.35:161][  0]LogConfig: Setting CVar [[r.ParticleLightQuality:2]]
[2019.11.18-02.50.35:161][  0]LogConfig: Applying CVar settings from Section [FoliageQuality@3] File [C:/Users/abbyr/Documents/Game Engine/SoulsLike/SoulsLike/Saved/Config/Windows/Scalability.ini]
[2019.11.18-02.50.35:161][  0]LogConfig: Setting CVar [[foliage.DensityScale:1.0]]
[2019.11.18-02.50.35:161][  0]LogConfig: Setting CVar [[grass.DensityScale:1.0]]
[2019.11.18-02.50.35:161][  0]LogConfig: Applying CVar settings from Section [Startup] File [../../../Engine/Config/ConsoleVariables.ini]
[2019.11.18-02.50.35:161][  0]LogConfig: Setting CVar [[net.UseAdaptiveNetUpdateFrequency:0]]
[2019.11.18-02.50.35:161][  0]LogConfig: Setting CVar [[p.chaos.AllowCreatePhysxBodies:1]]
[2019.11.18-02.50.35:161][  0]LogConfig: Applying CVar settings from Section [ConsoleVariables] File [C:/Users/abbyr/Documents/Game Engine/SoulsLike/SoulsLike/Saved/Config/Windows/Engine.ini]
[2019.11.18-02.50.35:161][  0]LogInit: Computer: DESKTOP-L9J2J1H
[2019.11.18-02.50.35:161][  0]LogInit: User: abbyr
[2019.11.18-02.50.35:161][  0]LogInit: CPU Page size=4096, Cores=4
[2019.11.18-02.50.35:161][  0]LogInit: High frequency timer resolution =10.000000 MHz
[2019.11.18-02.50.35:161][  0]LogMemory: Memory total: Physical=11.9GB (12GB approx)
[2019.11.18-02.50.35:161][  0]LogMemory: Platform Memory Stats for Windows
[2019.11.18-02.50.35:161][  0]LogMemory: Process Physical Memory: 98.53 MB used, 98.53 MB peak
[2019.11.18-02.50.35:161][  0]LogMemory: Process Virtual Memory: 87.13 MB used, 87.13 MB peak
[2019.11.18-02.50.35:161][  0]LogMemory: Physical Memory: 6423.91 MB used,  5748.91 MB free, 12172.82 MB total
[2019.11.18-02.50.35:161][  0]LogMemory: Virtual Memory: 4656.30 MB used,  134213072.00 MB free, 134217728.00 MB total
[2019.11.18-02.50.35:184][  0]LogInit: Using OS detected language (en-US).
[2019.11.18-02.50.35:184][  0]LogInit: Using OS detected locale (en-CA).
[2019.11.18-02.50.35:185][  0]LogTextLocalizationManager: No specific localization for 'en-US' exists, so the 'en' localization will be used.
[2019.11.18-02.50.35:334][  0]LogInit: Setting process to per monitor DPI aware
[2019.11.18-02.50.35:419][  0]LogSlate: New Slate User Created.  User Index 0, Is Virtual User: 0
[2019.11.18-02.50.35:419][  0]LogSlate: Slate User Registered.  User Index 0, Is Virtual User: 0
[2019.11.18-02.50.35:636][  0]LogHMD: Failed to initialize OpenVR with code 110
[2019.11.18-02.50.35:636][  0]LogD3D11RHI: D3D11 adapters:
[2019.11.18-02.50.35:707][  0]LogD3D11RHI:    0. 'NVIDIA GeForce GTX 1050' (Feature Level 11_0)
[2019.11.18-02.50.35:707][  0]LogD3D11RHI:       4021/0/6086 MB DedicatedVideo/DedicatedSystem/SharedSystem, Outputs:1, VendorId:0x10de
[2019.11.18-02.50.35:714][  0]LogD3D11RHI:    1. 'Intel(R) HD Graphics 630' (Feature Level 11_0)
[2019.11.18-02.50.35:714][  0]LogD3D11RHI:       128/0/6086 MB DedicatedVideo/DedicatedSystem/SharedSystem, Outputs:0, VendorId:0x8086
[2019.11.18-02.50.35:716][  0]LogD3D11RHI:    2. 'Microsoft Basic Render Driver' (Feature Level 11_0)
[2019.11.18-02.50.35:716][  0]LogD3D11RHI:       0/0/6086 MB DedicatedVideo/DedicatedSystem/SharedSystem, Outputs:0, VendorId:0x1414
[2019.11.18-02.50.35:716][  0]LogD3D11RHI: Chosen D3D11 Adapter: 0
[2019.11.18-02.50.35:746][  0]LogD3D11RHI: Creating new Direct3DDevice
[2019.11.18-02.50.35:746][  0]LogD3D11RHI:     GPU DeviceId: 0x1c8d (for the marketing name, search the web for "GPU Device Id")
[2019.11.18-02.50.35:746][  0]LogWindows: EnumDisplayDevices:
[2019.11.18-02.50.35:747][  0]LogWindows:    0. 'Intel(R) HD Graphics 630' (P:1 D:1)
[2019.11.18-02.50.35:747][  0]LogWindows:    1. 'Intel(R) HD Graphics 630' (P:0 D:0)
[2019.11.18-02.50.35:747][  0]LogWindows:    2. 'Intel(R) HD Graphics 630' (P:0 D:0)
[2019.11.18-02.50.35:748][  0]LogWindows: DebugString: PrimaryIsNotTheChoosenAdapter PrimaryIsNotTheChoosenAdapter PrimaryIsNotTheChoosenAdapter FoundDriverCount:0 
[2019.11.18-02.50.35:748][  0]LogD3D11RHI:     Adapter Name: NVIDIA GeForce GTX 1050
[2019.11.18-02.50.35:748][  0]LogD3D11RHI:   Driver Version: Unknown (internal:Unknown, unified:Unknown)
[2019.11.18-02.50.35:748][  0]LogD3D11RHI:      Driver Date: Unknown
[2019.11.18-02.50.35:748][  0]LogRHI: Texture pool is 2814 MB (70% of 4021 MB)
[2019.11.18-02.50.35:785][  0]LogD3D11RHI: Async texture creation enabled
[2019.11.18-02.50.35:789][  0]LogRendererCore: FGlobalReadBuffer::InitRHI
[2019.11.18-02.50.35:789][  0]LogRendererCore: FGlobalReadBuffer::InitRHI
[2019.11.18-02.50.35:789][  0]LogRendererCore: FGlobalReadBuffer::InitRHI
[2019.11.18-02.50.35:803][  0]LogD3D11RHI: GPU Timing Frequency: 1000.000000 (Debug: 2 2)
[2019.11.18-02.50.36:126][  0]LogTemp: Display: Module 'AllDesktopTargetPlatform' loaded TargetPlatform 'AllDesktop'
[2019.11.18-02.50.36:140][  0]LogTemp: Display: Module 'MacClientTargetPlatform' loaded TargetPlatform 'MacClient'
[2019.11.18-02.50.36:153][  0]LogTemp: Display: Module 'MacNoEditorTargetPlatform' loaded TargetPlatform 'MacNoEditor'
[2019.11.18-02.50.36:168][  0]LogTemp: Display: Module 'MacServerTargetPlatform' loaded TargetPlatform 'MacServer'
[2019.11.18-02.50.36:183][  0]LogTemp: Display: Module 'MacTargetPlatform' loaded TargetPlatform 'Mac'
[2019.11.18-02.50.36:198][  0]LogTemp: Display: Module 'WindowsClientTargetPlatform' loaded TargetPlatform 'WindowsClient'
[2019.11.18-02.50.36:212][  0]LogTemp: Display: Module 'WindowsNoEditorTargetPlatform' loaded TargetPlatform 'WindowsNoEditor'
[2019.11.18-02.50.36:229][  0]LogTemp: Display: Module 'WindowsServerTargetPlatform' loaded TargetPlatform 'WindowsServer'
[2019.11.18-02.50.36:237][  0]LogTemp: Display: Module 'WindowsTargetPlatform' loaded TargetPlatform 'Windows'
[2019.11.18-02.50.36:324][  0]LogTemp: Display: Module 'AndroidTargetPlatform' loaded TargetPlatform 'Android'
[2019.11.18-02.50.36:324][  0]LogTemp: Display: Module 'AndroidTargetPlatform' loaded TargetPlatform 'Android_ASTC'
[2019.11.18-02.50.36:324][  0]LogTemp: Display: Module 'AndroidTargetPlatform' loaded TargetPlatform 'Android_ATC'
[2019.11.18-02.50.36:324][  0]LogTemp: Display: Module 'AndroidTargetPlatform' loaded TargetPlatform 'Android_DXT'
[2019.11.18-02.50.36:324][  0]LogTemp: Display: Module 'AndroidTargetPlatform' loaded TargetPlatform 'Android_ETC1'
[2019.11.18-02.50.36:324][  0]LogTemp: Display: Module 'AndroidTargetPlatform' loaded TargetPlatform 'Android_ETC1a'
[2019.11.18-02.50.36:324][  0]LogTemp: Display: Module 'AndroidTargetPlatform' loaded TargetPlatform 'Android_ETC2'
[2019.11.18-02.50.36:324][  0]LogTemp: Display: Module 'AndroidTargetPlatform' loaded TargetPlatform 'Android_PVRTC'
[2019.11.18-02.50.36:324][  0]LogTemp: Display: Module 'AndroidTargetPlatform' loaded TargetPlatform 'AndroidClient'
[2019.11.18-02.50.36:324][  0]LogTemp: Display: Module 'AndroidTargetPlatform' loaded TargetPlatform 'Android_ASTCClient'
[2019.11.18-02.50.36:324][  0]LogTemp: Display: Module 'AndroidTargetPlatform' loaded TargetPlatform 'Android_ATCClient'
[2019.11.18-02.50.36:324][  0]LogTemp: Display: Module 'AndroidTargetPlatform' loaded TargetPlatform 'Android_DXTClient'
[2019.11.18-02.50.36:324][  0]LogTemp: Display: Module 'AndroidTargetPlatform' loaded TargetPlatform 'Android_ETC1Client'
[2019.11.18-02.50.36:325][  0]LogTemp: Display: Module 'AndroidTargetPlatform' loaded TargetPlatform 'Android_ETC1aClient'
[2019.11.18-02.50.36:325][  0]LogTemp: Display: Module 'AndroidTargetPlatform' loaded TargetPlatform 'Android_ETC2Client'
[2019.11.18-02.50.36:325][  0]LogTemp: Display: Module 'AndroidTargetPlatform' loaded TargetPlatform 'Android_PVRTCClient'
[2019.11.18-02.50.36:325][  0]LogTemp: Display: Module 'AndroidTargetPlatform' loaded TargetPlatform 'Android_Multi'
[2019.11.18-02.50.36:325][  0]LogTemp: Display: Module 'AndroidTargetPlatform' loaded TargetPlatform 'Android_MultiClient'
[2019.11.18-02.50.36:326][  0]LogTemp: Display: Module 'HTML5TargetPlatform' loaded TargetPlatform 'HTML5'
[2019.11.18-02.50.36:376][  0]LogTemp: Display: Module 'IOSTargetPlatform' loaded TargetPlatform 'IOSClient'
[2019.11.18-02.50.36:376][  0]LogTemp: Display: Module 'IOSTargetPlatform' loaded TargetPlatform 'IOS'
[2019.11.18-02.50.36:399][  0]LogTemp: Display: Module 'TVOSTargetPlatform' loaded TargetPlatform 'TVOSClient'
[2019.11.18-02.50.36:399][  0]LogTemp: Display: Module 'TVOSTargetPlatform' loaded TargetPlatform 'TVOS'
[2019.11.18-02.50.36:412][  0]LogTemp: Display: Module 'LinuxClientTargetPlatform' loaded TargetPlatform 'LinuxClient'
[2019.11.18-02.50.36:425][  0]LogTemp: Display: Module 'LinuxNoEditorTargetPlatform' loaded TargetPlatform 'LinuxNoEditor'
[2019.11.18-02.50.36:438][  0]LogTemp: Display: Module 'LinuxServerTargetPlatform' loaded TargetPlatform 'LinuxServer'
[2019.11.18-02.50.36:451][  0]LogTemp: Display: Module 'LinuxTargetPlatform' loaded TargetPlatform 'Linux'
[2019.11.18-02.50.36:495][  0]LogTemp: Display: Module 'LuminTargetPlatform' loaded TargetPlatform 'Lumin'
[2019.11.18-02.50.36:495][  0]LogTemp: Display: Module 'LuminTargetPlatform' loaded TargetPlatform 'LuminClient'
[2019.11.18-02.50.36:495][  0]LogTargetPlatformManager: Display: Building Assets For Windows
[2019.11.18-02.50.36:505][  0]LogAudioDebug: Display: Lib vorbis DLL was dynamically loaded.
[2019.11.18-02.50.36:552][  0]LogShaderCompilers: Guid format shader working directory is -26 characters bigger than the processId version (../../../../../../Users/abbyr/Documents/Game Engine/SoulsLike/SoulsLike/Intermediate/Shaders/WorkingDirectory/13560/).
[2019.11.18-02.50.36:552][  0]LogShaderCompilers: Cleaned the shader compiler working directory 'C:/Users/abbyr/AppData/Local/Temp/UnrealShaderWorkingDir/1AE7F992432BEB0A555F46988926D723/'.
[2019.11.18-02.50.36:554][  0]LogXGEController: Cannot use XGE Controller as Incredibuild is not installed on this machine.
[2019.11.18-02.50.36:554][  0]LogShaderCompilers: Cannot use XGE Shader Compiler as Incredibuild is not installed on this machine.
[2019.11.18-02.50.36:554][  0]LogShaderCompilers: Display: Using Local Shader Compiler.
[2019.11.18-02.50.37:152][  0]LogDerivedDataCache: Display: Max Cache Size: 512 MB
[2019.11.18-02.50.37:204][  0]LogDerivedDataCache: Loaded boot cache 0.05s 79MB C:/Users/abbyr/AppData/Local/UnrealEngine/4.22/DerivedDataCache/Boot.ddc.
[2019.11.18-02.50.37:204][  0]LogDerivedDataCache: Display: Loaded Boot cache: C:/Users/abbyr/AppData/Local/UnrealEngine/4.22/DerivedDataCache/Boot.ddc
[2019.11.18-02.50.37:204][  0]LogDerivedDataCache: FDerivedDataBackendGraph:  Pak pak cache file ../../../../../../Users/abbyr/Documents/Game Engine/SoulsLike/SoulsLike/DerivedDataCache/DDC.ddp not found, will not use a pak cache.
[2019.11.18-02.50.37:204][  0]LogDerivedDataCache: Unable to find inner node Pak for hierarchical cache Hierarchy.
[2019.11.18-02.50.37:204][  0]LogDerivedDataCache: FDerivedDataBackendGraph:  CompressedPak pak cache file ../../../../../../Users/abbyr/Documents/Game Engine/SoulsLike/SoulsLike/DerivedDataCache/Compressed.ddp not found, will not use a pak cache.
[2019.11.18-02.50.37:204][  0]LogDerivedDataCache: Unable to find inner node CompressedPak for hierarchical cache Hierarchy.
[2019.11.18-02.50.37:217][  0]LogDerivedDataCache: Display: Pak cache opened for reading ../../../Engine/DerivedDataCache/Compressed.ddp.
[2019.11.18-02.50.37:217][  0]LogDerivedDataCache: FDerivedDataBackendGraph:  EnterprisePak pak cache file ../../../Enterprise/DerivedDataCache/Compressed.ddp not found, will not use a pak cache.
[2019.11.18-02.50.37:217][  0]LogDerivedDataCache: Unable to find inner node EnterprisePak for hierarchical cache Hierarchy.
[2019.11.18-02.50.37:229][  0]LogDerivedDataCache: Using Local data cache path C:/Users/abbyr/AppData/Local/UnrealEngine/Common/DerivedDataCache: Writable
[2019.11.18-02.50.37:229][  0]LogDerivedDataCache: Shared data cache path not found in *engine.ini, will not use an Shared cache.
[2019.11.18-02.50.37:229][  0]LogDerivedDataCache: Unable to find inner node Shared for hierarchical cache Hierarchy.
[2019.11.18-02.50.37:257][  0]LogMaterial: Verifying Global Shaders for PCD3D_SM5
[2019.11.18-02.50.37:259][  0]LogSlate: Using FreeType 2.6.0
[2019.11.18-02.50.37:259][  0]LogSlate: SlateFontServices - WITH_FREETYPE: 1, WITH_HARFBUZZ: 1
[2019.11.18-02.50.37:346][  0]LogAssetRegistry: FAssetRegistry took 0.0355 seconds to start up
[2019.11.18-02.50.37:681][  0]LogInit: Selected Device Profile: [Windows]
[2019.11.18-02.50.37:816][  0]LogMeshReduction: Using QuadricMeshReduction for automatic static mesh reduction
[2019.11.18-02.50.37:816][  0]LogMeshReduction: Using SimplygonMeshReduction for automatic skeletal mesh reduction
[2019.11.18-02.50.37:816][  0]LogMeshReduction: Using ProxyLODMeshReduction for automatic mesh merging
[2019.11.18-02.50.37:816][  0]LogMeshReduction: No distributed automatic mesh merging module available
[2019.11.18-02.50.37:816][  0]LogMeshMerging: No distributed automatic mesh merging module available
[2019.11.18-02.50.37:831][  0]LogNetVersion: SoulsLike 1.0.0, NetCL: 5660361, EngineNetVer: 10, GameNetVer: 0 (Checksum: 4040770366)
[2019.11.18-02.50.38:254][  0]LogPackageLocalizationCache: Processed 13 localized package path(s) for 1 prioritized culture(s) in 0.059530 seconds
[2019.11.18-02.50.38:260][  0]LogUObjectArray: 42218 objects as part of root set at end of initial load.
[2019.11.18-02.50.38:260][  0]LogUObjectAllocator: 7328024 out of 0 bytes used by permanent object pool.
[2019.11.18-02.50.38:260][  0]LogUObjectArray: CloseDisregardForGC: 0/0 objects in disregard for GC pool
[2019.11.18-02.50.39:091][  0]LogTcpMessaging: Initializing TcpMessaging bridge
[2019.11.18-02.50.39:104][  0]LogUdpMessaging: Initializing bridge on interface 0.0.0.0:0 to multicast group 230.0.0.1:6666.
[2019.11.18-02.50.39:212][  0]SourceControl: Source control is disabled
[2019.11.18-02.50.39:212][  0]SourceControl: Source control is disabled
[2019.11.18-02.50.39:213][  0]SourceControl: Source control is disabled
[2019.11.18-02.50.39:214][  0]SourceControl: Source control is disabled
[2019.11.18-02.50.39:305][  0]LogAndroidPermission: UAndroidPermissionCallbackProxy::GetInstance
[2019.11.18-02.50.39:376][  0]LogOcInput: OculusInput pre-init called
[2019.11.18-02.50.40:032][  0]LogEngine: Initializing Engine...
[2019.11.18-02.50.40:033][  0]LogHMD: Failed to initialize OpenVR with code 110
[2019.11.18-02.50.40:035][  0]LogStats: UGameplayTagsManager::InitializeManager -  0.000 s
[2019.11.18-02.50.40:262][  0]LogInit: Initializing FReadOnlyCVARCache
[2019.11.18-02.50.40:276][  0]LogAIModule: Creating AISystem for world Untitled
[2019.11.18-02.50.40:287][  0]LogInit: XAudio2 using 'Speakers (Realtek High Definition Audio)' : 2 channels at 48 kHz using 32 bits per sample (channel mask 0x3)
[2019.11.18-02.50.40:807][  0]LogInit: FAudioDevice initialized.
[2019.11.18-02.50.40:807][  0]LogNetVersion: Set ProjectVersion to 1.0.0.0. Version Checksum will be recalculated on next use.
[2019.11.18-02.50.41:333][  0]LogDerivedDataCache: Saved boot cache 0.53s 79MB C:/Users/abbyr/AppData/Local/UnrealEngine/4.22/DerivedDataCache/Boot.ddc.
[2019.11.18-02.50.41:346][  0]LogInit: Texture streaming: Enabled
[2019.11.18-02.50.41:363][  0]LogEngineSessionManager: EngineSessionManager initialized
[2019.11.18-02.50.41:390][  0]LogInit: Transaction tracking system initialized
[2019.11.18-02.50.41:416][  0]BlueprintLog: New page: Editor Load
[2019.11.18-02.50.41:496][  0]LocalizationService: Localization service is disabled
[2019.11.18-02.50.41:776][  0]LogAutoReimportManager: Warning: Unable to watch directory ../../../../../../Users/abbyr/Documents/Game Engine/SoulsLike/SoulsLike/Content/ as it will conflict with another watching ../../../../../../Users/abbyr/Documents/Game Engine/SoulsLike/SoulsLike/Content/.
[2019.11.18-02.50.41:798][  0]LogCook: Display: Max memory allowance for cook 16384mb min free memory 0mb
[2019.11.18-02.50.41:798][  0]LogCook: Display: Mobile HDR setting 1
[2019.11.18-02.50.41:975][  0]LogFileCache: Scanning file cache for directory 'C:/Users/abbyr/Documents/Game Engine/SoulsLike/SoulsLike/Content/' took 0.03s
[2019.11.18-02.50.41:975][  0]SourceControl: Source control is disabled
[2019.11.18-02.50.41:975][  0]Cmd: MAP LOAD FILE="../../../../../../Users/abbyr/Documents/Game Engine/SoulsLike/SoulsLike/Content/Maps/BossLevel.umap" TEMPLATE=0 SHOWPROGRESS=1 FEATURELEVEL=3
[2019.11.18-02.50.41:976][  0]LightingResults: New page: Lighting Build
[2019.11.18-02.50.41:978][  0]MapCheck: New page: Map Check
[2019.11.18-02.50.41:978][  0]LightingResults: New page: Lighting Build
[2019.11.18-02.50.42:004][  0]LogUObjectHash: Compacting FUObjectHashTables data took   1.52ms
[2019.11.18-02.50.42:616][  0]LogLinker: Warning: Can't find file '/Game/Maps/BossLevel_BuiltData'
[2019.11.18-02.50.42:616][  0]LogLinker: Warning: Can't find file for asset '/Game/Maps/BossLevel_BuiltData' while loading NULL.
[2019.11.18-02.50.42:625][  0]LogLinker: Warning: Can't find file '/Game/Maps/BossLevel_BuiltData'
[2019.11.18-02.50.42:625][  0]LogLinker: Warning: Can't find file for asset '/Game/Maps/BossLevel_BuiltData' while loading NULL.
[2019.11.18-02.50.42:633][  0]LogLinker: Warning: Can't find file '/Game/Maps/BossLevel_BuiltData'
[2019.11.18-02.50.42:633][  0]LogLinker: Warning: Can't find file for asset '/Game/Maps/BossLevel_BuiltData' while loading NULL.
[2019.11.18-02.50.42:633][  0]LogLinker: Warning: Can't find file '/Game/Maps/BossLevel_BuiltData'
[2019.11.18-02.50.42:633][  0]LogLinker: Warning: Can't find file for asset '/Game/Maps/BossLevel_BuiltData' while loading NULL.
[2019.11.18-02.50.42:844][  0]LogLinker: Warning: Can't find file '/Game/Maps/BossLevel_BuiltData'
[2019.11.18-02.50.42:844][  0]LoadErrors: Failed to load /Game/Maps/BossLevel_BuiltData.BossLevel_BuiltData Referenced by PersistentLevel
[2019.11.18-02.50.42:844][  0]LogLinker: Warning: Can't find file for asset '/Game/Maps/BossLevel_BuiltData' while loading NULL.
[2019.11.18-02.50.43:235][  0]LogAIModule: Creating AISystem for world BossLevel
[2019.11.18-02.50.43:260][  0]LogEditorServer: Finished looking for orphan Actors (0.000 secs)
[2019.11.18-02.50.43:293][  0]LogUObjectHash: Compacting FUObjectHashTables data took   2.96ms
[2019.11.18-02.50.43:293][  0]Cmd: MAP CHECKDEP NOCLEARLOG
[2019.11.18-02.50.43:293][  0]MapCheck: Map check complete: 0 Error(s), 0 Warning(s), took 0.129ms to complete.
[2019.11.18-02.50.43:293][  0]LogFileHelpers: Loading map 'BossLevel' took 1.318
[2019.11.18-02.50.43:436][  0]LogSlate: Updating window title bar state: overlay mode, drag disabled, window buttons hidden, title bar hidden
[2019.11.18-02.50.43:444][  0]LogSlate: Updating window title bar state: overlay mode, drag disabled, window buttons hidden, title bar hidden
[2019.11.18-02.50.43:453][  0]LogSlate: Updating window title bar state: overlay mode, drag disabled, window buttons hidden, title bar hidden
[2019.11.18-02.50.43:460][  0]LogSlate: Updating window title bar state: overlay mode, drag disabled, window buttons hidden, title bar hidden
[2019.11.18-02.50.43:467][  0]LogCollectionManager: Loaded 0 collections in 0.002376 seconds
[2019.11.18-02.50.43:482][  0]LogFileCache: Scanning file cache for directory 'C:/Users/abbyr/Documents/Game Engine/SoulsLike/SoulsLike/Saved/Collections/' took 0.01s
[2019.11.18-02.50.43:482][  0]LogFileCache: Scanning file cache for directory 'C:/Users/abbyr/Documents/Game Engine/SoulsLike/SoulsLike/Content/Developers/abbyr/Collections/' took 0.00s
[2019.11.18-02.50.43:482][  0]LogFileCache: Scanning file cache for directory 'C:/Users/abbyr/Documents/Game Engine/SoulsLike/SoulsLike/Content/Collections/' took 0.00s
[2019.11.18-02.50.43:482][  0]LogCollectionManager: Rebuilt the GUID cache for 0 collections in 0.000000 seconds
[2019.11.18-02.50.43:492][  0]LogContentBrowser: Native class hierarchy populated in 0.0094 seconds. Added 2869 classes and 683 folders.
[2019.11.18-02.50.43:498][  0]LogContentBrowser: Native class hierarchy updated for 'WidgetCarousel' in 0.0003 seconds. Added 0 classes and 0 folders.
[2019.11.18-02.50.43:499][  0]LogPakFile: Registered encryption key '00000000000000000000000000000000': 0 pak files mounted, 0 remain pending
[2019.11.18-02.50.43:500][  0]LogPakFile: Registered encryption key '00000000000000000000000000000000': 0 pak files mounted, 0 remain pending
[2019.11.18-02.50.43:500][  0]LogPakFile: Registered encryption key '00000000000000000000000000000000': 0 pak files mounted, 0 remain pending
[2019.11.18-02.50.43:500][  0]LogPakFile: Registered encryption key '00000000000000000000000000000000': 0 pak files mounted, 0 remain pending
[2019.11.18-02.50.43:501][  0]LogPakFile: Registered encryption key '00000000000000000000000000000000': 0 pak files mounted, 0 remain pending
[2019.11.18-02.50.43:502][  0]LogPakFile: Registered encryption key '00000000000000000000000000000000': 0 pak files mounted, 0 remain pending
[2019.11.18-02.50.43:502][  0]LogPakFile: Registered encryption key '00000000000000000000000000000000': 0 pak files mounted, 0 remain pending
[2019.11.18-02.50.43:502][  0]LogPakFile: Registered encryption key '00000000000000000000000000000000': 0 pak files mounted, 0 remain pending
[2019.11.18-02.50.43:503][  0]LogPakFile: Registered encryption key '00000000000000000000000000000000': 0 pak files mounted, 0 remain pending
[2019.11.18-02.50.43:503][  0]LogPakFile: Registered encryption key '00000000000000000000000000000000': 0 pak files mounted, 0 remain pending
[2019.11.18-02.50.43:503][  0]LogPakFile: Registered encryption key '00000000000000000000000000000000': 0 pak files mounted, 0 remain pending
[2019.11.18-02.50.43:504][  0]LogPakFile: Registered encryption key '00000000000000000000000000000000': 0 pak files mounted, 0 remain pending
[2019.11.18-02.50.43:504][  0]LogPakFile: Registered encryption key '00000000000000000000000000000000': 0 pak files mounted, 0 remain pending
[2019.11.18-02.50.43:505][  0]LogPakFile: Registered encryption key '00000000000000000000000000000000': 0 pak files mounted, 0 remain pending
[2019.11.18-02.50.43:506][  0]LogPakFile: Registered encryption key '00000000000000000000000000000000': 0 pak files mounted, 0 remain pending
[2019.11.18-02.50.43:506][  0]LogPakFile: Registered encryption key '00000000000000000000000000000000': 0 pak files mounted, 0 remain pending
[2019.11.18-02.50.43:506][  0]LogPakFile: Registered encryption key '00000000000000000000000000000000': 0 pak files mounted, 0 remain pending
[2019.11.18-02.50.43:507][  0]LogPakFile: Registered encryption key '00000000000000000000000000000000': 0 pak files mounted, 0 remain pending
[2019.11.18-02.50.43:507][  0]LogPakFile: Registered encryption key '00000000000000000000000000000000': 0 pak files mounted, 0 remain pending
[2019.11.18-02.50.43:508][  0]LogPakFile: Registered encryption key '00000000000000000000000000000000': 0 pak files mounted, 0 remain pending
[2019.11.18-02.50.43:508][  0]LogPakFile: Registered encryption key '00000000000000000000000000000000': 0 pak files mounted, 0 remain pending
[2019.11.18-02.50.43:508][  0]LogPakFile: Registered encryption key '00000000000000000000000000000000': 0 pak files mounted, 0 remain pending
[2019.11.18-02.50.43:509][  0]LogPakFile: Registered encryption key '00000000000000000000000000000000': 0 pak files mounted, 0 remain pending
[2019.11.18-02.50.43:509][  0]LogPakFile: Registered encryption key '00000000000000000000000000000000': 0 pak files mounted, 0 remain pending
[2019.11.18-02.50.43:510][  0]LogPakFile: Registered encryption key '00000000000000000000000000000000': 0 pak files mounted, 0 remain pending
[2019.11.18-02.50.43:510][  0]LogPakFile: Registered encryption key '00000000000000000000000000000000': 0 pak files mounted, 0 remain pending
[2019.11.18-02.50.43:540][  0]LogContentBrowser: Native class hierarchy updated for 'AddContentDialog' in 0.0003 seconds. Added 0 classes and 0 folders.
[2019.11.18-02.50.43:546][  0]LogContentBrowser: Native class hierarchy updated for 'SceneOutliner' in 0.0003 seconds. Added 1 classes and 2 folders.
[2019.11.18-02.50.43:640][  0]LogSlate: Took 0.000201 seconds to synchronously load lazily loaded font '../../../Engine/Content/Slate/Fonts/Roboto-Regular.ttf' (155K)
[2019.11.18-02.50.43:643][  0]LogSlate: Took 0.000196 seconds to synchronously load lazily loaded font '../../../Engine/Content/Slate/Fonts/Roboto-Bold.ttf' (160K)
[2019.11.18-02.50.43:650][  0]LogSlate: Took 0.000880 seconds to synchronously load lazily loaded font '../../../Engine/Content/Editor/Slate/Fonts/FontAwesome.ttf' (139K)
[2019.11.18-02.50.43:725][  0]LogRenderer: Reallocating scene render targets to support 920x396 Format 10 NumSamples 1 (Frame:1).
[2019.11.18-02.50.43:823][  0]LogSlate: Took 0.000107 seconds to synchronously load lazily loaded font '../../../Engine/Content/Slate/Fonts/Roboto-Light.ttf' (167K)
[2019.11.18-02.50.43:903][  0]LogContentBrowser: Native class hierarchy updated for 'HierarchicalLODOutliner' in 0.0003 seconds. Added 0 classes and 0 folders.
[2019.11.18-02.50.43:903][  0]LogLoad: (Engine Initialization) Total time: 10.51 seconds
[2019.11.18-02.50.43:903][  0]LogLoad: (Engine Initialization) Total Blueprint compile time: 0.00 seconds
[2019.11.18-02.50.43:970][  0]LogAssetRegistry: Asset discovery search completed in 6.6465 seconds
[2019.11.18-02.50.43:972][  0]LogCollectionManager: Rebuilt the object cache for 0 collections in 0.000000 seconds (found 0 objects)
[2019.11.18-02.50.43:972][  0]LogCollectionManager: Fixed up redirectors for 0 collections in 0.000041 seconds (updated 0 objects)
[2019.11.18-02.50.43:973][  0]LogContentStreaming: Texture pool size now 1000 MB
[2019.11.18-02.50.43:987][  0]LogSlate: FSceneViewport::OnFocusLost() reason 2
[2019.11.18-02.52.49:683][519]LogSlate: Window 'Message Log' being destroyed
[2019.11.18-02.52.49:690][519]LogSlate: Window 'Message Log' being destroyed
[2019.11.18-02.52.51:057][601]LogSlate: FSceneViewport::OnFocusLost() reason 0
[2019.11.18-02.53.14:412][  1]LogSlate: Took 0.000168 seconds to synchronously load lazily loaded font '../../../Engine/Content/Slate/Fonts/Roboto-Light.ttf' (167K)
[2019.11.18-02.53.14:638][  1]LogLinker: Warning: Can't find file '/Game/Maps/CastleLevel_BuiltData'
[2019.11.18-02.53.14:638][  1]LogLinker: Warning: Can't find file for asset '/Game/Maps/CastleLevel_BuiltData' while loading NULL.
[2019.11.18-02.53.14:657][  1]LogLinker: Warning: Can't find file '/Game/Maps/CastleLevel_BuiltData'
[2019.11.18-02.53.14:657][  1]LogLinker: Warning: Can't find file for asset '/Game/Maps/CastleLevel_BuiltData' while loading NULL.
[2019.11.18-02.53.14:659][  1]LogLinker: Warning: Can't find file '/Game/Maps/CastleLevel_BuiltData'
[2019.11.18-02.53.14:659][  1]LogLinker: Warning: Can't find file for asset '/Game/Maps/CastleLevel_BuiltData' while loading NULL.
[2019.11.18-02.53.14:660][  1]LogLinker: Warning: Can't find file '/Game/Maps/CastleLevel_BuiltData'
[2019.11.18-02.53.14:660][  1]LogLinker: Warning: Can't find file for asset '/Game/Maps/CastleLevel_BuiltData' while loading NULL.
[2019.11.18-02.53.14:758][  1]LogLinker: Warning: Can't find file '/Game/Maps/CastleLevel_BuiltData'
[2019.11.18-02.53.14:758][  1]LoadErrors: Failed to load /Game/Maps/CastleLevel_BuiltData.CastleLevel_BuiltData Referenced by PersistentLevel
[2019.11.18-02.53.14:758][  1]LogLinker: Warning: Can't find file for asset '/Game/Maps/CastleLevel_BuiltData' while loading NULL.
[2019.11.18-02.53.16:095][  1]LogAIModule: Creating AISystem for world CastleLevel
[2019.11.18-02.53.16:110][  1]AnimBlueprintLog: Warning: SLOTNODE: 'WitchHit' in animation instance class AMP_Witch_C already exists. Remove duplicates from the animation graph for this class.
[2019.11.18-02.53.16:355][  1]LogAssetEditorManager: Opening Asset editor for World /Game/Maps/CastleLevel.CastleLevel
[2019.11.18-02.53.16:388][  1]LogUObjectHash: Compacting FUObjectHashTables data took   2.84ms
[2019.11.18-02.53.16:389][  1]Cmd: MAP LOAD FILE="../../../../../../Users/abbyr/Documents/Game Engine/SoulsLike/SoulsLike/Content/Maps/CastleLevel.umap" TEMPLATE=0 SHOWPROGRESS=1 FEATURELEVEL=3
[2019.11.18-02.53.16:389][  1]LightingResults: New page: Lighting Build
[2019.11.18-02.53.16:390][  1]LoadErrors: New page: Loading map: CastleLevel.umap
[2019.11.18-02.53.16:392][  1]MapCheck: New page: Map Check
[2019.11.18-02.53.16:392][  1]LightingResults: New page: Lighting Build
[2019.11.18-02.53.16:422][  1]LogUObjectHash: Compacting FUObjectHashTables data took   2.37ms
[2019.11.18-02.53.16:437][  1]AnimBlueprintLog: Warning: SLOTNODE: 'WitchHit' in animation instance class AMP_Witch_C already exists. Remove duplicates from the animation graph for this class.
[2019.11.18-02.53.16:694][  1]LogEditorServer: Finished looking for orphan Actors (0.000 secs)
[2019.11.18-02.53.16:732][  1]LogUObjectHash: Compacting FUObjectHashTables data took   2.26ms
[2019.11.18-02.53.16:772][  1]Cmd: MAP CHECKDEP NOCLEARLOG
[2019.11.18-02.53.16:772][  1]MapCheck: Map check complete: 0 Error(s), 0 Warning(s), took 0.16ms to complete.
[2019.11.18-02.53.16:772][  1]LogFileHelpers: Loading map 'CastleLevel' took 0.384
[2019.11.18-02.53.17:852][  2]LogD3D11RHI: Timed out while waiting for GPU to catch up. (500 ms)
[2019.11.18-02.53.31:197][160]LogAssetEditorManager: Opening Asset editor for LevelScriptBlueprint /Game/Maps/CastleLevel.CastleLevel:PersistentLevel.CastleLevel
[2019.11.18-02.53.31:485][160]LogEnum: Warning: Enum name collision: 'ENiagaraCoordinateSpace::NewEnumerator0' is in both '/Game/Enums/ENiagaraCoordinateSpace.ENiagaraCoordinateSpace' and '/Niagara/Enums/ENiagaraCoordinateSpace.ENiagaraCoordinateSpace'
[2019.11.18-02.53.31:485][160]LogEnum: Warning: Enum name collision: 'ENiagaraCoordinateSpace::NewEnumerator1' is in both '/Game/Enums/ENiagaraCoordinateSpace.ENiagaraCoordinateSpace' and '/Niagara/Enums/ENiagaraCoordinateSpace.ENiagaraCoordinateSpace'
[2019.11.18-02.53.31:485][160]LogEnum: Warning: Enum name collision: 'ENiagaraCoordinateSpace::NewEnumerator2' is in both '/Game/Enums/ENiagaraCoordinateSpace.ENiagaraCoordinateSpace' and '/Niagara/Enums/ENiagaraCoordinateSpace.ENiagaraCoordinateSpace'
[2019.11.18-02.53.31:485][160]LogEnum: Warning: Enum name collision: 'ENiagaraCoordinateSpace::ENiagaraCoordinateSpace_MAX' is in both '/Game/Enums/ENiagaraCoordinateSpace.ENiagaraCoordinateSpace' and '/Niagara/Enums/ENiagaraCoordinateSpace.ENiagaraCoordinateSpace'
[2019.11.18-02.53.31:485][160]LogEnum: Warning: Enum name collision: 'ENiagaraCoordinateSpace::NewEnumerator0' is in both '/Game/Enums/ENiagaraCoordinateSpace.ENiagaraCoordinateSpace' and '/Niagara/Enums/ENiagaraCoordinateSpace.ENiagaraCoordinateSpace'
[2019.11.18-02.53.31:485][160]LogEnum: Warning: Enum name collision: 'ENiagaraCoordinateSpace::NewEnumerator1' is in both '/Game/Enums/ENiagaraCoordinateSpace.ENiagaraCoordinateSpace' and '/Niagara/Enums/ENiagaraCoordinateSpace.ENiagaraCoordinateSpace'
[2019.11.18-02.53.31:485][160]LogEnum: Warning: Enum name collision: 'ENiagaraCoordinateSpace::NewEnumerator2' is in both '/Game/Enums/ENiagaraCoordinateSpace.ENiagaraCoordinateSpace' and '/Niagara/Enums/ENiagaraCoordinateSpace.ENiagaraCoordinateSpace'
[2019.11.18-02.53.31:486][160]LogEnum: Warning: Enum name collision: 'ENiagaraOrientationAxis::NewEnumerator0' is in both '/Game/Enums/ENiagaraOrientationAxis.ENiagaraOrientationAxis' and '/Niagara/Enums/ENiagaraOrientationAxis.ENiagaraOrientationAxis'
[2019.11.18-02.53.31:486][160]LogEnum: Warning: Enum name collision: 'ENiagaraOrientationAxis::NewEnumerator1' is in both '/Game/Enums/ENiagaraOrientationAxis.ENiagaraOrientationAxis' and '/Niagara/Enums/ENiagaraOrientationAxis.ENiagaraOrientationAxis'
[2019.11.18-02.53.31:486][160]LogEnum: Warning: Enum name collision: 'ENiagaraOrientationAxis::NewEnumerator2' is in both '/Game/Enums/ENiagaraOrientationAxis.ENiagaraOrientationAxis' and '/Niagara/Enums/ENiagaraOrientationAxis.ENiagaraOrientationAxis'
[2019.11.18-02.53.31:486][160]LogEnum: Warning: Enum name collision: 'ENiagaraOrientationAxis::ENiagaraOrientationAxis_MAX' is in both '/Game/Enums/ENiagaraOrientationAxis.ENiagaraOrientationAxis' and '/Niagara/Enums/ENiagaraOrientationAxis.ENiagaraOrientationAxis'
[2019.11.18-02.53.31:486][160]LogEnum: Warning: Enum name collision: 'ENiagaraOrientationAxis::NewEnumerator0' is in both '/Game/Enums/ENiagaraOrientationAxis.ENiagaraOrientationAxis' and '/Niagara/Enums/ENiagaraOrientationAxis.ENiagaraOrientationAxis'
[2019.11.18-02.53.31:486][160]LogEnum: Warning: Enum name collision: 'ENiagaraOrientationAxis::NewEnumerator1' is in both '/Game/Enums/ENiagaraOrientationAxis.ENiagaraOrientationAxis' and '/Niagara/Enums/ENiagaraOrientationAxis.ENiagaraOrientationAxis'
[2019.11.18-02.53.31:486][160]LogEnum: Warning: Enum name collision: 'ENiagaraOrientationAxis::NewEnumerator2' is in both '/Game/Enums/ENiagaraOrientationAxis.ENiagaraOrientationAxis' and '/Niagara/Enums/ENiagaraOrientationAxis.ENiagaraOrientationAxis'
[2019.11.18-02.53.31:486][160]LogEnum: Warning: Enum name collision: 'ENiagaraRandomnessMode::NewEnumerator0' is in both '/Game/Enums/ENiagaraRandomnessMode.ENiagaraRandomnessMode' and '/Niagara/Enums/ENiagaraRandomnessMode.ENiagaraRandomnessMode'
[2019.11.18-02.53.31:486][160]LogEnum: Warning: Enum name collision: 'ENiagaraRandomnessMode::NewEnumerator1' is in both '/Game/Enums/ENiagaraRandomnessMode.ENiagaraRandomnessMode' and '/Niagara/Enums/ENiagaraRandomnessMode.ENiagaraRandomnessMode'
[2019.11.18-02.53.31:486][160]LogEnum: Warning: Enum name collision: 'ENiagaraRandomnessMode::NewEnumerator2' is in both '/Game/Enums/ENiagaraRandomnessMode.ENiagaraRandomnessMode' and '/Niagara/Enums/ENiagaraRandomnessMode.ENiagaraRandomnessMode'
[2019.11.18-02.53.31:486][160]LogEnum: Warning: Enum name collision: 'ENiagaraRandomnessMode::ENiagaraRandomnessMode_MAX' is in both '/Game/Enums/ENiagaraRandomnessMode.ENiagaraRandomnessMode' and '/Niagara/Enums/ENiagaraRandomnessMode.ENiagaraRandomnessMode'
[2019.11.18-02.53.31:487][160]LogEnum: Warning: Enum name collision: 'ENiagaraRandomnessMode::NewEnumerator0' is in both '/Game/Enums/ENiagaraRandomnessMode.ENiagaraRandomnessMode' and '/Niagara/Enums/ENiagaraRandomnessMode.ENiagaraRandomnessMode'
[2019.11.18-02.53.31:487][160]LogEnum: Warning: Enum name collision: 'ENiagaraRandomnessMode::NewEnumerator1' is in both '/Game/Enums/ENiagaraRandomnessMode.ENiagaraRandomnessMode' and '/Niagara/Enums/ENiagaraRandomnessMode.ENiagaraRandomnessMode'
[2019.11.18-02.53.31:487][160]LogEnum: Warning: Enum name collision: 'ENiagaraRandomnessMode::NewEnumerator2' is in both '/Game/Enums/ENiagaraRandomnessMode.ENiagaraRandomnessMode' and '/Niagara/Enums/ENiagaraRandomnessMode.ENiagaraRandomnessMode'
[2019.11.18-02.53.31:508][160]LogContentBrowser: Native class hierarchy updated for 'BlueprintGraph' in 0.0006 seconds. Added 121 classes and 0 folders.
[2019.11.18-02.53.32:295][160]LogSlate: Took 0.000147 seconds to synchronously load lazily loaded font '../../../Engine/Content/Slate/Fonts/Roboto-BoldCondensed.ttf' (158K)
[2019.11.18-02.53.34:330][177]LogSlate: Took 0.000150 seconds to synchronously load lazily loaded font '../../../Engine/Content/Slate/Fonts/Roboto-Italic.ttf' (157K)
[2019.11.18-02.54.38:626][839]LogSlate: Prevented a slow task dialog from being summoned while a context menu was open
[2019.11.18-02.54.58:939][119]BlueprintLog: New page: Compile CastleLevel
[2019.11.18-02.54.59:218][119]LogUObjectHash: Compacting FUObjectHashTables data took   3.63ms
[2019.11.18-02.55.00:948][133]LogUObjectHash: Compacting FUObjectHashTables data took   4.24ms
[2019.11.18-02.55.02:004][133]LogSavePackage: Moving '../../../../../../Users/abbyr/Documents/Game Engine/SoulsLike/SoulsLike/Saved/CastleLevelCBF2DE9340C75526C35A0B888D0F40BD.tmp' to '../../../../../../Users/abbyr/Documents/Game Engine/SoulsLike/SoulsLike/Content/Maps/CastleLevel.umap'
[2019.11.18-02.55.02:050][133]LogFileHelpers: Saving map 'CastleLevel' took 1.145
[2019.11.18-02.55.12:122][217]LogUObjectHash: Compacting FUObjectHashTables data took   2.77ms
[2019.11.18-02.55.13:887][262]LogUObjectHash: Compacting FUObjectHashTables data took   1.28ms
[2019.11.18-02.55.15:647][276]LogUObjectHash: Compacting FUObjectHashTables data took   0.77ms
[2019.11.18-02.55.16:723][276]LogSavePackage: Moving '../../../../../../Users/abbyr/Documents/Game Engine/SoulsLike/SoulsLike/Saved/CastleLevel3A4B8E774F455759414358836F51E0A2.tmp' to '../../../../../../Users/abbyr/Documents/Game Engine/SoulsLike/SoulsLike/Content/Maps/CastleLevel.umap'
